BL.APOB 	FAZENDA SAO GERONIMO - APORE - GO 		-18.55 	-52.03 	580.0 	
BL.APOB2 	FAZENDA SAO JOAO - APORE - GO 			-18.51 	-52.07 	657.0 	
BL.AQDA 	AQUIDAUANA - MS 				-20.48 	-55.70 	155.0 	
BL.AQDB 	Aquidauana, MS 					-20.48 	-55.70 	158.0 	
BL.AREB 	AREADO - MG 					-21.36 	-46.12 	976.0 	
BL.BAMB 	BAMBUI - MG 					-20.04 	-46.03 	707.0 	
BL.BB15B 	FAZENDA CINTIA - BB - BEBEDOURO - SP 		-21.04 	-48.53 	587.0 	
BL.BB16B 	SITIO JOVAL - BB - BEBEDOURO - SP 		-21.03 	-48.59 	523.0 	
BL.BB19B 	Bebedouro 19, SP 				-21.07 	-48.53 	571.0 	
BL.BB22B 	Bebedouro 22, SP 				-21.05 	-48.50 	571.0 	
BL.BEB 		BELEM - PA 					-1.45 	-48.44 	7.0 	
BL.BEB1 	SITIO STO ANTONIO - BEBEDOURO - SP 		-21.06 	-48.50 	563.0 	
BL.BEB10 	FAZENDA SANTA ZULMIRA - BEBEDOURO - SP 		-21.06 	-48.52 	584.0 	
BL.BEB11 	ESTANCIA DOURADA - ANDES - SP 			-21.07 	-48.50 	564.0 	
BL.BEB12 	ESTANCIA MONIDENI - BEBEDOURO - SP 		-21.07 	-48.49 	578.0 	
BL.BEB13 	FAZENDA RIO TURVO - BEBEDOURO - SP 		-21.05 	-48.56 	532.0 	
BL.BEB14 	SITIO PALMEIRAS - BEBEDOURO - SP 		-21.03 	-48.57 	516.0 	
BL.BEB15 	FAZENDA CINTIA BEBEDOURO - SP 			-21.04 	-48.53 	587.0 	
BL.BEB16 	SITIO JOVAL - BEBEDOURO - SP 			-21.03 	-48.59 	523.0 	
BL.BEB17 	SITIO SAO LEOPOLDO - BEBEDOURO - SP 		-21.04 	-48.49 	523.0 	
BL.BEB18 	SITIO SAO PEDRO - BEBEDOURO - SP 		-21.05 	-48.56 	523.0 	
BL.BEB19 	FAZENDA SANTA ZULMIRA - BEBEDOURO - SP 		-21.07 	-48.53 	570.0 	
BL.BEB2 	FAZENDA SAO LUIZ - BEBEDOURO - SP 		-21.04 	-48.48 	656.0 	
BL.BEB20 	FAZENDA VERANEIO - BEBEDOURO - SP 		-21.04 	-48.50 	574.0 	
BL.BEB21 	SITIO S?.O LEOPOLDO - BEBEDOURO - SP 		-21.04 	-48.49 	621.0 	
BL.BEB22 	FAZENDA VERANEIO - BEBEDOURO - SP 		-21.05 	-48.50 	537.0 	
BL.BEB3 	SITIO SAO FRANCISCO - BEBEDOURO -SP 		-21.02 	-48.52 	638.0 	
BL.BEB4 	ESTANCIA DOURADA - BEBEDOURO - SP 		-21.08 	-48.50 	552.0 	
BL.BEB4A 	ESTANCIA DOURADA - BEBEDOURO - SP 		-21.08 	-48.51 	553.0 	
BL.BEB4B 	SITIO SANTA TEREZINHA - TAIACU - SP 		-21.08 	-48.51 	565.0 	
BL.BEB6 	FAZENDA SAO GERALDO - BEBEDOURO - SP 		-21.09 	-48.48 	582.0 	
BL.BEB7 	FAZENDA STO ANTONIO 				-21.07 	-48.50 	579.0 	
BL.BEB8 	FAZENDA VERANEIO - BEBEDOURO - SP 		-21.06 	-48.51 	548.0 	
BL.BEB9 	FAZENDA STA BARBARA 				-21.07 	-48.51 	567.0 	
BL.BEB9A 	FAZENDA SANTA BARBARA - BEBEDOURO - SP 		-21.07 	-48.51 	554.0 	
BL.BEB9B 	FAZENDA SANTA BARBARA - BEBEDOURO - SP 		-21.06 	-48.53 	604.0 	
BL.BESB 	BOA ESPERANCA - PI 				-6.66 	-43.56 	245.0 	
BL.BSCB 	Bom Sucesso, MG 				-21.00 	-44.76 	935.0 	
BL.BSFB 	Barra do Sao Francisco, ES 			-18.83 	-40.85 	185.0 	
BL.C2SB 	Chapadao do Sul, MS 				-18.77 	-52.84 	757.0 	
BL.CAMB 	Estacao CAMB, BLSP-Net 				-21.78 	-41.43 	148.0 	
BL.CANB 	ITAMBARACA - PR 				-22.97 	-50.38 	436.0 	
BL.CAUB 	CARUARU - PE 					-8.18 	-36.01 	479.0 	
BL.CCUB 	CACU - GO 					-18.43 	-51.21 	475.0 	
BL.CDSB 	FAZ RANCHO IDEAL - CHAPADAO DO SUL - MS 	-18.77 	-52.84 	753.0 	
BL.CMPA 	CAMAPUA - MS 					-19.58 	-54.17 	482.0 	
BL.CNLB 	Canela, RS 					-29.31 	-50.85 	712.0 	
BL.COR2 	CALDAS NOVAS - GO 				-17.74 	-48.69 	950.0 	
BL.CORB 	CALDAS NOVAS - GO 				-17.74 	-48.69 	950.0 	
BL.CPSB 	Cacapava do Sul, RS 				-30.41 	-53.44 	290.0 	
BL.CRJB 	CARAJAS-PA 					-6.17 	-50.15 	757.0 	
BL.CRTA 	CORRENTINA - BA 				-13.43 	-44.58 	541.0 	
BL.CRTB 	CORRENTINA - BA 				-13.43 	-44.58 	541.0 	
BL.CS6B 	JAGUARETAMA - CE 				-5.49 	-36.67 	110.0 	
BL.ESAR 	Angra dos Reis - RJ 				-23.02 	-44.44 	6.0 	
BL.FRTB 	Fartura, SP 					-23.34 	-49.56 	518.0 	
BL.GNSA 	GOIANESIA - GO 					-15.26 	-49.09 	1099.0 	
BL.GNSB 	GOIANESIA - GO 					-15.26 	-49.09 	1099.0 	
BL.IBTB 	Ibaiti, PR 					-23.85 	-50.27 	696.0 	
BL.IGAB 	IGARATA - SP 					-23.25 	-46.12 	677.0 	
BL.IGCB 	IGARAPEACU-PA 					-1.13 	-47.61 	55.0 	
BL.IPNA 	IPERUNA - SP 					-22.36 	-47.72 	637.0 	
BL.ITAB 	Ita, SC 					-27.23 	-52.13 	459.0 	
BL.ITPB 	ITAPEBI-BA 					-15.99 	-39.63 	307.0 	
BL.ITRB 	Iturama, MG 					-19.70 	-50.36 	426.0 	
BL.JATB 	JATAI - GO 					-17.89 	-51.49 	817.0 	
BL.JNRB 	JANUARIA - MG 					-15.47 	-44.51 	571.0 	
BL.JUQB 	JUQUIA - SAO PAULO 				-24.09 	-47.72 	484.0 	
BL.MAP01 	FAZENDA MODERNA - MONTE AZUL PAULISTA - SP 	-20.95 	-48.70 	523.0 	
BL.MARB 	Manoel Ribas, PR 				-24.45 	-51.50 	507.0 	
BL.MCI6 	Montes Claros 6, MG (Fzda Jeca Tatu) 		-18.81 	-43.98 	736.0 	
BL.MCI7 	Montes Claros 7, MG (Exercito) 			-16.78 	-43.82 	571.0 	
BL.MCI8 	Montes Claros 8, MG (Fzda Vitoria) 		-16.66 	-43.92 	696.0 	
BL.MCI9 	Montes Claros 9, MG (Fzda MClaros) 		-16.70 	-43.89 	670.0 	
BL.NOVB 	NOVA VENEZA-SC 					-28.61 	-49.56 	135.0 	
BL.NUPA 	NUPORANGA - SP 					-20.66 	-47.69 	649.0 	
BL.NUPB 	NUPORANGA - SP 					-20.66 	-47.69 	649.0 	
BL.PACB 	PACAEMBU - SP 					-21.61 	-51.26 	347.0 	
BL.PAZB 	ARUANA - GO 					-15.14 	-50.86 	410.0 	
BL.PCBA 	PIRACICABA - SP 				-22.64 	-47.71 	574.0 	
BL.PDCB 	PEDRA DO CAVALO - BA 				-12.53 	-39.12 	220.0 	
BL.PEXB 	Peixes, TO 					-12.11 	-48.30 	346.0 	
BL.PLTB 	Pelotas/PedrasAltas, RS 			-31.76 	-53.60 	412.0 	
BL.PMNA 	PATO DE MINAS - MG 				-18.54 	-46.44 	949.0 	
BL.PMNB 	Patos de Minas, MG 				-18.54 	-46.44 	950.0 	
BL.POPB 	PORTO PRIMAVERA - SP 				-22.46 	-52.84 	283.0 	
BL.PORB 	PORANGATU - GO 					-13.33 	-49.08 	351.0 	
BL.PP1A 	USINA PONTE DE PEDRA - SONORA - MS 		-17.60 	-54.88 	368.0 	
BL.PP1B 	USINA PONTE DE PEDRA - SONORA - MS 		-17.60 	-54.88 	368.0 	
BL.PRCB 	PARACATU - MG 					-17.27 	-46.82 	779.0 	
BL.PTGB 	Pitanga, PR 					-24.72 	-52.01 	981.0 	
BL.PTMB 	PORTO MURTINHO - MS 				-21.46 	-57.48 	240.0 	
BL.RCLB 	Rio Claro, SP 					-22.42 	-47.53 	650.0 	
BL.ROIB 	Rosario do Ivai, PR 				-24.30 	-51.14 	568.0 	
BL.SICB 	Siqueira Campos, PR 				-23.62 	-49.88 	752.0 	
BL.SJI1 	Urupes, SP 					-21.18 	-49.20 	450.0 	
BL.SJMB 	Sao Joao de Manteninha, MG 			-18.70 	-41.18 	243.0 	
BL.SLMB 	SAO LUIS DE MONTES BELOS - GO 			-16.57 	-50.35 	700.0 	
BL.SNVB 	SERRA DO NAVIO-AP 				0.91 	-51.88 	248.0 	
BL.STMB 	SANTAREM-PA 					-2.75 	-54.96 	195.0 	
BL.TLMB 	Telemaco Borba, PR 				-24.07 	-50.70 	700.0 	
BL.TRCB 	Terra Rica, PR 					-22.79 	-52.64 	490.0 	
BL.TRIB 	Ilha Solteira, SP 				-20.67 	-51.33 	283.0 	
BL.TRMB 	TRES MARIAS-MG 					-18.09 	-44.93 	800.0 	
BL.TRSB 	TERESINA-PI 					-4.87 	-42.71 	125.0 	
BL.UNIA 	UNAI - MG 					-16.23 	-46.79 	652.0 	
BL.VABB 	Valinhos, SP 					-23.00 	-46.97 	866.0 	
BL.VAO 		Valinhos, SP 					-23.00 	-46.97 	866.0 	
BR.JANB 	Januaria, MG 					-15.06 	-44.31 	693.0 	
BR.PDRB 	Porto dos Gauchos, MT 				-11.61 	-56.73 	330.0 	
BR.SALB 	Santo Antonio do Leverger, MT 			-15.90 	-55.69 	213.0 	
BR.SAMA 	Santa Maria do Tocantins, TO 			-8.86 	-47.59 	292.0 	
ON.ALF01 	OBSN: [ALF01] Guarapari, ES 			-20.62 	-40.73 	22.0 	
ON.CAM01 	OBSN: [CAM01] Campos, RJ 			-21.83 	-41.66 	31.0 	
ON.DUB01 	OBSN: [DUB01] Duas Barras, RJ 			-22.08 	-42.37 	623.0 	
ON.JAC01 	OBSN: [JAC01] Jacupiranga, SP 			-24.81 	-48.10 	297.0 	
ON.MAJ01 	OBSN: [MAJ01] Major Gercino, SC 		-27.40 	-49.01 	344.0 	
ON.MAN01 	OBSN: [MAN01] Mangaratiba, RJ 			-22.87 	-43.96 	617.0 	
ON.PET01 	OBSN: [PET01] Pedro de Toledo, SP 		-24.29 	-47.28 	150.0 	
ON.RIB01 	OBSN: [RIB01] Rio Bananal, ES 			-19.31 	-40.39 	216.0 	
ON.SLP01 	OBSN: [SLP01] Sao Luis do Paraitinga, SP 	-23.32 	-45.16 	1117.0 	
ON.TER01 	OBSN: [TER01] Treze de Maio, SC 		-28.53 	-49.13 	315.0 	
ON.TIJ01 	OBSN: [TIJ01] Tijucas do Sul, PR 		-25.32 	-49.00 	1049.0 	
ON.VAS01 	OBSN: [VAS01] Vassouras, RJ 			-22.28 	-43.44 	402.0 	


