-52.03 -18.55 580.0 BL.APOB
-52.07 -18.51 657.0 BL.APOB2
-55.70 -20.48 155.0 BL.AQDA
-55.70 -20.48 158.0 BL.AQDB
-46.12 -21.36 976.0 BL.AREB
-46.03 -20.04 707.0 BL.BAMB
-48.53 -21.04 587.0 BL.BB15B
-48.59 -21.03 523.0 BL.BB16B
-48.53 -21.07 571.0 BL.BB19B
-48.50 -21.05 571.0 BL.BB22B
-48.44 -1.45 7.0 BL.BEB
-48.50 -21.06 563.0 BL.BEB1
-48.52 -21.06 584.0 BL.BEB10
-48.50 -21.07 564.0 BL.BEB11
-48.49 -21.07 578.0 BL.BEB12
-48.56 -21.05 532.0 BL.BEB13
-48.57 -21.03 516.0 BL.BEB14
-48.53 -21.04 587.0 BL.BEB15
-48.59 -21.03 523.0 BL.BEB16
-48.49 -21.04 523.0 BL.BEB17
-48.56 -21.05 523.0 BL.BEB18
-48.53 -21.07 570.0 BL.BEB19
-48.48 -21.04 656.0 BL.BEB2
-48.50 -21.04 574.0 BL.BEB20
-48.49 -21.04 621.0 BL.BEB21
-48.50 -21.05 537.0 BL.BEB22
-48.52 -21.02 638.0 BL.BEB3
-48.50 -21.08 552.0 BL.BEB4
-48.51 -21.08 553.0 BL.BEB4A
-48.51 -21.08 565.0 BL.BEB4B
-48.48 -21.09 582.0 BL.BEB6
-48.50 -21.07 579.0 BL.BEB7
-48.51 -21.06 548.0 BL.BEB8
-48.51 -21.07 567.0 BL.BEB9
-48.51 -21.07 554.0 BL.BEB9A
-48.53 -21.06 604.0 BL.BEB9B
-43.56 -6.66 245.0 BL.BESB
-44.76 -21.00 935.0 BL.BSCB
-40.85 -18.83 185.0 BL.BSFB
-52.84 -18.77 757.0 BL.C2SB
-41.43 -21.78 148.0 BL.CAMB
-50.38 -22.97 436.0 BL.CANB
-36.01 -8.18 479.0 BL.CAUB
-51.21 -18.43 475.0 BL.CCUB
-52.84 -18.77 753.0 BL.CDSB
-54.17 -19.58 482.0 BL.CMPA
-50.85 -29.31 712.0 BL.CNLB
-48.69 -17.74 950.0 BL.COR2
-48.69 -17.74 950.0 BL.CORB
-53.44 -30.41 290.0 BL.CPSB
-50.15 -6.17 757.0 BL.CRJB
-44.58 -13.43 541.0 BL.CRTA
-44.58 -13.43 541.0 BL.CRTB
-36.67 -5.49 110.0 BL.CS6B
-44.44 -23.02 6.0 BL.ESAR
-49.56 -23.34 518.0 BL.FRTB
-49.09 15.26 1099.0 BL.GNSA
-49.09 15.26 1099.0 BL.GNSB
-50.27 -23.85 696.0 BL.IBTB
-46.12 -23.25 677.0 BL.IGAB
-47.61 -1.13 55.0 BL.IGCB
-47.72 -22.36 637.0 BL.IPNA
-52.13 -27.23 459.0 BL.ITAB
-39.63 -15.99 307.0 BL.ITPB
-50.36 -19.70 426.0 BL.ITRB
-51.49 -17.89 817.0 BL.JATB
-44.51 -15.47 571.0 BL.JNRB
-47.72 -24.09 484.0 BL.JUQB
-48.70 -20.95 523.0 BL.MAP01
-51.50 -24.45 507.0 BL.MARB
-43.98 -18.81 736.0 BL.MCI6
-43.82 -16.78 571.0 BL.MCI7
-43.92 -16.66 696.0 BL.MCI8
-43.89 -16.70 670.0 BL.MCI9
-49.56 -28.61 135.0 BL.NOVB
-47.69 -20.66 649.0 BL.NUPA
-47.69 -20.66 649.0 BL.NUPB
-51.26 -21.61 347.0 BL.PACB
-50.86 -15.14 410.0 BL.PAZB
-47.71 -22.64 574.0 BL.PCBA
-39.12 -12.53 220.0 BL.PDCB
-48.30 -12.11 346.0 BL.PEXB
-53.60 -31.76 412.0 BL.PLTB
-46.44 -18.54 949.0 BL.PMNA
-46.44 -18.54 950.0 BL.PMNB
-52.84 -22.46 283.0 BL.POPB
-49.08 -13.33 351.0 BL.PORB
-54.88 -17.60 368.0 BL.PP1A
-54.88 -17.60 368.0 BL.PP1B
-46.82 -17.27 779.0 BL.PRCB
-52.01 -24.72 981.0 BL.PTGB
-57.48 -21.46 240.0 BL.PTMB
-47.53 -22.42 650.0 BL.RCLB
-51.14 -24.30 568.0 BL.ROIB
-49.88 -23.62 752.0 BL.SICB
-49.20 -21.18 450.0 BL.SJI1
-41.18 -18.70 243.0 BL.SJMB
-50.35 -16.57 700.0 BL.SLMB
-51.88 0.91 248.0 BL.SNVB
-54.96 -2.75 195.0 BL.STMB
-50.70 -24.07 700.0 BL.TLMB
-52.64 -22.79 490.0 BL.TRCB
-51.33 -20.67 283.0 BL.TRIB
-44.93 -18.09 800.0 BL.TRMB
-42.71 -4.87 125.0 BL.TRSB
-46.79 -16.23 652.0 BL.UNIA
-46.97 -23.00 866.0 BL.VABB
-46.97 -23.00 866.0 BL.VAO
-44.31 -15.06 693.0 BR.JANB
-56.73 -11.61 330.0 BR.PDRB
-55.69 -15.90 213.0 BR.SALB
-47.59 -8.86 292.0 BR.SAMA
-40.73 -20.62 22.0 ON.ALF01
-41.66 -21.83 31.0 ON.CAM01
-42.37 -22.08 623.0 ON.DUB01
-48.10 -24.81 297.0 ON.JAC01
-49.01 -27.40 344.0 ON.MAJ01
-43.96 -22.87 617.0 ON.MAN01
-47.28 -24.29 150.0 ON.PET01
-40.39 -19.31 216.0 ON.RIB01
-45.16 23.32 1117.0 ON.SLP01
-49.13 -28.53 315.0 ON.TER01
-49.00 25.32 1049.0 ON.TIJ01
-43.44 -22.28 402.0 ON.VAS01
   
   
