 1 33 10.000 -75.000 4.3
 2 33 10.000 -74.000 4.3
 3 33 10.000 -73.000 4.3
 4 28 10.000 -72.000 4.3
 5 28 10.000 -71.000 4.3
 6 28 10.000 -70.000 4.3
 7 28 10.000 -69.000 4.3
 8 34 10.000 -68.000 4.3
 9 34 10.000 -67.000 4.2
10 34 10.000 -66.000 4.2
11 34 10.000 -65.000 4.2
12 46 10.000 -64.000 4.1
13 36 10.000 -63.000 4.1
14 36 10.000 -62.000 4.0
15 36 10.000 -61.000 4.0
16 33 10.000 -60.000 4.0
17 33 10.000 -59.000 4.0
18 33 10.000 -58.000 4.0
19 33 10.000 -57.000 4.0
20 33 10.000 -56.000 4.0
21 47 10.000 -55.000 4.0
22 47 10.000 -54.000 4.0
23 47 10.000 -53.000 4.0
24 47 10.000 -52.000 3.9
25 47 10.000 -51.000 3.9
26 27 10.000 -50.000 3.9
27 27 10.000 -49.000 4.0
28 41 10.000 -48.000 4.0
29 34 10.000 -47.000 4.0
30 34 10.000 -46.000 4.0
31 57 10.000 -45.000 4.0
32 57 10.000 -44.000 4.0
33 36 10.000 -43.000 4.0
34 36 10.000 -42.000 4.0
35 61 10.000 -41.000 4.0
36 61 10.000 -40.000 4.0
37 61 10.000 -39.000 4.1
38 61 10.000 -38.000 4.1
39 61 10.000 -37.000 4.1
40 61 10.000 -36.000 4.1
41 41 10.000 -35.000 4.1
42 61 10.000 -34.000 4.2
43 62 10.000 -33.000 4.2
44 62 10.000 -32.000 4.2
45 62 10.000 -31.000 4.2
46 58 10.000 -30.000 4.2
47 33 9.000 -75.000 4.3
48 33 9.000 -74.000 4.3
49 33 9.000 -73.000 4.2
50 28 9.000 -72.000 4.2
51 28 9.000 -71.000 4.2
52 28 9.000 -70.000 4.2
53 28 9.000 -69.000 4.2
54 28 9.000 -68.000 4.2
55 34 9.000 -67.000 4.2
56 34 9.000 -66.000 4.2
57 34 9.000 -65.000 4.1
58 34 9.000 -64.000 4.1
59 36 9.000 -63.000 4.0
60 36 9.000 -62.000 4.0
61 36 9.000 -61.000 3.9
62 34 9.000 -60.000 3.9
63 33 9.000 -59.000 3.9
64 33 9.000 -58.000 3.9
65 33 9.000 -57.000 3.9
66 33 9.000 -56.000 3.9
67 47 9.000 -55.000 4.0
68 47 9.000 -54.000 3.9
69 47 9.000 -53.000 3.9
70 47 9.000 -52.000 3.9
71 47 9.000 -51.000 3.8
72 27 9.000 -50.000 3.9
73 41 9.000 -49.000 3.9
74 34 9.000 -48.000 3.9
75 34 9.000 -47.000 4.0
76 34 9.000 -46.000 4.0
77 57 9.000 -45.000 4.0
78 57 9.000 -44.000 3.9
79 36 9.000 -43.000 3.9
80 61 9.000 -42.000 4.0
81 61 9.000 -41.000 4.0
82 61 9.000 -40.000 4.0
83 61 9.000 -39.000 4.0
84 61 9.000 -38.000 4.0
85 61 9.000 -37.000 4.0
86 61 9.000 -36.000 4.0
87 58 9.000 -35.000 4.1
88 61 9.000 -34.000 4.1
89 62 9.000 -33.000 4.1
90 62 9.000 -32.000 4.1
91 62 9.000 -31.000 4.2
92 58 9.000 -30.000 4.2
93 33 8.000 -75.000 4.3
94 33 8.000 -74.000 4.2
95 33 8.000 -73.000 4.2
96 33 8.000 -72.000 4.1
97 28 8.000 -71.000 4.1
98 28 8.000 -70.000 4.2
99 28 8.000 -69.000 4.2
100 28 8.000 -68.000 4.2
101 34 8.000 -67.000 4.2
102 34 8.000 -66.000 4.1
103 34 8.000 -65.000 4.0
104 34 8.000 -64.000 4.0
105 36 8.000 -63.000 4.0
106 36 8.000 -62.000 3.9
107 36 8.000 -61.000 3.9
108 36 8.000 -60.000 3.8
109 33 8.000 -59.000 3.8
110 33 8.000 -58.000 3.8
111 33 8.000 -57.000 3.8
112 33 8.000 -56.000 3.9
113 31 8.000 -55.000 3.9
114 47 8.000 -54.000 3.9
115 47 8.000 -53.000 3.8
116 47 8.000 -52.000 3.8
117 27 8.000 -51.000 3.8
118 27 8.000 -50.000 3.9
119 41 8.000 -49.000 3.9
120 34 8.000 -48.000 3.8
121 34 8.000 -47.000 3.9
122 57 8.000 -46.000 3.9
123 57 8.000 -45.000 3.9
124 57 8.000 -44.000 3.9
125 36 8.000 -43.000 3.9
126 61 8.000 -42.000 3.9
127 51 8.000 -41.000 3.9
128 61 8.000 -40.000 3.9
129 61 8.000 -39.000 3.9
130 61 8.000 -38.000 3.9
131 61 8.000 -37.000 4.0
132 41 8.000 -36.000 4.0
133 61 8.000 -35.000 4.0
134 61 8.000 -34.000 4.0
135 62 8.000 -33.000 4.1
136 62 8.000 -32.000 4.1
137 58 8.000 -31.000 4.1
138 58 8.000 -30.000 4.1
139 33 7.000 -75.000 4.2
140 33 7.000 -74.000 4.2
141 33 7.000 -73.000 4.2
142 33 7.000 -72.000 4.1
143 28 7.000 -71.000 4.1
144 28 7.000 -70.000 4.1
145 28 7.000 -69.000 4.1
146 28 7.000 -68.000 4.1
147 34 7.000 -67.000 4.1
148 34 7.000 -66.000 4.1
149 34 7.000 -65.000 4.0
150 34 7.000 -64.000 4.0
151 46 7.000 -63.000 4.0
152 36 7.000 -62.000 3.9
153 36 7.000 -61.000 3.8
154 36 7.000 -60.000 3.8
155 33 7.000 -59.000 3.7
156 33 7.000 -58.000 3.7
157 33 7.000 -57.000 3.8
158 33 7.000 -56.000 3.8
159 31 7.000 -55.000 3.8
160 47 7.000 -54.000 3.8
161 47 7.000 -53.000 3.7
162 47 7.000 -52.000 3.7
163 27 7.000 -51.000 3.7
164 27 7.000 -50.000 3.8
165 41 7.000 -49.000 3.8
166 34 7.000 -48.000 3.8
167 34 7.000 -47.000 3.8
168 57 7.000 -46.000 3.9
169 57 7.000 -45.000 3.8
170 57 7.000 -44.000 3.8
171 61 7.000 -43.000 3.8
172 61 7.000 -42.000 3.8
173 51 7.000 -41.000 3.8
174 61 7.000 -40.000 3.8
175 61 7.000 -39.000 3.8
176 61 7.000 -38.000 3.9
177 61 7.000 -37.000 3.9
178 41 7.000 -36.000 3.9
179 61 7.000 -35.000 4.0
180 62 7.000 -34.000 4.0
181 62 7.000 -33.000 4.0
182 62 7.000 -32.000 4.0
183 58 7.000 -31.000 4.0
184 58 7.000 -30.000 4.1
185 33 6.000 -75.000 4.2
186 33 6.000 -74.000 4.2
187 33 6.000 -73.000 4.1
188 33 6.000 -72.000 4.0
189 28 6.000 -71.000 4.0
190 28 6.000 -70.000 4.0
191 28 6.000 -69.000 4.0
192 28 6.000 -68.000 4.0
193 28 6.000 -67.000 4.1
194 34 6.000 -66.000 4.0
195 34 6.000 -65.000 4.0
196 34 6.000 -64.000 3.9
197 46 6.000 -63.000 3.9
198 36 6.000 -62.000 3.8
199 36 6.000 -61.000 3.8
200 36 6.000 -60.000 3.7
201 36 6.000 -59.000 3.6
202 33 6.000 -58.000 3.6
203 33 6.000 -57.000 3.7
204 33 6.000 -56.000 3.7
205 31 6.000 -55.000 3.7
206 47 6.000 -54.000 3.7
207 47 6.000 -53.000 3.6
208 47 6.000 -52.000 3.6
209 27 6.000 -51.000 3.7
210 41 6.000 -50.000 3.7
211 41 6.000 -49.000 3.7
212 34 6.000 -48.000 3.7
213 34 6.000 -47.000 3.8
214 57 6.000 -46.000 3.8
215 57 6.000 -45.000 3.7
216 36 6.000 -44.000 3.7
217 61 6.000 -43.000 3.7
218 61 6.000 -42.000 3.7
219 51 6.000 -41.000 3.7
220 61 6.000 -40.000 3.7
221 61 6.000 -39.000 3.8
222 61 6.000 -38.000 3.8
223 41 6.000 -37.000 3.8
224 58 6.000 -36.000 3.9
225 61 6.000 -35.000 3.9
226 62 6.000 -34.000 3.9
227 62 6.000 -33.000 3.9
228 62 6.000 -32.000 3.9
229 58 6.000 -31.000 4.0
230 58 6.000 -30.000 4.0
231 33 5.000 -75.000 4.2
232 33 5.000 -74.000 4.1
233 33 5.000 -73.000 4.1
234 33 5.000 -72.000 4.0
235 33 5.000 -71.000 4.0
236 28 5.000 -70.000 3.9
237 28 5.000 -69.000 4.0
238 28 5.000 -68.000 4.0
239 28 5.000 -67.000 4.0
240 34 5.000 -66.000 4.0
241 34 5.000 -65.000 3.9
242 34 5.000 -64.000 3.9
243 46 5.000 -63.000 3.8
244 31 5.000 -62.000 3.8
245 36 5.000 -61.000 3.7
246 36 5.000 -60.000 3.6
247 36 5.000 -59.000 3.5
248 33 5.000 -58.000 3.5
249 33 5.000 -57.000 3.6
250 31 5.000 -56.000 3.6
251 31 5.000 -55.000 3.6
252 47 5.000 -54.000 3.6
253 47 5.000 -53.000 3.6
254 27 5.000 -52.000 3.6
255 27 5.000 -51.000 3.7
256 41 5.000 -50.000 3.7
257 41 5.000 -49.000 3.6
258 34 5.000 -48.000 3.6
259 34 5.000 -47.000 3.7
260 57 5.000 -46.000 3.7
261 57 5.000 -45.000 3.6
262 36 5.000 -44.000 3.6
263 61 5.000 -43.000 3.6
264 47 5.000 -42.000 3.6
265 51 5.000 -41.000 3.6
266 61 5.000 -40.000 3.6
267 61 5.000 -39.000 3.6
268 61 5.000 -38.000 3.7
269 41 5.000 -37.000 3.7
270 61 5.000 -36.000 3.8
271 61 5.000 -35.000 3.8
272 62 5.000 -34.000 3.8
273 62 5.000 -33.000 3.8
274 58 5.000 -32.000 3.9
275 58 5.000 -31.000 3.9
276 57 5.000 -30.000 3.9
277 33 4.000 -75.000 4.2
278 33 4.000 -74.000 4.1
279 33 4.000 -73.000 4.0
280 33 4.000 -72.000 4.0
281 33 4.000 -71.000 3.9
282 28 4.000 -70.000 3.9
283 28 4.000 -69.000 3.9
284 28 4.000 -68.000 3.9
285 28 4.000 -67.000 4.0
286 34 4.000 -66.000 4.0
287 34 4.000 -65.000 3.9
288 34 4.000 -64.000 3.8
289 46 4.000 -63.000 3.8
290 31 4.000 -62.000 3.7
291 31 4.000 -61.000 3.7
292 36 4.000 -60.000 3.6
293 36 4.000 -59.000 3.5
294 33 4.000 -58.000 3.4
295 33 4.000 -57.000 3.5
296 31 4.000 -56.000 3.5
297 31 4.000 -55.000 3.5
298 31 4.000 -54.000 3.5
299 47 4.000 -53.000 3.5
300 27 4.000 -52.000 3.5
301 31 4.000 -51.000 3.6
302 41 4.000 -50.000 3.6
303 41 4.000 -49.000 3.5
304 34 4.000 -48.000 3.5
305 34 4.000 -47.000 3.6
306 57 4.000 -46.000 3.6
307 57 4.000 -45.000 3.6
308 61 4.000 -44.000 3.5
309 61 4.000 -43.000 3.5
310 47 4.000 -42.000 3.5
311 51 4.000 -41.000 3.5
312 61 4.000 -40.000 3.5
313 61 4.000 -39.000 3.5
314 41 4.000 -38.000 3.6
315 58 4.000 -37.000 3.7
316 61 4.000 -36.000 3.7
317 62 4.000 -35.000 3.7
318 62 4.000 -34.000 3.7
319 62 4.000 -33.000 3.7
320 58 4.000 -32.000 3.8
321 57 4.000 -31.000 3.8
322 57 4.000 -30.000 3.9
323 29 3.000 -75.000 4.1
324 33 3.000 -74.000 4.1
325 33 3.000 -73.000 4.0
326 33 3.000 -72.000 3.9
327 33 3.000 -71.000 3.9
328 33 3.000 -70.000 3.8
329 28 3.000 -69.000 3.8
330 28 3.000 -68.000 3.8
331 28 3.000 -67.000 3.9
332 31 3.000 -66.000 3.9
333 34 3.000 -65.000 3.8
334 34 3.000 -64.000 3.8
335 34 3.000 -63.000 3.7
336 31 3.000 -62.000 3.6
337 31 3.000 -61.000 3.6
338 31 3.000 -60.000 3.5
339 36 3.000 -59.000 3.4
340 36 3.000 -58.000 3.3
341 33 3.000 -57.000 3.4
342 31 3.000 -56.000 3.4
343 31 3.000 -55.000 3.4
344 31 3.000 -54.000 3.4
345 27 3.000 -53.000 3.4
346 31 3.000 -52.000 3.5
347 31 3.000 -51.000 3.5
348 41 3.000 -50.000 3.5
349 41 3.000 -49.000 3.4
350 34 3.000 -48.000 3.5
351 34 3.000 -47.000 3.5
352 57 3.000 -46.000 3.5
353 57 3.000 -45.000 3.5
354 61 3.000 -44.000 3.4
355 61 3.000 -43.000 3.4
356 51 3.000 -42.000 3.5
357 51 3.000 -41.000 3.4
358 61 3.000 -40.000 3.4
359 41 3.000 -39.000 3.4
360 41 3.000 -38.000 3.5
361 58 3.000 -37.000 3.5
362 61 3.000 -36.000 3.6
363 62 3.000 -35.000 3.6
364 62 3.000 -34.000 3.6
365 62 3.000 -33.000 3.6
366 57 3.000 -32.000 3.7
367 57 3.000 -31.000 3.8
368 57 3.000 -30.000 3.9
369 29 2.000 -75.000 4.1
370 29 2.000 -74.000 4.0
371 33 2.000 -73.000 4.0
372 33 2.000 -72.000 3.9
373 33 2.000 -71.000 3.8
374 33 2.000 -70.000 3.7
375 28 2.000 -69.000 3.7
376 28 2.000 -68.000 3.8
377 28 2.000 -67.000 3.8
378 28 2.000 -66.000 3.9
379 31 2.000 -65.000 3.8
380 31 2.000 -64.000 3.7
381 34 2.000 -63.000 3.6
382 31 2.000 -62.000 3.6
383 31 2.000 -61.000 3.5
384 31 2.000 -60.000 3.4
385 31 2.000 -59.000 3.4
386 36 2.000 -58.000 3.2
387 33 2.000 -57.000 3.2
388 31 2.000 -56.000 3.2
389 31 2.000 -55.000 3.2
390 31 2.000 -54.000 3.3
391 31 2.000 -53.000 3.3
392 31 2.000 -52.000 3.4
393 31 2.000 -51.000 3.5
394 41 2.000 -50.000 3.4
395 41 2.000 -49.000 3.3
396 34 2.000 -48.000 3.4
397 34 2.000 -47.000 3.5
398 61 2.000 -46.000 3.4
399 61 2.000 -45.000 3.4
400 61 2.000 -44.000 3.3
401 47 2.000 -43.000 3.3
402 51 2.000 -42.000 3.4
403 51 2.000 -41.000 3.3
404 61 2.000 -40.000 3.3
405 41 2.000 -39.000 3.3
406 59 2.000 -38.000 3.4
407 61 2.000 -37.000 3.4
408 59 2.000 -36.000 3.5
409 62 2.000 -35.000 3.5
410 62 2.000 -34.000 3.5
411 57 2.000 -33.000 3.5
412 57 2.000 -32.000 3.6
413 57 2.000 -31.000 3.7
414 57 2.000 -30.000 3.8
415 27 1.000 -75.000 4.0
416 27 1.000 -74.000 4.0
417 29 1.000 -73.000 3.9
418 33 1.000 -72.000 3.9
419 33 1.000 -71.000 3.8
420 33 1.000 -70.000 3.7
421 28 1.000 -69.000 3.6
422 28 1.000 -68.000 3.7
423 28 1.000 -67.000 3.7
424 29 1.000 -66.000 3.8
425 31 1.000 -65.000 3.8
426 31 1.000 -64.000 3.7
427 31 1.000 -63.000 3.6
428 31 1.000 -62.000 3.5
429 31 1.000 -61.000 3.4
430 31 1.000 -60.000 3.3
431 31 1.000 -59.000 3.2
432 31 1.000 -58.000 3.1
433 31 1.000 -57.000 3.1
434 31 1.000 -56.000 3.1
435 27 1.000 -55.000 3.1
436 27 1.000 -54.000 3.3
437 31 1.000 -53.000 3.2
438 31 1.000 -52.000 3.3
439 31 1.000 -51.000 3.4
440 41 1.000 -50.000 3.3
441 41 1.000 -49.000 3.2
442 34 1.000 -48.000 3.3
443 39 1.000 -47.000 3.4
444 61 1.000 -46.000 3.3
445 57 1.000 -45.000 3.3
446 61 1.000 -44.000 3.2
447 47 1.000 -43.000 3.2
448 51 1.000 -42.000 3.2
449 51 1.000 -41.000 3.1
450 41 1.000 -40.000 3.1
451 41 1.000 -39.000 3.2
452 59 1.000 -38.000 3.3
453 61 1.000 -37.000 3.3
454 62 1.000 -36.000 3.4
455 62 1.000 -35.000 3.4
456 62 1.000 -34.000 3.4
457 57 1.000 -33.000 3.5
458 57 1.000 -32.000 3.6
459 57 1.000 -31.000 3.7
460 55 1.000 -30.000 3.8
461 33 0.000 -75.000 4.1
462 33 0.000 -74.000 4.0
463 27 0.000 -73.000 3.9
464 27 0.000 -72.000 3.8
465 33 0.000 -71.000 3.8
466 33 0.000 -70.000 3.7
467 33 0.000 -69.000 3.6
468 28 0.000 -68.000 3.6
469 28 0.000 -67.000 3.6
470 29 0.000 -66.000 3.7
471 29 0.000 -65.000 3.7
472 31 0.000 -64.000 3.6
473 31 0.000 -63.000 3.5
474 34 0.000 -62.000 3.5
475 34 0.000 -61.000 3.3
476 31 0.000 -60.000 3.2
477 31 0.000 -59.000 3.1
478 31 0.000 -58.000 3.0
479 33 0.000 -57.000 3.0
480 27 0.000 -56.000 3.0
481 27 0.000 -55.000 3.2
482 47 0.000 -54.000 3.2
483 47 0.000 -53.000 3.1
484 31 0.000 -52.000 3.1
485 39 0.000 -51.000 3.2
486 39 0.000 -50.000 3.2
487 41 0.000 -49.000 3.1
488 39 0.000 -48.000 3.2
489 39 0.000 -47.000 3.3
490 61 0.000 -46.000 3.2
491 57 0.000 -45.000 3.2
492 57 0.000 -44.000 3.0
493 47 0.000 -43.000 3.1
494 51 0.000 -42.000 3.1
495 51 0.000 -41.000 3.0
496 41 0.000 -40.000 3.0
497 59 0.000 -39.000 3.1
498 59 0.000 -38.000 3.1
499 59 0.000 -37.000 3.2
500 62 0.000 -36.000 3.2
501 62 0.000 -35.000 3.2
502 57 0.000 -34.000 3.3
503 57 0.000 -33.000 3.4
504 57 0.000 -32.000 3.5
505 55 0.000 -31.000 3.6
506 63 0.000 -30.000 3.7
507 33 -1.000 -75.000 4.0
508 33 -1.000 -74.000 4.0
509 33 -1.000 -73.000 3.9
510 33 -1.000 -72.000 3.8
511 33 -1.000 -71.000 3.7
512 29 -1.000 -70.000 3.6
513 27 -1.000 -69.000 3.6
514 27 -1.000 -68.000 3.5
515 28 -1.000 -67.000 3.5
516 29 -1.000 -66.000 3.5
517 29 -1.000 -65.000 3.6
518 31 -1.000 -64.000 3.6
519 31 -1.000 -63.000 3.5
520 34 -1.000 -62.000 3.4
521 34 -1.000 -61.000 3.3
522 34 -1.000 -60.000 3.1
523 34 -1.000 -59.000 3.0
524 27 -1.000 -58.000 2.8
525 27 -1.000 -57.000 3.0
526 33 -1.000 -56.000 3.0
527 37 -1.000 -55.000 3.2
528 47 -1.000 -54.000 3.2
529 47 -1.000 -53.000 3.0
530 31 -1.000 -52.000 3.0
531 39 -1.000 -51.000 3.0
532 39 -1.000 -50.000 3.0
533 39 -1.000 -49.000 3.0
534 39 -1.000 -48.000 3.1
535 39 -1.000 -47.000 3.1
536 36 -1.000 -46.000 3.2
537 57 -1.000 -45.000 3.1
538 57 -1.000 -44.000 2.9
539 47 -1.000 -43.000 3.0
540 51 -1.000 -42.000 3.0
541 51 -1.000 -41.000 2.8
542 41 -1.000 -40.000 2.9
543 59 -1.000 -39.000 2.9
544 58 -1.000 -38.000 3.0
545 59 -1.000 -37.000 3.0
546 62 -1.000 -36.000 3.1
547 57 -1.000 -35.000 3.1
548 57 -1.000 -34.000 3.2
549 57 -1.000 -33.000 3.4
550 55 -1.000 -32.000 3.5
551 55 -1.000 -31.000 3.5
552 63 -1.000 -30.000 3.6
553 33 -2.000 -75.000 4.0
554 33 -2.000 -74.000 4.0
555 33 -2.000 -73.000 3.9
556 33 -2.000 -72.000 3.8
557 33 -2.000 -71.000 3.7
558 33 -2.000 -70.000 3.6
559 33 -2.000 -69.000 3.5
560 29 -2.000 -68.000 3.5
561 29 -2.000 -67.000 3.4
562 29 -2.000 -66.000 3.4
563 29 -2.000 -65.000 3.5
564 29 -2.000 -64.000 3.5
565 31 -2.000 -63.000 3.4
566 34 -2.000 -62.000 3.4
567 34 -2.000 -61.000 3.3
568 34 -2.000 -60.000 3.1
569 34 -2.000 -59.000 2.9
570 27 -2.000 -58.000 3.0
571 36 -2.000 -57.000 3.0
572 33 -2.000 -56.000 3.0
573 37 -2.000 -55.000 3.0
574 37 -2.000 -54.000 3.0
575 47 -2.000 -53.000 3.0
576 31 -2.000 -52.000 2.9
577 39 -2.000 -51.000 2.9
578 34 -2.000 -50.000 2.8
579 41 -2.000 -49.000 3.0
580 39 -2.000 -48.000 2.9
581 36 -2.000 -47.000 3.0
582 39 -2.000 -46.000 3.1
583 57 -2.000 -45.000 3.0
584 57 -2.000 -44.000 2.8
585 59 -2.000 -43.000 3.0
586 59 -2.000 -42.000 2.8
587 51 -2.000 -41.000 2.6
588 59 -2.000 -40.000 2.6
589 59 -2.000 -39.000 2.7
590 59 -2.000 -38.000 2.7
591 59 -2.000 -37.000 2.9
592 62 -2.000 -36.000 2.9
593 57 -2.000 -35.000 3.0
594 55 -2.000 -34.000 3.2
595 55 -2.000 -33.000 3.3
596 55 -2.000 -32.000 3.4
597 63 -2.000 -31.000 3.4
598 51 -2.000 -30.000 3.5
599 33 -3.000 -75.000 4.0
600 33 -3.000 -74.000 4.0
601 33 -3.000 -73.000 3.9
602 33 -3.000 -72.000 3.8
603 33 -3.000 -71.000 3.7
604 33 -3.000 -70.000 3.6
605 33 -3.000 -69.000 3.5
606 33 -3.000 -68.000 3.4
607 28 -3.000 -67.000 3.4
608 27 -3.000 -66.000 3.4
609 27 -3.000 -65.000 3.3
610 29 -3.000 -64.000 3.4
611 31 -3.000 -63.000 3.4
612 37 -3.000 -62.000 3.4
613 34 -3.000 -61.000 3.3
614 34 -3.000 -60.000 3.1
615 37 -3.000 -59.000 3.1
616 37 -3.000 -58.000 3.0
617 37 -3.000 -57.000 2.9
618 33 -3.000 -56.000 2.9
619 37 -3.000 -55.000 2.8
620 37 -3.000 -54.000 2.8
621 39 -3.000 -53.000 2.9
622 47 -3.000 -52.000 2.8
623 34 -3.000 -51.000 2.6
624 34 -3.000 -50.000 2.9
625 41 -3.000 -49.000 3.0
626 36 -3.000 -48.000 3.0
627 36 -3.000 -47.000 3.1
628 39 -3.000 -46.000 3.0
629 57 -3.000 -45.000 3.0
630 47 -3.000 -44.000 2.8
631 59 -3.000 -43.000 2.8
632 59 -3.000 -42.000 2.6
633 51 -3.000 -41.000 2.5
634 59 -3.000 -40.000 2.3
635 61 -3.000 -39.000 2.4
636 59 -3.000 -38.000 2.5
637 59 -3.000 -37.000 2.7
638 57 -3.000 -36.000 2.8
639 55 -3.000 -35.000 2.9
640 55 -3.000 -34.000 3.0
641 55 -3.000 -33.000 3.1
642 63 -3.000 -32.000 3.3
643 50 -3.000 -31.000 3.4
644 50 -3.000 -30.000 3.5
645 33 -4.000 -75.000 4.0
646 33 -4.000 -74.000 4.0
647 33 -4.000 -73.000 3.9
648 33 -4.000 -72.000 3.8
649 33 -4.000 -71.000 3.7
650 33 -4.000 -70.000 3.6
651 33 -4.000 -69.000 3.5
652 33 -4.000 -68.000 3.4
653 28 -4.000 -67.000 3.3
654 28 -4.000 -66.000 3.4
655 27 -4.000 -65.000 3.4
656 27 -4.000 -64.000 3.4
657 46 -4.000 -63.000 3.3
658 29 -4.000 -62.000 3.4
659 27 -4.000 -61.000 3.2
660 34 -4.000 -60.000 3.2
661 34 -4.000 -59.000 3.0
662 34 -4.000 -58.000 2.8
663 33 -4.000 -57.000 2.7
664 33 -4.000 -56.000 2.9
665 36 -4.000 -55.000 2.9
666 36 -4.000 -54.000 2.8
667 37 -4.000 -53.000 2.7
668 31 -4.000 -52.000 2.7
669 34 -4.000 -51.000 2.7
670 34 -4.000 -50.000 2.9
671 41 -4.000 -49.000 3.0
672 44 -4.000 -48.000 3.0
673 44 -4.000 -47.000 3.0
674 61 -4.000 -46.000 2.9
675 57 -4.000 -45.000 3.0
676 47 -4.000 -44.000 2.9
677 59 -4.000 -43.000 2.7
678 59 -4.000 -42.000 2.4
679 51 -4.000 -41.000 2.4
680 51 -4.000 -40.000 1.9
681 61 -4.000 -39.000 2.3
682 59 -4.000 -38.000 2.2
683 59 -4.000 -37.000 2.5
684 55 -4.000 -36.000 2.6
685 55 -4.000 -35.000 2.7
686 55 -4.000 -34.000 2.9
687 55 -4.000 -33.000 3.0
688 50 -4.000 -32.000 3.1
689 50 -4.000 -31.000 3.3
690 50 -4.000 -30.000 3.4
691 33 -5.000 -75.000 4.0
692 33 -5.000 -74.000 4.0
693 33 -5.000 -73.000 3.9
694 33 -5.000 -72.000 3.8
695 33 -5.000 -71.000 3.7
696 33 -5.000 -70.000 3.6
697 33 -5.000 -69.000 3.5
698 33 -5.000 -68.000 3.4
699 33 -5.000 -67.000 3.3
700 28 -5.000 -66.000 3.4
701 28 -5.000 -65.000 3.5
702 27 -5.000 -64.000 3.5
703 31 -5.000 -63.000 3.4
704 37 -5.000 -62.000 3.3
705 29 -5.000 -61.000 3.3
706 34 -5.000 -60.000 3.3
707 34 -5.000 -59.000 3.1
708 34 -5.000 -58.000 3.0
709 34 -5.000 -57.000 2.8
710 33 -5.000 -56.000 3.0
711 39 -5.000 -55.000 3.0
712 39 -5.000 -54.000 2.8
713 34 -5.000 -53.000 2.6
714 37 -5.000 -52.000 2.7
715 36 -5.000 -51.000 2.9
716 36 -5.000 -50.000 3.0
717 41 -5.000 -49.000 3.0
718 41 -5.000 -48.000 2.9
719 44 -5.000 -47.000 2.7
720 44 -5.000 -46.000 2.8
721 44 -5.000 -45.000 2.9
722 59 -5.000 -44.000 2.9
723 59 -5.000 -43.000 2.6
724 41 -5.000 -42.000 2.5
725 51 -5.000 -41.000 2.4
726 51 -5.000 -40.000 2.0
727 58 -5.000 -39.000 2.1
728 56 -5.000 -38.000 2.3
729 55 -5.000 -37.000 2.2
730 55 -5.000 -36.000 2.3
731 51 -5.000 -35.000 2.6
732 50 -5.000 -34.000 2.7
733 50 -5.000 -33.000 2.9
734 58 -5.000 -32.000 3.0
735 58 -5.000 -31.000 3.2
736 58 -5.000 -30.000 3.3
737 33 -6.000 -75.000 4.0
738 33 -6.000 -74.000 4.0
739 33 -6.000 -73.000 3.9
740 33 -6.000 -72.000 3.8
741 33 -6.000 -71.000 3.7
742 33 -6.000 -70.000 3.6
743 33 -6.000 -69.000 3.5
744 33 -6.000 -68.000 3.4
745 33 -6.000 -67.000 3.3
746 28 -6.000 -66.000 3.3
747 28 -6.000 -65.000 3.4
748 48 -6.000 -64.000 3.4
749 31 -6.000 -63.000 3.4
750 37 -6.000 -62.000 3.3
751 29 -6.000 -61.000 3.2
752  6 -6.000 -60.000 3.2
753  6 -6.000 -59.000 3.1
754  6 -6.000 -58.000 3.0
755 34 -6.000 -57.000 3.0
756  6 -6.000 -56.000 3.0
757  6 -6.000 -55.000 3.0
758 39 -6.000 -54.000 2.8
759 34 -6.000 -53.000 2.9
760 34 -6.000 -52.000 2.9
761 47 -6.000 -51.000 2.9
762 37 -6.000 -50.000 3.1
763 41 -6.000 -49.000 3.1
764 41 -6.000 -48.000 3.0
765 41 -6.000 -47.000 2.8
766 47 -6.000 -46.000 2.8
767 47 -6.000 -45.000 2.9
768 44 -6.000 -44.000 2.9
769 57 -6.000 -43.000 2.8
770 56 -6.000 -42.000 2.6
771 57 -6.000 -41.000 2.4
772 51 -6.000 -40.000 2.3
773 51 -6.000 -39.000 2.0
774 55 -6.000 -38.000 1.9
775 51 -6.000 -37.000 2.2
776 50 -6.000 -36.000 2.2
777 50 -6.000 -35.000 2.3
778 58 -6.000 -34.000 2.5
779 58 -6.000 -33.000 2.8
780 58 -6.000 -32.000 3.0
781 55 -6.000 -31.000 3.2
782 55 -6.000 -30.000 3.3
783 33 -7.000 -75.000 4.1
784 33 -7.000 -74.000 4.0
785 33 -7.000 -73.000 3.9
786 33 -7.000 -72.000 3.9
787 33 -7.000 -71.000 3.8
788 33 -7.000 -70.000 3.7
789 33 -7.000 -69.000 3.6
790 33 -7.000 -68.000 3.5
791 33 -7.000 -67.000 3.4
792 28 -7.000 -66.000 3.3
793 48 -7.000 -65.000 3.4
794 48 -7.000 -64.000 3.3
795 46 -7.000 -63.000 3.4
796 37 -7.000 -62.000 3.3
797 29 -7.000 -61.000 3.1
798 38 -7.000 -60.000 3.1
799  6 -7.000 -59.000 3.0
800 33 -7.000 -58.000 2.9
801 38 -7.000 -57.000 2.9
802 38 -7.000 -56.000 2.9
803 38 -7.000 -55.000 3.0
804  6 -7.000 -54.000 2.8
805  6 -7.000 -53.000 2.9
806 44 -7.000 -52.000 2.9
807 45 -7.000 -51.000 3.0
808 45 -7.000 -50.000 3.0
809 17 -7.000 -49.000 3.0
810 17 -7.000 -48.000 3.0
811 41 -7.000 -47.000 3.0
812 47 -7.000 -46.000 3.0
813 39 -7.000 -45.000 3.0
814 59 -7.000 -44.000 2.9
815 41 -7.000 -43.000 2.8
816 57 -7.000 -42.000 2.8
817 64 -7.000 -41.000 2.7
818 61 -7.000 -40.000 2.5
819 58 -7.000 -39.000 2.2
820 64 -7.000 -38.000 2.1
821 56 -7.000 -37.000 2.0
822 58 -7.000 -36.000 1.9
823 55 -7.000 -35.000 2.1
824 55 -7.000 -34.000 2.5
825 55 -7.000 -33.000 2.8
826 55 -7.000 -32.000 3.0
827 49 -7.000 -31.000 3.1
828 49 -7.000 -30.000 3.3
829 33 -8.000 -75.000 4.1
830 33 -8.000 -74.000 4.0
831 33 -8.000 -73.000 4.0
832 33 -8.000 -72.000 3.9
833 33 -8.000 -71.000 3.8
834 33 -8.000 -70.000 3.7
835 33 -8.000 -69.000 3.6
836 33 -8.000 -68.000 3.5
837 33 -8.000 -67.000 3.5
838 33 -8.000 -66.000 3.4
839 48 -8.000 -65.000 3.3
840 46 -8.000 -64.000 3.3
841 38 -8.000 -63.000 3.4
842 38 -8.000 -62.000 3.2
843 38 -8.000 -61.000 3.1
844 48 -8.000 -60.000 3.0
845 31 -8.000 -59.000 3.0
846 31 -8.000 -58.000 2.8
847 31 -8.000 -57.000 2.7
848 38 -8.000 -56.000 2.7
849 38 -8.000 -55.000 2.8
850 38 -8.000 -54.000 2.9
851 45 -8.000 -53.000 2.8
852 44 -8.000 -52.000 2.9
853 37 -8.000 -51.000 2.9
854 17 -8.000 -50.000 2.9
855 45 -8.000 -49.000 2.9
856 45 -8.000 -48.000 3.0
857 43 -8.000 -47.000 3.0
858 17 -8.000 -46.000 2.9
859 39 -8.000 -45.000 3.0
860 60 -8.000 -44.000 2.9
861 56 -8.000 -43.000 2.8
862 61 -8.000 -42.000 2.7
863 64 -8.000 -41.000 2.5
864 60 -8.000 -40.000 2.4
865 59 -8.000 -39.000 2.3
866 50 -8.000 -38.000 2.1
867 49 -8.000 -37.000 2.0
868 49 -8.000 -36.000 1.9
869 55 -8.000 -35.000 2.1
870 49 -8.000 -34.000 2.4
871 49 -8.000 -33.000 2.7
872 49 -8.000 -32.000 2.9
873 49 -8.000 -31.000 3.1
874 49 -8.000 -30.000 3.2
875 48 -9.000 -75.000 4.1
876 48 -9.000 -74.000 4.0
877 48 -9.000 -73.000 4.0
878 48 -9.000 -72.000 3.9
879 48 -9.000 -71.000 3.8
880 48 -9.000 -70.000 3.7
881 48 -9.000 -69.000 3.6
882 48 -9.000 -68.000 3.5
883 48 -9.000 -67.000 3.4
884 48 -9.000 -66.000 3.3
885 33 -9.000 -65.000 3.4
886 46 -9.000 -64.000 3.4
887 38 -9.000 -63.000 3.3
888 33 -9.000 -62.000 3.2
889  6 -9.000 -61.000 3.1
890 37 -9.000 -60.000 3.0
891 48 -9.000 -59.000 2.8
892 48 -9.000 -58.000 2.9
893 31 -9.000 -57.000 3.0
894 31 -9.000 -56.000 2.9
895 31 -9.000 -55.000 2.9
896 45 -9.000 -54.000 2.8
897 39 -9.000 -53.000 2.8
898  6 -9.000 -52.000 2.8
899 17 -9.000 -51.000 2.8
900 17 -9.000 -50.000 2.6
901 45 -9.000 -49.000 2.7
902 45 -9.000 -48.000 2.9
903 43 -9.000 -47.000 2.8
904 39 -9.000 -46.000 2.9
905 60 -9.000 -45.000 3.0
906 17 -9.000 -44.000 3.0
907 44 -9.000 -43.000 2.9
908 59 -9.000 -42.000 2.8
909 59 -9.000 -41.000 2.7
910 54 -9.000 -40.000 2.5
911 54 -9.000 -39.000 2.2
912 55 -9.000 -38.000 2.0
913 55 -9.000 -37.000 1.9
914 55 -9.000 -36.000 2.0
915 55 -9.000 -35.000 2.3
916 62 -9.000 -34.000 2.4
917 62 -9.000 -33.000 2.6
918 49 -9.000 -32.000 2.8
919 49 -9.000 -31.000 3.0
920 49 -9.000 -30.000 3.2
921 48 -10.000 -75.000 4.1
922 48 -10.000 -74.000 4.0
923 48 -10.000 -73.000 3.9
924 48 -10.000 -72.000 3.9
925 48 -10.000 -71.000 3.8
926 48 -10.000 -70.000 3.7
927 48 -10.000 -69.000 3.6
928 48 -10.000 -68.000 3.5
929 48 -10.000 -67.000 3.4
930 28 -10.000 -66.000 3.3
931 40 -10.000 -65.000 3.4
932 38 -10.000 -64.000 3.4
933 40 -10.000 -63.000 3.3
934 40 -10.000 -62.000 3.2
935  6 -10.000 -61.000 3.0
936 37 -10.000 -60.000 3.1
937 37 -10.000 -59.000 2.9
938 37 -10.000 -58.000 2.8
939 48 -10.000 -57.000 2.8
940 45 -10.000 -56.000 3.0
941 45 -10.000 -55.000 2.8
942 45 -10.000 -54.000 2.6
943 38 -10.000 -53.000 2.8
944 39 -10.000 -52.000 2.9
945 39 -10.000 -51.000 2.8
946 39 -10.000 -50.000 2.7
947 39 -10.000 -49.000 2.7
948 43 -10.000 -48.000 2.7
949 45 -10.000 -47.000 2.9
950 32 -10.000 -46.000 3.0
951 60 -10.000 -45.000 3.0
952 17 -10.000 -44.000 2.9
953 44 -10.000 -43.000 2.9
954 64 -10.000 -42.000 2.8
955 54 -10.000 -41.000 2.6
956 52 -10.000 -40.000 2.4
957 52 -10.000 -39.000 2.3
958 60 -10.000 -38.000 2.2
959 50 -10.000 -37.000 2.1
960 54 -10.000 -36.000 2.1
961 54 -10.000 -35.000 2.5
962 62 -10.000 -34.000 2.7
963 62 -10.000 -33.000 2.8
964 62 -10.000 -32.000 3.0
965 62 -10.000 -31.000 3.1
966 62 -10.000 -30.000 3.2
967 48 -11.000 -75.000 4.1
968 48 -11.000 -74.000 4.0
969 48 -11.000 -73.000 3.9
970 48 -11.000 -72.000 3.8
971 48 -11.000 -71.000 3.8
972 48 -11.000 -70.000 3.7
973 48 -11.000 -69.000 3.6
974 48 -11.000 -68.000 3.4
975 46 -11.000 -67.000 3.4
976 46 -11.000 -66.000 3.4
977 38 -11.000 -65.000 3.5
978 38 -11.000 -64.000 3.4
979 38 -11.000 -63.000 3.2
980 40 -11.000 -62.000 3.0
981  6 -11.000 -61.000 3.0
982 40 -11.000 -60.000 2.9
983 40 -11.000 -59.000 2.9
984 40 -11.000 -58.000 2.9
985 37 -11.000 -57.000 2.8
986 48 -11.000 -56.000 2.9
987 37 -11.000 -55.000 2.8
988 37 -11.000 -54.000 2.8
989 37 -11.000 -53.000 2.9
990 38 -11.000 -52.000 2.9
991  6 -11.000 -51.000 2.9
992 39 -11.000 -50.000 3.0
993 43 -11.000 -49.000 2.8
994 45 -11.000 -48.000 2.6
995 45 -11.000 -47.000 2.8
996 32 -11.000 -46.000 2.9
997 32 -11.000 -45.000 2.8
998 44 -11.000 -44.000 2.8
999 32 -11.000 -43.000 2.8
1000 69 -11.000 -42.000 2.7
1001 54 -11.000 -41.000 2.5
1002 64 -11.000 -40.000 2.4
1003 64 -11.000 -39.000 2.1
1004 49 -11.000 -38.000 2.1
1005 52 -11.000 -37.000 2.4
1006 64 -11.000 -36.000 2.4
1007 50 -11.000 -35.000 2.5
1008 54 -11.000 -34.000 2.7
1009 54 -11.000 -33.000 2.9
1010 62 -11.000 -32.000 3.1
1011 62 -11.000 -31.000 3.2
1012 62 -11.000 -30.000 3.3
1013 48 -12.000 -75.000 4.0
1014 48 -12.000 -74.000 4.0
1015 48 -12.000 -73.000 3.9
1016 48 -12.000 -72.000 3.8
1017 48 -12.000 -71.000 3.7
1018 48 -12.000 -70.000 3.6
1019 48 -12.000 -69.000 3.5
1020 46 -12.000 -68.000 3.5
1021 46 -12.000 -67.000 3.5
1022 28 -12.000 -66.000 3.4
1023 38 -12.000 -65.000 3.5
1024 38 -12.000 -64.000 3.3
1025 38 -12.000 -63.000 3.2
1026 38 -12.000 -62.000 3.0
1027  6 -12.000 -61.000 3.0
1028  6 -12.000 -60.000 2.8
1029 40 -12.000 -59.000 2.6
1030 40 -12.000 -58.000 2.7
1031 40 -12.000 -57.000 2.8
1032 48 -12.000 -56.000 2.8
1033 42 -12.000 -55.000 2.8
1034 42 -12.000 -54.000 2.8
1035 26 -12.000 -53.000 2.7
1036  6 -12.000 -52.000 2.7
1037 44 -12.000 -51.000 2.9
1038 26 -12.000 -50.000 2.8
1039 43 -12.000 -49.000 2.8
1040 45 -12.000 -48.000 2.5
1041 32 -12.000 -47.000 2.8
1042 44 -12.000 -46.000 2.6
1043 44 -12.000 -45.000 2.8
1044 17 -12.000 -44.000 2.8
1045 69 -12.000 -43.000 2.7
1046 69 -12.000 -42.000 2.5
1047 53 -12.000 -41.000 2.6
1048 54 -12.000 -40.000 2.3
1049 69 -12.000 -39.000 2.0
1050 60 -12.000 -38.000 2.3
1051 69 -12.000 -37.000 2.5
1052 63 -12.000 -36.000 2.6
1053 50 -12.000 -35.000 2.7
1054 50 -12.000 -34.000 2.8
1055 50 -12.000 -33.000 3.0
1056 54 -12.000 -32.000 3.1
1057 54 -12.000 -31.000 3.3
1058 62 -12.000 -30.000 3.4
1059 48 -13.000 -75.000 4.0
1060 48 -13.000 -74.000 4.0
1061 48 -13.000 -73.000 3.9
1062 48 -13.000 -72.000 3.8
1063 48 -13.000 -71.000 3.7
1064 48 -13.000 -70.000 3.6
1065 46 -13.000 -69.000 3.6
1066 40 -13.000 -68.000 3.6
1067 40 -13.000 -67.000 3.5
1068 28 -13.000 -66.000 3.5
1069 38 -13.000 -65.000 3.5
1070 38 -13.000 -64.000 3.4
1071 38 -13.000 -63.000 3.2
1072 38 -13.000 -62.000 3.0
1073  6 -13.000 -61.000 3.1
1074  6 -13.000 -60.000 2.9
1075  6 -13.000 -59.000 2.7
1076  6 -13.000 -58.000 2.5
1077 42 -13.000 -57.000 2.5
1078 40 -13.000 -56.000 2.7
1079 45 -13.000 -55.000 2.7
1080 42 -13.000 -54.000 2.6
1081 38 -13.000 -53.000 2.7
1082  6 -13.000 -52.000 2.8
1083  6 -13.000 -51.000 3.0
1084 44 -13.000 -50.000 2.9
1085 43 -13.000 -49.000 2.8
1086 32 -13.000 -48.000 2.8
1087 44 -13.000 -47.000 2.8
1088 35 -13.000 -46.000 2.8
1089 35 -13.000 -45.000 2.7
1090 17 -13.000 -44.000 2.8
1091 60 -13.000 -43.000 2.6
1092 43 -13.000 -42.000 2.4
1093 53 -13.000 -41.000 2.3
1094 60 -13.000 -40.000 2.1
1095 54 -13.000 -39.000 2.2
1096 53 -13.000 -38.000 2.3
1097 53 -13.000 -37.000 2.5
1098 69 -13.000 -36.000 2.6
1099 63 -13.000 -35.000 2.8
1100 52 -13.000 -34.000 3.0
1101 50 -13.000 -33.000 3.1
1102 50 -13.000 -32.000 3.2
1103 54 -13.000 -31.000 3.3
1104 54 -13.000 -30.000 3.4
1105 48 -14.000 -75.000 4.0
1106 48 -14.000 -74.000 4.0
1107 48 -14.000 -73.000 3.9
1108 48 -14.000 -72.000 3.8
1109 48 -14.000 -71.000 3.7
1110 46 -14.000 -70.000 3.7
1111 40 -14.000 -69.000 3.6
1112 40 -14.000 -68.000 3.5
1113 28 -14.000 -67.000 3.5
1114 28 -14.000 -66.000 3.6
1115 38 -14.000 -65.000 3.5
1116 38 -14.000 -64.000 3.4
1117 38 -14.000 -63.000 3.3
1118 29 -14.000 -62.000 3.1
1119 42 -14.000 -61.000 3.1
1120 42 -14.000 -60.000 2.9
1121 42 -14.000 -59.000 2.7
1122 42 -14.000 -58.000 2.5
1123 48 -14.000 -57.000 2.6
1124 40 -14.000 -56.000 2.6
1125 26 -14.000 -55.000 2.6
1126 38 -14.000 -54.000 2.6
1127 20 -14.000 -53.000 2.8
1128 17 -14.000 -52.000 2.8
1129 30 -14.000 -51.000 3.0
1130 30 -14.000 -50.000 2.9
1131 30 -14.000 -49.000 2.8
1132 45 -14.000 -48.000 2.7
1133 35 -14.000 -47.000 2.8
1134 35 -14.000 -46.000 2.6
1135 17 -14.000 -45.000 2.7
1136 69 -14.000 -44.000 2.8
1137 69 -14.000 -43.000 2.6
1138 67 -14.000 -42.000 2.4
1139 52 -14.000 -41.000 2.2
1140 52 -14.000 -40.000 1.9
1141 67 -14.000 -39.000 1.8
1142 67 -14.000 -38.000 2.1
1143 67 -14.000 -37.000 2.4
1144 69 -14.000 -36.000 2.6
1145 69 -14.000 -35.000 2.9
1146 53 -14.000 -34.000 3.0
1147 52 -14.000 -33.000 3.2
1148 50 -14.000 -32.000 3.3
1149 50 -14.000 -31.000 3.4
1150 50 -14.000 -30.000 3.5
1151 48 -15.000 -75.000 4.0
1152 48 -15.000 -74.000 4.0
1153 48 -15.000 -73.000 3.9
1154 48 -15.000 -72.000 3.8
1155 46 -15.000 -71.000 3.8
1156 40 -15.000 -70.000 3.7
1157 40 -15.000 -69.000 3.6
1158 28 -15.000 -68.000 3.5
1159 28 -15.000 -67.000 3.6
1160 38 -15.000 -66.000 3.6
1161 38 -15.000 -65.000 3.5
1162 38 -15.000 -64.000 3.4
1163 38 -15.000 -63.000 3.3
1164 38 -15.000 -62.000 3.2
1165 38 -15.000 -61.000 3.1
1166 38 -15.000 -60.000 2.9
1167 38 -15.000 -59.000 2.8
1168 38 -15.000 -58.000 2.7
1169 38 -15.000 -57.000 2.6
1170 38 -15.000 -56.000 2.6
1171 38 -15.000 -55.000 2.7
1172  5 -15.000 -54.000 2.8
1173 45 -15.000 -53.000 2.6
1174 20 -15.000 -52.000 2.7
1175 30 -15.000 -51.000 2.8
1176 30 -15.000 -50.000 2.6
1177 45 -15.000 -49.000 2.7
1178 26 -15.000 -48.000 2.7
1179 43 -15.000 -47.000 2.6
1180 19 -15.000 -46.000 2.6
1181  9 -15.000 -45.000 2.6
1182  9 -15.000 -44.000 2.6
1183  9 -15.000 -43.000 2.6
1184 35 -15.000 -42.000 2.3
1185 70 -15.000 -41.000 2.0
1186 70 -15.000 -40.000 1.9
1187 70 -15.000 -39.000 2.0
1188 70 -15.000 -38.000 2.2
1189 70 -15.000 -37.000 2.5
1190 52 -15.000 -36.000 2.7
1191 52 -15.000 -35.000 2.9
1192 69 -15.000 -34.000 3.1
1193 67 -15.000 -33.000 3.2
1194 53 -15.000 -32.000 3.4
1195 53 -15.000 -31.000 3.5
1196 50 -15.000 -30.000 3.6
1197 48 -16.000 -75.000 4.1
1198 48 -16.000 -74.000 4.0
1199 48 -16.000 -73.000 3.9
1200 46 -16.000 -72.000 3.9
1201 40 -16.000 -71.000 3.8
1202 40 -16.000 -70.000 3.7
1203 40 -16.000 -69.000 3.6
1204 28 -16.000 -68.000 3.6
1205 28 -16.000 -67.000 3.7
1206 42 -16.000 -66.000 3.7
1207 42 -16.000 -65.000 3.6
1208 42 -16.000 -64.000 3.5
1209 42 -16.000 -63.000 3.3
1210 38 -16.000 -62.000 3.3
1211 38 -16.000 -61.000 3.2
1212 20 -16.000 -60.000 3.0
1213 20 -16.000 -59.000 2.8
1214 48 -16.000 -58.000 2.7
1215 48 -16.000 -57.000 2.9
1216 26 -16.000 -56.000 2.8
1217  5 -16.000 -55.000 2.6
1218  5 -16.000 -54.000 2.5
1219  5 -16.000 -53.000 2.4
1220 42 -16.000 -52.000 2.6
1221 14 -16.000 -51.000 2.7
1222  5 -16.000 -50.000 2.7
1223 14 -16.000 -49.000 2.8
1224 26 -16.000 -48.000 2.7
1225 35 -16.000 -47.000 2.5
1226 30 -16.000 -46.000 2.4
1227 19 -16.000 -45.000 2.4
1228 19 -16.000 -44.000 2.6
1229 70 -16.000 -43.000 2.5
1230 67 -16.000 -42.000 2.3
1231 74 -16.000 -41.000 2.1
1232 74 -16.000 -40.000 2.0
1233 74 -16.000 -39.000 2.1
1234 69 -16.000 -38.000 2.4
1235 69 -16.000 -37.000 2.6
1236 69 -16.000 -36.000 2.8
1237 69 -16.000 -35.000 3.0
1238 69 -16.000 -34.000 3.1
1239 69 -16.000 -33.000 3.3
1240 54 -16.000 -32.000 3.4
1241 54 -16.000 -31.000 3.5
1242 53 -16.000 -30.000 3.6
1243 48 -17.000 -75.000 4.1
1244 48 -17.000 -74.000 4.0
1245 46 -17.000 -73.000 4.0
1246 40 -17.000 -72.000 3.9
1247 40 -17.000 -71.000 3.8
1248 40 -17.000 -70.000 3.7
1249 28 -17.000 -69.000 3.7
1250 28 -17.000 -68.000 3.7
1251 28 -17.000 -67.000 3.8
1252 42 -17.000 -66.000 3.7
1253 42 -17.000 -65.000 3.6
1254 42 -17.000 -64.000 3.5
1255  1 -17.000 -63.000 3.4
1256 20 -17.000 -62.000 3.3
1257 20 -17.000 -61.000 3.1
1258 20 -17.000 -60.000 3.0
1259 48 -17.000 -59.000 2.8
1260  1 -17.000 -58.000 2.8
1261  1 -17.000 -57.000 2.7
1262  1 -17.000 -56.000 2.6
1263 26 -17.000 -55.000 2.6
1264 26 -17.000 -54.000 2.3
1265 42 -17.000 -53.000 2.4
1266 14 -17.000 -52.000 2.5
1267 30 -17.000 -51.000 2.4
1268  5 -17.000 -50.000 2.5
1269 14 -17.000 -49.000 2.5
1270 26 -17.000 -48.000 2.7
1271 32 -17.000 -47.000 2.5
1272 32 -17.000 -46.000 2.3
1273 19 -17.000 -45.000 2.1
1274 19 -17.000 -44.000 2.4
1275 23 -17.000 -43.000 2.3
1276  9 -17.000 -42.000 2.1
1277  4 -17.000 -41.000 2.0
1278  4 -17.000 -40.000 2.1
1279 53 -17.000 -39.000 2.1
1280 53 -17.000 -38.000 2.3
1281 53 -17.000 -37.000 2.5
1282 74 -17.000 -36.000 2.8
1283 74 -17.000 -35.000 3.0
1284 74 -17.000 -34.000 3.1
1285 74 -17.000 -33.000 3.3
1286 74 -17.000 -32.000 3.4
1287 74 -17.000 -31.000 3.5
1288 49 -17.000 -30.000 3.6
1289 48 -18.000 -75.000 4.1
1290 46 -18.000 -74.000 4.0
1291 40 -18.000 -73.000 4.0
1292 40 -18.000 -72.000 3.9
1293 40 -18.000 -71.000 3.8
1294 40 -18.000 -70.000 3.8
1295 28 -18.000 -69.000 3.8
1296 28 -18.000 -68.000 3.8
1297  1 -18.000 -67.000 3.8
1298  1 -18.000 -66.000 3.7
1299  1 -18.000 -65.000 3.6
1300  1 -18.000 -64.000 3.5
1301  1 -18.000 -63.000 3.4
1302  1 -18.000 -62.000 3.2
1303  1 -18.000 -61.000 3.1
1304 20 -18.000 -60.000 3.0
1305  1 -18.000 -59.000 2.8
1306  1 -18.000 -58.000 2.6
1307 40 -18.000 -57.000 2.6
1308  5 -18.000 -56.000 2.5
1309  1 -18.000 -55.000 2.3
1310  1 -18.000 -54.000 2.5
1311 14 -18.000 -53.000 2.5
1312 20 -18.000 -52.000 2.4
1313 30 -18.000 -51.000 2.4
1314 26 -18.000 -50.000 2.4
1315  2 -18.000 -49.000 2.5
1316  2 -18.000 -48.000 2.5
1317 35 -18.000 -47.000 2.5
1318 35 -18.000 -46.000 2.2
1319  3 -18.000 -45.000 2.5
1320 23 -18.000 -44.000 2.4
1321  4 -18.000 -43.000 2.2
1322 74 -18.000 -42.000 2.0
1323 76 -18.000 -41.000 1.7
1324 76 -18.000 -40.000 1.7
1325  4 -18.000 -39.000 2.0
1326  4 -18.000 -38.000 2.4
1327 67 -18.000 -37.000 2.6
1328 76 -18.000 -36.000 2.9
1329 53 -18.000 -35.000 3.0
1330 53 -18.000 -34.000 3.2
1331 53 -18.000 -33.000 3.3
1332 53 -18.000 -32.000 3.4
1333 74 -18.000 -31.000 3.5
1334 74 -18.000 -30.000 3.6
1335 40 -19.000 -75.000 4.1
1336 40 -19.000 -74.000 4.1
1337 40 -19.000 -73.000 4.0
1338 48 -19.000 -72.000 3.9
1339 48 -19.000 -71.000 3.9
1340 28 -19.000 -70.000 3.8
1341 28 -19.000 -69.000 3.9
1342  1 -19.000 -68.000 3.8
1343  1 -19.000 -67.000 3.8
1344  1 -19.000 -66.000 3.7
1345 29 -19.000 -65.000 3.6
1346 42 -19.000 -64.000 3.5
1347 42 -19.000 -63.000 3.4
1348 42 -19.000 -62.000 3.3
1349 20 -19.000 -61.000 3.2
1350 42 -19.000 -60.000 3.0
1351 42 -19.000 -59.000 2.9
1352 42 -19.000 -58.000 2.7
1353  5 -19.000 -57.000 2.8
1354 42 -19.000 -56.000 2.5
1355 42 -19.000 -55.000 2.5
1356 42 -19.000 -54.000 2.6
1357  1 -19.000 -53.000 2.5
1358 20 -19.000 -52.000 2.5
1359 30 -19.000 -51.000 2.4
1360  5 -19.000 -50.000 2.4
1361 19 -19.000 -49.000 2.3
1362 14 -19.000 -48.000 2.2
1363  3 -19.000 -47.000 2.4
1364 30 -19.000 -46.000 2.2
1365 35 -19.000 -45.000 2.3
1366 19 -19.000 -44.000 2.2
1367 35 -19.000 -43.000 2.3
1368  9 -19.000 -42.000 1.9
1369 74 -19.000 -41.000 1.7
1370 74 -19.000 -40.000 1.5
1371 23 -19.000 -39.000 2.1
1372 70 -19.000 -38.000 2.5
1373  4 -19.000 -37.000 2.7
1374  4 -19.000 -36.000 2.9
1375  4 -19.000 -35.000 3.1
1376 67 -19.000 -34.000 3.2
1377 67 -19.000 -33.000 3.4
1378 67 -19.000 -32.000 3.5
1379 67 -19.000 -31.000 3.6
1380 76 -19.000 -30.000 3.7
1381 48 -20.000 -75.000 4.1
1382 48 -20.000 -74.000 4.1
1383 48 -20.000 -73.000 4.0
1384 48 -20.000 -72.000 4.0
1385 48 -20.000 -71.000 3.9
1386 28 -20.000 -70.000 3.9
1387  1 -20.000 -69.000 3.9
1388  1 -20.000 -68.000 3.8
1389  1 -20.000 -67.000 3.7
1390 29 -20.000 -66.000 3.7
1391 42 -20.000 -65.000 3.7
1392 42 -20.000 -64.000 3.6
1393 20 -20.000 -63.000 3.5
1394 48 -20.000 -62.000 3.4
1395 42 -20.000 -61.000 3.3
1396 42 -20.000 -60.000 3.1
1397 42 -20.000 -59.000 3.0
1398 40 -20.000 -58.000 2.9
1399 42 -20.000 -57.000 2.8
1400 42 -20.000 -56.000 2.8
1401 24 -20.000 -55.000 2.6
1402 16 -20.000 -54.000 2.5
1403  1 -20.000 -53.000 2.3
1404 24 -20.000 -52.000 2.4
1405  2 -20.000 -51.000 2.3
1406 30 -20.000 -50.000 2.4
1407 16 -20.000 -49.000 2.4
1408 14 -20.000 -48.000 2.2
1409  3 -20.000 -47.000 2.2
1410  9 -20.000 -46.000 2.4
1411 80 -20.000 -45.000 2.4
1412 68 -20.000 -44.000 2.3
1413 68 -20.000 -43.000 2.1
1414 76 -20.000 -42.000 1.9
1415 23 -20.000 -41.000 1.6
1416 23 -20.000 -40.000 1.9
1417 74 -20.000 -39.000 2.3
1418 74 -20.000 -38.000 2.5
1419  4 -20.000 -37.000 2.7
1420  4 -20.000 -36.000 2.9
1421  4 -20.000 -35.000 3.1
1422 70 -20.000 -34.000 3.3
1423 70 -20.000 -33.000 3.4
1424 65 -20.000 -32.000 3.5
1425 65 -20.000 -31.000 3.6
1426 65 -20.000 -30.000 3.7
1427 48 -21.000 -75.000 4.2
1428 48 -21.000 -74.000 4.1
1429 48 -21.000 -73.000 4.1
1430 48 -21.000 -72.000 4.0
1431 28 -21.000 -71.000 4.0
1432  1 -21.000 -70.000 4.0
1433  1 -21.000 -69.000 3.9
1434  1 -21.000 -68.000 3.8
1435 29 -21.000 -67.000 3.8
1436 42 -21.000 -66.000 3.8
1437 20 -21.000 -65.000 3.7
1438 20 -21.000 -64.000 3.6
1439 48 -21.000 -63.000 3.5
1440 42 -21.000 -62.000 3.4
1441 42 -21.000 -61.000 3.4
1442 42 -21.000 -60.000 3.3
1443 42 -21.000 -59.000 3.2
1444  5 -21.000 -58.000 3.0
1445  5 -21.000 -57.000 2.9
1446  5 -21.000 -56.000 2.7
1447 20 -21.000 -55.000 2.6
1448 16 -21.000 -54.000 2.3
1449  1 -21.000 -53.000 2.3
1450  5 -21.000 -52.000 2.2
1451 24 -21.000 -51.000 2.2
1452 11 -21.000 -50.000 2.3
1453 16 -21.000 -49.000 2.2
1454 14 -21.000 -48.000 2.3
1455  3 -21.000 -47.000 2.1
1456  2 -21.000 -46.000 2.2
1457 73 -21.000 -45.000 2.1
1458 73 -21.000 -44.000 2.0
1459  3 -21.000 -43.000 1.9
1460 80 -21.000 -42.000 2.0
1461 76 -21.000 -41.000 2.0
1462  4 -21.000 -40.000 2.2
1463  4 -21.000 -39.000 2.4
1464 66 -21.000 -38.000 2.6
1465 74 -21.000 -37.000 2.8
1466  4 -21.000 -36.000 3.0
1467  4 -21.000 -35.000 3.1
1468  4 -21.000 -34.000 3.3
1469  4 -21.000 -33.000 3.4
1470  4 -21.000 -32.000 3.5
1471 70 -21.000 -31.000 3.6
1472 70 -21.000 -30.000 3.7
1473 48 -22.000 -75.000 4.2
1474 48 -22.000 -74.000 4.2
1475 48 -22.000 -73.000 4.1
1476 48 -22.000 -72.000 4.0
1477  1 -22.000 -71.000 4.0
1478  1 -22.000 -70.000 4.0
1479  1 -22.000 -69.000 3.9
1480 29 -22.000 -68.000 3.9
1481 13 -22.000 -67.000 3.9
1482 20 -22.000 -66.000 3.8
1483 20 -22.000 -65.000 3.7
1484 48 -22.000 -64.000 3.6
1485 42 -22.000 -63.000 3.6
1486 42 -22.000 -62.000 3.5
1487 24 -22.000 -61.000 3.4
1488 24 -22.000 -60.000 3.3
1489 40 -22.000 -59.000 3.3
1490  5 -22.000 -58.000 3.1
1491  5 -22.000 -57.000 3.0
1492 16 -22.000 -56.000 2.9
1493  5 -22.000 -55.000 2.7
1494 21 -22.000 -54.000 2.6
1495  1 -22.000 -53.000 2.5
1496 21 -22.000 -52.000 2.4
1497 14 -22.000 -51.000 2.2
1498 14 -22.000 -50.000 2.2
1499 25 -22.000 -49.000 2.1
1500 11 -22.000 -48.000 2.1
1501 15 -22.000 -47.000 2.0
1502  3 -22.000 -46.000 1.8
1503 77 -22.000 -45.000 1.7
1504  3 -22.000 -44.000 1.6
1505 66 -22.000 -43.000 1.6
1506 65 -22.000 -42.000 2.0
1507 80 -22.000 -41.000 2.2
1508 76 -22.000 -40.000 2.4
1509 68 -22.000 -39.000 2.5
1510 68 -22.000 -38.000 2.8
1511  4 -22.000 -37.000 3.0
1512  4 -22.000 -36.000 3.1
1513  4 -22.000 -35.000 3.2
1514 66 -22.000 -34.000 3.3
1515  4 -22.000 -33.000 3.5
1516  4 -22.000 -32.000 3.6
1517  4 -22.000 -31.000 3.7
1518  4 -22.000 -30.000 3.7
1519 48 -23.000 -75.000 4.2
1520 48 -23.000 -74.000 4.2
1521 48 -23.000 -73.000 4.1
1522 13 -23.000 -72.000 4.1
1523  1 -23.000 -71.000 4.0
1524 48 -23.000 -70.000 4.0
1525 48 -23.000 -69.000 4.0
1526 48 -23.000 -68.000 3.9
1527 48 -23.000 -67.000 3.9
1528 48 -23.000 -66.000 3.8
1529 20 -23.000 -65.000 3.8
1530 20 -23.000 -64.000 3.7
1531 20 -23.000 -63.000 3.6
1532 20 -23.000 -62.000 3.5
1533 40 -23.000 -61.000 3.4
1534 13 -23.000 -60.000 3.4
1535 20 -23.000 -59.000 3.3
1536 20 -23.000 -58.000 3.2
1537 16 -23.000 -57.000 3.1
1538 16 -23.000 -56.000 2.9
1539 16 -23.000 -55.000 2.7
1540  1 -23.000 -54.000 2.5
1541 11 -23.000 -53.000 2.5
1542 11 -23.000 -52.000 2.2
1543 21 -23.000 -51.000 2.0
1544  2 -23.000 -50.000 2.2
1545  2 -23.000 -49.000 2.1
1546 11 -23.000 -48.000 1.8
1547 75 -23.000 -47.000 1.6
1548 10 -23.000 -46.000 1.7
1549 73 -23.000 -45.000 1.3
1550 77 -23.000 -44.000 1.5
1551 10 -23.000 -43.000 1.7
1552 73 -23.000 -42.000 2.0
1553 65 -23.000 -41.000 2.3
1554 80 -23.000 -40.000 2.6
1555 76 -23.000 -39.000 2.7
1556 76 -23.000 -38.000 2.8
1557 68 -23.000 -37.000 3.0
1558 68 -23.000 -36.000 3.2
1559  4 -23.000 -35.000 3.3
1560  4 -23.000 -34.000 3.4
1561  4 -23.000 -33.000 3.5
1562 74 -23.000 -32.000 3.6
1563 74 -23.000 -31.000 3.7
1564 66 -23.000 -30.000 3.8
1565 13 -24.000 -75.000 4.2
1566 13 -24.000 -74.000 4.2
1567 28 -24.000 -73.000 4.2
1568  1 -24.000 -72.000 4.1
1569 29 -24.000 -71.000 4.1
1570 48 -24.000 -70.000 4.0
1571 48 -24.000 -69.000 4.0
1572 48 -24.000 -68.000 4.0
1573 48 -24.000 -67.000 3.9
1574 20 -24.000 -66.000 3.9
1575 24 -24.000 -65.000 3.8
1576 24 -24.000 -64.000 3.7
1577 24 -24.000 -63.000 3.6
1578 40 -24.000 -62.000 3.6
1579 21 -24.000 -61.000 3.5
1580 21 -24.000 -60.000 3.4
1581 21 -24.000 -59.000 3.2
1582 13 -24.000 -58.000 3.1
1583 12 -24.000 -57.000 3.1
1584 12 -24.000 -56.000 2.9
1585 12 -24.000 -55.000 2.8
1586 12 -24.000 -54.000 2.7
1587 11 -24.000 -53.000 2.5
1588 16 -24.000 -52.000 2.3
1589 79 -24.000 -51.000 2.2
1590 21 -24.000 -50.000 2.1
1591 75 -24.000 -49.000 1.9
1592 11 -24.000 -48.000 1.8
1593 15 -24.000 -47.000 1.7
1594 25 -24.000 -46.000 1.7
1595 73 -24.000 -45.000 1.8
1596 15 -24.000 -44.000 1.9
1597 68 -24.000 -43.000 2.1
1598 66 -24.000 -42.000 2.2
1599 73 -24.000 -41.000 2.5
1600 80 -24.000 -40.000 2.7
1601 80 -24.000 -39.000 2.9
1602 76 -24.000 -38.000 3.0
1603 76 -24.000 -37.000 3.1
1604 76 -24.000 -36.000 3.2
1605 68 -24.000 -35.000 3.3
1606 68 -24.000 -34.000 3.5
1607 68 -24.000 -33.000 3.6
1608  4 -24.000 -32.000 3.6
1609 74 -24.000 -31.000 3.7
1610 74 -24.000 -30.000 3.8
1611 40 -25.000 -75.000 4.3
1612 28 -25.000 -74.000 4.2
1613  1 -25.000 -73.000 4.2
1614 29 -25.000 -72.000 4.2
1615 48 -25.000 -71.000 4.1
1616 48 -25.000 -70.000 4.1
1617 48 -25.000 -69.000 4.1
1618  8 -25.000 -68.000 4.0
1619  8 -25.000 -67.000 4.0
1620  8 -25.000 -66.000 3.9
1621 24 -25.000 -65.000 3.8
1622 24 -25.000 -64.000 3.7
1623 21 -25.000 -63.000 3.7
1624 21 -25.000 -62.000 3.6
1625 21 -25.000 -61.000 3.5
1626 21 -25.000 -60.000 3.4
1627 21 -25.000 -59.000 3.2
1628 21 -25.000 -58.000 3.1
1629  1 -25.000 -57.000 2.9
1630  1 -25.000 -56.000 2.9
1631  1 -25.000 -55.000 2.9
1632 16 -25.000 -54.000 2.8
1633 11 -25.000 -53.000 2.6
1634 79 -25.000 -52.000 2.4
1635 12 -25.000 -51.000 2.3
1636 21 -25.000 -50.000 2.0
1637 11 -25.000 -49.000 1.9
1638 11 -25.000 -48.000 2.2
1639 25 -25.000 -47.000 2.1
1640 71 -25.000 -46.000 2.0
1641 75 -25.000 -45.000 2.2
1642 15 -25.000 -44.000 2.2
1643 80 -25.000 -43.000 2.4
1644 80 -25.000 -42.000 2.5
1645 80 -25.000 -41.000 2.6
1646 73 -25.000 -40.000 2.8
1647 80 -25.000 -39.000 3.0
1648 80 -25.000 -38.000 3.1
1649 76 -25.000 -37.000 3.3
1650 76 -25.000 -36.000 3.3
1651 76 -25.000 -35.000 3.4
1652 68 -25.000 -34.000 3.5
1653 68 -25.000 -33.000 3.6
1654 68 -25.000 -32.000 3.7
1655 68 -25.000 -31.000 3.8
1656 68 -25.000 -30.000 3.8
1657 28 -26.000 -75.000 4.3
1658 29 -26.000 -74.000 4.3
1659 29 -26.000 -73.000 4.2
1660  8 -26.000 -72.000 4.2
1661  8 -26.000 -71.000 4.2
1662  8 -26.000 -70.000 4.1
1663  8 -26.000 -69.000 4.0
1664  8 -26.000 -68.000 4.0
1665 40 -26.000 -67.000 3.9
1666 18 -26.000 -66.000 3.9
1667 18 -26.000 -65.000 3.8
1668 12 -26.000 -64.000 3.8
1669 12 -26.000 -63.000 3.7
1670 12 -26.000 -62.000 3.6
1671 12 -26.000 -61.000 3.5
1672  8 -26.000 -60.000 3.4
1673 21 -26.000 -59.000 3.2
1674 24 -26.000 -58.000 3.1
1675 24 -26.000 -57.000 3.0
1676 24 -26.000 -56.000 2.9
1677 13 -26.000 -55.000 2.8
1678  7 -26.000 -54.000 2.8
1679 79 -26.000 -53.000 2.7
1680 72 -26.000 -52.000 2.5
1681 72 -26.000 -51.000 2.2
1682 21 -26.000 -50.000 2.2
1683 75 -26.000 -49.000 2.2
1684 75 -26.000 -48.000 2.0
1685 72 -26.000 -47.000 2.2
1686 77 -26.000 -46.000 2.4
1687 10 -26.000 -45.000 2.5
1688 73 -26.000 -44.000 2.5
1689 15 -26.000 -43.000 2.6
1690 68 -26.000 -42.000 2.8
1691 10 -26.000 -41.000 2.8
1692 80 -26.000 -40.000 3.0
1693 80 -26.000 -39.000 3.1
1694 80 -26.000 -38.000 3.2
1695 80 -26.000 -37.000 3.3
1696 80 -26.000 -36.000 3.4
1697 76 -26.000 -35.000 3.5
1698 76 -26.000 -34.000 3.6
1699 76 -26.000 -33.000 3.6
1700 68 -26.000 -32.000 3.7
1701 68 -26.000 -31.000 3.8
1702 68 -26.000 -30.000 3.9
1703 29 -27.000 -75.000 4.3
1704  8 -27.000 -74.000 4.3
1705  8 -27.000 -73.000 4.2
1706 40 -27.000 -72.000 4.2
1707 18 -27.000 -71.000 4.1
1708 18 -27.000 -70.000 4.1
1709 18 -27.000 -69.000 4.0
1710 18 -27.000 -68.000 4.0
1711 18 -27.000 -67.000 3.9
1712 18 -27.000 -66.000 3.9
1713 18 -27.000 -65.000 3.8
1714 18 -27.000 -64.000 3.7
1715 18 -27.000 -63.000 3.6
1716 18 -27.000 -62.000 3.5
1717 18 -27.000 -61.000 3.5
1718 18 -27.000 -60.000 3.4
1719 21 -27.000 -59.000 3.3
1720 21 -27.000 -58.000 3.1
1721 21 -27.000 -57.000 3.0
1722 21 -27.000 -56.000 2.8
1723  8 -27.000 -55.000 2.7
1724 13 -27.000 -54.000 2.6
1725  8 -27.000 -53.000 2.6
1726 72 -27.000 -52.000 2.4
1727  7 -27.000 -51.000 2.2
1728 12 -27.000 -50.000 2.0
1729 71 -27.000 -49.000 2.2
1730 71 -27.000 -48.000 2.2
1731 79 -27.000 -47.000 2.3
1732 78 -27.000 -46.000 2.5
1733 77 -27.000 -45.000 2.7
1734 75 -27.000 -44.000 2.8
1735 15 -27.000 -43.000 2.9
1736 80 -27.000 -42.000 3.0
1737 66 -27.000 -41.000 3.0
1738 10 -27.000 -40.000 3.1
1739 80 -27.000 -39.000 3.2
1740 80 -27.000 -38.000 3.3
1741 80 -27.000 -37.000 3.4
1742 80 -27.000 -36.000 3.5
1743 80 -27.000 -35.000 3.6
1744 76 -27.000 -34.000 3.6
1745 76 -27.000 -33.000 3.7
1746 76 -27.000 -32.000 3.8
1747 76 -27.000 -31.000 3.8
1748 68 -27.000 -30.000 3.9
1749  1 -28.000 -75.000 4.3
1750  1 -28.000 -74.000 4.3
1751  1 -28.000 -73.000 4.2
1752  1 -28.000 -72.000 4.2
1753  1 -28.000 -71.000 4.1
1754  1 -28.000 -70.000 4.1
1755  1 -28.000 -69.000 4.0
1756  1 -28.000 -68.000 4.0
1757  1 -28.000 -67.000 3.9
1758  1 -28.000 -66.000 3.9
1759  1 -28.000 -65.000 3.8
1760 12 -28.000 -64.000 3.7
1761 12 -28.000 -63.000 3.6
1762 12 -28.000 -62.000 3.5
1763 12 -28.000 -61.000 3.4
1764 12 -28.000 -60.000 3.3
1765 12 -28.000 -59.000 3.2
1766 18 -28.000 -58.000 3.1
1767 18 -28.000 -57.000 2.9
1768 18 -28.000 -56.000 2.8
1769  7 -28.000 -55.000 2.7
1770  7 -28.000 -54.000 2.5
1771 21 -28.000 -53.000 2.6
1772 72 -28.000 -52.000 2.4
1773 72 -28.000 -51.000 2.0
1774 12 -28.000 -50.000 2.1
1775 79 -28.000 -49.000 2.4
1776  7 -28.000 -48.000 2.4
1777 71 -28.000 -47.000 2.6
1778 79 -28.000 -46.000 2.7
1779 75 -28.000 -45.000 2.8
1780 77 -28.000 -44.000 3.0
1781 15 -28.000 -43.000 3.0
1782 15 -28.000 -42.000 3.1
1783 68 -28.000 -41.000 3.2
1784 10 -28.000 -40.000 3.2
1785 10 -28.000 -39.000 3.3
1786 80 -28.000 -38.000 3.4
1787 65 -28.000 -37.000 3.5
1788 73 -28.000 -36.000 3.6
1789 80 -28.000 -35.000 3.6
1790 80 -28.000 -34.000 3.7
1791 76 -28.000 -33.000 3.8
1792 76 -28.000 -32.000 3.8
1793 76 -28.000 -31.000 3.9
1794 76 -28.000 -30.000 3.9
1795  1 -29.000 -75.000 4.3
1796  1 -29.000 -74.000 4.3
1797  1 -29.000 -73.000 4.3
1798  1 -29.000 -72.000 4.2
1799  1 -29.000 -71.000 4.2
1800  1 -29.000 -70.000 4.1
1801  1 -29.000 -69.000 4.1
1802  1 -29.000 -68.000 4.0
1803 12 -29.000 -67.000 4.0
1804 12 -29.000 -66.000 3.9
1805 12 -29.000 -65.000 3.8
1806 12 -29.000 -64.000 3.7
1807 12 -29.000 -63.000 3.6
1808 12 -29.000 -62.000 3.6
1809 12 -29.000 -61.000 3.5
1810 12 -29.000 -60.000 3.4
1811 12 -29.000 -59.000 3.2
1812 12 -29.000 -58.000 3.1
1813 12 -29.000 -57.000 2.9
1814 12 -29.000 -56.000 2.7
1815 12 -29.000 -55.000 2.5
1816  7 -29.000 -54.000 2.4
1817 18 -29.000 -53.000 2.4
1818 78 -29.000 -52.000 2.3
1819 72 -29.000 -51.000 2.2
1820 12 -29.000 -50.000 2.3
1821 12 -29.000 -49.000 2.6
1822 79 -29.000 -48.000 2.7
1823 79 -29.000 -47.000 2.8
1824 79 -29.000 -46.000 2.9
1825 79 -29.000 -45.000 3.0
1826 71 -29.000 -44.000 3.1
1827 75 -29.000 -43.000 3.2
1828 72 -29.000 -42.000 3.2
1829 15 -29.000 -41.000 3.3
1830 77 -29.000 -40.000 3.4
1831 10 -29.000 -39.000 3.4
1832 10 -29.000 -38.000 3.5
1833 80 -29.000 -37.000 3.6
1834 73 -29.000 -36.000 3.6
1835 73 -29.000 -35.000 3.7
1836 80 -29.000 -34.000 3.8
1837 80 -29.000 -33.000 3.8
1838 80 -29.000 -32.000 3.9
1839 76 -29.000 -31.000 3.9
1840 76 -29.000 -30.000 4.0
1841  1 -30.000 -75.000 4.4
1842  1 -30.000 -74.000 4.3
1843  1 -30.000 -73.000 4.3
1844  1 -30.000 -72.000 4.2
1845  1 -30.000 -71.000 4.2
1846 12 -30.000 -70.000 4.1
1847 12 -30.000 -69.000 4.1
1848 12 -30.000 -68.000 4.0
1849 12 -30.000 -67.000 4.0
1850 12 -30.000 -66.000 3.9
1851 12 -30.000 -65.000 3.8
1852 12 -30.000 -64.000 3.8
1853 12 -30.000 -63.000 3.7
1854 12 -30.000 -62.000 3.6
1855 12 -30.000 -61.000 3.5
1856 12 -30.000 -60.000 3.4
1857 12 -30.000 -59.000 3.3
1858 12 -30.000 -58.000 3.1
1859 12 -30.000 -57.000 3.0
1860 12 -30.000 -56.000 2.9
1861  7 -30.000 -55.000 2.7
1862  7 -30.000 -54.000 2.4
1863 12 -30.000 -53.000 2.4
1864 12 -30.000 -52.000 2.4
1865 18 -30.000 -51.000 2.4
1866  8 -30.000 -50.000 2.5
1867  8 -30.000 -49.000 2.7
1868 12 -30.000 -48.000 2.9
1869 79 -30.000 -47.000 3.0
1870 79 -30.000 -46.000 3.1
1871 79 -30.000 -45.000 3.1
1872 71 -30.000 -44.000 3.2
1873 75 -30.000 -43.000 3.3
1874 10 -30.000 -42.000 3.4
1875 10 -30.000 -41.000 3.4
1876 77 -30.000 -40.000 3.5
1877 66 -30.000 -39.000 3.5
1878 10 -30.000 -38.000 3.6
1879 10 -30.000 -37.000 3.6
1880 80 -30.000 -36.000 3.7
1881 73 -30.000 -35.000 3.8
1882 73 -30.000 -34.000 3.8
1883 73 -30.000 -33.000 3.9
1884 80 -30.000 -32.000 3.9
1885 80 -30.000 -31.000 4.0
1886 76 -30.000 -30.000 4.0
1887  1 -31.000 -75.000 4.4
1888 12 -31.000 -74.000 4.3
1889 12 -31.000 -73.000 4.3
1890 12 -31.000 -72.000 4.3
1891 12 -31.000 -71.000 4.2
1892 12 -31.000 -70.000 4.2
1893 12 -31.000 -69.000 4.1
1894 12 -31.000 -68.000 4.0
1895 12 -31.000 -67.000 4.0
1896 12 -31.000 -66.000 3.9
1897 12 -31.000 -65.000 3.9
1898 12 -31.000 -64.000 3.8
1899 12 -31.000 -63.000 3.7
1900 12 -31.000 -62.000 3.6
1901 12 -31.000 -61.000 3.5
1902 12 -31.000 -60.000 3.4
1903 12 -31.000 -59.000 3.3
1904 12 -31.000 -58.000 3.2
1905  7 -31.000 -57.000 3.1
1906  7 -31.000 -56.000 2.9
1907  7 -31.000 -55.000 2.8
1908  7 -31.000 -54.000 2.5
1909 13 -31.000 -53.000 2.6
1910 78 -31.000 -52.000 2.6
1911 78 -31.000 -51.000 2.5
1912 18 -31.000 -50.000 2.5
1913  8 -31.000 -49.000 2.7
1914  8 -31.000 -48.000 2.9
1915  8 -31.000 -47.000 3.1
1916 79 -31.000 -46.000 3.2
1917 79 -31.000 -45.000 3.3
1918 71 -31.000 -44.000 3.4
1919 71 -31.000 -43.000 3.4
1920 77 -31.000 -42.000 3.5
1921 10 -31.000 -41.000 3.5
1922 10 -31.000 -40.000 3.6
1923 68 -31.000 -39.000 3.6
1924 10 -31.000 -38.000 3.7
1925 10 -31.000 -37.000 3.7
1926 10 -31.000 -36.000 3.8
1927 80 -31.000 -35.000 3.8
1928 73 -31.000 -34.000 3.9
1929 73 -31.000 -33.000 3.9
1930 73 -31.000 -32.000 4.0
1931 80 -31.000 -31.000 4.0
1932 80 -31.000 -30.000 4.1
1933 12 -32.000 -75.000 4.4
1934 12 -32.000 -74.000 4.3
1935 12 -32.000 -73.000 4.3
1936 12 -32.000 -72.000 4.3
1937 12 -32.000 -71.000 4.2
1938 12 -32.000 -70.000 4.2
1939 12 -32.000 -69.000 4.1
1940 12 -32.000 -68.000 4.1
1941 12 -32.000 -67.000 4.0
1942 12 -32.000 -66.000 3.9
1943 12 -32.000 -65.000 3.9
1944 12 -32.000 -64.000 3.8
1945 12 -32.000 -63.000 3.7
1946 12 -32.000 -62.000 3.7
1947 12 -32.000 -61.000 3.6
1948  7 -32.000 -60.000 3.5
1949  7 -32.000 -59.000 3.4
1950  7 -32.000 -58.000 3.3
1951  7 -32.000 -57.000 3.2
1952  7 -32.000 -56.000 3.0
1953  7 -32.000 -55.000 2.9
1954  7 -32.000 -54.000 2.7
1955 13 -32.000 -53.000 2.7
1956 78 -32.000 -52.000 2.8
1957 78 -32.000 -51.000 2.7
1958 78 -32.000 -50.000 2.6
1959  8 -32.000 -49.000 2.8
1960 18 -32.000 -48.000 2.9
1961 18 -32.000 -47.000 3.1
1962 18 -32.000 -46.000 3.2
1963 18 -32.000 -45.000 3.4
1964 79 -32.000 -44.000 3.5
1965 71 -32.000 -43.000 3.5
1966 71 -32.000 -42.000 3.6
1967 77 -32.000 -41.000 3.6
1968 73 -32.000 -40.000 3.7
1969 10 -32.000 -39.000 3.7
1970 10 -32.000 -38.000 3.7
1971 78 -32.000 -37.000 3.8
1972 10 -32.000 -36.000 3.8
1973 10 -32.000 -35.000 3.9
1974 80 -32.000 -34.000 3.9
1975 73 -32.000 -33.000 4.0
1976 73 -32.000 -32.000 4.0
1977 73 -32.000 -31.000 4.1
1978 73 -32.000 -30.000 4.1
1979 12 -33.000 -75.000 4.4
1980 12 -33.000 -74.000 4.4
1981 12 -33.000 -73.000 4.3
1982 12 -33.000 -72.000 4.3
1983 12 -33.000 -71.000 4.2
1984 12 -33.000 -70.000 4.2
1985 12 -33.000 -69.000 4.1
1986 12 -33.000 -68.000 4.1
1987 12 -33.000 -67.000 4.0
1988 12 -33.000 -66.000 4.0
1989 12 -33.000 -65.000 3.9
1990 12 -33.000 -64.000 3.8
1991 12 -33.000 -63.000 3.8
1992  7 -33.000 -62.000 3.7
1993  7 -33.000 -61.000 3.6
1994  7 -33.000 -60.000 3.5
1995  7 -33.000 -59.000 3.4
1996  7 -33.000 -58.000 3.3
1997  7 -33.000 -57.000 3.2
1998  7 -33.000 -56.000 3.1
1999  7 -33.000 -55.000 3.0
2000  7 -33.000 -54.000 2.9
2001 13 -33.000 -53.000 2.9
2002 78 -33.000 -52.000 3.0
2003 78 -33.000 -51.000 2.9
2004 78 -33.000 -50.000 2.9
2005  8 -33.000 -49.000 2.9
2006  8 -33.000 -48.000 3.0
2007 72 -33.000 -47.000 3.1
2008 18 -33.000 -46.000 3.3
2009 18 -33.000 -45.000 3.4
2010 18 -33.000 -44.000 3.5
2011 18 -33.000 -43.000 3.6
2012 71 -33.000 -42.000 3.7
2013 71 -33.000 -41.000 3.7
2014 77 -33.000 -40.000 3.8
2015 73 -33.000 -39.000 3.8
2016 10 -33.000 -38.000 3.8
2017 68 -33.000 -37.000 3.9
2018 73 -33.000 -36.000 3.9
2019 78 -33.000 -35.000 3.9
2020 10 -33.000 -34.000 4.0
2021 80 -33.000 -33.000 4.0
2022 73 -33.000 -32.000 4.1
2023 73 -33.000 -31.000 4.1
2024 73 -33.000 -30.000 4.2
2025 12 -34.000 -75.000 4.4
2026 12 -34.000 -74.000 4.4
2027 12 -34.000 -73.000 4.3
2028 12 -34.000 -72.000 4.3
2029 12 -34.000 -71.000 4.2
2030 12 -34.000 -70.000 4.2
2031 12 -34.000 -69.000 4.2
2032 12 -34.000 -68.000 4.1
2033 12 -34.000 -67.000 4.0
2034 12 -34.000 -66.000 4.0
2035  7 -34.000 -65.000 3.9
2036  7 -34.000 -64.000 3.9
2037  7 -34.000 -63.000 3.8
2038  7 -34.000 -62.000 3.7
2039  7 -34.000 -61.000 3.7
2040  7 -34.000 -60.000 3.6
2041  7 -34.000 -59.000 3.5
2042  7 -34.000 -58.000 3.4
2043  7 -34.000 -57.000 3.3
2044  7 -34.000 -56.000 3.2
2045  7 -34.000 -55.000 3.1
2046  7 -34.000 -54.000 3.1
2047 13 -34.000 -53.000 3.0
2048 13 -34.000 -52.000 3.1
2049 78 -34.000 -51.000 3.1
2050 78 -34.000 -50.000 3.1
2051 78 -34.000 -49.000 3.1
2052  8 -34.000 -48.000 3.1
2053  8 -34.000 -47.000 3.3
2054 72 -34.000 -46.000 3.3
2055 18 -34.000 -45.000 3.4
2056 18 -34.000 -44.000 3.5
2057 18 -34.000 -43.000 3.6
2058 18 -34.000 -42.000 3.7
2059 18 -34.000 -41.000 3.8
2060 71 -34.000 -40.000 3.8
2061 73 -34.000 -39.000 3.9
2062 73 -34.000 -38.000 3.9
2063 73 -34.000 -37.000 3.9
2064 66 -34.000 -36.000 4.0
2065 73 -34.000 -35.000 4.0
2066 73 -34.000 -34.000 4.0
2067 78 -34.000 -33.000 4.1
2068 80 -34.000 -32.000 4.1
2069 65 -34.000 -31.000 4.1
2070 73 -34.000 -30.000 4.2
2071 12 -35.000 -75.000 4.4
2072 12 -35.000 -74.000 4.4
2073 12 -35.000 -73.000 4.3
2074 12 -35.000 -72.000 4.3
2075 12 -35.000 -71.000 4.3
2076 12 -35.000 -70.000 4.2
2077  7 -35.000 -69.000 4.2
2078  7 -35.000 -68.000 4.1
2079  7 -35.000 -67.000 4.1
2080  7 -35.000 -66.000 4.0
2081  7 -35.000 -65.000 4.0
2082  7 -35.000 -64.000 3.9
2083  7 -35.000 -63.000 3.8
2084  7 -35.000 -62.000 3.8
2085  7 -35.000 -61.000 3.7
2086  7 -35.000 -60.000 3.6
2087  7 -35.000 -59.000 3.6
2088  7 -35.000 -58.000 3.5
2089  7 -35.000 -57.000 3.4
2090  7 -35.000 -56.000 3.4
2091  7 -35.000 -55.000 3.3
2092  7 -35.000 -54.000 3.2
2093 13 -35.000 -53.000 3.2
2094 13 -35.000 -52.000 3.3
2095 78 -35.000 -51.000 3.3
2096 78 -35.000 -50.000 3.3
2097 78 -35.000 -49.000 3.3
2098 78 -35.000 -48.000 3.3
2099  8 -35.000 -47.000 3.3
2100  8 -35.000 -46.000 3.4
2101 72 -35.000 -45.000 3.5
2102 72 -35.000 -44.000 3.5
2103 18 -35.000 -43.000 3.6
2104 18 -35.000 -42.000 3.7
2105 18 -35.000 -41.000 3.8
2106 18 -35.000 -40.000 3.9
2107 18 -35.000 -39.000 3.9
2108 73 -35.000 -38.000 4.0
2109 73 -35.000 -37.000 4.0
2110 73 -35.000 -36.000 4.0
2111 73 -35.000 -35.000 4.0
2112 72 -35.000 -34.000 4.1
2113 73 -35.000 -33.000 4.1
2114 73 -35.000 -32.000 4.2
2115 78 -35.000 -31.000 4.2
2116 65 -35.000 -30.000 4.2
