1 28 10.000 -75.000 4.3
2 28 10.000 -74.000 4.3
3 28 10.000 -73.000 4.3
4 33 10.000 -72.000 4.2
5 33 10.000 -71.000 4.2
6 33 10.000 -70.000 4.2
7 33 10.000 -69.000 4.1
8 33 10.000 -68.000 4.1
9 33 10.000 -67.000 4.1
10 46 10.000 -66.000 4.1
11 46 10.000 -65.000 4.1
12 34 10.000 -64.000 4.1
13 34 10.000 -63.000 4.1
14 34 10.000 -62.000 4.0
15 34 10.000 -61.000 4.0
16 34 10.000 -60.000 4.0
17 34 10.000 -59.000 3.9
18 34 10.000 -58.000 3.9
19 34 10.000 -57.000 3.9
20 34 10.000 -56.000 3.9
21 34 10.000 -55.000 3.9
22 34 10.000 -54.000 3.9
23 34 10.000 -53.000 3.9
24 34 10.000 -52.000 3.9
25 34 10.000 -51.000 3.9
26 34 10.000 -50.000 3.9
27 34 10.000 -49.000 3.9
28 34 10.000 -48.000 4.0
29 41 10.000 -47.000 4.0
30 41 10.000 -46.000 3.9
31 41 10.000 -45.000 3.9
32 36 10.000 -44.000 4.0
33 57 10.000 -43.000 4.0
34 47 10.000 -42.000 4.0
35 47 10.000 -41.000 4.0
36 51 10.000 -40.000 4.0
37 51 10.000 -39.000 4.0
38 41 10.000 -38.000 4.0
39 41 10.000 -37.000 4.1
40 41 10.000 -36.000 4.1
41 61 10.000 -35.000 4.1
42 58 10.000 -34.000 4.2
43 58 10.000 -33.000 4.2
44 58 10.000 -32.000 4.2
45 58 10.000 -31.000 4.2
46 62 10.000 -30.000 4.2
47 28 9.000 -75.000 4.2
48 28 9.000 -74.000 4.2
49 28 9.000 -73.000 4.2
50 33 9.000 -72.000 4.2
51 33 9.000 -71.000 4.2
52 33 9.000 -70.000 4.1
53 33 9.000 -69.000 4.1
54 33 9.000 -68.000 4.0
55 33 9.000 -67.000 4.0
56 46 9.000 -66.000 4.0
57 46 9.000 -65.000 4.0
58 46 9.000 -64.000 4.0
59 34 9.000 -63.000 4.0
60 34 9.000 -62.000 4.0
61 34 9.000 -61.000 3.9
62 36 9.000 -60.000 3.9
63 34 9.000 -59.000 3.9
64 34 9.000 -58.000 3.8
65 34 9.000 -57.000 3.8
66 34 9.000 -56.000 3.8
67 34 9.000 -55.000 3.8
68 34 9.000 -54.000 3.8
69 34 9.000 -53.000 3.8
70 34 9.000 -52.000 3.8
71 27 9.000 -51.000 3.8
72 34 9.000 -50.000 3.8
73 34 9.000 -49.000 3.9
74 41 9.000 -48.000 3.9
75 41 9.000 -47.000 3.9
76 41 9.000 -46.000 3.9
77 41 9.000 -45.000 3.9
78 36 9.000 -44.000 3.9
79 57 9.000 -43.000 3.9
80 47 9.000 -42.000 3.9
81 47 9.000 -41.000 4.0
82 51 9.000 -40.000 4.0
83 51 9.000 -39.000 4.0
84 41 9.000 -38.000 4.0
85 41 9.000 -37.000 4.0
86 41 9.000 -36.000 4.0
87 61 9.000 -35.000 4.1
88 58 9.000 -34.000 4.1
89 58 9.000 -33.000 4.1
90 58 9.000 -32.000 4.1
91 58 9.000 -31.000 4.2
92 62 9.000 -30.000 4.2
93 28 8.000 -75.000 4.1
94 28 8.000 -74.000 4.1
95 28 8.000 -73.000 4.1
96 28 8.000 -72.000 4.1
97 33 8.000 -71.000 4.1
98 33 8.000 -70.000 4.0
99 33 8.000 -69.000 4.0
100 33 8.000 -68.000 4.0
101 33 8.000 -67.000 3.9
102 46 8.000 -66.000 3.9
103 46 8.000 -65.000 4.0
104 46 8.000 -64.000 4.0
105 34 8.000 -63.000 4.0
106 34 8.000 -62.000 3.9
107 34 8.000 -61.000 3.9
108 34 8.000 -60.000 3.8
109 34 8.000 -59.000 3.8
110 34 8.000 -58.000 3.7
111 34 8.000 -57.000 3.7
112 34 8.000 -56.000 3.7
113 34 8.000 -55.000 3.7
114 34 8.000 -54.000 3.7
115 34 8.000 -53.000 3.7
116 27 8.000 -52.000 3.7
117 47 8.000 -51.000 3.8
118 34 8.000 -50.000 3.8
119 34 8.000 -49.000 3.8
120 41 8.000 -48.000 3.8
121 41 8.000 -47.000 3.8
122 41 8.000 -46.000 3.8
123 41 8.000 -45.000 3.8
124 36 8.000 -44.000 3.8
125 57 8.000 -43.000 3.8
126 47 8.000 -42.000 3.9
127 61 8.000 -41.000 3.9
128 51 8.000 -40.000 3.9
129 51 8.000 -39.000 3.9
130 41 8.000 -38.000 3.9
131 41 8.000 -37.000 3.9
132 61 8.000 -36.000 4.0
133 58 8.000 -35.000 4.0
134 58 8.000 -34.000 4.0
135 58 8.000 -33.000 4.0
136 58 8.000 -32.000 4.1
137 62 8.000 -31.000 4.1
138 62 8.000 -30.000 4.1
139 27 7.000 -75.000 4.1
140 28 7.000 -74.000 4.1
141 28 7.000 -73.000 4.1
142 28 7.000 -72.000 4.1
143 33 7.000 -71.000 4.0
144 33 7.000 -70.000 4.0
145 33 7.000 -69.000 4.0
146 33 7.000 -68.000 3.9
147 33 7.000 -67.000 3.9
148 46 7.000 -66.000 3.9
149 46 7.000 -65.000 3.9
150 46 7.000 -64.000 3.9
151 34 7.000 -63.000 3.9
152 34 7.000 -62.000 3.8
153 34 7.000 -61.000 3.8
154 34 7.000 -60.000 3.7
155 36 7.000 -59.000 3.7
156 34 7.000 -58.000 3.6
157 34 7.000 -57.000 3.6
158 34 7.000 -56.000 3.6
159 34 7.000 -55.000 3.6
160 34 7.000 -54.000 3.6
161 34 7.000 -53.000 3.6
162 27 7.000 -52.000 3.6
163 47 7.000 -51.000 3.7
164 34 7.000 -50.000 3.7
165 34 7.000 -49.000 3.7
166 41 7.000 -48.000 3.7
167 41 7.000 -47.000 3.7
168 41 7.000 -46.000 3.7
169 36 7.000 -45.000 3.7
170 36 7.000 -44.000 3.8
171 57 7.000 -43.000 3.8
172 47 7.000 -42.000 3.8
173 61 7.000 -41.000 3.8
174 51 7.000 -40.000 3.8
175 51 7.000 -39.000 3.8
176 41 7.000 -38.000 3.8
177 41 7.000 -37.000 3.9
178 61 7.000 -36.000 3.9
179 58 7.000 -35.000 3.9
180 58 7.000 -34.000 4.0
181 58 7.000 -33.000 4.0
182 58 7.000 -32.000 4.0
183 62 7.000 -31.000 4.0
184 62 7.000 -30.000 4.0
185 27 6.000 -75.000 4.1
186 27 6.000 -74.000 4.0
187 28 6.000 -73.000 4.0
188 28 6.000 -72.000 4.0
189 33 6.000 -71.000 4.0
190 33 6.000 -70.000 4.0
191 33 6.000 -69.000 3.9
192 33 6.000 -68.000 3.8
193 33 6.000 -67.000 3.8
194 46 6.000 -66.000 3.8
195 46 6.000 -65.000 3.8
196 46 6.000 -64.000 3.8
197 34 6.000 -63.000 3.8
198 34 6.000 -62.000 3.8
199 34 6.000 -61.000 3.7
200 34 6.000 -60.000 3.6
201 33 6.000 -59.000 3.6
202 36 6.000 -58.000 3.5
203 34 6.000 -57.000 3.5
204 34 6.000 -56.000 3.5
205 34 6.000 -55.000 3.4
206 34 6.000 -54.000 3.4
207 27 6.000 -53.000 3.5
208 27 6.000 -52.000 3.6
209 47 6.000 -51.000 3.6
210 34 6.000 -50.000 3.6
211 34 6.000 -49.000 3.6
212 41 6.000 -48.000 3.6
213 41 6.000 -47.000 3.6
214 41 6.000 -46.000 3.6
215 36 6.000 -45.000 3.6
216 57 6.000 -44.000 3.7
217 47 6.000 -43.000 3.7
218 47 6.000 -42.000 3.7
219 61 6.000 -41.000 3.7
220 51 6.000 -40.000 3.7
221 41 6.000 -39.000 3.7
222 41 6.000 -38.000 3.8
223 61 6.000 -37.000 3.8
224 61 6.000 -36.000 3.8
225 58 6.000 -35.000 3.9
226 58 6.000 -34.000 3.9
227 58 6.000 -33.000 3.9
228 58 6.000 -32.000 3.9
229 62 6.000 -31.000 4.0
230 57 6.000 -30.000 4.0
231 27 5.000 -75.000 4.1
232 27 5.000 -74.000 4.0
233 28 5.000 -73.000 3.9
234 28 5.000 -72.000 3.9
235 28 5.000 -71.000 3.9
236 33 5.000 -70.000 3.9
237 33 5.000 -69.000 3.8
238 33 5.000 -68.000 3.8
239 33 5.000 -67.000 3.7
240 46 5.000 -66.000 3.7
241 46 5.000 -65.000 3.7
242 46 5.000 -64.000 3.8
243 34 5.000 -63.000 3.8
244 34 5.000 -62.000 3.7
245 34 5.000 -61.000 3.6
246 34 5.000 -60.000 3.6
247 33 5.000 -59.000 3.5
248 36 5.000 -58.000 3.5
249 34 5.000 -57.000 3.4
250 34 5.000 -56.000 3.3
251 34 5.000 -55.000 3.3
252 27 5.000 -54.000 3.3
253 27 5.000 -53.000 3.5
254 47 5.000 -52.000 3.5
255 47 5.000 -51.000 3.5
256 34 5.000 -50.000 3.5
257 34 5.000 -49.000 3.5
258 41 5.000 -48.000 3.5
259 41 5.000 -47.000 3.5
260 41 5.000 -46.000 3.5
261 36 5.000 -45.000 3.6
262 57 5.000 -44.000 3.6
263 47 5.000 -43.000 3.6
264 61 5.000 -42.000 3.6
265 61 5.000 -41.000 3.6
266 51 5.000 -40.000 3.6
267 41 5.000 -39.000 3.6
268 41 5.000 -38.000 3.7
269 61 5.000 -37.000 3.7
270 58 5.000 -36.000 3.8
271 58 5.000 -35.000 3.8
272 58 5.000 -34.000 3.8
273 58 5.000 -33.000 3.8
274 62 5.000 -32.000 3.9
275 57 5.000 -31.000 3.9
276 58 5.000 -30.000 3.9
277 27 4.000 -75.000 4.0
278 27 4.000 -74.000 4.0
279 27 4.000 -73.000 3.9
280 28 4.000 -72.000 3.8
281 28 4.000 -71.000 3.9
282 33 4.000 -70.000 3.8
283 33 4.000 -69.000 3.8
284 33 4.000 -68.000 3.7
285 33 4.000 -67.000 3.6
286 46 4.000 -66.000 3.6
287 46 4.000 -65.000 3.6
288 46 4.000 -64.000 3.7
289 34 4.000 -63.000 3.7
290 34 4.000 -62.000 3.6
291 34 4.000 -61.000 3.6
292 34 4.000 -60.000 3.5
293 34 4.000 -59.000 3.4
294 36 4.000 -58.000 3.4
295 36 4.000 -57.000 3.3
296 34 4.000 -56.000 3.2
297 34 4.000 -55.000 3.1
298 27 4.000 -54.000 3.3
299 27 4.000 -53.000 3.4
300 47 4.000 -52.000 3.4
301 47 4.000 -51.000 3.3
302 34 4.000 -50.000 3.4
303 34 4.000 -49.000 3.4
304 41 4.000 -48.000 3.5
305 41 4.000 -47.000 3.4
306 36 4.000 -46.000 3.4
307 36 4.000 -45.000 3.5
308 57 4.000 -44.000 3.5
309 47 4.000 -43.000 3.5
310 61 4.000 -42.000 3.5
311 61 4.000 -41.000 3.5
312 51 4.000 -40.000 3.5
313 41 4.000 -39.000 3.5
314 61 4.000 -38.000 3.6
315 61 4.000 -37.000 3.6
316 58 4.000 -36.000 3.7
317 58 4.000 -35.000 3.7
318 58 4.000 -34.000 3.7
319 58 4.000 -33.000 3.7
320 62 4.000 -32.000 3.8
321 58 4.000 -31.000 3.8
322 58 4.000 -30.000 3.9
323 27 3.000 -75.000 4.0
324 27 3.000 -74.000 4.0
325 27 3.000 -73.000 3.9
326 27 3.000 -72.000 3.8
327 28 3.000 -71.000 3.8
328 28 3.000 -70.000 3.8
329 33 3.000 -69.000 3.7
330 33 3.000 -68.000 3.6
331 33 3.000 -67.000 3.6
332 46 3.000 -66.000 3.5
333 46 3.000 -65.000 3.5
334 46 3.000 -64.000 3.6
335 46 3.000 -63.000 3.7
336 34 3.000 -62.000 3.6
337 34 3.000 -61.000 3.5
338 34 3.000 -60.000 3.4
339 34 3.000 -59.000 3.3
340 33 3.000 -58.000 3.3
341 36 3.000 -57.000 3.2
342 36 3.000 -56.000 3.0
343 27 3.000 -55.000 3.1
344 27 3.000 -54.000 3.3
345 47 3.000 -53.000 3.4
346 47 3.000 -52.000 3.3
347 47 3.000 -51.000 3.2
348 34 3.000 -50.000 3.2
349 34 3.000 -49.000 3.4
350 41 3.000 -48.000 3.3
351 41 3.000 -47.000 3.3
352 36 3.000 -46.000 3.3
353 36 3.000 -45.000 3.4
354 57 3.000 -44.000 3.4
355 47 3.000 -43.000 3.4
356 61 3.000 -42.000 3.4
357 61 3.000 -41.000 3.4
358 51 3.000 -40.000 3.4
359 61 3.000 -39.000 3.4
360 61 3.000 -38.000 3.5
361 61 3.000 -37.000 3.5
362 58 3.000 -36.000 3.5
363 58 3.000 -35.000 3.6
364 58 3.000 -34.000 3.6
365 58 3.000 -33.000 3.6
366 58 3.000 -32.000 3.7
367 58 3.000 -31.000 3.7
368 58 3.000 -30.000 3.8
369 27 2.000 -75.000 4.0
370 27 2.000 -74.000 4.0
371 27 2.000 -73.000 3.9
372 27 2.000 -72.000 3.8
373 27 2.000 -71.000 3.7
374 28 2.000 -70.000 3.7
375 33 2.000 -69.000 3.7
376 33 2.000 -68.000 3.6
377 33 2.000 -67.000 3.5
378 33 2.000 -66.000 3.4
379 46 2.000 -65.000 3.4
380 46 2.000 -64.000 3.5
381 46 2.000 -63.000 3.6
382 34 2.000 -62.000 3.5
383 34 2.000 -61.000 3.4
384 34 2.000 -60.000 3.3
385 34 2.000 -59.000 3.2
386 33 2.000 -58.000 3.1
387 36 2.000 -57.000 3.1
388 36 2.000 -56.000 2.9
389 27 2.000 -55.000 3.1
390 27 2.000 -54.000 3.3
391 47 2.000 -53.000 3.3
392 47 2.000 -52.000 3.1
393 47 2.000 -51.000 3.0
394 34 2.000 -50.000 3.1
395 34 2.000 -49.000 3.3
396 41 2.000 -48.000 3.2
397 41 2.000 -47.000 3.1
398 36 2.000 -46.000 3.3
399 57 2.000 -45.000 3.4
400 57 2.000 -44.000 3.3
401 61 2.000 -43.000 3.3
402 61 2.000 -42.000 3.2
403 61 2.000 -41.000 3.2
404 51 2.000 -40.000 3.2
405 61 2.000 -39.000 3.3
406 61 2.000 -38.000 3.4
407 58 2.000 -37.000 3.4
408 58 2.000 -36.000 3.4
409 58 2.000 -35.000 3.5
410 58 2.000 -34.000 3.5
411 58 2.000 -33.000 3.5
412 58 2.000 -32.000 3.6
413 58 2.000 -31.000 3.7
414 58 2.000 -30.000 3.7
415 29 1.000 -75.000 4.0
416 29 1.000 -74.000 4.0
417 27 1.000 -73.000 3.9
418 27 1.000 -72.000 3.8
419 27 1.000 -71.000 3.7
420 27 1.000 -70.000 3.6
421 33 1.000 -69.000 3.6
422 33 1.000 -68.000 3.5
423 33 1.000 -67.000 3.4
424 33 1.000 -66.000 3.3
425 46 1.000 -65.000 3.3
426 46 1.000 -64.000 3.4
427 46 1.000 -63.000 3.5
428 34 1.000 -62.000 3.5
429 34 1.000 -61.000 3.4
430 34 1.000 -60.000 3.2
431 34 1.000 -59.000 3.1
432 33 1.000 -58.000 3.0
433 36 1.000 -57.000 3.0
434 27 1.000 -56.000 2.9
435 31 1.000 -55.000 3.1
436 31 1.000 -54.000 3.1
437 47 1.000 -53.000 3.2
438 47 1.000 -52.000 3.0
439 47 1.000 -51.000 2.9
440 34 1.000 -50.000 3.0
441 34 1.000 -49.000 3.2
442 41 1.000 -48.000 3.1
443 36 1.000 -47.000 3.0
444 36 1.000 -46.000 3.2
445 61 1.000 -45.000 3.2
446 57 1.000 -44.000 3.1
447 61 1.000 -43.000 3.1
448 61 1.000 -42.000 3.1
449 61 1.000 -41.000 3.1
450 61 1.000 -40.000 3.1
451 61 1.000 -39.000 3.2
452 61 1.000 -38.000 3.2
453 58 1.000 -37.000 3.3
454 58 1.000 -36.000 3.3
455 58 1.000 -35.000 3.3
456 58 1.000 -34.000 3.4
457 58 1.000 -33.000 3.4
458 58 1.000 -32.000 3.5
459 58 1.000 -31.000 3.6
460 58 1.000 -30.000 3.7
461 29 0.000 -75.000 4.0
462 29 0.000 -74.000 3.9
463 29 0.000 -73.000 3.9
464 29 0.000 -72.000 3.8
465 27 0.000 -71.000 3.8
466 27 0.000 -70.000 3.7
467 27 0.000 -69.000 3.5
468 33 0.000 -68.000 3.5
469 33 0.000 -67.000 3.3
470 33 0.000 -66.000 3.2
471 46 0.000 -65.000 3.2
472 46 0.000 -64.000 3.4
473 46 0.000 -63.000 3.5
474 31 0.000 -62.000 3.4
475 31 0.000 -61.000 3.3
476 34 0.000 -60.000 3.2
477 34 0.000 -59.000 3.0
478 34 0.000 -58.000 2.8
479 31 0.000 -57.000 2.9
480 31 0.000 -56.000 2.9
481 31 0.000 -55.000 2.9
482 31 0.000 -54.000 2.9
483 31 0.000 -53.000 3.0
484 47 0.000 -52.000 2.9
485 34 0.000 -51.000 2.7
486 34 0.000 -50.000 2.9
487 34 0.000 -49.000 3.1
488 41 0.000 -48.000 3.0
489 36 0.000 -47.000 3.0
490 36 0.000 -46.000 3.2
491 61 0.000 -45.000 3.1
492 61 0.000 -44.000 3.0
493 61 0.000 -43.000 2.9
494 61 0.000 -42.000 2.9
495 61 0.000 -41.000 2.9
496 61 0.000 -40.000 2.9
497 61 0.000 -39.000 3.0
498 61 0.000 -38.000 3.1
499 58 0.000 -37.000 3.1
500 58 0.000 -36.000 3.1
501 58 0.000 -35.000 3.2
502 62 0.000 -34.000 3.3
503 58 0.000 -33.000 3.3
504 58 0.000 -32.000 3.4
505 51 0.000 -31.000 3.5
506 51 0.000 -30.000 3.6
507 29 -1.000 -75.000 3.9
508 29 -1.000 -74.000 3.8
509 29 -1.000 -73.000 3.8
510 29 -1.000 -72.000 3.7
511 29 -1.000 -71.000 3.7
512 33 -1.000 -70.000 3.6
513 33 -1.000 -69.000 3.5
514 28 -1.000 -68.000 3.5
515 27 -1.000 -67.000 3.4
516 27 -1.000 -66.000 3.2
517 46 -1.000 -65.000 3.1
518 46 -1.000 -64.000 3.3
519 46 -1.000 -63.000 3.4
520 31 -1.000 -62.000 3.3
521 31 -1.000 -61.000 3.2
522 31 -1.000 -60.000 3.1
523 31 -1.000 -59.000 2.9
524 31 -1.000 -58.000 2.8
525 33 -1.000 -57.000 2.8
526 36 -1.000 -56.000 2.8
527 31 -1.000 -55.000 2.6
528 31 -1.000 -54.000 2.7
529 31 -1.000 -53.000 2.9
530 47 -1.000 -52.000 2.8
531 34 -1.000 -51.000 2.6
532 34 -1.000 -50.000 2.9
533 41 -1.000 -49.000 3.0
534 41 -1.000 -48.000 2.8
535 36 -1.000 -47.000 3.0
536 61 -1.000 -46.000 3.1
537 61 -1.000 -45.000 3.0
538 47 -1.000 -44.000 2.8
539 57 -1.000 -43.000 2.7
540 61 -1.000 -42.000 2.6
541 41 -1.000 -41.000 2.7
542 61 -1.000 -40.000 2.7
543 61 -1.000 -39.000 2.8
544 59 -1.000 -38.000 3.0
545 58 -1.000 -37.000 2.9
546 58 -1.000 -36.000 3.0
547 62 -1.000 -35.000 3.1
548 58 -1.000 -34.000 3.1
549 58 -1.000 -33.000 3.2
550 51 -1.000 -32.000 3.3
551 51 -1.000 -31.000 3.5
552 51 -1.000 -30.000 3.6
553 29 -2.000 -75.000 3.8
554 29 -2.000 -74.000 3.8
555 29 -2.000 -73.000 3.7
556 29 -2.000 -72.000 3.6
557 29 -2.000 -71.000 3.6
558 29 -2.000 -70.000 3.5
559 29 -2.000 -69.000 3.5
560 28 -2.000 -68.000 3.4
561 27 -2.000 -67.000 3.4
562 27 -2.000 -66.000 3.3
563 27 -2.000 -65.000 3.2
564 46 -2.000 -64.000 3.2
565 46 -2.000 -63.000 3.4
566 31 -2.000 -62.000 3.3
567 31 -2.000 -61.000 3.1
568 31 -2.000 -60.000 3.0
569 27 -2.000 -59.000 2.9
570 34 -2.000 -58.000 2.7
571 33 -2.000 -57.000 2.7
572 36 -2.000 -56.000 2.8
573 36 -2.000 -55.000 2.6
574 31 -2.000 -54.000 2.5
575 31 -2.000 -53.000 2.7
576 47 -2.000 -52.000 2.7
577 34 -2.000 -51.000 2.6
578 39 -2.000 -50.000 2.8
579 39 -2.000 -49.000 2.8
580 36 -2.000 -48.000 2.9
581 39 -2.000 -47.000 3.0
582 61 -2.000 -46.000 3.0
583 61 -2.000 -45.000 2.8
584 47 -2.000 -44.000 2.8
585 57 -2.000 -43.000 2.5
586 61 -2.000 -42.000 2.3
587 41 -2.000 -41.000 2.6
588 51 -2.000 -40.000 2.4
589 61 -2.000 -39.000 2.6
590 58 -2.000 -38.000 2.7
591 58 -2.000 -37.000 2.7
592 57 -2.000 -36.000 2.8
593 62 -2.000 -35.000 2.9
594 58 -2.000 -34.000 3.0
595 51 -2.000 -33.000 3.1
596 51 -2.000 -32.000 3.3
597 51 -2.000 -31.000 3.4
598 63 -2.000 -30.000 3.5
599 29 -3.000 -75.000 3.8
600 29 -3.000 -74.000 3.7
601 29 -3.000 -73.000 3.6
602 29 -3.000 -72.000 3.6
603 29 -3.000 -71.000 3.5
604 29 -3.000 -70.000 3.4
605 29 -3.000 -69.000 3.4
606 29 -3.000 -68.000 3.3
607 29 -3.000 -67.000 3.3
608 29 -3.000 -66.000 3.3
609 29 -3.000 -65.000 3.3
610 27 -3.000 -64.000 3.2
611 46 -3.000 -63.000 3.3
612 31 -3.000 -62.000 3.2
613 31 -3.000 -61.000 3.1
614 27 -3.000 -60.000 3.1
615 34 -3.000 -59.000 3.0
616 34 -3.000 -58.000 2.7
617 33 -3.000 -57.000 2.7
618 37 -3.000 -56.000 2.8
619 36 -3.000 -55.000 2.8
620 36 -3.000 -54.000 2.6
621 31 -3.000 -53.000 2.5
622 39 -3.000 -52.000 2.7
623 39 -3.000 -51.000 2.6
624 36 -3.000 -50.000 2.6
625 36 -3.000 -49.000 2.8
626 41 -3.000 -48.000 2.7
627 39 -3.000 -47.000 2.8
628 61 -3.000 -46.000 2.9
629 61 -3.000 -45.000 2.7
630 57 -3.000 -44.000 2.8
631 57 -3.000 -43.000 2.5
632 41 -3.000 -42.000 2.1
633 59 -3.000 -41.000 2.5
634 51 -3.000 -40.000 2.1
635 59 -3.000 -39.000 2.3
636 58 -3.000 -38.000 2.4
637 57 -3.000 -37.000 2.5
638 62 -3.000 -36.000 2.6
639 51 -3.000 -35.000 2.6
640 51 -3.000 -34.000 2.9
641 51 -3.000 -33.000 3.1
642 51 -3.000 -32.000 3.2
643 63 -3.000 -31.000 3.3
644 63 -3.000 -30.000 3.4
645 29 -4.000 -75.000 3.7
646 29 -4.000 -74.000 3.6
647 29 -4.000 -73.000 3.6
648 29 -4.000 -72.000 3.5
649 29 -4.000 -71.000 3.4
650 29 -4.000 -70.000 3.3
651 29 -4.000 -69.000 3.2
652 29 -4.000 -68.000 3.2
653 33 -4.000 -67.000 3.2
654 29 -4.000 -66.000 3.1
655 29 -4.000 -65.000 3.2
656 29 -4.000 -64.000 3.2
657 27 -4.000 -63.000 3.3
658 27 -4.000 -62.000 3.3
659 37 -4.000 -61.000 3.2
660 37 -4.000 -60.000 3.1
661 37 -4.000 -59.000 2.9
662 37 -4.000 -58.000 2.8
663 34 -4.000 -57.000 2.6
664 37 -4.000 -56.000 2.5
665 37 -4.000 -55.000 2.5
666 37 -4.000 -54.000 2.6
667 36 -4.000 -53.000 2.7
668 36 -4.000 -52.000 2.7
669 36 -4.000 -51.000 2.7
670 36 -4.000 -50.000 2.8
671 36 -4.000 -49.000 2.9
672 41 -4.000 -48.000 2.8
673 39 -4.000 -47.000 2.6
674 39 -4.000 -46.000 2.9
675 61 -4.000 -45.000 2.6
676 57 -4.000 -44.000 2.8
677 57 -4.000 -43.000 2.5
678 41 -4.000 -42.000 2.3
679 59 -4.000 -41.000 2.1
680 59 -4.000 -40.000 1.9
681 59 -4.000 -39.000 1.9
682 57 -4.000 -38.000 2.1
683 62 -4.000 -37.000 2.5
684 62 -4.000 -36.000 2.3
685 51 -4.000 -35.000 2.6
686 51 -4.000 -34.000 2.8
687 63 -4.000 -33.000 3.0
688 63 -4.000 -32.000 3.1
689 58 -4.000 -31.000 3.2
690 58 -4.000 -30.000 3.4
691 29 -5.000 -75.000 3.7
692 29 -5.000 -74.000 3.6
693 29 -5.000 -73.000 3.5
694 29 -5.000 -72.000 3.4
695 29 -5.000 -71.000 3.3
696 29 -5.000 -70.000 3.2
697 29 -5.000 -69.000 3.1
698 28 -5.000 -68.000 3.1
699 28 -5.000 -67.000 3.2
700 33 -5.000 -66.000 3.1
701 29 -5.000 -65.000 3.0
702 46 -5.000 -64.000 3.2
703 46 -5.000 -63.000 3.3
704 29 -5.000 -62.000 3.2
705 37 -5.000 -61.000 3.2
706 37 -5.000 -60.000 3.0
707 37 -5.000 -59.000 2.8
708 37 -5.000 -58.000 2.6
709 33 -5.000 -57.000 2.8
710 34 -5.000 -56.000 2.7
711 34 -5.000 -55.000 2.5
712 34 -5.000 -54.000 2.5
713 39 -5.000 -53.000 2.6
714 34 -5.000 -52.000 2.7
715 34 -5.000 -51.000 2.9
716 44 -5.000 -50.000 2.9
717 44 -5.000 -49.000 2.8
718 44 -5.000 -48.000 2.7
719 41 -5.000 -47.000 2.6
720 39 -5.000 -46.000 2.8
721 47 -5.000 -45.000 2.8
722 57 -5.000 -44.000 2.8
723 57 -5.000 -43.000 2.6
724 57 -5.000 -42.000 2.3
725 57 -5.000 -41.000 2.0
726 57 -5.000 -40.000 1.9
727 57 -5.000 -39.000 2.1
728 59 -5.000 -38.000 1.9
729 62 -5.000 -37.000 2.2
730 51 -5.000 -36.000 2.3
731 55 -5.000 -35.000 2.5
732 55 -5.000 -34.000 2.7
733 63 -5.000 -33.000 2.8
734 50 -5.000 -32.000 3.0
735 50 -5.000 -31.000 3.2
736 50 -5.000 -30.000 3.3
737 29 -6.000 -75.000 3.6
738 29 -6.000 -74.000 3.5
739 29 -6.000 -73.000 3.4
740 29 -6.000 -72.000 3.3
741 29 -6.000 -71.000 3.2
742 29 -6.000 -70.000 3.1
743 29 -6.000 -69.000 2.9
744 28 -6.000 -68.000 3.0
745 28 -6.000 -67.000 3.2
746 33 -6.000 -66.000 3.2
747 46 -6.000 -65.000 3.0
748 46 -6.000 -64.000 3.2
749 46 -6.000 -63.000 3.3
750 31 -6.000 -62.000 3.2
751 37 -6.000 -61.000 3.1
752 37 -6.000 -60.000 2.9
753 37 -6.000 -59.000 2.7
754 33 -6.000 -58.000 2.7
755 33 -6.000 -57.000 2.9
756 34 -6.000 -56.000 2.9
757 34 -6.000 -55.000 2.8
758 34 -6.000 -54.000 2.8
759 31 -6.000 -53.000 2.5
760 31 -6.000 -52.000 2.8
761 37 -6.000 -51.000 2.9
762 47 -6.000 -50.000 2.8
763 47 -6.000 -49.000 2.7
764 47 -6.000 -48.000 2.7
765 47 -6.000 -47.000 2.7
766 39 -6.000 -46.000 2.7
767 61 -6.000 -45.000 2.7
768 59 -6.000 -44.000 2.9
769 59 -6.000 -43.000 2.6
770 57 -6.000 -42.000 2.6
771 56 -6.000 -41.000 2.3
772 61 -6.000 -40.000 2.1
773 58 -6.000 -39.000 2.0
774 59 -6.000 -38.000 1.9
775 62 -6.000 -37.000 1.9
776 55 -6.000 -36.000 1.9
777 55 -6.000 -35.000 2.2
778 50 -6.000 -34.000 2.5
779 50 -6.000 -33.000 2.7
780 50 -6.000 -32.000 2.9
781 50 -6.000 -31.000 3.1
782 50 -6.000 -30.000 3.2
783 29 -7.000 -75.000 3.6
784 29 -7.000 -74.000 3.5
785 29 -7.000 -73.000 3.4
786 29 -7.000 -72.000 3.2
787 29 -7.000 -71.000 3.1
788 29 -7.000 -70.000 2.9
789 29 -7.000 -69.000 2.8
790 28 -7.000 -68.000 2.9
791 28 -7.000 -67.000 3.1
792 33 -7.000 -66.000 3.3
793 33 -7.000 -65.000 3.1
794 46 -7.000 -64.000 3.3
795 48 -7.000 -63.000 3.3
796 48 -7.000 -62.000 3.2
797 31 -7.000 -61.000 3.1
798 31 -7.000 -60.000 3.0
799 33 -7.000 -59.000 2.8
800 6 -7.000 -58.000 2.9
801 6 -7.000 -57.000 2.8
802 6 -7.000 -56.000 2.7
803 6 -7.000 -55.000 2.8
804 39 -7.000 -54.000 2.8
805 31 -7.000 -53.000 2.7
806 31 -7.000 -52.000 2.9
807 37 -7.000 -51.000 2.8
808 47 -7.000 -50.000 3.0
809 47 -7.000 -49.000 2.9
810 47 -7.000 -48.000 2.9
811 47 -7.000 -47.000 2.9
812 41 -7.000 -46.000 2.9
813 61 -7.000 -45.000 2.9
814 41 -7.000 -44.000 2.8
815 56 -7.000 -43.000 2.8
816 56 -7.000 -42.000 2.5
817 61 -7.000 -41.000 2.4
818 64 -7.000 -40.000 2.4
819 55 -7.000 -39.000 2.1
820 58 -7.000 -38.000 1.8
821 50 -7.000 -37.000 1.8
822 50 -7.000 -36.000 1.6
823 63 -7.000 -35.000 1.9
824 50 -7.000 -34.000 2.2
825 50 -7.000 -33.000 2.5
826 50 -7.000 -32.000 2.8
827 50 -7.000 -31.000 3.0
828 50 -7.000 -30.000 3.2
829 29 -8.000 -75.000 3.6
830 29 -8.000 -74.000 3.5
831 29 -8.000 -73.000 3.3
832 29 -8.000 -72.000 3.2
833 29 -8.000 -71.000 3.0
834 29 -8.000 -70.000 2.8
835 46 -8.000 -69.000 2.7
836 28 -8.000 -68.000 2.9
837 28 -8.000 -67.000 3.1
838 28 -8.000 -66.000 3.3
839 33 -8.000 -65.000 3.3
840 48 -8.000 -64.000 3.2
841 48 -8.000 -63.000 3.1
842 48 -8.000 -62.000 3.0
843 29 -8.000 -61.000 3.1
844 33 -8.000 -60.000 3.0
845 6 -8.000 -59.000 2.8
846 38 -8.000 -58.000 2.7
847 38 -8.000 -57.000 2.7
848 31 -8.000 -56.000 2.7
849 31 -8.000 -55.000 2.7
850 31 -8.000 -54.000 2.8
851 6 -8.000 -53.000 2.8
852 45 -8.000 -52.000 2.8
853 45 -8.000 -51.000 2.8
854 45 -8.000 -50.000 2.8
855 17 -8.000 -49.000 2.8
856 17 -8.000 -48.000 2.8
857 17 -8.000 -47.000 2.8
858 43 -8.000 -46.000 2.9
859 61 -8.000 -45.000 3.0
860 43 -8.000 -44.000 2.9
861 59 -8.000 -43.000 2.8
862 59 -8.000 -42.000 2.6
863 60 -8.000 -41.000 2.5
864 59 -8.000 -40.000 2.3
865 55 -8.000 -39.000 2.1
866 55 -8.000 -38.000 1.6
867 64 -8.000 -37.000 1.8
868 55 -8.000 -36.000 1.5
869 62 -8.000 -35.000 1.9
870 62 -8.000 -34.000 2.1
871 50 -8.000 -33.000 2.5
872 50 -8.000 -32.000 2.8
873 50 -8.000 -31.000 3.0
874 50 -8.000 -30.000 3.2
875 29 -9.000 -75.000 3.5
876 29 -9.000 -74.000 3.4
877 29 -9.000 -73.000 3.3
878 29 -9.000 -72.000 3.1
879 46 -9.000 -71.000 3.0
880 46 -9.000 -70.000 3.0
881 46 -9.000 -69.000 3.0
882 46 -9.000 -68.000 3.0
883 28 -9.000 -67.000 3.1
884 28 -9.000 -66.000 3.3
885 46 -9.000 -65.000 3.3
886 33 -9.000 -64.000 3.3
887 33 -9.000 -63.000 3.2
888 38 -9.000 -62.000 3.1
889 29 -9.000 -61.000 3.0
890 6 -9.000 -60.000 2.9
891 37 -9.000 -59.000 2.8
892 37 -9.000 -58.000 2.6
893 38 -9.000 -57.000 2.3
894 38 -9.000 -56.000 2.4
895 38 -9.000 -55.000 2.5
896 38 -9.000 -54.000 2.7
897 45 -9.000 -53.000 2.6
898 37 -9.000 -52.000 2.7
899 44 -9.000 -51.000 2.6
900 45 -9.000 -50.000 2.5
901 17 -9.000 -49.000 2.5
902 39 -9.000 -48.000 2.6
903 39 -9.000 -47.000 2.8
904 17 -9.000 -46.000 2.7
905 17 -9.000 -45.000 2.9
906 60 -9.000 -44.000 2.8
907 56 -9.000 -43.000 2.9
908 64 -9.000 -42.000 2.7
909 64 -9.000 -41.000 2.4
910 56 -9.000 -40.000 2.1
911 60 -9.000 -39.000 2.2
912 49 -9.000 -38.000 2.0
913 50 -9.000 -37.000 1.6
914 63 -9.000 -36.000 1.3
915 49 -9.000 -35.000 1.7
916 49 -9.000 -34.000 2.2
917 49 -9.000 -33.000 2.6
918 62 -9.000 -32.000 2.8
919 50 -9.000 -31.000 3.0
920 50 -9.000 -30.000 3.2
921 29 -10.000 -75.000 3.5
922 29 -10.000 -74.000 3.4
923 29 -10.000 -73.000 3.3
924 46 -10.000 -72.000 3.2
925 46 -10.000 -71.000 3.2
926 46 -10.000 -70.000 3.1
927 46 -10.000 -69.000 3.1
928 46 -10.000 -68.000 3.2
929 46 -10.000 -67.000 3.3
930 46 -10.000 -66.000 3.3
931 46 -10.000 -65.000 3.4
932 40 -10.000 -64.000 3.4
933 38 -10.000 -63.000 3.2
934 38 -10.000 -62.000 3.1
935 29 -10.000 -61.000 3.0
936 6 -10.000 -60.000 2.8
937 6 -10.000 -59.000 2.6
938 48 -10.000 -58.000 2.7
939 37 -10.000 -57.000 2.6
940 37 -10.000 -56.000 2.5
941 37 -10.000 -55.000 2.5
942 37 -10.000 -54.000 2.6
943 37 -10.000 -53.000 2.7
944 17 -10.000 -52.000 2.8
945 44 -10.000 -51.000 2.6
946 17 -10.000 -50.000 2.4
947 45 -10.000 -49.000 2.5
948 45 -10.000 -48.000 2.7
949 43 -10.000 -47.000 2.5
950 17 -10.000 -46.000 2.5
951 17 -10.000 -45.000 2.7
952 60 -10.000 -44.000 2.7
953 52 -10.000 -43.000 2.9
954 52 -10.000 -42.000 2.7
955 52 -10.000 -41.000 2.5
956 54 -10.000 -40.000 2.3
957 54 -10.000 -39.000 1.8
958 49 -10.000 -38.000 1.9
959 64 -10.000 -37.000 1.7
960 50 -10.000 -36.000 2.0
961 50 -10.000 -35.000 2.1
962 50 -10.000 -34.000 2.4
963 50 -10.000 -33.000 2.6
964 50 -10.000 -32.000 2.9
965 50 -10.000 -31.000 3.0
966 50 -10.000 -30.000 3.2
967 29 -11.000 -75.000 3.5
968 46 -11.000 -74.000 3.5
969 46 -11.000 -73.000 3.4
970 46 -11.000 -72.000 3.3
971 46 -11.000 -71.000 3.3
972 46 -11.000 -70.000 3.3
973 46 -11.000 -69.000 3.3
974 46 -11.000 -68.000 3.3
975 48 -11.000 -67.000 3.3
976 28 -11.000 -66.000 3.4
977 40 -11.000 -65.000 3.4
978 40 -11.000 -64.000 3.3
979 40 -11.000 -63.000 3.1
980 38 -11.000 -62.000 3.0
981 40 -11.000 -61.000 3.0
982 6 -11.000 -60.000 2.8
983 6 -11.000 -59.000 2.5
984 48 -11.000 -58.000 2.5
985 48 -11.000 -57.000 2.7
986 37 -11.000 -56.000 2.8
987 45 -11.000 -55.000 2.7
988 45 -11.000 -54.000 2.4
989 38 -11.000 -53.000 2.7
990 17 -11.000 -52.000 2.7
991 44 -11.000 -51.000 2.8
992 44 -11.000 -50.000 2.5
993 44 -11.000 -49.000 2.3
994 43 -11.000 -48.000 2.6
995 43 -11.000 -47.000 2.3
996 44 -11.000 -46.000 2.4
997 17 -11.000 -45.000 2.6
998 32 -11.000 -44.000 2.8
999 52 -11.000 -43.000 2.8
1000 52 -11.000 -42.000 2.5
1001 69 -11.000 -41.000 2.5
1002 54 -11.000 -40.000 2.1
1003 52 -11.000 -39.000 1.9
1004 52 -11.000 -38.000 2.1
1005 64 -11.000 -37.000 2.1
1006 63 -11.000 -36.000 2.3
1007 54 -11.000 -35.000 2.4
1008 50 -11.000 -34.000 2.6
1009 50 -11.000 -33.000 2.8
1010 50 -11.000 -32.000 3.0
1011 50 -11.000 -31.000 3.1
1012 50 -11.000 -30.000 3.3
1013 46 -12.000 -75.000 3.6
1014 46 -12.000 -74.000 3.5
1015 46 -12.000 -73.000 3.5
1016 46 -12.000 -72.000 3.5
1017 46 -12.000 -71.000 3.4
1018 46 -12.000 -70.000 3.4
1019 46 -12.000 -69.000 3.4
1020 48 -12.000 -68.000 3.4
1021 28 -12.000 -67.000 3.3
1022 40 -12.000 -66.000 3.4
1023 40 -12.000 -65.000 3.3
1024 40 -12.000 -64.000 3.1
1025 40 -12.000 -63.000 3.0
1026 29 -12.000 -62.000 2.9
1027 38 -12.000 -61.000 2.8
1028 40 -12.000 -60.000 2.6
1029 6 -12.000 -59.000 2.6
1030 6 -12.000 -58.000 2.3
1031 48 -12.000 -57.000 2.6
1032 42 -12.000 -56.000 2.7
1033 45 -12.000 -55.000 2.7
1034 38 -12.000 -54.000 2.4
1035 38 -12.000 -53.000 2.7
1036 26 -12.000 -52.000 2.7
1037 26 -12.000 -51.000 2.7
1038 44 -12.000 -50.000 2.8
1039 44 -12.000 -49.000 2.6
1040 44 -12.000 -48.000 2.5
1041 44 -12.000 -47.000 2.5
1042 32 -12.000 -46.000 2.6
1043 17 -12.000 -45.000 2.5
1044 60 -12.000 -44.000 2.7
1045 32 -12.000 -43.000 2.6
1046 43 -12.000 -42.000 2.4
1047 69 -12.000 -41.000 2.2
1048 69 -12.000 -40.000 2.0
1049 60 -12.000 -39.000 1.9
1050 69 -12.000 -38.000 2.2
1051 49 -12.000 -37.000 2.3
1052 52 -12.000 -36.000 2.5
1053 63 -12.000 -35.000 2.6
1054 54 -12.000 -34.000 2.7
1055 54 -12.000 -33.000 3.0
1056 50 -12.000 -32.000 3.1
1057 50 -12.000 -31.000 3.2
1058 50 -12.000 -30.000 3.3
1059 46 -13.000 -75.000 3.7
1060 46 -13.000 -74.000 3.6
1061 46 -13.000 -73.000 3.6
1062 46 -13.000 -72.000 3.6
1063 46 -13.000 -71.000 3.6
1064 46 -13.000 -70.000 3.5
1065 48 -13.000 -69.000 3.5
1066 48 -13.000 -68.000 3.4
1067 28 -13.000 -67.000 3.4
1068 40 -13.000 -66.000 3.3
1069 40 -13.000 -65.000 3.2
1070 40 -13.000 -64.000 3.0
1071 29 -13.000 -63.000 2.9
1072 29 -13.000 -62.000 3.0
1073 38 -13.000 -61.000 2.9
1074 38 -13.000 -60.000 2.6
1075 38 -13.000 -59.000 2.3
1076 40 -13.000 -58.000 2.4
1077 48 -13.000 -57.000 2.5
1078 42 -13.000 -56.000 2.5
1079 42 -13.000 -55.000 2.5
1080 38 -13.000 -54.000 2.5
1081 6 -13.000 -53.000 2.6
1082 17 -13.000 -52.000 2.7
1083 26 -13.000 -51.000 2.4
1084 26 -13.000 -50.000 2.5
1085 26 -13.000 -49.000 2.7
1086 45 -13.000 -48.000 2.6
1087 32 -13.000 -47.000 2.6
1088 32 -13.000 -46.000 2.4
1089 17 -13.000 -45.000 2.6
1090 35 -13.000 -44.000 2.7
1091 69 -13.000 -43.000 2.6
1092 60 -13.000 -42.000 2.4
1093 60 -13.000 -41.000 2.2
1094 53 -13.000 -40.000 2.1
1095 53 -13.000 -39.000 2.1
1096 54 -13.000 -38.000 2.1
1097 69 -13.000 -37.000 2.3
1098 49 -13.000 -36.000 2.6
1099 52 -13.000 -35.000 2.8
1100 63 -13.000 -34.000 2.9
1101 54 -13.000 -33.000 3.0
1102 54 -13.000 -32.000 3.2
1103 50 -13.000 -31.000 3.3
1104 50 -13.000 -30.000 3.4
1105 46 -14.000 -75.000 3.8
1106 46 -14.000 -74.000 3.7
1107 46 -14.000 -73.000 3.7
1108 46 -14.000 -72.000 3.7
1109 46 -14.000 -71.000 3.7
1110 48 -14.000 -70.000 3.6
1111 48 -14.000 -69.000 3.5
1112 28 -14.000 -68.000 3.4
1113 40 -14.000 -67.000 3.4
1114 40 -14.000 -66.000 3.3
1115 40 -14.000 -65.000 3.1
1116 40 -14.000 -64.000 3.0
1117 29 -14.000 -63.000 3.0
1118 38 -14.000 -62.000 3.1
1119 38 -14.000 -61.000 3.0
1120 38 -14.000 -60.000 2.8
1121 38 -14.000 -59.000 2.6
1122 38 -14.000 -58.000 2.4
1123 40 -14.000 -57.000 2.3
1124 6 -14.000 -56.000 2.5
1125 6 -14.000 -55.000 2.5
1126 45 -14.000 -54.000 2.6
1127 42 -14.000 -53.000 2.5
1128 42 -14.000 -52.000 2.8
1129 17 -14.000 -51.000 2.5
1130 17 -14.000 -50.000 2.3
1131 26 -14.000 -49.000 2.5
1132 32 -14.000 -48.000 2.7
1133 32 -14.000 -47.000 2.4
1134 17 -14.000 -46.000 2.5
1135 35 -14.000 -45.000 2.4
1136 35 -14.000 -44.000 2.4
1137 35 -14.000 -43.000 2.4
1138 53 -14.000 -42.000 2.4
1139 67 -14.000 -41.000 2.1
1140 67 -14.000 -40.000 1.7
1141 52 -14.000 -39.000 1.7
1142 52 -14.000 -38.000 2.0
1143 52 -14.000 -37.000 2.3
1144 54 -14.000 -36.000 2.6
1145 53 -14.000 -35.000 2.9
1146 52 -14.000 -34.000 3.0
1147 63 -14.000 -33.000 3.1
1148 54 -14.000 -32.000 3.2
1149 54 -14.000 -31.000 3.4
1150 54 -14.000 -30.000 3.5
1151 46 -15.000 -75.000 3.9
1152 46 -15.000 -74.000 3.8
1153 46 -15.000 -73.000 3.8
1154 46 -15.000 -72.000 3.8
1155 48 -15.000 -71.000 3.8
1156 48 -15.000 -70.000 3.6
1157 48 -15.000 -69.000 3.5
1158 40 -15.000 -68.000 3.5
1159 40 -15.000 -67.000 3.4
1160 40 -15.000 -66.000 3.3
1161 40 -15.000 -65.000 3.1
1162 29 -15.000 -64.000 3.1
1163 29 -15.000 -63.000 3.2
1164 42 -15.000 -62.000 3.2
1165 42 -15.000 -61.000 3.0
1166 42 -15.000 -60.000 2.8
1167 42 -15.000 -59.000 2.6
1168 48 -15.000 -58.000 2.5
1169 20 -15.000 -57.000 2.6
1170 40 -15.000 -56.000 2.5
1171 26 -15.000 -55.000 2.5
1172 20 -15.000 -54.000 2.4
1173 20 -15.000 -53.000 2.5
1174 42 -15.000 -52.000 2.7
1175 17 -15.000 -51.000 2.7
1176 17 -15.000 -50.000 2.6
1177 30 -15.000 -49.000 2.5
1178 32 -15.000 -48.000 2.6
1179 30 -15.000 -47.000 2.5
1180 43 -15.000 -46.000 2.4
1181 43 -15.000 -45.000 2.3
1182 43 -15.000 -44.000 2.4
1183 43 -15.000 -43.000 2.5
1184 53 -15.000 -42.000 2.3
1185 69 -15.000 -41.000 2.0
1186 69 -15.000 -40.000 1.7
1187 69 -15.000 -39.000 1.7
1188 69 -15.000 -38.000 2.1
1189 69 -15.000 -37.000 2.4
1190 69 -15.000 -36.000 2.7
1191 69 -15.000 -35.000 2.9
1192 54 -15.000 -34.000 3.1
1193 53 -15.000 -33.000 3.2
1194 63 -15.000 -32.000 3.3
1195 54 -15.000 -31.000 3.4
1196 54 -15.000 -30.000 3.5
1197 46 -16.000 -75.000 3.9
1198 46 -16.000 -74.000 3.9
1199 46 -16.000 -73.000 3.9
1200 48 -16.000 -72.000 3.9
1201 48 -16.000 -71.000 3.8
1202 48 -16.000 -70.000 3.7
1203 48 -16.000 -69.000 3.6
1204 40 -16.000 -68.000 3.5
1205 40 -16.000 -67.000 3.4
1206 40 -16.000 -66.000 3.3
1207 29 -16.000 -65.000 3.2
1208 29 -16.000 -64.000 3.3
1209 29 -16.000 -63.000 3.3
1210 42 -16.000 -62.000 3.2
1211 42 -16.000 -61.000 3.0
1212 42 -16.000 -60.000 2.8
1213 48 -16.000 -59.000 2.6
1214 20 -16.000 -58.000 2.6
1215 20 -16.000 -57.000 2.3
1216 40 -16.000 -56.000 2.5
1217 26 -16.000 -55.000 2.5
1218 26 -16.000 -54.000 2.1
1219 42 -16.000 -53.000 2.3
1220 20 -16.000 -52.000 2.5
1221 30 -16.000 -51.000 2.6
1222 14 -16.000 -50.000 2.7
1223 19 -16.000 -49.000 2.6
1224 32 -16.000 -48.000 2.7
1225 32 -16.000 -47.000 2.4
1226 19 -16.000 -46.000 2.3
1227 9 -16.000 -45.000 2.3
1228 9 -16.000 -44.000 2.2
1229 9 -16.000 -43.000 2.3
1230 32 -16.000 -42.000 2.3
1231 53 -16.000 -41.000 2.0
1232 53 -16.000 -40.000 1.6
1233 53 -16.000 -39.000 1.5
1234 70 -16.000 -38.000 2.0
1235 70 -16.000 -37.000 2.4
1236 70 -16.000 -36.000 2.7
1237 70 -16.000 -35.000 2.9
1238 70 -16.000 -34.000 3.1
1239 70 -16.000 -33.000 3.3
1240 70 -16.000 -32.000 3.4
1241 67 -16.000 -31.000 3.5
1242 54 -16.000 -30.000 3.6
1243 46 -17.000 -75.000 4.0
1244 46 -17.000 -74.000 4.0
1245 48 -17.000 -73.000 3.9
1246 48 -17.000 -72.000 3.9
1247 48 -17.000 -71.000 3.8
1248 48 -17.000 -70.000 3.7
1249 40 -17.000 -69.000 3.6
1250 40 -17.000 -68.000 3.5
1251 48 -17.000 -67.000 3.4
1252 29 -17.000 -66.000 3.4
1253 29 -17.000 -65.000 3.4
1254 29 -17.000 -64.000 3.4
1255 42 -17.000 -63.000 3.3
1256 42 -17.000 -62.000 3.2
1257 42 -17.000 -61.000 3.0
1258 42 -17.000 -60.000 2.8
1259 20 -17.000 -59.000 2.8
1260 20 -17.000 -58.000 2.5
1261 40 -17.000 -57.000 2.3
1262 40 -17.000 -56.000 2.6
1263 5 -17.000 -55.000 2.4
1264 5 -17.000 -54.000 2.1
1265 20 -17.000 -53.000 2.0
1266 20 -17.000 -52.000 2.4
1267 14 -17.000 -51.000 2.4
1268 14 -17.000 -50.000 2.4
1269 26 -17.000 -49.000 2.5
1270 14 -17.000 -48.000 2.6
1271 35 -17.000 -47.000 2.5
1272 30 -17.000 -46.000 2.2
1273 32 -17.000 -45.000 2.1
1274 32 -17.000 -44.000 2.0
1275 32 -17.000 -43.000 2.2
1276 74 -17.000 -42.000 2.1
1277 23 -17.000 -41.000 1.9
1278 67 -17.000 -40.000 1.9
1279 67 -17.000 -39.000 1.9
1280 74 -17.000 -38.000 2.2
1281 74 -17.000 -37.000 2.5
1282 53 -17.000 -36.000 2.7
1283 53 -17.000 -35.000 2.9
1284 53 -17.000 -34.000 3.1
1285 70 -17.000 -33.000 3.3
1286 70 -17.000 -32.000 3.4
1287 70 -17.000 -31.000 3.5
1288 70 -17.000 -30.000 3.6
1289 46 -18.000 -75.000 4.1
1290 48 -18.000 -74.000 4.0
1291 48 -18.000 -73.000 4.0
1292 48 -18.000 -72.000 3.9
1293 48 -18.000 -71.000 3.8
1294 48 -18.000 -70.000 3.8
1295 48 -18.000 -69.000 3.7
1296 48 -18.000 -68.000 3.6
1297 48 -18.000 -67.000 3.5
1298 29 -18.000 -66.000 3.5
1299 29 -18.000 -65.000 3.5
1300 42 -18.000 -64.000 3.5
1301 42 -18.000 -63.000 3.4
1302 42 -18.000 -62.000 3.2
1303 42 -18.000 -61.000 3.1
1304 1 -18.000 -60.000 2.9
1305 20 -18.000 -59.000 2.8
1306 42 -18.000 -58.000 2.5
1307 1 -18.000 -57.000 2.4
1308 1 -18.000 -56.000 2.3
1309 42 -18.000 -55.000 2.2
1310 42 -18.000 -54.000 2.4
1311 26 -18.000 -53.000 2.3
1312 14 -18.000 -52.000 2.2
1313 26 -18.000 -51.000 2.3
1314 5 -18.000 -50.000 2.4
1315 19 -18.000 -49.000 2.3
1316 14 -18.000 -48.000 2.4
1317 9 -18.000 -47.000 2.5
1318 9 -18.000 -46.000 2.2
1319 35 -18.000 -45.000 1.9
1320 19 -18.000 -44.000 2.3
1321 23 -18.000 -43.000 2.0
1322 9 -18.000 -42.000 1.9
1323 74 -18.000 -41.000 1.2
1324 23 -18.000 -40.000 1.7
1325 76 -18.000 -39.000 2.0
1326 76 -18.000 -38.000 2.3
1327 76 -18.000 -37.000 2.6
1328 67 -18.000 -36.000 2.8
1329 67 -18.000 -35.000 3.0
1330 67 -18.000 -34.000 3.1
1331 74 -18.000 -33.000 3.3
1332 74 -18.000 -32.000 3.4
1333 53 -18.000 -31.000 3.5
1334 53 -18.000 -30.000 3.6
1335 48 -19.000 -75.000 4.1
1336 48 -19.000 -74.000 4.1
1337 48 -19.000 -73.000 4.0
1338 40 -19.000 -72.000 3.9
1339 40 -19.000 -71.000 3.9
1340 48 -19.000 -70.000 3.8
1341 48 -19.000 -69.000 3.7
1342 48 -19.000 -68.000 3.6
1343 29 -19.000 -67.000 3.6
1344 29 -19.000 -66.000 3.6
1345 1 -19.000 -65.000 3.6
1346 1 -19.000 -64.000 3.5
1347 1 -19.000 -63.000 3.3
1348 48 -19.000 -62.000 3.2
1349 42 -19.000 -61.000 3.2
1350 20 -19.000 -60.000 3.0
1351 20 -19.000 -59.000 2.8
1352 40 -19.000 -58.000 2.7
1353 42 -19.000 -57.000 2.6
1354 5 -19.000 -56.000 2.5
1355 5 -19.000 -55.000 2.1
1356 1 -19.000 -54.000 2.2
1357 14 -19.000 -53.000 2.3
1358 16 -19.000 -52.000 2.4
1359 16 -19.000 -51.000 2.3
1360 2 -19.000 -50.000 2.3
1361 2 -19.000 -49.000 2.1
1362 2 -19.000 -48.000 2.1
1363 2 -19.000 -47.000 2.3
1364 9 -19.000 -46.000 2.2
1365 3 -19.000 -45.000 2.1
1366 35 -19.000 -44.000 2.2
1367 4 -19.000 -43.000 2.1
1368 76 -19.000 -42.000 1.8
1369 76 -19.000 -41.000 0.9
1370 23 -19.000 -40.000 1.5
1371 4 -19.000 -39.000 1.9
1372 4 -19.000 -38.000 2.4
1373 70 -19.000 -37.000 2.7
1374 70 -19.000 -36.000 2.9
1375 70 -19.000 -35.000 3.0
1376 76 -19.000 -34.000 3.2
1377 76 -19.000 -33.000 3.3
1378 76 -19.000 -32.000 3.5
1379 76 -19.000 -31.000 3.6
1380 67 -19.000 -30.000 3.7
1381 40 -20.000 -75.000 4.1
1382 40 -20.000 -74.000 4.1
1383 40 -20.000 -73.000 4.0
1384 40 -20.000 -72.000 4.0
1385 28 -20.000 -71.000 3.9
1386 48 -20.000 -70.000 3.8
1387 48 -20.000 -69.000 3.8
1388 29 -20.000 -68.000 3.7
1389 29 -20.000 -67.000 3.7
1390 1 -20.000 -66.000 3.6
1391 1 -20.000 -65.000 3.5
1392 48 -20.000 -64.000 3.5
1393 48 -20.000 -63.000 3.4
1394 20 -20.000 -62.000 3.4
1395 20 -20.000 -61.000 3.2
1396 20 -20.000 -60.000 3.1
1397 20 -20.000 -59.000 2.9
1398 42 -20.000 -58.000 2.9
1399 5 -20.000 -57.000 2.8
1400 5 -20.000 -56.000 2.5
1401 20 -20.000 -55.000 2.3
1402 20 -20.000 -54.000 2.3
1403 14 -20.000 -53.000 2.3
1404 16 -20.000 -52.000 1.9
1405 5 -20.000 -51.000 2.1
1406 16 -20.000 -50.000 2.1
1407 30 -20.000 -49.000 2.1
1408 19 -20.000 -48.000 2.1
1409 30 -20.000 -47.000 2.2
1410 2 -20.000 -46.000 2.3
1411 9 -20.000 -45.000 2.1
1412 80 -20.000 -44.000 2.2
1413 23 -20.000 -43.000 2.1
1414 4 -20.000 -42.000 1.9
1415 4 -20.000 -41.000 1.5
1416 4 -20.000 -40.000 1.7
1417 4 -20.000 -39.000 2.1
1418 4 -20.000 -38.000 2.5
1419 74 -20.000 -37.000 2.7
1420 65 -20.000 -36.000 2.9
1421 65 -20.000 -35.000 3.1
1422 65 -20.000 -34.000 3.2
1423 65 -20.000 -33.000 3.4
1424 70 -20.000 -32.000 3.5
1425 70 -20.000 -31.000 3.6
1426 70 -20.000 -30.000 3.7
1427 40 -21.000 -75.000 4.2
1428 40 -21.000 -74.000 4.1
1429 40 -21.000 -73.000 4.0
1430 40 -21.000 -72.000 4.0
1431 48 -21.000 -71.000 4.0
1432 48 -21.000 -70.000 3.9
1433 48 -21.000 -69.000 3.8
1434 29 -21.000 -68.000 3.8
1435 1 -21.000 -67.000 3.7
1436 48 -21.000 -66.000 3.7
1437 48 -21.000 -65.000 3.6
1438 48 -21.000 -64.000 3.6
1439 20 -21.000 -63.000 3.5
1440 20 -21.000 -62.000 3.4
1441 20 -21.000 -61.000 3.3
1442 20 -21.000 -60.000 3.1
1443 40 -21.000 -59.000 3.1
1444 24 -21.000 -58.000 3.0
1445 24 -21.000 -57.000 2.9
1446 24 -21.000 -56.000 2.7
1447 5 -21.000 -55.000 2.5
1448 5 -21.000 -54.000 2.3
1449 5 -21.000 -53.000 2.2
1450 14 -21.000 -52.000 2.1
1451 2 -21.000 -51.000 2.2
1452 2 -21.000 -50.000 1.7
1453 22 -21.000 -49.000 2.1
1454 25 -21.000 -48.000 2.2
1455 25 -21.000 -47.000 2.1
1456 25 -21.000 -46.000 2.2
1457 10 -21.000 -45.000 2.1
1458 68 -21.000 -44.000 2.0
1459 66 -21.000 -43.000 1.8
1460 65 -21.000 -42.000 1.6
1461 68 -21.000 -41.000 1.9
1462 66 -21.000 -40.000 1.9
1463 66 -21.000 -39.000 2.3
1464 4 -21.000 -38.000 2.6
1465 4 -21.000 -37.000 2.8
1466 74 -21.000 -36.000 3.0
1467 74 -21.000 -35.000 3.1
1468 74 -21.000 -34.000 3.3
1469 74 -21.000 -33.000 3.4
1470 74 -21.000 -32.000 3.5
1471 74 -21.000 -31.000 3.6
1472 74 -21.000 -30.000 3.7
1473 40 -22.000 -75.000 4.2
1474 40 -22.000 -74.000 4.1
1475 40 -22.000 -73.000 4.1
1476 28 -22.000 -72.000 4.0
1477 48 -22.000 -71.000 4.0
1478 48 -22.000 -70.000 3.9
1479 29 -22.000 -69.000 3.9
1480 48 -22.000 -68.000 3.8
1481 48 -22.000 -67.000 3.8
1482 48 -22.000 -66.000 3.7
1483 48 -22.000 -65.000 3.7
1484 20 -22.000 -64.000 3.6
1485 20 -22.000 -63.000 3.5
1486 20 -22.000 -62.000 3.5
1487 20 -22.000 -61.000 3.4
1488 40 -22.000 -60.000 3.3
1489 24 -22.000 -59.000 3.2
1490 20 -22.000 -58.000 3.0
1491 20 -22.000 -57.000 3.0
1492 5 -22.000 -56.000 2.9
1493 16 -22.000 -55.000 2.6
1494 16 -22.000 -54.000 2.3
1495 21 -22.000 -53.000 2.4
1496 11 -22.000 -52.000 2.3
1497 11 -22.000 -51.000 2.0
1498 2 -22.000 -50.000 1.9
1499 11 -22.000 -49.000 1.8
1500 25 -22.000 -48.000 1.7
1501 2 -22.000 -47.000 1.9
1502 22 -22.000 -46.000 1.8
1503 73 -22.000 -45.000 1.6
1504 10 -22.000 -44.000 1.5
1505 73 -22.000 -43.000 1.6
1506 80 -22.000 -42.000 1.7
1507 65 -22.000 -41.000 1.7
1508 68 -22.000 -40.000 2.2
1509 76 -22.000 -39.000 2.5
1510 76 -22.000 -38.000 2.6
1511 66 -22.000 -37.000 2.8
1512 66 -22.000 -36.000 3.0
1513 66 -22.000 -35.000 3.2
1514 74 -22.000 -34.000 3.3
1515 74 -22.000 -33.000 3.4
1516 74 -22.000 -32.000 3.5
1517 74 -22.000 -31.000 3.6
1518 74 -22.000 -30.000 3.7
1519 40 -23.000 -75.000 4.2
1520 40 -23.000 -74.000 4.1
1521 28 -23.000 -73.000 4.1
1522 48 -23.000 -72.000 4.1
1523 48 -23.000 -71.000 4.0
1524 29 -23.000 -70.000 4.0
1525 13 -23.000 -69.000 3.9
1526 13 -23.000 -68.000 3.9
1527 13 -23.000 -67.000 3.8
1528 13 -23.000 -66.000 3.8
1529 13 -23.000 -65.000 3.7
1530 13 -23.000 -64.000 3.6
1531 13 -23.000 -63.000 3.5
1532 13 -23.000 -62.000 3.5
1533 13 -23.000 -61.000 3.4
1534 20 -23.000 -60.000 3.4
1535 21 -23.000 -59.000 3.3
1536 21 -23.000 -58.000 3.1
1537 21 -23.000 -57.000 3.0
1538 21 -23.000 -56.000 2.8
1539 21 -23.000 -55.000 2.5
1540 16 -23.000 -54.000 2.4
1541 16 -23.000 -53.000 2.1
1542 21 -23.000 -52.000 1.9
1543 24 -23.000 -51.000 1.8
1544 22 -23.000 -50.000 2.2
1545 25 -23.000 -49.000 2.0
1546 75 -23.000 -48.000 1.8
1547 15 -23.000 -47.000 1.6
1548 25 -23.000 -46.000 1.3
1549 15 -23.000 -45.000 1.0
1550 80 -23.000 -44.000 1.3
1551 68 -23.000 -43.000 1.5
1552 80 -23.000 -42.000 1.8
1553 80 -23.000 -41.000 2.2
1554 65 -23.000 -40.000 2.3
1555 68 -23.000 -39.000 2.6
1556 68 -23.000 -38.000 2.8
1557 76 -23.000 -37.000 3.0
1558 76 -23.000 -36.000 3.1
1559 66 -23.000 -35.000 3.2
1560 66 -23.000 -34.000 3.4
1561 66 -23.000 -33.000 3.5
1562 66 -23.000 -32.000 3.6
1563 66 -23.000 -31.000 3.7
1564 74 -23.000 -30.000 3.8
1565 40 -24.000 -75.000 4.2
1566 40 -24.000 -74.000 4.2
1567 13 -24.000 -73.000 4.1
1568 29 -24.000 -72.000 4.1
1569 1 -24.000 -71.000 4.1
1570 1 -24.000 -70.000 4.0
1571 1 -24.000 -69.000 3.9
1572 40 -24.000 -68.000 3.9
1573 40 -24.000 -67.000 3.8
1574 40 -24.000 -66.000 3.8
1575 40 -24.000 -65.000 3.7
1576 40 -24.000 -64.000 3.6
1577 40 -24.000 -63.000 3.6
1578 24 -24.000 -62.000 3.5
1579 24 -24.000 -61.000 3.4
1580 24 -24.000 -60.000 3.3
1581 13 -24.000 -59.000 3.2
1582 21 -24.000 -58.000 3.1
1583 21 -24.000 -57.000 2.9
1584 21 -24.000 -56.000 2.7
1585 1 -24.000 -55.000 2.7
1586 16 -24.000 -54.000 2.6
1587 16 -24.000 -53.000 2.4
1588 11 -24.000 -52.000 2.2
1589 24 -24.000 -51.000 2.0
1590 71 -24.000 -50.000 2.0
1591 79 -24.000 -49.000 1.7
1592 25 -24.000 -48.000 1.7
1593 71 -24.000 -47.000 1.6
1594 75 -24.000 -46.000 1.6
1595 10 -24.000 -45.000 1.5
1596 77 -24.000 -44.000 1.6
1597 80 -24.000 -43.000 2.0
1598 80 -24.000 -42.000 2.2
1599 80 -24.000 -41.000 2.4
1600 65 -24.000 -40.000 2.6
1601 65 -24.000 -39.000 2.7
1602 68 -24.000 -38.000 2.9
1603 68 -24.000 -37.000 3.0
1604 68 -24.000 -36.000 3.2
1605 76 -24.000 -35.000 3.3
1606 76 -24.000 -34.000 3.4
1607 76 -24.000 -33.000 3.5
1608 66 -24.000 -32.000 3.6
1609 66 -24.000 -31.000 3.7
1610 66 -24.000 -30.000 3.8
1611 28 -25.000 -75.000 4.2
1612 29 -25.000 -74.000 4.2
1613 29 -25.000 -73.000 4.2
1614 1 -25.000 -72.000 4.1
1615 1 -25.000 -71.000 4.1
1616 40 -25.000 -70.000 4.0
1617 40 -25.000 -69.000 4.0
1618 40 -25.000 -68.000 3.9
1619 40 -25.000 -67.000 3.9
1620 40 -25.000 -66.000 3.8
1621 40 -25.000 -65.000 3.8
1622 40 -25.000 -64.000 3.7
1623 24 -25.000 -63.000 3.6
1624 24 -25.000 -62.000 3.6
1625 24 -25.000 -61.000 3.5
1626 24 -25.000 -60.000 3.3
1627 24 -25.000 -59.000 3.2
1628 24 -25.000 -58.000 3.1
1629 13 -25.000 -57.000 2.9
1630 12 -25.000 -56.000 2.8
1631 12 -25.000 -55.000 2.6
1632 12 -25.000 -54.000 2.4
1633 12 -25.000 -53.000 2.2
1634 24 -25.000 -52.000 2.2
1635 11 -25.000 -51.000 2.1
1636 71 -25.000 -50.000 1.9
1637 75 -25.000 -49.000 1.9
1638 75 -25.000 -48.000 1.4
1639 79 -25.000 -47.000 2.0
1640 77 -25.000 -46.000 2.0
1641 10 -25.000 -45.000 2.1
1642 73 -25.000 -44.000 2.1
1643 77 -25.000 -43.000 2.3
1644 10 -25.000 -42.000 2.5
1645 73 -25.000 -41.000 2.6
1646 80 -25.000 -40.000 2.8
1647 65 -25.000 -39.000 2.9
1648 65 -25.000 -38.000 3.0
1649 68 -25.000 -37.000 3.1
1650 68 -25.000 -36.000 3.3
1651 68 -25.000 -35.000 3.4
1652 76 -25.000 -34.000 3.5
1653 76 -25.000 -33.000 3.6
1654 76 -25.000 -32.000 3.6
1655 76 -25.000 -31.000 3.7
1656 76 -25.000 -30.000 3.8
1657 29 -26.000 -75.000 4.3
1658 1 -26.000 -74.000 4.3
1659 1 -26.000 -73.000 4.2
1660 40 -26.000 -72.000 4.2
1661 40 -26.000 -71.000 4.1
1662 40 -26.000 -70.000 4.1
1663 40 -26.000 -69.000 4.0
1664 40 -26.000 -68.000 4.0
1665 8 -26.000 -67.000 3.9
1666 8 -26.000 -66.000 3.9
1667 8 -26.000 -65.000 3.8
1668 8 -26.000 -64.000 3.7
1669 8 -26.000 -63.000 3.6
1670 8 -26.000 -62.000 3.5
1671 8 -26.000 -61.000 3.5
1672 12 -26.000 -60.000 3.3
1673 1 -26.000 -59.000 3.2
1674 21 -26.000 -58.000 3.1
1675 21 -26.000 -57.000 2.9
1676 21 -26.000 -56.000 2.7
1677 24 -26.000 -55.000 2.7
1678 24 -26.000 -54.000 2.6
1679 24 -26.000 -53.000 2.5
1680 79 -26.000 -52.000 2.4
1681 79 -26.000 -51.000 2.0
1682 71 -26.000 -50.000 2.1
1683 71 -26.000 -49.000 1.7
1684 72 -26.000 -48.000 1.9
1685 79 -26.000 -47.000 2.0
1686 15 -26.000 -46.000 2.4
1687 15 -26.000 -45.000 2.4
1688 15 -26.000 -44.000 2.5
1689 77 -26.000 -43.000 2.6
1690 77 -26.000 -42.000 2.8
1691 66 -26.000 -41.000 2.8
1692 73 -26.000 -40.000 2.9
1693 73 -26.000 -39.000 3.1
1694 65 -26.000 -38.000 3.2
1695 65 -26.000 -37.000 3.2
1696 68 -26.000 -36.000 3.3
1697 68 -26.000 -35.000 3.4
1698 68 -26.000 -34.000 3.5
1699 68 -26.000 -33.000 3.6
1700 76 -26.000 -32.000 3.7
1701 76 -26.000 -31.000 3.8
1702 76 -26.000 -30.000 3.8
1703 1 -27.000 -75.000 4.3
1704 40 -27.000 -74.000 4.3
1705 40 -27.000 -73.000 4.2
1706 8 -27.000 -72.000 4.2
1707 8 -27.000 -71.000 4.1
1708 8 -27.000 -70.000 4.1
1709 8 -27.000 -69.000 4.0
1710 8 -27.000 -68.000 4.0
1711 8 -27.000 -67.000 3.9
1712 8 -27.000 -66.000 3.8
1713 1 -27.000 -65.000 3.8
1714 1 -27.000 -64.000 3.7
1715 1 -27.000 -63.000 3.6
1716 1 -27.000 -62.000 3.5
1717 12 -27.000 -61.000 3.4
1718 12 -27.000 -60.000 3.3
1719 12 -27.000 -59.000 3.2
1720 8 -27.000 -58.000 3.0
1721 8 -27.000 -57.000 2.9
1722 8 -27.000 -56.000 2.8
1723 21 -27.000 -55.000 2.6
1724 8 -27.000 -54.000 2.6
1725 7 -27.000 -53.000 2.5
1726 7 -27.000 -52.000 2.3
1727 78 -27.000 -51.000 2.2
1728 79 -27.000 -50.000 2.0
1729 79 -27.000 -49.000 1.9
1730 79 -27.000 -48.000 2.0
1731 78 -27.000 -47.000 2.3
1732 75 -27.000 -46.000 2.5
1733 72 -27.000 -45.000 2.7
1734 10 -27.000 -44.000 2.8
1735 73 -27.000 -43.000 2.8
1736 77 -27.000 -42.000 2.9
1737 68 -27.000 -41.000 3.0
1738 73 -27.000 -40.000 3.1
1739 73 -27.000 -39.000 3.2
1740 73 -27.000 -38.000 3.3
1741 65 -27.000 -37.000 3.4
1742 65 -27.000 -36.000 3.4
1743 68 -27.000 -35.000 3.5
1744 68 -27.000 -34.000 3.6
1745 68 -27.000 -33.000 3.7
1746 68 -27.000 -32.000 3.7
1747 68 -27.000 -31.000 3.8
1748 76 -27.000 -30.000 3.9
1749 8 -28.000 -75.000 4.3
1750 8 -28.000 -74.000 4.3
1751 8 -28.000 -73.000 4.2
1752 18 -28.000 -72.000 4.2
1753 18 -28.000 -71.000 4.1
1754 18 -28.000 -70.000 4.1
1755 18 -28.000 -69.000 4.0
1756 18 -28.000 -68.000 3.9
1757 18 -28.000 -67.000 3.9
1758 18 -28.000 -66.000 3.8
1759 18 -28.000 -65.000 3.7
1760 18 -28.000 -64.000 3.7
1761 18 -28.000 -63.000 3.6
1762 18 -28.000 -62.000 3.5
1763 18 -28.000 -61.000 3.4
1764 18 -28.000 -60.000 3.3
1765 18 -28.000 -59.000 3.2
1766 12 -28.000 -58.000 3.0
1767 12 -28.000 -57.000 2.9
1768 12 -28.000 -56.000 2.6
1769 8 -28.000 -55.000 2.4
1770 13 -28.000 -54.000 2.4
1771 8 -28.000 -53.000 2.3
1772 78 -28.000 -52.000 2.3
1773 78 -28.000 -51.000 1.9
1774 7 -28.000 -50.000 1.8
1775 7 -28.000 -49.000 2.1
1776 79 -28.000 -48.000 2.4
1777 79 -28.000 -47.000 2.5
1778 71 -28.000 -46.000 2.7
1779 71 -28.000 -45.000 2.8
1780 75 -28.000 -44.000 2.9
1781 73 -28.000 -43.000 3.0
1782 77 -28.000 -42.000 3.1
1783 77 -28.000 -41.000 3.2
1784 66 -28.000 -40.000 3.2
1785 73 -28.000 -39.000 3.3
1786 73 -28.000 -38.000 3.4
1787 73 -28.000 -37.000 3.5
1788 65 -28.000 -36.000 3.5
1789 65 -28.000 -35.000 3.6
1790 68 -28.000 -34.000 3.6
1791 68 -28.000 -33.000 3.7
1792 68 -28.000 -32.000 3.8
1793 68 -28.000 -31.000 3.9
1794 68 -28.000 -30.000 3.9
1795 8 -29.000 -75.000 4.3
1796 8 -29.000 -74.000 4.3
1797 8 -29.000 -73.000 4.2
1798 8 -29.000 -72.000 4.2
1799 8 -29.000 -71.000 4.1
1800 8 -29.000 -70.000 4.0
1801 8 -29.000 -69.000 4.0
1802 8 -29.000 -68.000 3.9
1803 18 -29.000 -67.000 3.9
1804 18 -29.000 -66.000 3.8
1805 18 -29.000 -65.000 3.7
1806 18 -29.000 -64.000 3.6
1807 18 -29.000 -63.000 3.5
1808 18 -29.000 -62.000 3.4
1809 18 -29.000 -61.000 3.3
1810 18 -29.000 -60.000 3.2
1811 18 -29.000 -59.000 3.1
1812 18 -29.000 -58.000 2.9
1813 18 -29.000 -57.000 2.8
1814 18 -29.000 -56.000 2.6
1815 18 -29.000 -55.000 2.5
1816 12 -29.000 -54.000 2.3
1817 12 -29.000 -53.000 2.0
1818 8 -29.000 -52.000 2.0
1819 12 -29.000 -51.000 2.1
1820 72 -29.000 -50.000 2.0
1821 7 -29.000 -49.000 1.9
1822 7 -29.000 -48.000 2.3
1823 7 -29.000 -47.000 2.6
1824 7 -29.000 -46.000 2.8
1825 71 -29.000 -45.000 3.0
1826 75 -29.000 -44.000 3.1
1827 77 -29.000 -43.000 3.2
1828 10 -29.000 -42.000 3.2
1829 77 -29.000 -41.000 3.3
1830 68 -29.000 -40.000 3.4
1831 73 -29.000 -39.000 3.4
1832 73 -29.000 -38.000 3.5
1833 73 -29.000 -37.000 3.5
1834 65 -29.000 -36.000 3.6
1835 65 -29.000 -35.000 3.7
1836 65 -29.000 -34.000 3.7
1837 65 -29.000 -33.000 3.8
1838 68 -29.000 -32.000 3.8
1839 68 -29.000 -31.000 3.9
1840 68 -29.000 -30.000 4.0
1841 8 -30.000 -75.000 4.3
1842 8 -30.000 -74.000 4.3
1843 8 -30.000 -73.000 4.2
1844 8 -30.000 -72.000 4.2
1845 8 -30.000 -71.000 4.1
1846 8 -30.000 -70.000 4.0
1847 8 -30.000 -69.000 4.0
1848 8 -30.000 -68.000 3.9
1849 8 -30.000 -67.000 3.8
1850 8 -30.000 -66.000 3.8
1851 8 -30.000 -65.000 3.7
1852 8 -30.000 -64.000 3.6
1853 8 -30.000 -63.000 3.5
1854 18 -30.000 -62.000 3.4
1855 18 -30.000 -61.000 3.3
1856 18 -30.000 -60.000 3.1
1857 18 -30.000 -59.000 3.0
1858 18 -30.000 -58.000 2.8
1859 18 -30.000 -57.000 2.6
1860 18 -30.000 -56.000 2.4
1861 18 -30.000 -55.000 2.1
1862 13 -30.000 -54.000 2.2
1863 7 -30.000 -53.000 2.1
1864 18 -30.000 -52.000 2.2
1865 78 -30.000 -51.000 2.2
1866 72 -30.000 -50.000 2.4
1867 72 -30.000 -49.000 2.3
1868 72 -30.000 -48.000 2.4
1869 7 -30.000 -47.000 2.6
1870 7 -30.000 -46.000 2.8
1871 7 -30.000 -45.000 3.0
1872 7 -30.000 -44.000 3.2
1873 7 -30.000 -43.000 3.3
1874 77 -30.000 -42.000 3.4
1875 73 -30.000 -41.000 3.4
1876 78 -30.000 -40.000 3.5
1877 10 -30.000 -39.000 3.5
1878 73 -30.000 -38.000 3.6
1879 73 -30.000 -37.000 3.6
1880 73 -30.000 -36.000 3.7
1881 65 -30.000 -35.000 3.8
1882 65 -30.000 -34.000 3.8
1883 65 -30.000 -33.000 3.8
1884 65 -30.000 -32.000 3.9
1885 68 -30.000 -31.000 3.9
1886 68 -30.000 -30.000 4.0
1887 8 -31.000 -75.000 4.3
1888 8 -31.000 -74.000 4.3
1889 8 -31.000 -73.000 4.2
1890 8 -31.000 -72.000 4.2
1891 8 -31.000 -71.000 4.1
1892 8 -31.000 -70.000 4.0
1893 8 -31.000 -69.000 4.0
1894 8 -31.000 -68.000 3.9
1895 8 -31.000 -67.000 3.8
1896 8 -31.000 -66.000 3.8
1897 8 -31.000 -65.000 3.7
1898 8 -31.000 -64.000 3.6
1899 8 -31.000 -63.000 3.5
1900 8 -31.000 -62.000 3.4
1901 8 -31.000 -61.000 3.3
1902 8 -31.000 -60.000 3.1
1903 8 -31.000 -59.000 3.0
1904 8 -31.000 -58.000 2.8
1905 8 -31.000 -57.000 2.5
1906 8 -31.000 -56.000 2.2
1907 13 -31.000 -55.000 2.0
1908 13 -31.000 -54.000 2.4
1909 7 -31.000 -53.000 2.3
1910 7 -31.000 -52.000 2.0
1911 18 -31.000 -51.000 2.2
1912 8 -31.000 -50.000 2.5
1913 72 -31.000 -49.000 2.7
1914 72 -31.000 -48.000 2.7
1915 72 -31.000 -47.000 2.8
1916 7 -31.000 -46.000 2.9
1917 7 -31.000 -45.000 3.0
1918 7 -31.000 -44.000 3.2
1919 7 -31.000 -43.000 3.3
1920 7 -31.000 -42.000 3.4
1921 77 -31.000 -41.000 3.5
1922 73 -31.000 -40.000 3.6
1923 10 -31.000 -39.000 3.6
1924 66 -31.000 -38.000 3.6
1925 73 -31.000 -37.000 3.7
1926 73 -31.000 -36.000 3.8
1927 73 -31.000 -35.000 3.8
1928 65 -31.000 -34.000 3.9
1929 65 -31.000 -33.000 3.9
1930 65 -31.000 -32.000 3.9
1931 65 -31.000 -31.000 4.0
1932 68 -31.000 -30.000 4.0
1933 8 -32.000 -75.000 4.3
1934 8 -32.000 -74.000 4.3
1935 8 -32.000 -73.000 4.2
1936 8 -32.000 -72.000 4.2
1937 8 -32.000 -71.000 4.1
1938 8 -32.000 -70.000 4.0
1939 8 -32.000 -69.000 4.0
1940 8 -32.000 -68.000 3.9
1941 8 -32.000 -67.000 3.8
1942 8 -32.000 -66.000 3.8
1943 8 -32.000 -65.000 3.7
1944 8 -32.000 -64.000 3.6
1945 8 -32.000 -63.000 3.5
1946 8 -32.000 -62.000 3.4
1947 8 -32.000 -61.000 3.3
1948 8 -32.000 -60.000 3.1
1949 8 -32.000 -59.000 3.0
1950 8 -32.000 -58.000 2.8
1951 8 -32.000 -57.000 2.6
1952 8 -32.000 -56.000 2.4
1953 13 -32.000 -55.000 2.4
1954 13 -32.000 -54.000 2.6
1955 7 -32.000 -53.000 2.6
1956 7 -32.000 -52.000 2.4
1957 7 -32.000 -51.000 2.4
1958 8 -32.000 -50.000 2.6
1959 18 -32.000 -49.000 2.7
1960 72 -32.000 -48.000 2.9
1961 72 -32.000 -47.000 3.0
1962 72 -32.000 -46.000 3.0
1963 72 -32.000 -45.000 3.1
1964 7 -32.000 -44.000 3.3
1965 7 -32.000 -43.000 3.4
1966 7 -32.000 -42.000 3.5
1967 7 -32.000 -41.000 3.6
1968 7 -32.000 -40.000 3.6
1969 73 -32.000 -39.000 3.7
1970 72 -32.000 -38.000 3.7
1971 73 -32.000 -37.000 3.8
1972 73 -32.000 -36.000 3.8
1973 73 -32.000 -35.000 3.9
1974 73 -32.000 -34.000 3.9
1975 65 -32.000 -33.000 4.0
1976 65 -32.000 -32.000 4.0
1977 65 -32.000 -31.000 4.0
1978 65 -32.000 -30.000 4.1
1979 8 -33.000 -75.000 4.3
1980 8 -33.000 -74.000 4.3
1981 8 -33.000 -73.000 4.2
1982 8 -33.000 -72.000 4.2
1983 8 -33.000 -71.000 4.1
1984 8 -33.000 -70.000 4.0
1985 8 -33.000 -69.000 4.0
1986 8 -33.000 -68.000 3.9
1987 8 -33.000 -67.000 3.9
1988 8 -33.000 -66.000 3.8
1989 8 -33.000 -65.000 3.7
1990 8 -33.000 -64.000 3.6
1991 8 -33.000 -63.000 3.5
1992 8 -33.000 -62.000 3.4
1993 8 -33.000 -61.000 3.3
1994 8 -33.000 -60.000 3.2
1995 8 -33.000 -59.000 3.1
1996 8 -33.000 -58.000 2.9
1997 8 -33.000 -57.000 2.8
1998 8 -33.000 -56.000 2.6
1999 13 -33.000 -55.000 2.7
2000 13 -33.000 -54.000 2.8
2001 7 -33.000 -53.000 2.8
2002 7 -33.000 -52.000 2.7
2003 7 -33.000 -51.000 2.7
2004 8 -33.000 -50.000 2.7
2005 78 -33.000 -49.000 2.9
2006 18 -33.000 -48.000 3.0
2007 18 -33.000 -47.000 3.1
2008 72 -33.000 -46.000 3.2
2009 72 -33.000 -45.000 3.3
2010 72 -33.000 -44.000 3.3
2011 7 -33.000 -43.000 3.4
2012 7 -33.000 -42.000 3.5
2013 7 -33.000 -41.000 3.6
2014 7 -33.000 -40.000 3.7
2015 7 -33.000 -39.000 3.8
2016 73 -33.000 -38.000 3.8
2017 73 -33.000 -37.000 3.9
2018 68 -33.000 -36.000 3.9
2019 73 -33.000 -35.000 3.9
2020 73 -33.000 -34.000 4.0
2021 73 -33.000 -33.000 4.0
2022 65 -33.000 -32.000 4.1
2023 65 -33.000 -31.000 4.1
2024 65 -33.000 -30.000 4.1
2025 8 -34.000 -75.000 4.3
2026 8 -34.000 -74.000 4.3
2027 8 -34.000 -73.000 4.2
2028 8 -34.000 -72.000 4.2
2029 8 -34.000 -71.000 4.1
2030 8 -34.000 -70.000 4.0
2031 8 -34.000 -69.000 4.0
2032 8 -34.000 -68.000 3.9
2033 8 -34.000 -67.000 3.9
2034 8 -34.000 -66.000 3.8
2035 8 -34.000 -65.000 3.7
2036 8 -34.000 -64.000 3.6
2037 8 -34.000 -63.000 3.6
2038 8 -34.000 -62.000 3.5
2039 8 -34.000 -61.000 3.4
2040 8 -34.000 -60.000 3.3
2041 8 -34.000 -59.000 3.2
2042 8 -34.000 -58.000 3.0
2043 8 -34.000 -57.000 2.9
2044 13 -34.000 -56.000 2.9
2045 13 -34.000 -55.000 2.9
2046 13 -34.000 -54.000 3.0
2047 7 -34.000 -53.000 3.0
2048 7 -34.000 -52.000 2.9
2049 7 -34.000 -51.000 2.9
2050 7 -34.000 -50.000 2.9
2051 8 -34.000 -49.000 3.0
2052 78 -34.000 -48.000 3.1
2053 18 -34.000 -47.000 3.2
2054 18 -34.000 -46.000 3.3
2055 72 -34.000 -45.000 3.4
2056 72 -34.000 -44.000 3.4
2057 72 -34.000 -43.000 3.5
2058 72 -34.000 -42.000 3.6
2059 7 -34.000 -41.000 3.6
2060 7 -34.000 -40.000 3.7
2061 7 -34.000 -39.000 3.8
2062 7 -34.000 -38.000 3.9
2063 7 -34.000 -37.000 3.9
2064 73 -34.000 -36.000 4.0
2065 68 -34.000 -35.000 4.0
2066 78 -34.000 -34.000 4.0
2067 73 -34.000 -33.000 4.1
2068 73 -34.000 -32.000 4.1
2069 73 -34.000 -31.000 4.1
2070 65 -34.000 -30.000 4.2
2071 8 -35.000 -75.000 4.3
2072 8 -35.000 -74.000 4.3
2073 8 -35.000 -73.000 4.2
2074 8 -35.000 -72.000 4.2
2075 8 -35.000 -71.000 4.1
2076 8 -35.000 -70.000 4.1
2077 8 -35.000 -69.000 4.0
2078 8 -35.000 -68.000 4.0
2079 8 -35.000 -67.000 3.9
2080 8 -35.000 -66.000 3.8
2081 8 -35.000 -65.000 3.8
2082 8 -35.000 -64.000 3.7
2083 8 -35.000 -63.000 3.6
2084 8 -35.000 -62.000 3.5
2085 8 -35.000 -61.000 3.4
2086 8 -35.000 -60.000 3.4
2087 8 -35.000 -59.000 3.3
2088 8 -35.000 -58.000 3.2
2089 8 -35.000 -57.000 3.1
2090 13 -35.000 -56.000 3.1
2091 13 -35.000 -55.000 3.1
2092 13 -35.000 -54.000 3.1
2093 7 -35.000 -53.000 3.2
2094 7 -35.000 -52.000 3.1
2095 7 -35.000 -51.000 3.1
2096 7 -35.000 -50.000 3.1
2097 8 -35.000 -49.000 3.2
2098 8 -35.000 -48.000 3.3
2099 78 -35.000 -47.000 3.3
2100 18 -35.000 -46.000 3.3
2101 18 -35.000 -45.000 3.4
2102 18 -35.000 -44.000 3.5
2103 72 -35.000 -43.000 3.6
2104 72 -35.000 -42.000 3.6
2105 72 -35.000 -41.000 3.7
2106 72 -35.000 -40.000 3.8
2107 7 -35.000 -39.000 3.8
2108 7 -35.000 -38.000 3.9
2109 7 -35.000 -37.000 3.9
2110 7 -35.000 -36.000 4.0
2111 66 -35.000 -35.000 4.0
2112 68 -35.000 -34.000 4.1
2113 68 -35.000 -33.000 4.1
2114 78 -35.000 -32.000 4.1
2115 73 -35.000 -31.000 4.2
2116 73 -35.000 -30.000 4.2
