1 34 10.000 -75.000 4.5
2 34 10.000 -74.000 4.5
3 34 10.000 -73.000 4.5
4 34 10.000 -72.000 4.4
5 34 10.000 -71.000 4.4
6 29 10.000 -70.000 4.4
7 31 10.000 -69.000 4.3
8 31 10.000 -68.000 4.3
9 31 10.000 -67.000 4.3
10 31 10.000 -66.000 4.3
11 31 10.000 -65.000 4.2
12 31 10.000 -64.000 4.2
13 31 10.000 -63.000 4.2
14 46 10.000 -62.000 4.2
15 46 10.000 -61.000 4.2
16 47 10.000 -60.000 4.2
17 47 10.000 -59.000 4.2
18 47 10.000 -58.000 4.1
19 47 10.000 -57.000 4.1
20 47 10.000 -56.000 4.1
21 31 10.000 -55.000 4.0
22 33 10.000 -54.000 4.1
23 33 10.000 -53.000 4.1
24 41 10.000 -52.000 4.1
25 31 10.000 -51.000 4.1
26 31 10.000 -50.000 4.1
27 31 10.000 -49.000 4.1
28 57 10.000 -48.000 4.1
29 61 10.000 -47.000 4.1
30 61 10.000 -46.000 4.1
31 34 10.000 -45.000 4.1
32 51 10.000 -44.000 4.1
33 51 10.000 -43.000 4.1
34 51 10.000 -42.000 4.1
35 36 10.000 -41.000 4.1
36 59 10.000 -40.000 4.1
37 59 10.000 -39.000 4.1
38 58 10.000 -38.000 4.1
39 59 10.000 -37.000 4.1
40 59 10.000 -36.000 4.2
41 59 10.000 -35.000 4.2
42 62 10.000 -34.000 4.2
43 59 10.000 -33.000 4.2
44 59 10.000 -32.000 4.2
45 61 10.000 -31.000 4.3
46 61 10.000 -30.000 4.3
47 34 9.000 -75.000 4.5
48 34 9.000 -74.000 4.5
49 34 9.000 -73.000 4.5
50 34 9.000 -72.000 4.4
51 34 9.000 -71.000 4.4
52 29 9.000 -70.000 4.3
53 31 9.000 -69.000 4.3
54 31 9.000 -68.000 4.3
55 36 9.000 -67.000 4.2
56 31 9.000 -66.000 4.2
57 31 9.000 -65.000 4.2
58 31 9.000 -64.000 4.1
59 31 9.000 -63.000 4.1
60 46 9.000 -62.000 4.1
61 46 9.000 -61.000 4.1
62 47 9.000 -60.000 4.2
63 47 9.000 -59.000 4.1
64 47 9.000 -58.000 4.1
65 47 9.000 -57.000 4.0
66 47 9.000 -56.000 4.0
67 33 9.000 -55.000 4.0
68 33 9.000 -54.000 4.0
69 33 9.000 -53.000 4.0
70 41 9.000 -52.000 4.0
71 31 9.000 -51.000 4.0
72 31 9.000 -50.000 4.0
73 31 9.000 -49.000 4.1
74 57 9.000 -48.000 4.1
75 61 9.000 -47.000 4.0
76 61 9.000 -46.000 4.0
77 34 9.000 -45.000 4.0
78 51 9.000 -44.000 4.0
79 51 9.000 -43.000 4.0
80 51 9.000 -42.000 4.0
81 36 9.000 -41.000 4.0
82 59 9.000 -40.000 4.0
83 59 9.000 -39.000 4.1
84 58 9.000 -38.000 4.1
85 59 9.000 -37.000 4.1
86 59 9.000 -36.000 4.1
87 59 9.000 -35.000 4.1
88 59 9.000 -34.000 4.1
89 59 9.000 -33.000 4.2
90 59 9.000 -32.000 4.2
91 61 9.000 -31.000 4.2
92 61 9.000 -30.000 4.2
93 31 8.000 -75.000 4.5
94 34 8.000 -74.000 4.5
95 34 8.000 -73.000 4.4
96 34 8.000 -72.000 4.4
97 34 8.000 -71.000 4.3
98 34 8.000 -70.000 4.3
99 29 8.000 -69.000 4.3
100 31 8.000 -68.000 4.2
101 28 8.000 -67.000 4.2
102 36 8.000 -66.000 4.2
103 31 8.000 -65.000 4.1
104 31 8.000 -64.000 4.1
105 31 8.000 -63.000 4.0
106 46 8.000 -62.000 4.0
107 46 8.000 -61.000 4.1
108 46 8.000 -60.000 4.1
109 47 8.000 -59.000 4.1
110 47 8.000 -58.000 4.0
111 47 8.000 -57.000 4.0
112 47 8.000 -56.000 3.9
113 33 8.000 -55.000 3.9
114 33 8.000 -54.000 3.9
115 33 8.000 -53.000 4.0
116 41 8.000 -52.000 4.0
117 31 8.000 -51.000 4.0
118 31 8.000 -50.000 4.0
119 31 8.000 -49.000 4.0
120 57 8.000 -48.000 4.0
121 61 8.000 -47.000 4.0
122 61 8.000 -46.000 4.0
123 34 8.000 -45.000 4.0
124 51 8.000 -44.000 4.0
125 51 8.000 -43.000 4.0
126 36 8.000 -42.000 4.0
127 59 8.000 -41.000 4.0
128 59 8.000 -40.000 4.0
129 47 8.000 -39.000 4.0
130 58 8.000 -38.000 4.0
131 59 8.000 -37.000 4.0
132 59 8.000 -36.000 4.0
133 59 8.000 -35.000 4.0
134 59 8.000 -34.000 4.1
135 59 8.000 -33.000 4.1
136 61 8.000 -32.000 4.1
137 61 8.000 -31.000 4.2
138 61 8.000 -30.000 4.2
139 31 7.000 -75.000 4.5
140 31 7.000 -74.000 4.4
141 31 7.000 -73.000 4.4
142 34 7.000 -72.000 4.4
143 34 7.000 -71.000 4.3
144 34 7.000 -70.000 4.3
145 34 7.000 -69.000 4.2
146 31 7.000 -68.000 4.2
147 31 7.000 -67.000 4.2
148 36 7.000 -66.000 4.1
149 36 7.000 -65.000 4.1
150 31 7.000 -64.000 4.0
151 31 7.000 -63.000 4.0
152 46 7.000 -62.000 4.0
153 46 7.000 -61.000 4.0
154 37 7.000 -60.000 4.1
155 47 7.000 -59.000 4.0
156 47 7.000 -58.000 4.0
157 47 7.000 -57.000 3.9
158 47 7.000 -56.000 3.9
159 33 7.000 -55.000 3.8
160 33 7.000 -54.000 3.9
161 33 7.000 -53.000 3.9
162 41 7.000 -52.000 3.9
163 31 7.000 -51.000 3.9
164 31 7.000 -50.000 3.9
165 39 7.000 -49.000 4.0
166 61 7.000 -48.000 4.0
167 61 7.000 -47.000 3.9
168 61 7.000 -46.000 3.9
169 34 7.000 -45.000 3.9
170 51 7.000 -44.000 3.9
171 51 7.000 -43.000 3.9
172 36 7.000 -42.000 3.9
173 59 7.000 -41.000 3.9
174 59 7.000 -40.000 3.9
175 58 7.000 -39.000 3.9
176 58 7.000 -38.000 3.9
177 59 7.000 -37.000 3.9
178 59 7.000 -36.000 4.0
179 62 7.000 -35.000 4.0
180 59 7.000 -34.000 4.0
181 61 7.000 -33.000 4.0
182 61 7.000 -32.000 4.1
183 61 7.000 -31.000 4.1
184 55 7.000 -30.000 4.2
185 31 6.000 -75.000 4.5
186 31 6.000 -74.000 4.4
187 31 6.000 -73.000 4.4
188 31 6.000 -72.000 4.3
189 31 6.000 -71.000 4.3
190 34 6.000 -70.000 4.2
191 34 6.000 -69.000 4.2
192 29 6.000 -68.000 4.1
193 31 6.000 -67.000 4.1
194 28 6.000 -66.000 4.1
195 36 6.000 -65.000 4.0
196 36 6.000 -64.000 4.0
197 31 6.000 -63.000 3.9
198 46 6.000 -62.000 3.9
199 46 6.000 -61.000 4.0
200 37 6.000 -60.000 4.0
201 37 6.000 -59.000 4.0
202 47 6.000 -58.000 3.9
203 47 6.000 -57.000 3.9
204 47 6.000 -56.000 3.8
205 47 6.000 -55.000 3.8
206 33 6.000 -54.000 3.8
207 33 6.000 -53.000 3.9
208 41 6.000 -52.000 3.9
209 31 6.000 -51.000 3.8
210 31 6.000 -50.000 3.9
211 39 6.000 -49.000 3.9
212 61 6.000 -48.000 3.9
213 61 6.000 -47.000 3.8
214 34 6.000 -46.000 3.8
215 34 6.000 -45.000 3.9
216 51 6.000 -44.000 3.8
217 51 6.000 -43.000 3.8
218 59 6.000 -42.000 3.8
219 59 6.000 -41.000 3.8
220 47 6.000 -40.000 3.8
221 58 6.000 -39.000 3.9
222 58 6.000 -38.000 3.8
223 59 6.000 -37.000 3.9
224 59 6.000 -36.000 3.9
225 62 6.000 -35.000 3.9
226 59 6.000 -34.000 3.9
227 61 6.000 -33.000 4.0
228 61 6.000 -32.000 4.0
229 55 6.000 -31.000 4.1
230 55 6.000 -30.000 4.1
231 31 5.000 -75.000 4.4
232 31 5.000 -74.000 4.4
233 31 5.000 -73.000 4.3
234 31 5.000 -72.000 4.3
235 31 5.000 -71.000 4.3
236 31 5.000 -70.000 4.2
237 31 5.000 -69.000 4.2
238 34 5.000 -68.000 4.1
239 31 5.000 -67.000 4.1
240 28 5.000 -66.000 4.0
241 36 5.000 -65.000 4.0
242 36 5.000 -64.000 4.0
243 36 5.000 -63.000 3.9
244 46 5.000 -62.000 3.9
245 46 5.000 -61.000 3.9
246 37 5.000 -60.000 3.9
247 37 5.000 -59.000 3.9
248 37 5.000 -58.000 3.9
249 47 5.000 -57.000 3.8
250 47 5.000 -56.000 3.8
251 47 5.000 -55.000 3.7
252 33 5.000 -54.000 3.7
253 33 5.000 -53.000 3.8
254 41 5.000 -52.000 3.8
255 31 5.000 -51.000 3.7
256 31 5.000 -50.000 3.8
257 31 5.000 -49.000 3.8
258 61 5.000 -48.000 3.8
259 61 5.000 -47.000 3.8
260 34 5.000 -46.000 3.8
261 51 5.000 -45.000 3.8
262 51 5.000 -44.000 3.8
263 36 5.000 -43.000 3.7
264 59 5.000 -42.000 3.8
265 59 5.000 -41.000 3.7
266 47 5.000 -40.000 3.8
267 58 5.000 -39.000 3.8
268 58 5.000 -38.000 3.8
269 59 5.000 -37.000 3.8
270 41 5.000 -36.000 3.8
271 59 5.000 -35.000 3.8
272 61 5.000 -34.000 3.9
273 61 5.000 -33.000 3.9
274 61 5.000 -32.000 4.0
275 55 5.000 -31.000 4.0
276 59 5.000 -30.000 4.0
277 31 4.000 -75.000 4.4
278 31 4.000 -74.000 4.4
279 31 4.000 -73.000 4.3
280 31 4.000 -72.000 4.3
281 31 4.000 -71.000 4.2
282 31 4.000 -70.000 4.2
283 31 4.000 -69.000 4.1
284 31 4.000 -68.000 4.1
285 34 4.000 -67.000 4.0
286 28 4.000 -66.000 4.0
287 36 4.000 -65.000 4.0
288 36 4.000 -64.000 3.9
289 36 4.000 -63.000 3.8
290 46 4.000 -62.000 3.8
291 46 4.000 -61.000 3.9
292 37 4.000 -60.000 3.9
293 37 4.000 -59.000 3.8
294 37 4.000 -58.000 3.8
295 47 4.000 -57.000 3.8
296 47 4.000 -56.000 3.7
297 47 4.000 -55.000 3.6
298 33 4.000 -54.000 3.7
299 33 4.000 -53.000 3.7
300 39 4.000 -52.000 3.7
301 41 4.000 -51.000 3.6
302 39 4.000 -50.000 3.7
303 31 4.000 -49.000 3.8
304 61 4.000 -48.000 3.7
305 57 4.000 -47.000 3.7
306 34 4.000 -46.000 3.7
307 51 4.000 -45.000 3.7
308 51 4.000 -44.000 3.7
309 36 4.000 -43.000 3.7
310 59 4.000 -42.000 3.7
311 59 4.000 -41.000 3.6
312 58 4.000 -40.000 3.7
313 58 4.000 -39.000 3.7
314 58 4.000 -38.000 3.7
315 41 4.000 -37.000 3.7
316 62 4.000 -36.000 3.7
317 59 4.000 -35.000 3.7
318 61 4.000 -34.000 3.8
319 61 4.000 -33.000 3.9
320 55 4.000 -32.000 3.9
321 59 4.000 -31.000 3.9
322 59 4.000 -30.000 4.0
323 31 3.000 -75.000 4.4
324 31 3.000 -74.000 4.4
325 31 3.000 -73.000 4.3
326 31 3.000 -72.000 4.3
327 31 3.000 -71.000 4.2
328 31 3.000 -70.000 4.2
329 31 3.000 -69.000 4.1
330 31 3.000 -68.000 4.0
331 31 3.000 -67.000 4.0
332 34 3.000 -66.000 3.9
333 29 3.000 -65.000 3.9
334 36 3.000 -64.000 3.9
335 36 3.000 -63.000 3.8
336 46 3.000 -62.000 3.8
337 46 3.000 -61.000 3.8
338 37 3.000 -60.000 3.8
339 37 3.000 -59.000 3.8
340 37 3.000 -58.000 3.7
341 37 3.000 -57.000 3.7
342 47 3.000 -56.000 3.6
343 47 3.000 -55.000 3.5
344 33 3.000 -54.000 3.6
345 39 3.000 -53.000 3.6
346 39 3.000 -52.000 3.6
347 39 3.000 -51.000 3.6
348 31 3.000 -50.000 3.6
349 31 3.000 -49.000 3.7
350 61 3.000 -48.000 3.7
351 57 3.000 -47.000 3.6
352 34 3.000 -46.000 3.6
353 51 3.000 -45.000 3.7
354 51 3.000 -44.000 3.6
355 59 3.000 -43.000 3.6
356 59 3.000 -42.000 3.6
357 47 3.000 -41.000 3.6
358 58 3.000 -40.000 3.6
359 58 3.000 -39.000 3.6
360 58 3.000 -38.000 3.5
361 41 3.000 -37.000 3.6
362 62 3.000 -36.000 3.6
363 61 3.000 -35.000 3.7
364 61 3.000 -34.000 3.7
365 55 3.000 -33.000 3.8
366 55 3.000 -32.000 3.8
367 59 3.000 -31.000 3.9
368 50 3.000 -30.000 3.9
369 31 2.000 -75.000 4.4
370 31 2.000 -74.000 4.3
371 31 2.000 -73.000 4.3
372 31 2.000 -72.000 4.2
373 31 2.000 -71.000 4.2
374 31 2.000 -70.000 4.1
375 31 2.000 -69.000 4.1
376 31 2.000 -68.000 4.0
377 31 2.000 -67.000 3.9
378 31 2.000 -66.000 3.9
379 29 2.000 -65.000 3.9
380 29 2.000 -64.000 3.9
381 36 2.000 -63.000 3.8
382 36 2.000 -62.000 3.7
383 37 2.000 -61.000 3.7
384 37 2.000 -60.000 3.7
385 37 2.000 -59.000 3.6
386 37 2.000 -58.000 3.6
387 37 2.000 -57.000 3.6
388 47 2.000 -56.000 3.6
389 47 2.000 -55.000 3.5
390 33 2.000 -54.000 3.5
391 39 2.000 -53.000 3.5
392 27 2.000 -52.000 3.5
393 41 2.000 -51.000 3.5
394 31 2.000 -50.000 3.5
395 31 2.000 -49.000 3.6
396 61 2.000 -48.000 3.6
397 39 2.000 -47.000 3.5
398 39 2.000 -46.000 3.6
399 51 2.000 -45.000 3.6
400 51 2.000 -44.000 3.5
401 59 2.000 -43.000 3.5
402 59 2.000 -42.000 3.5
403 47 2.000 -41.000 3.5
404 58 2.000 -40.000 3.5
405 58 2.000 -39.000 3.5
406 41 2.000 -38.000 3.4
407 62 2.000 -37.000 3.5
408 62 2.000 -36.000 3.5
409 61 2.000 -35.000 3.6
410 61 2.000 -34.000 3.7
411 55 2.000 -33.000 3.7
412 59 2.000 -32.000 3.8
413 50 2.000 -31.000 3.8
414 63 2.000 -30.000 3.9
415 31 1.000 -75.000 4.4
416 31 1.000 -74.000 4.3
417 31 1.000 -73.000 4.3
418 31 1.000 -72.000 4.2
419 31 1.000 -71.000 4.2
420 31 1.000 -70.000 4.1
421 31 1.000 -69.000 4.0
422 31 1.000 -68.000 4.0
423 31 1.000 -67.000 3.9
424 31 1.000 -66.000 3.8
425 34 1.000 -65.000 3.8
426 29 1.000 -64.000 3.8
427 36 1.000 -63.000 3.8
428 36 1.000 -62.000 3.7
429 37 1.000 -61.000 3.7
430 37 1.000 -60.000 3.6
431 37 1.000 -59.000 3.6
432 37 1.000 -58.000 3.5
433 37 1.000 -57.000 3.5
434 37 1.000 -56.000 3.5
435 47 1.000 -55.000 3.4
436 33 1.000 -54.000 3.4
437 39 1.000 -53.000 3.4
438 27 1.000 -52.000 3.5
439 41 1.000 -51.000 3.4
440 31 1.000 -50.000 3.4
441 31 1.000 -49.000 3.5
442 61 1.000 -48.000 3.5
443 34 1.000 -47.000 3.4
444 39 1.000 -46.000 3.5
445 59 1.000 -45.000 3.5
446 59 1.000 -44.000 3.4
447 59 1.000 -43.000 3.4
448 59 1.000 -42.000 3.3
449 58 1.000 -41.000 3.4
450 58 1.000 -40.000 3.4
451 58 1.000 -39.000 3.3
452 41 1.000 -38.000 3.4
453 62 1.000 -37.000 3.4
454 61 1.000 -36.000 3.4
455 61 1.000 -35.000 3.5
456 55 1.000 -34.000 3.6
457 59 1.000 -33.000 3.6
458 59 1.000 -32.000 3.7
459 50 1.000 -31.000 3.7
460 63 1.000 -30.000 3.8
461 48 0.000 -75.000 4.3
462 31 0.000 -74.000 4.3
463 31 0.000 -73.000 4.3
464 31 0.000 -72.000 4.2
465 31 0.000 -71.000 4.1
466 31 0.000 -70.000 4.1
467 31 0.000 -69.000 4.0
468 31 0.000 -68.000 3.9
469 31 0.000 -67.000 3.9
470 31 0.000 -66.000 3.8
471 34 0.000 -65.000 3.8
472 29 0.000 -64.000 3.7
473 29 0.000 -63.000 3.7
474 37 0.000 -62.000 3.6
475 37 0.000 -61.000 3.6
476 37 0.000 -60.000 3.5
477 37 0.000 -59.000 3.5
478 37 0.000 -58.000 3.4
479 37 0.000 -57.000 3.4
480 37 0.000 -56.000 3.3
481 37 0.000 -55.000 3.3
482 37 0.000 -54.000 3.4
483 37 0.000 -53.000 3.4
484 37 0.000 -52.000 3.4
485 41 0.000 -51.000 3.4
486 31 0.000 -50.000 3.4
487 31 0.000 -49.000 3.5
488 61 0.000 -48.000 3.4
489 34 0.000 -47.000 3.4
490 39 0.000 -46.000 3.4
491 59 0.000 -45.000 3.4
492 51 0.000 -44.000 3.3
493 59 0.000 -43.000 3.3
494 47 0.000 -42.000 3.3
495 58 0.000 -41.000 3.3
496 58 0.000 -40.000 3.2
497 58 0.000 -39.000 3.2
498 41 0.000 -38.000 3.3
499 62 0.000 -37.000 3.3
500 61 0.000 -36.000 3.3
501 55 0.000 -35.000 3.4
502 55 0.000 -34.000 3.5
503 59 0.000 -33.000 3.5
504 50 0.000 -32.000 3.6
505 57 0.000 -31.000 3.6
506 50 0.000 -30.000 3.7
507 48 -1.000 -75.000 4.3
508 48 -1.000 -74.000 4.3
509 48 -1.000 -73.000 4.2
510 31 -1.000 -72.000 4.2
511 31 -1.000 -71.000 4.1
512 31 -1.000 -70.000 4.1
513 31 -1.000 -69.000 4.0
514 31 -1.000 -68.000 3.9
515 31 -1.000 -67.000 3.8
516 31 -1.000 -66.000 3.8
517 28 -1.000 -65.000 3.7
518 34 -1.000 -64.000 3.7
519 29 -1.000 -63.000 3.6
520 37 -1.000 -62.000 3.6
521 36 -1.000 -61.000 3.6
522 36 -1.000 -60.000 3.5
523 37 -1.000 -59.000 3.3
524 37 -1.000 -58.000 3.3
525 37 -1.000 -57.000 3.2
526 37 -1.000 -56.000 3.2
527 27 -1.000 -55.000 3.3
528 39 -1.000 -54.000 3.3
529 37 -1.000 -53.000 3.3
530 37 -1.000 -52.000 3.3
531 41 -1.000 -51.000 3.3
532 31 -1.000 -50.000 3.3
533 31 -1.000 -49.000 3.4
534 61 -1.000 -48.000 3.4
535 34 -1.000 -47.000 3.4
536 39 -1.000 -46.000 3.2
537 59 -1.000 -45.000 3.3
538 51 -1.000 -44.000 3.3
539 51 -1.000 -43.000 3.1
540 47 -1.000 -42.000 3.2
541 58 -1.000 -41.000 3.2
542 58 -1.000 -40.000 3.1
543 41 -1.000 -39.000 3.1
544 62 -1.000 -38.000 3.2
545 62 -1.000 -37.000 3.1
546 61 -1.000 -36.000 3.2
547 55 -1.000 -35.000 3.3
548 59 -1.000 -34.000 3.4
549 50 -1.000 -33.000 3.4
550 63 -1.000 -32.000 3.5
551 50 -1.000 -31.000 3.5
552 55 -1.000 -30.000 3.6
553 48 -2.000 -75.000 4.3
554 48 -2.000 -74.000 4.2
555 48 -2.000 -73.000 4.2
556 48 -2.000 -72.000 4.2
557 48 -2.000 -71.000 4.1
558 31 -2.000 -70.000 4.0
559 31 -2.000 -69.000 4.0
560 31 -2.000 -68.000 3.9
561 31 -2.000 -67.000 3.8
562 31 -2.000 -66.000 3.7
563 28 -2.000 -65.000 3.6
564 34 -2.000 -64.000 3.6
565 34 -2.000 -63.000 3.5
566 37 -2.000 -62.000 3.5
567 36 -2.000 -61.000 3.6
568 36 -2.000 -60.000 3.5
569 36 -2.000 -59.000 3.3
570 36 -2.000 -58.000 3.2
571 27 -2.000 -57.000 3.1
572 27 -2.000 -56.000 3.2
573 39 -2.000 -55.000 3.3
574 47 -2.000 -54.000 3.2
575 37 -2.000 -53.000 3.1
576 37 -2.000 -52.000 3.2
577 37 -2.000 -51.000 3.3
578 31 -2.000 -50.000 3.2
579 44 -2.000 -49.000 3.3
580 44 -2.000 -48.000 3.3
581 44 -2.000 -47.000 3.3
582 36 -2.000 -46.000 3.2
583 59 -2.000 -45.000 3.2
584 51 -2.000 -44.000 3.2
585 51 -2.000 -43.000 3.0
586 47 -2.000 -42.000 3.2
587 58 -2.000 -41.000 3.1
588 58 -2.000 -40.000 2.9
589 41 -2.000 -39.000 3.0
590 62 -2.000 -38.000 3.0
591 61 -2.000 -37.000 3.0
592 55 -2.000 -36.000 3.1
593 59 -2.000 -35.000 3.1
594 50 -2.000 -34.000 3.3
595 63 -2.000 -33.000 3.3
596 50 -2.000 -32.000 3.4
597 55 -2.000 -31.000 3.5
598 55 -2.000 -30.000 3.5
599 48 -3.000 -75.000 4.3
600 48 -3.000 -74.000 4.2
601 48 -3.000 -73.000 4.2
602 48 -3.000 -72.000 4.1
603 48 -3.000 -71.000 4.1
604 48 -3.000 -70.000 4.0
605 48 -3.000 -69.000 4.0
606 31 -3.000 -68.000 3.9
607 31 -3.000 -67.000 3.8
608 31 -3.000 -66.000 3.7
609 31 -3.000 -65.000 3.6
610 37 -3.000 -64.000 3.6
611 37 -3.000 -63.000 3.5
612 46 -3.000 -62.000 3.5
613 29 -3.000 -61.000 3.5
614 36 -3.000 -60.000 3.5
615 36 -3.000 -59.000 3.4
616 36 -3.000 -58.000 3.3
617 27 -3.000 -57.000 3.2
618 39 -3.000 -56.000 3.3
619 39 -3.000 -55.000 3.2
620 47 -3.000 -54.000 3.2
621 47 -3.000 -53.000 3.0
622 37 -3.000 -52.000 3.0
623 37 -3.000 -51.000 3.2
624 31 -3.000 -50.000 3.1
625 44 -3.000 -49.000 3.2
626 34 -3.000 -48.000 3.2
627 44 -3.000 -47.000 3.1
628 44 -3.000 -46.000 3.2
629 59 -3.000 -45.000 3.2
630 51 -3.000 -44.000 3.1
631 47 -3.000 -43.000 3.0
632 56 -3.000 -42.000 3.1
633 58 -3.000 -41.000 2.9
634 41 -3.000 -40.000 2.8
635 56 -3.000 -39.000 2.9
636 62 -3.000 -38.000 2.9
637 55 -3.000 -37.000 2.9
638 55 -3.000 -36.000 2.9
639 59 -3.000 -35.000 3.0
640 63 -3.000 -34.000 3.1
641 63 -3.000 -33.000 3.2
642 55 -3.000 -32.000 3.3
643 51 -3.000 -31.000 3.4
644 51 -3.000 -30.000 3.5
645 48 -4.000 -75.000 4.2
646 48 -4.000 -74.000 4.2
647 48 -4.000 -73.000 4.1
648 48 -4.000 -72.000 4.1
649 48 -4.000 -71.000 4.0
650 48 -4.000 -70.000 4.0
651 48 -4.000 -69.000 3.9
652 48 -4.000 -68.000 3.9
653 48 -4.000 -67.000 3.8
654 31 -4.000 -66.000 3.7
655 31 -4.000 -65.000 3.6
656 37 -4.000 -64.000 3.6
657 37 -4.000 -63.000 3.5
658 46 -4.000 -62.000 3.4
659 29 -4.000 -61.000 3.4
660 6 -4.000 -60.000 3.5
661 6 -4.000 -59.000 3.4
662 36 -4.000 -58.000 3.3
663 6 -4.000 -57.000 3.3
664 39 -4.000 -56.000 3.3
665 33 -4.000 -55.000 3.1
666 47 -4.000 -54.000 3.2
667 47 -4.000 -53.000 3.0
668 37 -4.000 -52.000 2.9
669 37 -4.000 -51.000 3.0
670 31 -4.000 -50.000 3.1
671 34 -4.000 -49.000 3.1
672 61 -4.000 -48.000 3.3
673 36 -4.000 -47.000 3.2
674 57 -4.000 -46.000 3.2
675 44 -4.000 -45.000 3.1
676 51 -4.000 -44.000 3.1
677 47 -4.000 -43.000 3.0
678 56 -4.000 -42.000 2.9
679 56 -4.000 -41.000 2.8
680 56 -4.000 -40.000 2.6
681 56 -4.000 -39.000 2.6
682 61 -4.000 -38.000 2.6
683 55 -4.000 -37.000 2.6
684 57 -4.000 -36.000 2.8
685 63 -4.000 -35.000 2.9
686 63 -4.000 -34.000 3.0
687 51 -4.000 -33.000 3.0
688 51 -4.000 -32.000 3.2
689 51 -4.000 -31.000 3.4
690 51 -4.000 -30.000 3.5
691 48 -5.000 -75.000 4.2
692 48 -5.000 -74.000 4.1
693 48 -5.000 -73.000 4.1
694 48 -5.000 -72.000 4.0
695 48 -5.000 -71.000 4.0
696 48 -5.000 -70.000 3.9
697 48 -5.000 -69.000 3.8
698 48 -5.000 -68.000 3.8
699 48 -5.000 -67.000 3.7
700 48 -5.000 -66.000 3.7
701 31 -5.000 -65.000 3.6
702 48 -5.000 -64.000 3.5
703 37 -5.000 -63.000 3.4
704 46 -5.000 -62.000 3.5
705 34 -5.000 -61.000 3.4
706 38 -5.000 -60.000 3.4
707 38 -5.000 -59.000 3.3
708 38 -5.000 -58.000 3.3
709 38 -5.000 -57.000 3.3
710 36 -5.000 -56.000 3.2
711 6 -5.000 -55.000 3.2
712 6 -5.000 -54.000 3.2
713 47 -5.000 -53.000 3.1
714 47 -5.000 -52.000 2.9
715 37 -5.000 -51.000 3.0
716 37 -5.000 -50.000 3.1
717 34 -5.000 -49.000 3.2
718 61 -5.000 -48.000 3.3
719 36 -5.000 -47.000 3.3
720 57 -5.000 -46.000 3.2
721 57 -5.000 -45.000 3.0
722 44 -5.000 -44.000 3.0
723 56 -5.000 -43.000 3.0
724 56 -5.000 -42.000 2.8
725 41 -5.000 -41.000 2.7
726 58 -5.000 -40.000 2.5
727 61 -5.000 -39.000 2.3
728 57 -5.000 -38.000 2.4
729 56 -5.000 -37.000 2.5
730 59 -5.000 -36.000 2.7
731 63 -5.000 -35.000 2.7
732 51 -5.000 -34.000 2.9
733 51 -5.000 -33.000 3.0
734 49 -5.000 -32.000 3.2
735 49 -5.000 -31.000 3.3
736 49 -5.000 -30.000 3.4
737 27 -6.000 -75.000 4.2
738 27 -6.000 -74.000 4.1
739 27 -6.000 -73.000 4.1
740 27 -6.000 -72.000 4.0
741 27 -6.000 -71.000 4.0
742 27 -6.000 -70.000 3.9
743 27 -6.000 -69.000 3.9
744 27 -6.000 -68.000 3.8
745 27 -6.000 -67.000 3.7
746 27 -6.000 -66.000 3.7
747 31 -6.000 -65.000 3.6
748 37 -6.000 -64.000 3.5
749 37 -6.000 -63.000 3.4
750 38 -6.000 -62.000 3.4
751 38 -6.000 -61.000 3.3
752 48 -6.000 -60.000 3.3
753 34 -6.000 -59.000 3.2
754 38 -6.000 -58.000 3.1
755 38 -6.000 -57.000 3.1
756 38 -6.000 -56.000 3.1
757 38 -6.000 -55.000 3.1
758 36 -6.000 -54.000 3.2
759 36 -6.000 -53.000 3.1
760 47 -6.000 -52.000 3.0
761 34 -6.000 -51.000 3.0
762 34 -6.000 -50.000 3.2
763 45 -6.000 -49.000 3.2
764 61 -6.000 -48.000 3.3
765 17 -6.000 -47.000 3.2
766 59 -6.000 -46.000 3.2
767 59 -6.000 -45.000 3.1
768 56 -6.000 -44.000 3.1
769 51 -6.000 -43.000 3.0
770 51 -6.000 -42.000 2.8
771 58 -6.000 -41.000 2.7
772 58 -6.000 -40.000 2.4
773 57 -6.000 -39.000 2.4
774 62 -6.000 -38.000 2.4
775 50 -6.000 -37.000 2.3
776 51 -6.000 -36.000 2.4
777 51 -6.000 -35.000 2.7
778 49 -6.000 -34.000 2.8
779 49 -6.000 -33.000 3.0
780 49 -6.000 -32.000 3.1
781 49 -6.000 -31.000 3.2
782 49 -6.000 -30.000 3.4
783 27 -7.000 -75.000 4.2
784 27 -7.000 -74.000 4.2
785 27 -7.000 -73.000 4.1
786 27 -7.000 -72.000 4.1
787 27 -7.000 -71.000 4.0
788 27 -7.000 -70.000 4.0
789 27 -7.000 -69.000 3.9
790 27 -7.000 -68.000 3.9
791 38 -7.000 -67.000 3.8
792 38 -7.000 -66.000 3.7
793 38 -7.000 -65.000 3.6
794 37 -7.000 -64.000 3.5
795 31 -7.000 -63.000 3.4
796 38 -7.000 -62.000 3.3
797 38 -7.000 -61.000 3.2
798 48 -7.000 -60.000 3.2
799 48 -7.000 -59.000 3.2
800 48 -7.000 -58.000 3.2
801 34 -7.000 -57.000 3.1
802 33 -7.000 -56.000 3.2
803 39 -7.000 -55.000 3.0
804 38 -7.000 -54.000 3.0
805 34 -7.000 -53.000 3.0
806 6 -7.000 -52.000 3.1
807 47 -7.000 -51.000 3.1
808 17 -7.000 -50.000 3.1
809 37 -7.000 -49.000 3.2
810 45 -7.000 -48.000 3.2
811 43 -7.000 -47.000 3.1
812 43 -7.000 -46.000 3.1
813 47 -7.000 -45.000 3.1
814 60 -7.000 -44.000 3.1
815 60 -7.000 -43.000 2.9
816 64 -7.000 -42.000 2.9
817 51 -7.000 -41.000 2.7
818 58 -7.000 -40.000 2.5
819 51 -7.000 -39.000 2.4
820 50 -7.000 -38.000 2.2
821 64 -7.000 -37.000 2.2
822 49 -7.000 -36.000 2.4
823 49 -7.000 -35.000 2.5
824 49 -7.000 -34.000 2.6
825 58 -7.000 -33.000 2.8
826 58 -7.000 -32.000 3.0
827 58 -7.000 -31.000 3.2
828 58 -7.000 -30.000 3.4
829 40 -8.000 -75.000 4.2
830 40 -8.000 -74.000 4.2
831 40 -8.000 -73.000 4.1
832 40 -8.000 -72.000 4.1
833 40 -8.000 -71.000 4.0
834 40 -8.000 -70.000 3.9
835 40 -8.000 -69.000 3.9
836 40 -8.000 -68.000 3.8
837 40 -8.000 -67.000 3.8
838 38 -8.000 -66.000 3.7
839 38 -8.000 -65.000 3.6
840 6 -8.000 -64.000 3.5
841 6 -8.000 -63.000 3.4
842 6 -8.000 -62.000 3.3
843 6 -8.000 -61.000 3.1
844 31 -8.000 -60.000 3.1
845 33 -8.000 -59.000 3.0
846 33 -8.000 -58.000 3.1
847 33 -8.000 -57.000 3.2
848 34 -8.000 -56.000 3.2
849 39 -8.000 -55.000 3.1
850 45 -8.000 -54.000 2.9
851 38 -8.000 -53.000 3.0
852 31 -8.000 -52.000 3.0
853 6 -8.000 -51.000 3.1
854 47 -8.000 -50.000 3.2
855 43 -8.000 -49.000 3.2
856 47 -8.000 -48.000 3.1
857 45 -8.000 -47.000 3.1
858 61 -8.000 -46.000 3.1
859 17 -8.000 -45.000 3.0
860 41 -8.000 -44.000 3.0
861 43 -8.000 -43.000 3.0
862 55 -8.000 -42.000 3.0
863 55 -8.000 -41.000 2.8
864 58 -8.000 -40.000 2.7
865 50 -8.000 -39.000 2.5
866 58 -8.000 -38.000 2.3
867 63 -8.000 -37.000 2.1
868 64 -8.000 -36.000 2.2
869 58 -8.000 -35.000 2.5
870 58 -8.000 -34.000 2.7
871 58 -8.000 -33.000 2.9
872 58 -8.000 -32.000 3.1
873 58 -8.000 -31.000 3.3
874 58 -8.000 -30.000 3.4
875 40 -9.000 -75.000 4.2
876 40 -9.000 -74.000 4.1
877 40 -9.000 -73.000 4.1
878 40 -9.000 -72.000 4.0
879 40 -9.000 -71.000 4.0
880 40 -9.000 -70.000 3.9
881 40 -9.000 -69.000 3.8
882 40 -9.000 -68.000 3.8
883 40 -9.000 -67.000 3.7
884 40 -9.000 -66.000 3.6
885 38 -9.000 -65.000 3.5
886 40 -9.000 -64.000 3.5
887 40 -9.000 -63.000 3.4
888 37 -9.000 -62.000 3.3
889 37 -9.000 -61.000 3.2
890 29 -9.000 -60.000 3.2
891 33 -9.000 -59.000 3.2
892 33 -9.000 -58.000 3.2
893 45 -9.000 -57.000 3.2
894 48 -9.000 -56.000 3.1
895 39 -9.000 -55.000 3.1
896 39 -9.000 -54.000 3.0
897 44 -9.000 -53.000 3.0
898 17 -9.000 -52.000 2.9
899 6 -9.000 -51.000 3.0
900 6 -9.000 -50.000 3.2
901 37 -9.000 -49.000 3.3
902 47 -9.000 -48.000 3.3
903 32 -9.000 -47.000 3.3
904 60 -9.000 -46.000 3.2
905 61 -9.000 -45.000 3.1
906 56 -9.000 -44.000 3.1
907 61 -9.000 -43.000 3.0
908 52 -9.000 -42.000 2.9
909 52 -9.000 -41.000 2.8
910 59 -9.000 -40.000 2.6
911 49 -9.000 -39.000 2.4
912 50 -9.000 -38.000 2.1
913 54 -9.000 -37.000 2.1
914 54 -9.000 -36.000 2.4
915 64 -9.000 -35.000 2.5
916 64 -9.000 -34.000 2.8
917 64 -9.000 -33.000 3.0
918 64 -9.000 -32.000 3.2
919 58 -9.000 -31.000 3.3
920 58 -9.000 -30.000 3.4
921 40 -10.000 -75.000 4.2
922 40 -10.000 -74.000 4.1
923 40 -10.000 -73.000 4.1
924 40 -10.000 -72.000 4.0
925 40 -10.000 -71.000 3.9
926 40 -10.000 -70.000 3.9
927 40 -10.000 -69.000 3.8
928 40 -10.000 -68.000 3.7
929 40 -10.000 -67.000 3.6
930 33 -10.000 -66.000 3.5
931 33 -10.000 -65.000 3.5
932 6 -10.000 -64.000 3.5
933 33 -10.000 -63.000 3.4
934 33 -10.000 -62.000 3.3
935 37 -10.000 -61.000 3.2
936 29 -10.000 -60.000 3.2
937 31 -10.000 -59.000 3.3
938 31 -10.000 -58.000 3.2
939 40 -10.000 -57.000 3.1
940 31 -10.000 -56.000 3.1
941 48 -10.000 -55.000 3.1
942 31 -10.000 -54.000 3.1
943 17 -10.000 -53.000 3.0
944 44 -10.000 -52.000 2.9
945 37 -10.000 -51.000 3.0
946 6 -10.000 -50.000 3.1
947 26 -10.000 -49.000 3.2
948 32 -10.000 -48.000 3.2
949 32 -10.000 -47.000 3.1
950 45 -10.000 -46.000 3.1
951 39 -10.000 -45.000 3.2
952 52 -10.000 -44.000 3.1
953 56 -10.000 -43.000 3.0
954 54 -10.000 -42.000 2.8
955 69 -10.000 -41.000 2.8
956 49 -10.000 -40.000 2.7
957 49 -10.000 -39.000 2.4
958 56 -10.000 -38.000 2.4
959 55 -10.000 -37.000 2.4
960 55 -10.000 -36.000 2.4
961 55 -10.000 -35.000 2.6
962 55 -10.000 -34.000 2.8
963 54 -10.000 -33.000 3.0
964 54 -10.000 -32.000 3.1
965 54 -10.000 -31.000 3.3
966 54 -10.000 -30.000 3.4
967 33 -11.000 -75.000 4.2
968 33 -11.000 -74.000 4.1
969 33 -11.000 -73.000 4.0
970 33 -11.000 -72.000 4.0
971 33 -11.000 -71.000 3.9
972 33 -11.000 -70.000 3.9
973 33 -11.000 -69.000 3.8
974 33 -11.000 -68.000 3.8
975 33 -11.000 -67.000 3.7
976 38 -11.000 -66.000 3.6
977 46 -11.000 -65.000 3.5
978 33 -11.000 -64.000 3.5
979 33 -11.000 -63.000 3.5
980 37 -11.000 -62.000 3.4
981 37 -11.000 -61.000 3.3
982 29 -11.000 -60.000 3.2
983 42 -11.000 -59.000 3.1
984 42 -11.000 -58.000 3.1
985 42 -11.000 -57.000 3.0
986 42 -11.000 -56.000 3.0
987 48 -11.000 -55.000 3.1
988 42 -11.000 -54.000 3.0
989 26 -11.000 -53.000 3.0
990 44 -11.000 -52.000 3.0
991 39 -11.000 -51.000 3.0
992 43 -11.000 -50.000 3.0
993 26 -11.000 -49.000 3.1
994 32 -11.000 -48.000 3.1
995 39 -11.000 -47.000 3.1
996 60 -11.000 -46.000 3.1
997 35 -11.000 -45.000 3.1
998 52 -11.000 -44.000 3.0
999 44 -11.000 -43.000 3.0
1000 64 -11.000 -42.000 2.8
1001 43 -11.000 -41.000 2.8
1002 56 -11.000 -40.000 2.7
1003 49 -11.000 -39.000 2.5
1004 69 -11.000 -38.000 2.5
1005 63 -11.000 -37.000 2.5
1006 52 -11.000 -36.000 2.6
1007 55 -11.000 -35.000 2.8
1008 55 -11.000 -34.000 2.9
1009 64 -11.000 -33.000 3.0
1010 55 -11.000 -32.000 3.2
1011 55 -11.000 -31.000 3.3
1012 55 -11.000 -30.000 3.4
1013 33 -12.000 -75.000 4.2
1014 33 -12.000 -74.000 4.1
1015 33 -12.000 -73.000 4.1
1016 33 -12.000 -72.000 4.0
1017 33 -12.000 -71.000 4.0
1018 33 -12.000 -70.000 3.9
1019 38 -12.000 -69.000 3.9
1020 38 -12.000 -68.000 3.8
1021 38 -12.000 -67.000 3.7
1022 38 -12.000 -66.000 3.6
1023 6 -12.000 -65.000 3.6
1024 42 -12.000 -64.000 3.6
1025 42 -12.000 -63.000 3.5
1026 42 -12.000 -62.000 3.4
1027 42 -12.000 -61.000 3.2
1028 29 -12.000 -60.000 3.3
1029 37 -12.000 -59.000 3.2
1030 37 -12.000 -58.000 3.1
1031 37 -12.000 -57.000 3.0
1032 45 -12.000 -56.000 2.9
1033 37 -12.000 -55.000 3.0
1034 37 -12.000 -54.000 3.0
1035 42 -12.000 -53.000 2.9
1036 42 -12.000 -52.000 3.0
1037 38 -12.000 -51.000 3.1
1038 6 -12.000 -50.000 3.1
1039 32 -12.000 -49.000 3.1
1040 26 -12.000 -48.000 3.0
1041 35 -12.000 -47.000 3.1
1042 45 -12.000 -46.000 3.0
1043 60 -12.000 -45.000 3.0
1044 35 -12.000 -44.000 2.9
1045 53 -12.000 -43.000 2.9
1046 53 -12.000 -42.000 2.7
1047 67 -12.000 -41.000 2.7
1048 67 -12.000 -40.000 2.6
1049 64 -12.000 -39.000 2.5
1050 49 -12.000 -38.000 2.4
1051 60 -12.000 -37.000 2.6
1052 50 -12.000 -36.000 2.7
1053 64 -12.000 -35.000 2.8
1054 52 -12.000 -34.000 3.0
1055 62 -12.000 -33.000 3.2
1056 64 -12.000 -32.000 3.3
1057 55 -12.000 -31.000 3.4
1058 55 -12.000 -30.000 3.5
1059 33 -13.000 -75.000 4.2
1060 33 -13.000 -74.000 4.2
1061 33 -13.000 -73.000 4.1
1062 33 -13.000 -72.000 4.1
1063 38 -13.000 -71.000 4.0
1064 38 -13.000 -70.000 4.0
1065 38 -13.000 -69.000 3.9
1066 38 -13.000 -68.000 3.8
1067 38 -13.000 -67.000 3.7
1068 46 -13.000 -66.000 3.6
1069 6 -13.000 -65.000 3.6
1070 42 -13.000 -64.000 3.5
1071 42 -13.000 -63.000 3.4
1072 42 -13.000 -62.000 3.3
1073 29 -13.000 -61.000 3.2
1074 20 -13.000 -60.000 3.3
1075 20 -13.000 -59.000 3.2
1076 20 -13.000 -58.000 3.1
1077 20 -13.000 -57.000 3.0
1078 45 -13.000 -56.000 2.9
1079 20 -13.000 -55.000 2.9
1080 20 -13.000 -54.000 2.9
1081 17 -13.000 -53.000 2.9
1082 38 -13.000 -52.000 3.0
1083 42 -13.000 -51.000 3.1
1084 30 -13.000 -50.000 3.0
1085 32 -13.000 -49.000 3.0
1086 26 -13.000 -48.000 2.9
1087 35 -13.000 -47.000 2.9
1088 45 -13.000 -46.000 3.0
1089 60 -13.000 -45.000 3.0
1090 69 -13.000 -44.000 2.9
1091 35 -13.000 -43.000 2.7
1092 53 -13.000 -42.000 2.5
1093 54 -13.000 -41.000 2.7
1094 54 -13.000 -40.000 2.5
1095 60 -13.000 -39.000 2.3
1096 60 -13.000 -38.000 2.5
1097 49 -13.000 -37.000 2.6
1098 67 -13.000 -36.000 2.8
1099 53 -13.000 -35.000 2.9
1100 69 -13.000 -34.000 3.1
1101 64 -13.000 -33.000 3.2
1102 64 -13.000 -32.000 3.3
1103 64 -13.000 -31.000 3.5
1104 64 -13.000 -30.000 3.5
1105 33 -14.000 -75.000 4.3
1106 38 -14.000 -74.000 4.2
1107 38 -14.000 -73.000 4.2
1108 38 -14.000 -72.000 4.1
1109 38 -14.000 -71.000 4.0
1110 38 -14.000 -70.000 4.0
1111 38 -14.000 -69.000 3.9
1112 38 -14.000 -68.000 3.8
1113 38 -14.000 -67.000 3.7
1114 42 -14.000 -66.000 3.7
1115 6 -14.000 -65.000 3.6
1116 6 -14.000 -64.000 3.5
1117 6 -14.000 -63.000 3.4
1118 6 -14.000 -62.000 3.3
1119 29 -14.000 -61.000 3.3
1120 20 -14.000 -60.000 3.2
1121 20 -14.000 -59.000 3.1
1122 20 -14.000 -58.000 2.9
1123 20 -14.000 -57.000 2.8
1124 48 -14.000 -56.000 2.8
1125 45 -14.000 -55.000 2.8
1126 20 -14.000 -54.000 2.7
1127 38 -14.000 -53.000 2.9
1128 5 -14.000 -52.000 3.0
1129 5 -14.000 -51.000 3.0
1130 5 -14.000 -50.000 3.1
1131 32 -14.000 -49.000 2.9
1132 26 -14.000 -48.000 2.8
1133 19 -14.000 -47.000 2.9
1134 19 -14.000 -46.000 2.9
1135 19 -14.000 -45.000 2.9
1136 53 -14.000 -44.000 2.9
1137 67 -14.000 -43.000 2.7
1138 43 -14.000 -42.000 2.6
1139 60 -14.000 -41.000 2.6
1140 60 -14.000 -40.000 2.5
1141 54 -14.000 -39.000 2.5
1142 70 -14.000 -38.000 2.5
1143 70 -14.000 -37.000 2.7
1144 49 -14.000 -36.000 2.9
1145 67 -14.000 -35.000 2.9
1146 63 -14.000 -34.000 3.1
1147 69 -14.000 -33.000 3.2
1148 53 -14.000 -32.000 3.4
1149 53 -14.000 -31.000 3.5
1150 53 -14.000 -30.000 3.6
1151 38 -15.000 -75.000 4.3
1152 38 -15.000 -74.000 4.2
1153 38 -15.000 -73.000 4.2
1154 38 -15.000 -72.000 4.1
1155 38 -15.000 -71.000 4.0
1156 38 -15.000 -70.000 4.0
1157 38 -15.000 -69.000 3.9
1158 38 -15.000 -68.000 3.8
1159 42 -15.000 -67.000 3.8
1160 42 -15.000 -66.000 3.7
1161 6 -15.000 -65.000 3.7
1162 6 -15.000 -64.000 3.6
1163 6 -15.000 -63.000 3.5
1164 20 -15.000 -62.000 3.4
1165 6 -15.000 -61.000 3.3
1166 6 -15.000 -60.000 3.1
1167 6 -15.000 -59.000 3.0
1168 6 -15.000 -58.000 2.9
1169 6 -15.000 -57.000 2.8
1170 6 -15.000 -56.000 2.8
1171 6 -15.000 -55.000 2.8
1172 38 -15.000 -54.000 2.8
1173 6 -15.000 -53.000 3.0
1174 17 -15.000 -52.000 2.9
1175 20 -15.000 -51.000 2.9
1176 14 -15.000 -50.000 2.9
1177 32 -15.000 -49.000 2.9
1178 43 -15.000 -48.000 2.8
1179 19 -15.000 -47.000 2.6
1180 30 -15.000 -46.000 2.7
1181 30 -15.000 -45.000 2.8
1182 70 -15.000 -44.000 2.9
1183 53 -15.000 -43.000 2.6
1184 69 -15.000 -42.000 2.4
1185 52 -15.000 -41.000 2.5
1186 74 -15.000 -40.000 2.4
1187 74 -15.000 -39.000 2.5
1188 74 -15.000 -38.000 2.6
1189 54 -15.000 -37.000 2.8
1190 54 -15.000 -36.000 2.9
1191 70 -15.000 -35.000 3.0
1192 49 -15.000 -34.000 3.1
1193 69 -15.000 -33.000 3.3
1194 52 -15.000 -32.000 3.4
1195 52 -15.000 -31.000 3.5
1196 67 -15.000 -30.000 3.6
1197 38 -16.000 -75.000 4.3
1198 38 -16.000 -74.000 4.2
1199 38 -16.000 -73.000 4.2
1200 38 -16.000 -72.000 4.1
1201 38 -16.000 -71.000 4.0
1202 38 -16.000 -70.000 4.0
1203 38 -16.000 -69.000 3.9
1204 42 -16.000 -68.000 3.9
1205 38 -16.000 -67.000 3.8
1206 28 -16.000 -66.000 3.7
1207 20 -16.000 -65.000 3.7
1208 20 -16.000 -64.000 3.6
1209 20 -16.000 -63.000 3.5
1210 29 -16.000 -62.000 3.4
1211 1 -16.000 -61.000 3.3
1212 1 -16.000 -60.000 3.2
1213 1 -16.000 -59.000 3.1
1214 1 -16.000 -58.000 3.0
1215 1 -16.000 -57.000 2.9
1216 38 -16.000 -56.000 2.9
1217 1 -16.000 -55.000 2.9
1218 45 -16.000 -54.000 3.0
1219 14 -16.000 -53.000 2.9
1220 45 -16.000 -52.000 2.8
1221 20 -16.000 -51.000 2.8
1222 17 -16.000 -50.000 2.8
1223 5 -16.000 -49.000 2.9
1224 35 -16.000 -48.000 2.8
1225 17 -16.000 -47.000 2.8
1226 43 -16.000 -46.000 2.7
1227 30 -16.000 -45.000 2.7
1228 23 -16.000 -44.000 2.7
1229 74 -16.000 -43.000 2.6
1230 53 -16.000 -42.000 2.4
1231 23 -16.000 -41.000 2.4
1232 23 -16.000 -40.000 2.5
1233 4 -16.000 -39.000 2.6
1234 52 -16.000 -38.000 2.7
1235 52 -16.000 -37.000 2.8
1236 52 -16.000 -36.000 2.9
1237 52 -16.000 -35.000 3.0
1238 74 -16.000 -34.000 3.2
1239 52 -16.000 -33.000 3.3
1240 69 -16.000 -32.000 3.4
1241 70 -16.000 -31.000 3.5
1242 70 -16.000 -30.000 3.6
1243 38 -17.000 -75.000 4.3
1244 38 -17.000 -74.000 4.2
1245 42 -17.000 -73.000 4.2
1246 42 -17.000 -72.000 4.1
1247 42 -17.000 -71.000 4.1
1248 42 -17.000 -70.000 4.0
1249 46 -17.000 -69.000 3.9
1250 1 -17.000 -68.000 3.9
1251 1 -17.000 -67.000 3.8
1252 38 -17.000 -66.000 3.7
1253 38 -17.000 -65.000 3.6
1254 20 -17.000 -64.000 3.5
1255 29 -17.000 -63.000 3.4
1256 38 -17.000 -62.000 3.4
1257 38 -17.000 -61.000 3.3
1258 38 -17.000 -60.000 3.2
1259 38 -17.000 -59.000 3.1
1260 5 -17.000 -58.000 3.0
1261 48 -17.000 -57.000 3.0
1262 26 -17.000 -56.000 2.8
1263 40 -17.000 -55.000 2.8
1264 14 -17.000 -54.000 2.9
1265 1 -17.000 -53.000 2.8
1266 30 -17.000 -52.000 2.7
1267 19 -17.000 -51.000 2.9
1268 2 -17.000 -50.000 2.8
1269 2 -17.000 -49.000 2.8
1270 32 -17.000 -48.000 2.8
1271 14 -17.000 -47.000 2.8
1272 3 -17.000 -46.000 2.8
1273 3 -17.000 -45.000 2.8
1274 4 -17.000 -44.000 2.6
1275 74 -17.000 -43.000 2.4
1276 70 -17.000 -42.000 2.1
1277 76 -17.000 -41.000 2.3
1278 53 -17.000 -40.000 2.1
1279 76 -17.000 -39.000 2.4
1280 4 -17.000 -38.000 2.6
1281 4 -17.000 -37.000 2.8
1282 76 -17.000 -36.000 2.9
1283 76 -17.000 -35.000 3.1
1284 76 -17.000 -34.000 3.3
1285 76 -17.000 -33.000 3.4
1286 52 -17.000 -32.000 3.5
1287 54 -17.000 -31.000 3.6
1288 74 -17.000 -30.000 3.6
1289 1 -18.000 -75.000 4.3
1290 1 -18.000 -74.000 4.2
1291 1 -18.000 -73.000 4.2
1292 1 -18.000 -72.000 4.1
1293 1 -18.000 -71.000 4.1
1294 46 -18.000 -70.000 4.0
1295 42 -18.000 -69.000 3.9
1296 42 -18.000 -68.000 3.9
1297 20 -18.000 -67.000 3.8
1298 20 -18.000 -66.000 3.7
1299 20 -18.000 -65.000 3.6
1300 20 -18.000 -64.000 3.5
1301 29 -18.000 -63.000 3.5
1302 38 -18.000 -62.000 3.5
1303 38 -18.000 -61.000 3.4
1304 5 -18.000 -60.000 3.3
1305 5 -18.000 -59.000 3.1
1306 48 -18.000 -58.000 3.1
1307 26 -18.000 -57.000 3.1
1308 26 -18.000 -56.000 2.9
1309 14 -18.000 -55.000 2.9
1310 14 -18.000 -54.000 2.7
1311 1 -18.000 -53.000 2.6
1312 16 -18.000 -52.000 2.7
1313 20 -18.000 -51.000 2.7
1314 19 -18.000 -50.000 2.6
1315 5 -18.000 -49.000 2.7
1316 9 -18.000 -48.000 2.8
1317 14 -18.000 -47.000 2.7
1318 32 -18.000 -46.000 2.6
1319 30 -18.000 -45.000 2.5
1320 3 -18.000 -44.000 2.5
1321 76 -18.000 -43.000 2.4
1322 35 -18.000 -42.000 2.2
1323 9 -18.000 -41.000 2.3
1324 67 -18.000 -40.000 2.4
1325 67 -18.000 -39.000 2.4
1326 23 -18.000 -38.000 2.5
1327 53 -18.000 -37.000 2.7
1328 4 -18.000 -36.000 2.9
1329 4 -18.000 -35.000 3.1
1330 4 -18.000 -34.000 3.3
1331 4 -18.000 -33.000 3.4
1332 4 -18.000 -32.000 3.5
1333 69 -18.000 -31.000 3.6
1334 69 -18.000 -30.000 3.7
1335 1 -19.000 -75.000 4.3
1336 1 -19.000 -74.000 4.2
1337 1 -19.000 -73.000 4.2
1338 1 -19.000 -72.000 4.1
1339 46 -19.000 -71.000 4.1
1340 42 -19.000 -70.000 4.0
1341 42 -19.000 -69.000 4.0
1342 28 -19.000 -68.000 3.9
1343 20 -19.000 -67.000 3.8
1344 20 -19.000 -66.000 3.7
1345 20 -19.000 -65.000 3.6
1346 29 -19.000 -64.000 3.6
1347 38 -19.000 -63.000 3.6
1348 5 -19.000 -62.000 3.5
1349 5 -19.000 -61.000 3.4
1350 5 -19.000 -60.000 3.3
1351 48 -19.000 -59.000 3.2
1352 24 -19.000 -58.000 3.2
1353 24 -19.000 -57.000 3.1
1354 24 -19.000 -56.000 3.0
1355 24 -19.000 -55.000 2.9
1356 16 -19.000 -54.000 2.7
1357 26 -19.000 -53.000 2.6
1358 30 -19.000 -52.000 2.7
1359 26 -19.000 -51.000 2.6
1360 19 -19.000 -50.000 2.6
1361 5 -19.000 -49.000 2.7
1362 3 -19.000 -48.000 2.7
1363 14 -19.000 -47.000 2.6
1364 2 -19.000 -46.000 2.5
1365 80 -19.000 -45.000 2.7
1366 4 -19.000 -44.000 2.5
1367 3 -19.000 -43.000 2.3
1368 74 -19.000 -42.000 2.1
1369 9 -19.000 -41.000 2.3
1370 70 -19.000 -40.000 2.3
1371 70 -19.000 -39.000 2.3
1372 65 -19.000 -38.000 2.5
1373 23 -19.000 -37.000 2.8
1374 23 -19.000 -36.000 3.0
1375 67 -19.000 -35.000 3.1
1376 65 -19.000 -34.000 3.3
1377 4 -19.000 -33.000 3.4
1378 65 -19.000 -32.000 3.5
1379 65 -19.000 -31.000 3.6
1380 65 -19.000 -30.000 3.7
1381 1 -20.000 -75.000 4.3
1382 1 -20.000 -74.000 4.2
1383 1 -20.000 -73.000 4.2
1384 46 -20.000 -72.000 4.2
1385 42 -20.000 -71.000 4.1
1386 42 -20.000 -70.000 4.0
1387 42 -20.000 -69.000 4.0
1388 20 -20.000 -68.000 3.9
1389 20 -20.000 -67.000 3.8
1390 20 -20.000 -66.000 3.8
1391 29 -20.000 -65.000 3.7
1392 29 -20.000 -64.000 3.7
1393 5 -20.000 -63.000 3.6
1394 5 -20.000 -62.000 3.5
1395 5 -20.000 -61.000 3.4
1396 48 -20.000 -60.000 3.3
1397 24 -20.000 -59.000 3.3
1398 24 -20.000 -58.000 3.1
1399 40 -20.000 -57.000 3.0
1400 16 -20.000 -56.000 2.9
1401 42 -20.000 -55.000 2.8
1402 14 -20.000 -54.000 2.6
1403 20 -20.000 -53.000 2.5
1404 1 -20.000 -52.000 2.6
1405 30 -20.000 -51.000 2.6
1406 22 -20.000 -50.000 2.6
1407 19 -20.000 -49.000 2.4
1408 25 -20.000 -48.000 2.5
1409 25 -20.000 -47.000 2.5
1410 30 -20.000 -46.000 2.5
1411 10 -20.000 -45.000 2.5
1412 66 -20.000 -44.000 2.4
1413 65 -20.000 -43.000 2.2
1414 68 -20.000 -42.000 2.1
1415 74 -20.000 -41.000 2.2
1416 66 -20.000 -40.000 2.3
1417 66 -20.000 -39.000 2.5
1418 70 -20.000 -38.000 2.7
1419 70 -20.000 -37.000 2.8
1420 23 -20.000 -36.000 3.0
1421 23 -20.000 -35.000 3.2
1422 23 -20.000 -34.000 3.3
1423 67 -20.000 -33.000 3.4
1424 67 -20.000 -32.000 3.5
1425 4 -20.000 -31.000 3.6
1426 4 -20.000 -30.000 3.7
1427 1 -21.000 -75.000 4.3
1428 46 -21.000 -74.000 4.2
1429 46 -21.000 -73.000 4.2
1430 42 -21.000 -72.000 4.2
1431 42 -21.000 -71.000 4.1
1432 42 -21.000 -70.000 4.0
1433 28 -21.000 -69.000 4.0
1434 20 -21.000 -68.000 3.9
1435 20 -21.000 -67.000 3.9
1436 29 -21.000 -66.000 3.8
1437 29 -21.000 -65.000 3.8
1438 24 -21.000 -64.000 3.8
1439 24 -21.000 -63.000 3.7
1440 24 -21.000 -62.000 3.6
1441 5 -21.000 -61.000 3.5
1442 5 -21.000 -60.000 3.3
1443 5 -21.000 -59.000 3.2
1444 40 -21.000 -58.000 3.1
1445 16 -21.000 -57.000 3.1
1446 42 -21.000 -56.000 3.0
1447 14 -21.000 -55.000 2.9
1448 14 -21.000 -54.000 2.7
1449 21 -21.000 -53.000 2.7
1450 11 -21.000 -52.000 2.6
1451 5 -21.000 -51.000 2.4
1452 24 -21.000 -50.000 2.5
1453 25 -21.000 -49.000 2.4
1454 19 -21.000 -48.000 2.4
1455 15 -21.000 -47.000 2.4
1456 77 -21.000 -46.000 2.3
1457 15 -21.000 -45.000 2.3
1458 66 -21.000 -44.000 2.2
1459 65 -21.000 -43.000 2.1
1460 23 -21.000 -42.000 2.3
1461 23 -21.000 -41.000 2.2
1462 23 -21.000 -40.000 2.3
1463 68 -21.000 -39.000 2.6
1464 23 -21.000 -38.000 2.7
1465 23 -21.000 -37.000 2.9
1466 23 -21.000 -36.000 3.1
1467 23 -21.000 -35.000 3.2
1468 23 -21.000 -34.000 3.3
1469 23 -21.000 -33.000 3.5
1470 23 -21.000 -32.000 3.6
1471 23 -21.000 -31.000 3.7
1472 67 -21.000 -30.000 3.7
1473 13 -22.000 -75.000 4.3
1474 13 -22.000 -74.000 4.2
1475 13 -22.000 -73.000 4.2
1476 13 -22.000 -72.000 4.1
1477 13 -22.000 -71.000 4.1
1478 28 -22.000 -70.000 4.0
1479 42 -22.000 -69.000 4.0
1480 20 -22.000 -68.000 4.0
1481 20 -22.000 -67.000 3.9
1482 42 -22.000 -66.000 3.8
1483 13 -22.000 -65.000 3.8
1484 13 -22.000 -64.000 3.7
1485 13 -22.000 -63.000 3.6
1486 13 -22.000 -62.000 3.6
1487 5 -22.000 -61.000 3.5
1488 5 -22.000 -60.000 3.4
1489 42 -22.000 -59.000 3.3
1490 16 -22.000 -58.000 3.2
1491 16 -22.000 -57.000 3.0
1492 21 -22.000 -56.000 2.9
1493 20 -22.000 -55.000 2.9
1494 14 -22.000 -54.000 2.8
1495 14 -22.000 -53.000 2.6
1496 5 -22.000 -52.000 2.6
1497 21 -22.000 -51.000 2.4
1498 24 -22.000 -50.000 2.3
1499 14 -22.000 -49.000 2.3
1500 15 -22.000 -48.000 2.3
1501 75 -22.000 -47.000 2.2
1502 10 -22.000 -46.000 2.0
1503 80 -22.000 -45.000 1.8
1504 77 -22.000 -44.000 1.9
1505 3 -22.000 -43.000 2.0
1506 10 -22.000 -42.000 2.3
1507 73 -22.000 -41.000 2.4
1508 4 -22.000 -40.000 2.6
1509 23 -22.000 -39.000 2.7
1510 23 -22.000 -38.000 2.9
1511 74 -22.000 -37.000 3.0
1512 23 -22.000 -36.000 3.1
1513 23 -22.000 -35.000 3.3
1514 23 -22.000 -34.000 3.4
1515 23 -22.000 -33.000 3.5
1516 70 -22.000 -32.000 3.6
1517 70 -22.000 -31.000 3.7
1518 66 -22.000 -30.000 3.8
1519 1 -23.000 -75.000 4.3
1520 1 -23.000 -74.000 4.2
1521 1 -23.000 -73.000 4.2
1522 1 -23.000 -72.000 4.1
1523 28 -23.000 -71.000 4.1
1524 20 -23.000 -70.000 4.1
1525 20 -23.000 -69.000 4.0
1526 20 -23.000 -68.000 4.0
1527 42 -23.000 -67.000 3.9
1528 42 -23.000 -66.000 3.9
1529 42 -23.000 -65.000 3.8
1530 42 -23.000 -64.000 3.7
1531 42 -23.000 -63.000 3.7
1532 42 -23.000 -62.000 3.6
1533 21 -23.000 -61.000 3.5
1534 40 -23.000 -60.000 3.4
1535 5 -23.000 -59.000 3.3
1536 5 -23.000 -58.000 3.2
1537 20 -23.000 -57.000 3.1
1538 12 -23.000 -56.000 3.1
1539 12 -23.000 -55.000 3.0
1540 5 -23.000 -54.000 2.9
1541 14 -23.000 -53.000 2.8
1542 14 -23.000 -52.000 2.7
1543 2 -23.000 -51.000 2.5
1544 79 -23.000 -50.000 2.3
1545 75 -23.000 -49.000 2.1
1546 2 -23.000 -48.000 2.1
1547 71 -23.000 -47.000 2.1
1548 75 -23.000 -46.000 1.9
1549 25 -23.000 -45.000 2.0
1550 68 -23.000 -44.000 2.0
1551 77 -23.000 -43.000 2.1
1552 65 -23.000 -42.000 2.4
1553 10 -23.000 -41.000 2.5
1554 76 -23.000 -40.000 2.7
1555 4 -23.000 -39.000 2.9
1556 80 -23.000 -38.000 3.0
1557 23 -23.000 -37.000 3.1
1558 74 -23.000 -36.000 3.2
1559 74 -23.000 -35.000 3.3
1560 68 -23.000 -34.000 3.4
1561 68 -23.000 -33.000 3.5
1562 23 -23.000 -32.000 3.6
1563 23 -23.000 -31.000 3.7
1564 70 -23.000 -30.000 3.8
1565 1 -24.000 -75.000 4.3
1566 1 -24.000 -74.000 4.2
1567 48 -24.000 -73.000 4.2
1568 28 -24.000 -72.000 4.2
1569 28 -24.000 -71.000 4.2
1570 20 -24.000 -70.000 4.1
1571 20 -24.000 -69.000 4.1
1572 42 -24.000 -68.000 4.0
1573 24 -24.000 -67.000 4.0
1574 48 -24.000 -66.000 3.9
1575 21 -24.000 -65.000 3.9
1576 21 -24.000 -64.000 3.8
1577 21 -24.000 -63.000 3.7
1578 20 -24.000 -62.000 3.6
1579 12 -24.000 -61.000 3.5
1580 20 -24.000 -60.000 3.5
1581 20 -24.000 -59.000 3.4
1582 16 -24.000 -58.000 3.3
1583 16 -24.000 -57.000 3.1
1584 13 -24.000 -56.000 3.1
1585 11 -24.000 -55.000 3.0
1586 11 -24.000 -54.000 2.8
1587 79 -24.000 -53.000 2.7
1588 12 -24.000 -52.000 2.5
1589 71 -24.000 -51.000 2.4
1590 16 -24.000 -50.000 2.4
1591 25 -24.000 -49.000 2.1
1592 22 -24.000 -48.000 1.9
1593 77 -24.000 -47.000 2.0
1594 71 -24.000 -46.000 2.1
1595 75 -24.000 -45.000 2.1
1596 68 -24.000 -44.000 2.3
1597 15 -24.000 -43.000 2.3
1598 77 -24.000 -42.000 2.5
1599 65 -24.000 -41.000 2.6
1600 10 -24.000 -40.000 2.8
1601 76 -24.000 -39.000 3.0
1602 73 -24.000 -38.000 3.1
1603 4 -24.000 -37.000 3.2
1604 80 -24.000 -36.000 3.3
1605 74 -24.000 -35.000 3.4
1606 74 -24.000 -34.000 3.5
1607 74 -24.000 -33.000 3.6
1608 74 -24.000 -32.000 3.7
1609 68 -24.000 -31.000 3.7
1610 68 -24.000 -30.000 3.8
1611 48 -25.000 -75.000 4.3
1612 48 -25.000 -74.000 4.3
1613 28 -25.000 -73.000 4.2
1614 8 -25.000 -72.000 4.2
1615 8 -25.000 -71.000 4.2
1616 8 -25.000 -70.000 4.1
1617 20 -25.000 -69.000 4.1
1618 24 -25.000 -68.000 4.0
1619 20 -25.000 -67.000 4.0
1620 12 -25.000 -66.000 3.9
1621 12 -25.000 -65.000 3.8
1622 21 -25.000 -64.000 3.8
1623 8 -25.000 -63.000 3.7
1624 8 -25.000 -62.000 3.6
1625 8 -25.000 -61.000 3.5
1626 8 -25.000 -60.000 3.5
1627 8 -25.000 -59.000 3.4
1628 8 -25.000 -58.000 3.3
1629 8 -25.000 -57.000 3.2
1630 16 -25.000 -56.000 3.1
1631 13 -25.000 -55.000 3.0
1632 79 -25.000 -54.000 2.9
1633 16 -25.000 -53.000 2.7
1634 16 -25.000 -52.000 2.6
1635 24 -25.000 -51.000 2.4
1636 75 -25.000 -50.000 2.3
1637 25 -25.000 -49.000 2.4
1638 72 -25.000 -48.000 2.3
1639 77 -25.000 -47.000 2.2
1640 10 -25.000 -46.000 2.3
1641 25 -25.000 -45.000 2.4
1642 75 -25.000 -44.000 2.5
1643 68 -25.000 -43.000 2.5
1644 77 -25.000 -42.000 2.6
1645 77 -25.000 -41.000 2.8
1646 10 -25.000 -40.000 2.9
1647 10 -25.000 -39.000 3.1
1648 76 -25.000 -38.000 3.2
1649 73 -25.000 -37.000 3.3
1650 73 -25.000 -36.000 3.4
1651 4 -25.000 -35.000 3.5
1652 80 -25.000 -34.000 3.6
1653 74 -25.000 -33.000 3.7
1654 74 -25.000 -32.000 3.7
1655 74 -25.000 -31.000 3.8
1656 74 -25.000 -30.000 3.9
1657 48 -26.000 -75.000 4.3
1658 48 -26.000 -74.000 4.3
1659 8 -26.000 -73.000 4.3
1660 29 -26.000 -72.000 4.2
1661 48 -26.000 -71.000 4.2
1662 48 -26.000 -70.000 4.2
1663 12 -26.000 -69.000 4.1
1664 12 -26.000 -68.000 4.0
1665 12 -26.000 -67.000 4.0
1666 12 -26.000 -66.000 3.9
1667 24 -26.000 -65.000 3.8
1668 24 -26.000 -64.000 3.8
1669 21 -26.000 -63.000 3.7
1670 21 -26.000 -62.000 3.6
1671 24 -26.000 -61.000 3.5
1672 24 -26.000 -60.000 3.4
1673 24 -26.000 -59.000 3.3
1674 8 -26.000 -58.000 3.2
1675 1 -26.000 -57.000 3.1
1676 1 -26.000 -56.000 3.1
1677 7 -26.000 -55.000 3.0
1678 8 -26.000 -54.000 2.9
1679 72 -26.000 -53.000 2.7
1680 11 -26.000 -52.000 2.6
1681 11 -26.000 -51.000 2.5
1682 78 -26.000 -50.000 2.4
1683 11 -26.000 -49.000 2.4
1684 11 -26.000 -48.000 2.5
1685 25 -26.000 -47.000 2.5
1686 72 -26.000 -46.000 2.5
1687 73 -26.000 -45.000 2.6
1688 80 -26.000 -44.000 2.7
1689 68 -26.000 -43.000 2.8
1690 66 -26.000 -42.000 2.8
1691 77 -26.000 -41.000 2.9
1692 77 -26.000 -40.000 3.1
1693 10 -26.000 -39.000 3.1
1694 10 -26.000 -38.000 3.3
1695 76 -26.000 -37.000 3.4
1696 73 -26.000 -36.000 3.4
1697 73 -26.000 -35.000 3.5
1698 4 -26.000 -34.000 3.6
1699 80 -26.000 -33.000 3.7
1700 80 -26.000 -32.000 3.8
1701 74 -26.000 -31.000 3.8
1702 74 -26.000 -30.000 3.9
1703 18 -27.000 -75.000 4.3
1704 29 -27.000 -74.000 4.3
1705 29 -27.000 -73.000 4.3
1706 12 -27.000 -72.000 4.3
1707 12 -27.000 -71.000 4.2
1708 12 -27.000 -70.000 4.1
1709 12 -27.000 -69.000 4.1
1710 40 -27.000 -68.000 4.0
1711 21 -27.000 -67.000 4.0
1712 21 -27.000 -66.000 3.9
1713 21 -27.000 -65.000 3.9
1714 21 -27.000 -64.000 3.8
1715 21 -27.000 -63.000 3.7
1716 21 -27.000 -62.000 3.6
1717 21 -27.000 -61.000 3.5
1718 1 -27.000 -60.000 3.4
1719 24 -27.000 -59.000 3.3
1720 24 -27.000 -58.000 3.2
1721 24 -27.000 -57.000 3.1
1722 24 -27.000 -56.000 3.0
1723 24 -27.000 -55.000 2.9
1724 24 -27.000 -54.000 2.9
1725 78 -27.000 -53.000 2.7
1726 79 -27.000 -52.000 2.5
1727 21 -27.000 -51.000 2.3
1728 71 -27.000 -50.000 2.4
1729 7 -27.000 -49.000 2.4
1730 7 -27.000 -48.000 2.6
1731 15 -27.000 -47.000 2.7
1732 15 -27.000 -46.000 2.7
1733 78 -27.000 -45.000 2.8
1734 71 -27.000 -44.000 2.8
1735 80 -27.000 -43.000 2.9
1736 68 -27.000 -42.000 3.0
1737 77 -27.000 -41.000 3.0
1738 77 -27.000 -40.000 3.2
1739 65 -27.000 -39.000 3.3
1740 10 -27.000 -38.000 3.3
1741 10 -27.000 -37.000 3.4
1742 10 -27.000 -36.000 3.5
1743 76 -27.000 -35.000 3.6
1744 73 -27.000 -34.000 3.7
1745 73 -27.000 -33.000 3.8
1746 4 -27.000 -32.000 3.8
1747 80 -27.000 -31.000 3.9
1748 74 -27.000 -30.000 4.0
1749 29 -28.000 -75.000 4.4
1750 12 -28.000 -74.000 4.3
1751 12 -28.000 -73.000 4.3
1752 12 -28.000 -72.000 4.3
1753 12 -28.000 -71.000 4.2
1754 40 -28.000 -70.000 4.2
1755 40 -28.000 -69.000 4.1
1756 21 -28.000 -68.000 4.1
1757 21 -28.000 -67.000 4.0
1758 21 -28.000 -66.000 3.9
1759 21 -28.000 -65.000 3.9
1760 21 -28.000 -64.000 3.8
1761 21 -28.000 -63.000 3.7
1762 21 -28.000 -62.000 3.6
1763 1 -28.000 -61.000 3.6
1764 7 -28.000 -60.000 3.5
1765 7 -28.000 -59.000 3.4
1766 7 -28.000 -58.000 3.2
1767 7 -28.000 -57.000 3.1
1768 21 -28.000 -56.000 3.0
1769 21 -28.000 -55.000 2.8
1770 18 -28.000 -54.000 2.7
1771 72 -28.000 -53.000 2.6
1772 21 -28.000 -52.000 2.6
1773 8 -28.000 -51.000 2.5
1774 71 -28.000 -50.000 2.7
1775 71 -28.000 -49.000 2.6
1776 12 -28.000 -48.000 2.7
1777 75 -28.000 -47.000 2.7
1778 7 -28.000 -46.000 2.9
1779 77 -28.000 -45.000 2.9
1780 15 -28.000 -44.000 3.0
1781 72 -28.000 -43.000 3.1
1782 68 -28.000 -42.000 3.2
1783 66 -28.000 -41.000 3.2
1784 77 -28.000 -40.000 3.3
1785 77 -28.000 -39.000 3.4
1786 65 -28.000 -38.000 3.4
1787 10 -28.000 -37.000 3.5
1788 10 -28.000 -36.000 3.6
1789 10 -28.000 -35.000 3.7
1790 76 -28.000 -34.000 3.7
1791 73 -28.000 -33.000 3.8
1792 73 -28.000 -32.000 3.9
1793 73 -28.000 -31.000 3.9
1794 4 -28.000 -30.000 4.0
1795 12 -29.000 -75.000 4.4
1796 12 -29.000 -74.000 4.3
1797 40 -29.000 -73.000 4.3
1798 40 -29.000 -72.000 4.3
1799 40 -29.000 -71.000 4.2
1800 21 -29.000 -70.000 4.2
1801 21 -29.000 -69.000 4.1
1802 21 -29.000 -68.000 4.1
1803 21 -29.000 -67.000 4.0
1804 21 -29.000 -66.000 4.0
1805 21 -29.000 -65.000 3.9
1806 7 -29.000 -64.000 3.8
1807 21 -29.000 -63.000 3.8
1808 21 -29.000 -62.000 3.7
1809 21 -29.000 -61.000 3.6
1810 21 -29.000 -60.000 3.5
1811 21 -29.000 -59.000 3.4
1812 21 -29.000 -58.000 3.3
1813 21 -29.000 -57.000 3.2
1814 21 -29.000 -56.000 3.1
1815 21 -29.000 -55.000 3.0
1816 78 -29.000 -54.000 2.8
1817 78 -29.000 -53.000 2.6
1818 18 -29.000 -52.000 2.5
1819 18 -29.000 -51.000 2.6
1820 79 -29.000 -50.000 2.7
1821 8 -29.000 -49.000 2.8
1822 71 -29.000 -48.000 2.8
1823 75 -29.000 -47.000 2.9
1824 75 -29.000 -46.000 3.0
1825 75 -29.000 -45.000 3.0
1826 79 -29.000 -44.000 3.1
1827 15 -29.000 -43.000 3.2
1828 15 -29.000 -42.000 3.3
1829 80 -29.000 -41.000 3.3
1830 80 -29.000 -40.000 3.4
1831 77 -29.000 -39.000 3.5
1832 77 -29.000 -38.000 3.5
1833 65 -29.000 -37.000 3.6
1834 10 -29.000 -36.000 3.6
1835 10 -29.000 -35.000 3.7
1836 10 -29.000 -34.000 3.8
1837 76 -29.000 -33.000 3.9
1838 73 -29.000 -32.000 3.9
1839 73 -29.000 -31.000 4.0
1840 73 -29.000 -30.000 4.0
1841 40 -30.000 -75.000 4.4
1842 40 -30.000 -74.000 4.4
1843 7 -30.000 -73.000 4.3
1844 7 -30.000 -72.000 4.3
1845 7 -30.000 -71.000 4.2
1846 7 -30.000 -70.000 4.2
1847 7 -30.000 -69.000 4.1
1848 7 -30.000 -68.000 4.1
1849 7 -30.000 -67.000 4.0
1850 1 -30.000 -66.000 4.0
1851 21 -30.000 -65.000 3.9
1852 21 -30.000 -64.000 3.9
1853 21 -30.000 -63.000 3.8
1854 21 -30.000 -62.000 3.7
1855 21 -30.000 -61.000 3.6
1856 21 -30.000 -60.000 3.6
1857 21 -30.000 -59.000 3.5
1858 21 -30.000 -58.000 3.4
1859 21 -30.000 -57.000 3.3
1860 78 -30.000 -56.000 3.2
1861 78 -30.000 -55.000 3.0
1862 78 -30.000 -54.000 2.9
1863 78 -30.000 -53.000 2.7
1864 72 -30.000 -52.000 2.7
1865 72 -30.000 -51.000 2.5
1866 18 -30.000 -50.000 2.6
1867 18 -30.000 -49.000 2.8
1868 79 -30.000 -48.000 2.9
1869 12 -30.000 -47.000 3.0
1870 75 -30.000 -46.000 3.1
1871 75 -30.000 -45.000 3.2
1872 79 -30.000 -44.000 3.2
1873 77 -30.000 -43.000 3.3
1874 75 -30.000 -42.000 3.4
1875 15 -30.000 -41.000 3.4
1876 66 -30.000 -40.000 3.5
1877 80 -30.000 -39.000 3.5
1878 77 -30.000 -38.000 3.6
1879 77 -30.000 -37.000 3.7
1880 65 -30.000 -36.000 3.7
1881 10 -30.000 -35.000 3.8
1882 10 -30.000 -34.000 3.8
1883 10 -30.000 -33.000 3.9
1884 76 -30.000 -32.000 4.0
1885 76 -30.000 -31.000 4.0
1886 73 -30.000 -30.000 4.0
1887 7 -31.000 -75.000 4.4
1888 7 -31.000 -74.000 4.4
1889 7 -31.000 -73.000 4.3
1890 7 -31.000 -72.000 4.3
1891 7 -31.000 -71.000 4.2
1892 7 -31.000 -70.000 4.2
1893 1 -31.000 -69.000 4.1
1894 1 -31.000 -68.000 4.1
1895 1 -31.000 -67.000 4.1
1896 21 -31.000 -66.000 4.0
1897 21 -31.000 -65.000 4.0
1898 21 -31.000 -64.000 3.9
1899 21 -31.000 -63.000 3.8
1900 21 -31.000 -62.000 3.8
1901 21 -31.000 -61.000 3.7
1902 21 -31.000 -60.000 3.6
1903 21 -31.000 -59.000 3.5
1904 78 -31.000 -58.000 3.5
1905 78 -31.000 -57.000 3.4
1906 78 -31.000 -56.000 3.2
1907 78 -31.000 -55.000 3.1
1908 78 -31.000 -54.000 3.0
1909 78 -31.000 -53.000 2.8
1910 13 -31.000 -52.000 2.8
1911 72 -31.000 -51.000 2.8
1912 12 -31.000 -50.000 2.8
1913 12 -31.000 -49.000 2.9
1914 12 -31.000 -48.000 3.0
1915 12 -31.000 -47.000 3.1
1916 71 -31.000 -46.000 3.2
1917 75 -31.000 -45.000 3.3
1918 75 -31.000 -44.000 3.4
1919 79 -31.000 -43.000 3.4
1920 71 -31.000 -42.000 3.5
1921 7 -31.000 -41.000 3.5
1922 15 -31.000 -40.000 3.6
1923 72 -31.000 -39.000 3.6
1924 77 -31.000 -38.000 3.7
1925 77 -31.000 -37.000 3.7
1926 77 -31.000 -36.000 3.8
1927 65 -31.000 -35.000 3.8
1928 10 -31.000 -34.000 3.9
1929 10 -31.000 -33.000 3.9
1930 10 -31.000 -32.000 4.0
1931 10 -31.000 -31.000 4.0
1932 76 -31.000 -30.000 4.1
1933 7 -32.000 -75.000 4.4
1934 7 -32.000 -74.000 4.4
1935 1 -32.000 -73.000 4.3
1936 1 -32.000 -72.000 4.3
1937 1 -32.000 -71.000 4.3
1938 1 -32.000 -70.000 4.2
1939 1 -32.000 -69.000 4.2
1940 21 -32.000 -68.000 4.1
1941 21 -32.000 -67.000 4.1
1942 21 -32.000 -66.000 4.0
1943 21 -32.000 -65.000 4.0
1944 21 -32.000 -64.000 3.9
1945 21 -32.000 -63.000 3.9
1946 21 -32.000 -62.000 3.8
1947 21 -32.000 -61.000 3.8
1948 78 -32.000 -60.000 3.7
1949 78 -32.000 -59.000 3.6
1950 78 -32.000 -58.000 3.5
1951 78 -32.000 -57.000 3.4
1952 78 -32.000 -56.000 3.3
1953 78 -32.000 -55.000 3.2
1954 78 -32.000 -54.000 3.1
1955 12 -32.000 -53.000 3.0
1956 12 -32.000 -52.000 2.9
1957 72 -32.000 -51.000 3.0
1958 12 -32.000 -50.000 3.0
1959 12 -32.000 -49.000 3.1
1960 12 -32.000 -48.000 3.2
1961 12 -32.000 -47.000 3.3
1962 12 -32.000 -46.000 3.3
1963 79 -32.000 -45.000 3.4
1964 18 -32.000 -44.000 3.5
1965 75 -32.000 -43.000 3.5
1966 79 -32.000 -42.000 3.6
1967 75 -32.000 -41.000 3.6
1968 10 -32.000 -40.000 3.7
1969 68 -32.000 -39.000 3.7
1970 66 -32.000 -38.000 3.8
1971 80 -32.000 -37.000 3.8
1972 78 -32.000 -36.000 3.9
1973 65 -32.000 -35.000 3.9
1974 10 -32.000 -34.000 3.9
1975 10 -32.000 -33.000 4.0
1976 10 -32.000 -32.000 4.0
1977 10 -32.000 -31.000 4.1
1978 10 -32.000 -30.000 4.1
1979 1 -33.000 -75.000 4.4
1980 1 -33.000 -74.000 4.4
1981 1 -33.000 -73.000 4.4
1982 1 -33.000 -72.000 4.3
1983 1 -33.000 -71.000 4.3
1984 21 -33.000 -70.000 4.3
1985 21 -33.000 -69.000 4.2
1986 21 -33.000 -68.000 4.2
1987 21 -33.000 -67.000 4.1
1988 21 -33.000 -66.000 4.1
1989 21 -33.000 -65.000 4.0
1990 21 -33.000 -64.000 4.0
1991 21 -33.000 -63.000 3.9
1992 78 -33.000 -62.000 3.9
1993 78 -33.000 -61.000 3.8
1994 78 -33.000 -60.000 3.7
1995 78 -33.000 -59.000 3.6
1996 78 -33.000 -58.000 3.6
1997 78 -33.000 -57.000 3.5
1998 78 -33.000 -56.000 3.4
1999 78 -33.000 -55.000 3.3
2000 78 -33.000 -54.000 3.2
2001 12 -33.000 -53.000 3.1
2002 12 -33.000 -52.000 3.1
2003 13 -33.000 -51.000 3.1
2004 12 -33.000 -50.000 3.2
2005 12 -33.000 -49.000 3.2
2006 12 -33.000 -48.000 3.3
2007 12 -33.000 -47.000 3.4
2008 12 -33.000 -46.000 3.4
2009 79 -33.000 -45.000 3.5
2010 79 -33.000 -44.000 3.6
2011 79 -33.000 -43.000 3.6
2012 75 -33.000 -42.000 3.7
2013 77 -33.000 -41.000 3.7
2014 73 -33.000 -40.000 3.8
2015 77 -33.000 -39.000 3.8
2016 68 -33.000 -38.000 3.8
2017 10 -33.000 -37.000 3.9
2018 72 -33.000 -36.000 3.9
2019 80 -33.000 -35.000 4.0
2020 78 -33.000 -34.000 4.0
2021 10 -33.000 -33.000 4.0
2022 10 -33.000 -32.000 4.1
2023 10 -33.000 -31.000 4.1
2024 10 -33.000 -30.000 4.2
2025 1 -34.000 -75.000 4.5
2026 1 -34.000 -74.000 4.4
2027 1 -34.000 -73.000 4.4
2028 21 -34.000 -72.000 4.4
2029 21 -34.000 -71.000 4.3
2030 21 -34.000 -70.000 4.3
2031 21 -34.000 -69.000 4.2
2032 21 -34.000 -68.000 4.2
2033 21 -34.000 -67.000 4.2
2034 21 -34.000 -66.000 4.1
2035 78 -34.000 -65.000 4.1
2036 78 -34.000 -64.000 4.0
2037 78 -34.000 -63.000 4.0
2038 78 -34.000 -62.000 3.9
2039 78 -34.000 -61.000 3.8
2040 78 -34.000 -60.000 3.8
2041 78 -34.000 -59.000 3.7
2042 78 -34.000 -58.000 3.6
2043 78 -34.000 -57.000 3.5
2044 78 -34.000 -56.000 3.5
2045 78 -34.000 -55.000 3.4
2046 12 -34.000 -54.000 3.3
2047 12 -34.000 -53.000 3.3
2048 12 -34.000 -52.000 3.3
2049 72 -34.000 -51.000 3.3
2050 12 -34.000 -50.000 3.3
2051 12 -34.000 -49.000 3.4
2052 12 -34.000 -48.000 3.4
2053 12 -34.000 -47.000 3.5
2054 12 -34.000 -46.000 3.5
2055 12 -34.000 -45.000 3.6
2056 79 -34.000 -44.000 3.6
2057 79 -34.000 -43.000 3.7
2058 79 -34.000 -42.000 3.7
2059 79 -34.000 -41.000 3.8
2060 75 -34.000 -40.000 3.8
2061 10 -34.000 -39.000 3.9
2062 77 -34.000 -38.000 3.9
2063 68 -34.000 -37.000 3.9
2064 10 -34.000 -36.000 4.0
2065 10 -34.000 -35.000 4.0
2066 80 -34.000 -34.000 4.0
2067 80 -34.000 -33.000 4.1
2068 10 -34.000 -32.000 4.1
2069 10 -34.000 -31.000 4.2
2070 10 -34.000 -30.000 4.2
2071 1 -35.000 -75.000 4.5
2072 21 -35.000 -74.000 4.5
2073 21 -35.000 -73.000 4.4
2074 21 -35.000 -72.000 4.4
2075 21 -35.000 -71.000 4.3
2076 21 -35.000 -70.000 4.3
2077 21 -35.000 -69.000 4.3
2078 21 -35.000 -68.000 4.2
2079 78 -35.000 -67.000 4.2
2080 78 -35.000 -66.000 4.1
2081 78 -35.000 -65.000 4.1
2082 78 -35.000 -64.000 4.0
2083 78 -35.000 -63.000 4.0
2084 78 -35.000 -62.000 3.9
2085 78 -35.000 -61.000 3.9
2086 78 -35.000 -60.000 3.8
2087 78 -35.000 -59.000 3.7
2088 78 -35.000 -58.000 3.7
2089 78 -35.000 -57.000 3.6
2090 78 -35.000 -56.000 3.5
2091 78 -35.000 -55.000 3.5
2092 12 -35.000 -54.000 3.5
2093 12 -35.000 -53.000 3.4
2094 12 -35.000 -52.000 3.4
2095 72 -35.000 -51.000 3.4
2096 13 -35.000 -50.000 3.4
2097 12 -35.000 -49.000 3.5
2098 12 -35.000 -48.000 3.5
2099 12 -35.000 -47.000 3.6
2100 12 -35.000 -46.000 3.6
2101 12 -35.000 -45.000 3.7
2102 12 -35.000 -44.000 3.7
2103 79 -35.000 -43.000 3.8
2104 79 -35.000 -42.000 3.8
2105 79 -35.000 -41.000 3.9
2106 71 -35.000 -40.000 3.9
2107 71 -35.000 -39.000 3.9
2108 77 -35.000 -38.000 4.0
2109 77 -35.000 -37.000 4.0
2110 68 -35.000 -36.000 4.0
2111 10 -35.000 -35.000 4.0
2112 10 -35.000 -34.000 4.1
2113 72 -35.000 -33.000 4.1
2114 80 -35.000 -32.000 4.2
2115 65 -35.000 -31.000 4.2
2116 10 -35.000 -30.000 4.2
