1 -55.700 -20.476
2 -48.528 -21.066
3 -44.764 -20.998
4 -40.847 -18.831
5 -52.838 -18.769
6 -55.797 -10.873
7 -50.853 -29.315
8 -53.443 -30.412
9 -43.665 -18.295
10 -44.440 -23.021
11 -49.564 -23.344
12 -52.131 -27.235
13 -56.628 -29.664
14 -50.359 -19.704
15 -45.625 -23.342
16 -51.262 -21.607
17 -48.301 -12.106
18 -53.604 -31.764
19 -46.440 -18.540
20 -54.880 -17.600
21 -52.012 -24.721
22 -47.531 -22.419
23 -41.185 -18.703
24 -52.636 -22.795
25 -46.966 -23.002
26 -51.812 -15.706
27 -60.523 2.395
28 -72.705 -7.730
29 -66.214 -9.817
30 -48.212 -17.983
31 -55.734 -4.367
32 -44.311 -15.058
33 -60.684 -3.162
34 -54.265 -1.853
35 -43.942 -16.707
36 -52.057 -0.360
37 -55.358 -7.045
38 -56.730 -11.612
39 -49.815 -6.172
40 -59.137 -15.449
41 -44.125 -2.897
42 -55.694 -15.901
43 -44.903 -12.409
44 -47.589 -8.862
45 -51.294 -11.974
46 -69.909 -4.187
47 -48.096 -2.370
48 -60.200 -12.953
49 -36.275 -9.669
50 -36.013 -8.226
51 -38.291 -4.224
52 -39.182 -12.594
53 -39.435 -14.931
54 -37.789 -10.993
55 -36.950 -7.365
56 -38.764 -7.365
57 -40.041 -3.311
58 -37.112 -5.750
59 -39.584 -5.543
60 -40.199 -10.847
61 -41.446 -4.394
62 -35.291 -6.418
63 -35.127 -8.679
64 -38.063 -9.122
65 -40.725 -20.617
66 -41.657 -21.826
67 -39.519 -15.360
68 -42.374 -22.081
69 -39.575 -13.720
70 -39.805 -16.584
71 -48.102 -24.811
72 -49.012 -27.397
73 -43.964 -22.865
74 -40.126 -17.844
75 -47.275 -24.290
76 -40.394 -19.314
77 -45.156 -23.324
78 -49.129 -28.532
79 -49.005 -25.324
80 -43.443 -22.280
