 1 14 10.000 -90.000 4.7
 2 14 10.000 -89.000 4.7
 3 23 10.000 -88.000 4.7
 4 23 10.000 -87.000 4.6
 5 23 10.000 -86.000 4.6
 6 23 10.000 -85.000 4.6
 7 23 10.000 -84.000 4.5
 8 23 10.000 -83.000 4.5
 9 23 10.000 -82.000 4.5
10 23 10.000 -81.000 4.5
11 23 10.000 -80.000 4.5
12 23 10.000 -79.000 4.4
13 23 10.000 -78.000 4.4
14  4 10.000 -77.000 4.4
15  4 10.000 -76.000 4.3
16  4 10.000 -75.000 4.3
17  4 10.000 -74.000 4.2
18 16 10.000 -73.000 4.2
19 16 10.000 -72.000 4.2
20 16 10.000 -71.000 4.2
21 16 10.000 -70.000 4.2
22 16 10.000 -69.000 4.2
23 16 10.000 -68.000 4.2
24 16 10.000 -67.000 4.2
25 13 10.000 -66.000 4.2
26 13 10.000 -65.000 4.1
27 13 10.000 -64.000 4.1
28 13 10.000 -63.000 4.1
29 13 10.000 -62.000 4.1
30 13 10.000 -61.000 4.1
31 22 10.000 -60.000 4.0
32 14 10.000 -59.000 4.0
33 19 10.000 -58.000 4.0
34 19 10.000 -57.000 4.0
35 19 10.000 -56.000 4.0
36 19 10.000 -55.000 4.0
37 19 10.000 -54.000 4.0
38 24 10.000 -53.000 4.0
39 24 10.000 -52.000 4.0
40  4 10.000 -51.000 4.0
41  4 10.000 -50.000 4.1
42 19 10.000 -49.000 4.1
43  5 10.000 -48.000 4.1
44  5 10.000 -47.000 4.1
45  5 10.000 -46.000 4.1
46  5 10.000 -45.000 4.1
47  5 10.000 -44.000 4.1
48  5 10.000 -43.000 4.1
49 24 10.000 -42.000 4.1
50 22 10.000 -41.000 4.1
51 22 10.000 -40.000 4.2
52 22 10.000 -39.000 4.2
53 22 10.000 -38.000 4.3
54 22 10.000 -37.000 4.3
55 22 10.000 -36.000 4.4
56 22 10.000 -35.000 4.4
57 22 10.000 -34.000 4.5
58 22 10.000 -33.000 4.5
59 22 10.000 -32.000 4.5
60 22 10.000 -31.000 4.6
61 22 10.000 -30.000 4.6
62 14 9.000 -90.000 4.7
63 14 9.000 -89.000 4.7
64 14 9.000 -88.000 4.6
65 23 9.000 -87.000 4.6
66 23 9.000 -86.000 4.5
67 23 9.000 -85.000 4.5
68 23 9.000 -84.000 4.5
69 23 9.000 -83.000 4.5
70 23 9.000 -82.000 4.4
71 23 9.000 -81.000 4.4
72 23 9.000 -80.000 4.4
73 23 9.000 -79.000 4.4
74 23 9.000 -78.000 4.4
75  4 9.000 -77.000 4.3
76  4 9.000 -76.000 4.3
77  4 9.000 -75.000 4.2
78  4 9.000 -74.000 4.2
79 16 9.000 -73.000 4.1
80 16 9.000 -72.000 4.1
81 16 9.000 -71.000 4.1
82 16 9.000 -70.000 4.1
83 16 9.000 -69.000 4.1
84 16 9.000 -68.000 4.1
85 16 9.000 -67.000 4.1
86 13 9.000 -66.000 4.1
87 13 9.000 -65.000 4.0
88 13 9.000 -64.000 4.0
89 13 9.000 -63.000 4.0
90 13 9.000 -62.000 4.0
91 13 9.000 -61.000 4.0
92 13 9.000 -60.000 4.0
93 13 9.000 -59.000 4.0
94 19 9.000 -58.000 4.0
95 19 9.000 -57.000 4.0
96 19 9.000 -56.000 3.9
97 19 9.000 -55.000 3.9
98 19 9.000 -54.000 3.9
99 24 9.000 -53.000 3.9
100  4 9.000 -52.000 3.9
101  4 9.000 -51.000 4.0
102 19 9.000 -50.000 4.0
103 19 9.000 -49.000 4.0
104  5 9.000 -48.000 4.0
105  5 9.000 -47.000 4.0
106  5 9.000 -46.000 4.0
107  5 9.000 -45.000 4.0
108  5 9.000 -44.000 4.0
109  5 9.000 -43.000 4.0
110 24 9.000 -42.000 4.0
111 22 9.000 -41.000 4.1
112 22 9.000 -40.000 4.1
113 22 9.000 -39.000 4.2
114 22 9.000 -38.000 4.2
115 22 9.000 -37.000 4.3
116 22 9.000 -36.000 4.3
117 22 9.000 -35.000 4.4
118 22 9.000 -34.000 4.4
119 22 9.000 -33.000 4.5
120 22 9.000 -32.000 4.5
121 22 9.000 -31.000 4.6
122 22 9.000 -30.000 4.6
123 14 8.000 -90.000 4.7
124 14 8.000 -89.000 4.6
125 14 8.000 -88.000 4.6
126 14 8.000 -87.000 4.6
127 23 8.000 -86.000 4.5
128 23 8.000 -85.000 4.5
129 23 8.000 -84.000 4.5
130 23 8.000 -83.000 4.4
131 23 8.000 -82.000 4.4
132 23 8.000 -81.000 4.4
133 23 8.000 -80.000 4.3
134 23 8.000 -79.000 4.3
135 23 8.000 -78.000 4.3
136 23 8.000 -77.000 4.3
137  4 8.000 -76.000 4.3
138  4 8.000 -75.000 4.2
139  4 8.000 -74.000 4.1
140  4 8.000 -73.000 4.1
141 16 8.000 -72.000 4.0
142 16 8.000 -71.000 4.0
143 16 8.000 -70.000 4.0
144 16 8.000 -69.000 4.0
145 16 8.000 -68.000 4.0
146 16 8.000 -67.000 4.0
147 13 8.000 -66.000 4.0
148 13 8.000 -65.000 4.0
149 13 8.000 -64.000 4.0
150 13 8.000 -63.000 3.9
151 13 8.000 -62.000 3.9
152 13 8.000 -61.000 3.9
153 13 8.000 -60.000 3.9
154 13 8.000 -59.000 3.9
155 19 8.000 -58.000 3.9
156 19 8.000 -57.000 3.9
157 19 8.000 -56.000 3.9
158 19 8.000 -55.000 3.9
159 19 8.000 -54.000 3.9
160 24 8.000 -53.000 3.8
161  4 8.000 -52.000 3.9
162 19 8.000 -51.000 3.9
163 19 8.000 -50.000 3.9
164  5 8.000 -49.000 4.0
165  5 8.000 -48.000 3.9
166  5 8.000 -47.000 3.9
167  5 8.000 -46.000 3.9
168  5 8.000 -45.000 3.9
169  5 8.000 -44.000 3.9
170  5 8.000 -43.000 3.9
171 22 8.000 -42.000 4.0
172 22 8.000 -41.000 4.0
173 22 8.000 -40.000 4.1
174 22 8.000 -39.000 4.1
175 22 8.000 -38.000 4.2
176 22 8.000 -37.000 4.3
177 22 8.000 -36.000 4.3
178 22 8.000 -35.000 4.4
179 22 8.000 -34.000 4.4
180 22 8.000 -33.000 4.5
181 22 8.000 -32.000 4.5
182 22 8.000 -31.000 4.6
183 22 8.000 -30.000 4.6
184 14 7.000 -90.000 4.7
185 14 7.000 -89.000 4.6
186 14 7.000 -88.000 4.6
187 14 7.000 -87.000 4.5
188 14 7.000 -86.000 4.5
189 14 7.000 -85.000 4.5
190 23 7.000 -84.000 4.4
191 23 7.000 -83.000 4.4
192 23 7.000 -82.000 4.3
193 23 7.000 -81.000 4.3
194 23 7.000 -80.000 4.3
195 23 7.000 -79.000 4.3
196 23 7.000 -78.000 4.2
197 23 7.000 -77.000 4.2
198 23 7.000 -76.000 4.2
199  4 7.000 -75.000 4.2
200  4 7.000 -74.000 4.1
201  4 7.000 -73.000 4.0
202  4 7.000 -72.000 4.0
203 16 7.000 -71.000 3.9
204 16 7.000 -70.000 3.9
205 16 7.000 -69.000 3.9
206 16 7.000 -68.000 3.9
207 16 7.000 -67.000 4.0
208 13 7.000 -66.000 3.9
209 13 7.000 -65.000 3.9
210 13 7.000 -64.000 3.9
211 13 7.000 -63.000 3.8
212 13 7.000 -62.000 3.8
213 13 7.000 -61.000 3.8
214 14 7.000 -60.000 3.8
215 13 7.000 -59.000 3.8
216 19 7.000 -58.000 3.8
217 19 7.000 -57.000 3.8
218 19 7.000 -56.000 3.8
219 19 7.000 -55.000 3.8
220 19 7.000 -54.000 3.8
221 24 7.000 -53.000 3.8
222 19 7.000 -52.000 3.8
223 19 7.000 -51.000 3.8
224 19 7.000 -50.000 3.9
225  5 7.000 -49.000 3.9
226  5 7.000 -48.000 3.9
227  5 7.000 -47.000 3.8
228  5 7.000 -46.000 3.8
229  5 7.000 -45.000 3.8
230  5 7.000 -44.000 3.8
231 22 7.000 -43.000 3.8
232 22 7.000 -42.000 3.9
233 22 7.000 -41.000 4.0
234 22 7.000 -40.000 4.0
235 22 7.000 -39.000 4.1
236 22 7.000 -38.000 4.2
237 22 7.000 -37.000 4.2
238 22 7.000 -36.000 4.3
239 22 7.000 -35.000 4.3
240 22 7.000 -34.000 4.4
241 22 7.000 -33.000 4.5
242 22 7.000 -32.000 4.5
243 22 7.000 -31.000 4.5
244 22 7.000 -30.000 4.6
245 14 6.000 -90.000 4.7
246 14 6.000 -89.000 4.6
247 14 6.000 -88.000 4.6
248 14 6.000 -87.000 4.5
249 14 6.000 -86.000 4.5
250 14 6.000 -85.000 4.4
251 14 6.000 -84.000 4.4
252 23 6.000 -83.000 4.3
253 23 6.000 -82.000 4.3
254 23 6.000 -81.000 4.3
255 23 6.000 -80.000 4.2
256 23 6.000 -79.000 4.2
257 23 6.000 -78.000 4.2
258 23 6.000 -77.000 4.2
259 23 6.000 -76.000 4.1
260 23 6.000 -75.000 4.1
261  4 6.000 -74.000 4.1
262  4 6.000 -73.000 4.0
263  4 6.000 -72.000 3.9
264  4 6.000 -71.000 3.9
265 16 6.000 -70.000 3.8
266 16 6.000 -69.000 3.8
267 16 6.000 -68.000 3.8
268 16 6.000 -67.000 3.9
269 13 6.000 -66.000 3.9
270 13 6.000 -65.000 3.8
271 13 6.000 -64.000 3.8
272 13 6.000 -63.000 3.7
273 13 6.000 -62.000 3.7
274 13 6.000 -61.000 3.7
275 14 6.000 -60.000 3.7
276 22 6.000 -59.000 3.7
277 19 6.000 -58.000 3.7
278 19 6.000 -57.000 3.7
279 19 6.000 -56.000 3.6
280 19 6.000 -55.000 3.6
281 19 6.000 -54.000 3.6
282 24 6.000 -53.000 3.7
283 19 6.000 -52.000 3.7
284 19 6.000 -51.000 3.7
285 19 6.000 -50.000 3.8
286  5 6.000 -49.000 3.8
287  5 6.000 -48.000 3.8
288  5 6.000 -47.000 3.7
289  5 6.000 -46.000 3.7
290  5 6.000 -45.000 3.7
291  5 6.000 -44.000 3.7
292 22 6.000 -43.000 3.8
293 22 6.000 -42.000 3.9
294 22 6.000 -41.000 3.9
295 22 6.000 -40.000 4.0
296 22 6.000 -39.000 4.1
297 22 6.000 -38.000 4.2
298 22 6.000 -37.000 4.2
299 22 6.000 -36.000 4.3
300 22 6.000 -35.000 4.3
301 22 6.000 -34.000 4.4
302 22 6.000 -33.000 4.4
303 22 6.000 -32.000 4.5
304 22 6.000 -31.000 4.5
305 22 6.000 -30.000 4.6
306 14 5.000 -90.000 4.7
307 14 5.000 -89.000 4.6
308 14 5.000 -88.000 4.6
309 14 5.000 -87.000 4.5
310 14 5.000 -86.000 4.5
311 14 5.000 -85.000 4.4
312 14 5.000 -84.000 4.4
313 14 5.000 -83.000 4.3
314 14 5.000 -82.000 4.3
315 23 5.000 -81.000 4.2
316 23 5.000 -80.000 4.2
317 23 5.000 -79.000 4.2
318 23 5.000 -78.000 4.1
319 23 5.000 -77.000 4.1
320 23 5.000 -76.000 4.1
321 23 5.000 -75.000 4.0
322 23 5.000 -74.000 4.0
323  4 5.000 -73.000 4.0
324  4 5.000 -72.000 3.9
325  4 5.000 -71.000 3.8
326  4 5.000 -70.000 3.7
327 16 5.000 -69.000 3.7
328 16 5.000 -68.000 3.7
329 16 5.000 -67.000 3.8
330 13 5.000 -66.000 3.8
331 13 5.000 -65.000 3.7
332 13 5.000 -64.000 3.7
333 13 5.000 -63.000 3.6
334 13 5.000 -62.000 3.6
335 13 5.000 -61.000 3.6
336 14 5.000 -60.000 3.7
337 19 5.000 -59.000 3.6
338 19 5.000 -58.000 3.6
339 19 5.000 -57.000 3.5
340 19 5.000 -56.000 3.5
341 19 5.000 -55.000 3.5
342 19 5.000 -54.000 3.5
343 24 5.000 -53.000 3.6
344 19 5.000 -52.000 3.6
345 19 5.000 -51.000 3.6
346 19 5.000 -50.000 3.7
347  5 5.000 -49.000 3.7
348  5 5.000 -48.000 3.7
349  5 5.000 -47.000 3.6
350  5 5.000 -46.000 3.6
351  5 5.000 -45.000 3.6
352 22 5.000 -44.000 3.6
353 22 5.000 -43.000 3.7
354 22 5.000 -42.000 3.8
355 22 5.000 -41.000 3.9
356 22 5.000 -40.000 4.0
357 22 5.000 -39.000 4.0
358 22 5.000 -38.000 4.1
359 22 5.000 -37.000 4.2
360 22 5.000 -36.000 4.3
361 22 5.000 -35.000 4.3
362 22 5.000 -34.000 4.4
363 22 5.000 -33.000 4.4
364 22 5.000 -32.000 4.5
365 22 5.000 -31.000 4.5
366 22 5.000 -30.000 4.6
367 14 4.000 -90.000 4.6
368 14 4.000 -89.000 4.6
369 14 4.000 -88.000 4.5
370 14 4.000 -87.000 4.5
371 14 4.000 -86.000 4.5
372 14 4.000 -85.000 4.4
373 14 4.000 -84.000 4.3
374 14 4.000 -83.000 4.3
375 14 4.000 -82.000 4.2
376 14 4.000 -81.000 4.2
377 23 4.000 -80.000 4.1
378 23 4.000 -79.000 4.1
379 23 4.000 -78.000 4.0
380 23 4.000 -77.000 4.0
381 23 4.000 -76.000 4.0
382 23 4.000 -75.000 4.0
383 23 4.000 -74.000 4.0
384 23 4.000 -73.000 4.0
385  4 4.000 -72.000 3.9
386  4 4.000 -71.000 3.8
387  4 4.000 -70.000 3.7
388 16 4.000 -69.000 3.6
389 16 4.000 -68.000 3.6
390 16 4.000 -67.000 3.7
391 15 4.000 -66.000 3.7
392 13 4.000 -65.000 3.6
393 13 4.000 -64.000 3.6
394 13 4.000 -63.000 3.5
395 13 4.000 -62.000 3.5
396 14 4.000 -61.000 3.5
397 14 4.000 -60.000 3.6
398 19 4.000 -59.000 3.5
399 13 4.000 -58.000 3.5
400 19 4.000 -57.000 3.4
401 19 4.000 -56.000 3.4
402 19 4.000 -55.000 3.4
403  4 4.000 -54.000 3.5
404 24 4.000 -53.000 3.5
405 19 4.000 -52.000 3.5
406 19 4.000 -51.000 3.5
407 19 4.000 -50.000 3.6
408  5 4.000 -49.000 3.6
409  5 4.000 -48.000 3.6
410  5 4.000 -47.000 3.5
411  5 4.000 -46.000 3.5
412  5 4.000 -45.000 3.4
413 22 4.000 -44.000 3.6
414 22 4.000 -43.000 3.7
415 22 4.000 -42.000 3.8
416 22 4.000 -41.000 3.9
417 22 4.000 -40.000 4.0
418 22 4.000 -39.000 4.0
419 22 4.000 -38.000 4.1
420 22 4.000 -37.000 4.2
421 22 4.000 -36.000 4.2
422 22 4.000 -35.000 4.3
423 22 4.000 -34.000 4.4
424 22 4.000 -33.000 4.4
425 22 4.000 -32.000 4.5
426 22 4.000 -31.000 4.5
427 22 4.000 -30.000 4.6
428 14 3.000 -90.000 4.6
429 14 3.000 -89.000 4.6
430 14 3.000 -88.000 4.5
431 14 3.000 -87.000 4.5
432 14 3.000 -86.000 4.5
433 14 3.000 -85.000 4.4
434 14 3.000 -84.000 4.3
435 14 3.000 -83.000 4.3
436 14 3.000 -82.000 4.2
437 14 3.000 -81.000 4.2
438 14 3.000 -80.000 4.1
439 23 3.000 -79.000 4.0
440 23 3.000 -78.000 4.0
441 23 3.000 -77.000 3.9
442 23 3.000 -76.000 3.9
443 23 3.000 -75.000 3.9
444 23 3.000 -74.000 3.9
445 23 3.000 -73.000 3.9
446 15 3.000 -72.000 3.8
447 15 3.000 -71.000 3.8
448  4 3.000 -70.000 3.7
449  4 3.000 -69.000 3.6
450 16 3.000 -68.000 3.5
451 16 3.000 -67.000 3.5
452 15 3.000 -66.000 3.6
453 13 3.000 -65.000 3.5
454 13 3.000 -64.000 3.5
455 13 3.000 -63.000 3.4
456 13 3.000 -62.000 3.3
457 14 3.000 -61.000 3.4
458 19 3.000 -60.000 3.5
459 19 3.000 -59.000 3.4
460 19 3.000 -58.000 3.4
461 22 3.000 -57.000 3.3
462 19 3.000 -56.000 3.2
463  4 3.000 -55.000 3.3
464  4 3.000 -54.000 3.4
465 24 3.000 -53.000 3.3
466 19 3.000 -52.000 3.3
467 19 3.000 -51.000 3.4
468 19 3.000 -50.000 3.5
469  5 3.000 -49.000 3.5
470  5 3.000 -48.000 3.5
471  5 3.000 -47.000 3.4
472  5 3.000 -46.000 3.3
473 22 3.000 -45.000 3.4
474 22 3.000 -44.000 3.5
475 22 3.000 -43.000 3.6
476 22 3.000 -42.000 3.7
477 22 3.000 -41.000 3.8
478 22 3.000 -40.000 3.9
479 22 3.000 -39.000 4.0
480 22 3.000 -38.000 4.1
481 22 3.000 -37.000 4.2
482 22 3.000 -36.000 4.2
483 22 3.000 -35.000 4.3
484 22 3.000 -34.000 4.3
485 22 3.000 -33.000 4.4
486 22 3.000 -32.000 4.5
487 22 3.000 -31.000 4.5
488  8 3.000 -30.000 4.5
489 14 2.000 -90.000 4.6
490 14 2.000 -89.000 4.6
491 14 2.000 -88.000 4.5
492 14 2.000 -87.000 4.5
493 14 2.000 -86.000 4.4
494 14 2.000 -85.000 4.4
495 14 2.000 -84.000 4.3
496 14 2.000 -83.000 4.3
497 14 2.000 -82.000 4.2
498 14 2.000 -81.000 4.1
499 14 2.000 -80.000 4.1
500 14 2.000 -79.000 4.0
501 14 2.000 -78.000 3.9
502 23 2.000 -77.000 3.9
503 23 2.000 -76.000 3.8
504 23 2.000 -75.000 3.8
505 23 2.000 -74.000 3.8
506 23 2.000 -73.000 3.8
507 15 2.000 -72.000 3.8
508 15 2.000 -71.000 3.7
509 15 2.000 -70.000 3.6
510 15 2.000 -69.000 3.5
511  4 2.000 -68.000 3.4
512 16 2.000 -67.000 3.4
513 15 2.000 -66.000 3.4
514 15 2.000 -65.000 3.4
515 13 2.000 -64.000 3.3
516 13 2.000 -63.000 3.2
517 14 2.000 -62.000 3.2
518 14 2.000 -61.000 3.4
519 19 2.000 -60.000 3.4
520 19 2.000 -59.000 3.3
521 19 2.000 -58.000 3.2
522 13 2.000 -57.000 3.3
523  4 2.000 -56.000 3.1
524  4 2.000 -55.000 3.3
525 24 2.000 -54.000 3.4
526 24 2.000 -53.000 3.2
527 19 2.000 -52.000 3.2
528 19 2.000 -51.000 3.3
529 19 2.000 -50.000 3.4
530  5 2.000 -49.000 3.4
531  5 2.000 -48.000 3.3
532  5 2.000 -47.000 3.2
533 22 2.000 -46.000 3.2
534 22 2.000 -45.000 3.3
535 22 2.000 -44.000 3.5
536 22 2.000 -43.000 3.6
537 22 2.000 -42.000 3.7
538 22 2.000 -41.000 3.8
539 22 2.000 -40.000 3.9
540 22 2.000 -39.000 4.0
541 22 2.000 -38.000 4.1
542 22 2.000 -37.000 4.2
543 22 2.000 -36.000 4.2
544 22 2.000 -35.000 4.3
545 22 2.000 -34.000 4.3
546  8 2.000 -33.000 4.4
547  8 2.000 -32.000 4.4
548  8 2.000 -31.000 4.5
549  8 2.000 -30.000 4.5
550 14 1.000 -90.000 4.6
551 14 1.000 -89.000 4.6
552 14 1.000 -88.000 4.5
553 14 1.000 -87.000 4.5
554 14 1.000 -86.000 4.4
555 14 1.000 -85.000 4.4
556 14 1.000 -84.000 4.3
557 14 1.000 -83.000 4.3
558 14 1.000 -82.000 4.2
559 14 1.000 -81.000 4.1
560 14 1.000 -80.000 4.1
561 14 1.000 -79.000 4.0
562 14 1.000 -78.000 3.9
563 14 1.000 -77.000 3.8
564 23 1.000 -76.000 3.7
565 23 1.000 -75.000 3.7
566 23 1.000 -74.000 3.7
567 23 1.000 -73.000 3.7
568 23 1.000 -72.000 3.7
569 15 1.000 -71.000 3.6
570 15 1.000 -70.000 3.5
571 15 1.000 -69.000 3.4
572 15 1.000 -68.000 3.4
573 15 1.000 -67.000 3.3
574 15 1.000 -66.000 3.3
575 15 1.000 -65.000 3.3
576 13 1.000 -64.000 3.2
577 13 1.000 -63.000 3.1
578 14 1.000 -62.000 3.1
579 14 1.000 -61.000 3.3
580 19 1.000 -60.000 3.3
581 19 1.000 -59.000 3.2
582 19 1.000 -58.000 3.0
583 13 1.000 -57.000 3.1
584  4 1.000 -56.000 3.1
585 20 1.000 -55.000 3.2
586 20 1.000 -54.000 3.2
587 24 1.000 -53.000 3.1
588 19 1.000 -52.000 3.0
589 19 1.000 -51.000 3.1
590 19 1.000 -50.000 3.3
591  5 1.000 -49.000 3.3
592  5 1.000 -48.000 3.2
593  5 1.000 -47.000 3.1
594 22 1.000 -46.000 3.1
595 22 1.000 -45.000 3.3
596 22 1.000 -44.000 3.5
597 22 1.000 -43.000 3.6
598 22 1.000 -42.000 3.7
599 22 1.000 -41.000 3.8
600 22 1.000 -40.000 3.9
601 22 1.000 -39.000 4.0
602 22 1.000 -38.000 4.1
603 22 1.000 -37.000 4.2
604  8 1.000 -36.000 4.2
605  8 1.000 -35.000 4.3
606  8 1.000 -34.000 4.3
607  8 1.000 -33.000 4.4
608  8 1.000 -32.000 4.4
609 11 1.000 -31.000 4.5
610 11 1.000 -30.000 4.5
611 14 0.000 -90.000 4.6
612 14 0.000 -89.000 4.6
613 14 0.000 -88.000 4.5
614 14 0.000 -87.000 4.5
615 14 0.000 -86.000 4.4
616 14 0.000 -85.000 4.4
617 14 0.000 -84.000 4.3
618 14 0.000 -83.000 4.3
619 14 0.000 -82.000 4.2
620 14 0.000 -81.000 4.1
621 14 0.000 -80.000 4.0
622 14 0.000 -79.000 4.0
623 14 0.000 -78.000 3.9
624 14 0.000 -77.000 3.8
625 14 0.000 -76.000 3.7
626 23 0.000 -75.000 3.6
627 23 0.000 -74.000 3.5
628 23 0.000 -73.000 3.5
629 23 0.000 -72.000 3.5
630 15 0.000 -71.000 3.5
631 15 0.000 -70.000 3.4
632 15 0.000 -69.000 3.3
633 15 0.000 -68.000 3.2
634 15 0.000 -67.000 3.1
635  4 0.000 -66.000 3.2
636 15 0.000 -65.000 3.1
637 13 0.000 -64.000 3.1
638 13 0.000 -63.000 2.9
639 14 0.000 -62.000 3.1
640 14 0.000 -61.000 3.3
641 19 0.000 -60.000 3.3
642 19 0.000 -59.000 3.1
643 19 0.000 -58.000 2.9
644 20 0.000 -57.000 3.0
645 22 0.000 -56.000 3.1
646 20 0.000 -55.000 3.0
647 20 0.000 -54.000 3.0
648 24 0.000 -53.000 3.0
649 24 0.000 -52.000 2.8
650 19 0.000 -51.000 3.0
651 19 0.000 -50.000 3.2
652  5 0.000 -49.000 3.2
653  5 0.000 -48.000 3.1
654 22 0.000 -47.000 3.0
655 22 0.000 -46.000 3.2
656 22 0.000 -45.000 3.3
657 22 0.000 -44.000 3.5
658 22 0.000 -43.000 3.6
659 22 0.000 -42.000 3.7
660 22 0.000 -41.000 3.8
661 22 0.000 -40.000 3.9
662 22 0.000 -39.000 4.0
663  8 0.000 -38.000 4.1
664  8 0.000 -37.000 4.1
665  8 0.000 -36.000 4.2
666  8 0.000 -35.000 4.2
667  8 0.000 -34.000 4.3
668  8 0.000 -33.000 4.3
669 11 0.000 -32.000 4.4
670 11 0.000 -31.000 4.4
671 11 0.000 -30.000 4.5
672 14 -1.000 -90.000 4.6
673 14 -1.000 -89.000 4.6
674 14 -1.000 -88.000 4.5
675 14 -1.000 -87.000 4.5
676 14 -1.000 -86.000 4.4
677 14 -1.000 -85.000 4.4
678 14 -1.000 -84.000 4.3
679 14 -1.000 -83.000 4.3
680 14 -1.000 -82.000 4.2
681 14 -1.000 -81.000 4.1
682 14 -1.000 -80.000 4.1
683 14 -1.000 -79.000 4.0
684 14 -1.000 -78.000 3.9
685 14 -1.000 -77.000 3.8
686 14 -1.000 -76.000 3.7
687 14 -1.000 -75.000 3.6
688 14 -1.000 -74.000 3.4
689 23 -1.000 -73.000 3.4
690 23 -1.000 -72.000 3.4
691 23 -1.000 -71.000 3.4
692 15 -1.000 -70.000 3.3
693 15 -1.000 -69.000 3.2
694 15 -1.000 -68.000 3.0
695 16 -1.000 -67.000 3.0
696 16 -1.000 -66.000 3.1
697 13 -1.000 -65.000 3.2
698 13 -1.000 -64.000 3.0
699 14 -1.000 -63.000 2.9
700 15 -1.000 -62.000 3.1
701 15 -1.000 -61.000 3.3
702 20 -1.000 -60.000 3.1
703 20 -1.000 -59.000 3.0
704 20 -1.000 -58.000 2.8
705 13 -1.000 -57.000 2.8
706 13 -1.000 -56.000 3.0
707 22 -1.000 -55.000 2.9
708 20 -1.000 -54.000 2.8
709 20 -1.000 -53.000 3.0
710 24 -1.000 -52.000 2.8
711 19 -1.000 -51.000 2.9
712 19 -1.000 -50.000 3.1
713  5 -1.000 -49.000 3.1
714  5 -1.000 -48.000 2.9
715 22 -1.000 -47.000 3.0
716 22 -1.000 -46.000 3.2
717 22 -1.000 -45.000 3.4
718 22 -1.000 -44.000 3.5
719 22 -1.000 -43.000 3.6
720  9 -1.000 -42.000 3.7
721  9 -1.000 -41.000 3.8
722  8 -1.000 -40.000 3.9
723  8 -1.000 -39.000 4.0
724  8 -1.000 -38.000 4.0
725  8 -1.000 -37.000 4.1
726  8 -1.000 -36.000 4.1
727  8 -1.000 -35.000 4.2
728  8 -1.000 -34.000 4.3
729 11 -1.000 -33.000 4.3
730 11 -1.000 -32.000 4.3
731 11 -1.000 -31.000 4.4
732 11 -1.000 -30.000 4.4
733 14 -2.000 -90.000 4.6
734 14 -2.000 -89.000 4.6
735 14 -2.000 -88.000 4.5
736 14 -2.000 -87.000 4.5
737 14 -2.000 -86.000 4.4
738 14 -2.000 -85.000 4.4
739 14 -2.000 -84.000 4.3
740 14 -2.000 -83.000 4.3
741 14 -2.000 -82.000 4.2
742 14 -2.000 -81.000 4.1
743 14 -2.000 -80.000 4.1
744 14 -2.000 -79.000 4.0
745 14 -2.000 -78.000 3.9
746 14 -2.000 -77.000 3.8
747 14 -2.000 -76.000 3.7
748 14 -2.000 -75.000 3.6
749 14 -2.000 -74.000 3.5
750 14 -2.000 -73.000 3.3
751 23 -2.000 -72.000 3.2
752 23 -2.000 -71.000 3.3
753 15 -2.000 -70.000 3.2
754 15 -2.000 -69.000 3.0
755 15 -2.000 -68.000 2.9
756 16 -2.000 -67.000 2.8
757 16 -2.000 -66.000 3.0
758 13 -2.000 -65.000 3.1
759 13 -2.000 -64.000 2.9
760 14 -2.000 -63.000 3.0
761  4 -2.000 -62.000 3.0
762 15 -2.000 -61.000 3.1
763  4 -2.000 -60.000 3.0
764 19 -2.000 -59.000 2.9
765 19 -2.000 -58.000 2.7
766 13 -2.000 -57.000 2.7
767 13 -2.000 -56.000 2.9
768 22 -2.000 -55.000 3.0
769 22 -2.000 -54.000 2.9
770 20 -2.000 -53.000 2.8
771 24 -2.000 -52.000 2.8
772 19 -2.000 -51.000 2.8
773  9 -2.000 -50.000 2.9
774  9 -2.000 -49.000 2.9
775 22 -2.000 -48.000 3.0
776  9 -2.000 -47.000 3.1
777  9 -2.000 -46.000 3.2
778  9 -2.000 -45.000 3.4
779  9 -2.000 -44.000 3.5
780  9 -2.000 -43.000 3.6
781  8 -2.000 -42.000 3.7
782  8 -2.000 -41.000 3.8
783  8 -2.000 -40.000 3.8
784  8 -2.000 -39.000 3.9
785  8 -2.000 -38.000 4.0
786  8 -2.000 -37.000 4.0
787  8 -2.000 -36.000 4.1
788  8 -2.000 -35.000 4.2
789 11 -2.000 -34.000 4.2
790 11 -2.000 -33.000 4.3
791 24 -2.000 -32.000 4.3
792 24 -2.000 -31.000 4.4
793 24 -2.000 -30.000 4.4
794 14 -3.000 -90.000 4.6
795 14 -3.000 -89.000 4.6
796 14 -3.000 -88.000 4.5
797 14 -3.000 -87.000 4.5
798 14 -3.000 -86.000 4.5
799 14 -3.000 -85.000 4.4
800 14 -3.000 -84.000 4.3
801 14 -3.000 -83.000 4.3
802 14 -3.000 -82.000 4.2
803 14 -3.000 -81.000 4.2
804 14 -3.000 -80.000 4.1
805 14 -3.000 -79.000 4.0
806 14 -3.000 -78.000 3.9
807 14 -3.000 -77.000 3.8
808 14 -3.000 -76.000 3.7
809 14 -3.000 -75.000 3.6
810 14 -3.000 -74.000 3.5
811 14 -3.000 -73.000 3.4
812 14 -3.000 -72.000 3.2
813 23 -3.000 -71.000 3.1
814 15 -3.000 -70.000 3.1
815 15 -3.000 -69.000 2.9
816 15 -3.000 -68.000 2.7
817 16 -3.000 -67.000 2.6
818 16 -3.000 -66.000 2.9
819 13 -3.000 -65.000 3.1
820 14 -3.000 -64.000 2.9
821 14 -3.000 -63.000 3.1
822  4 -3.000 -62.000 3.2
823 20 -3.000 -61.000 3.1
824 19 -3.000 -60.000 3.1
825 19 -3.000 -59.000 2.9
826 19 -3.000 -58.000 2.7
827 13 -3.000 -57.000 2.6
828 13 -3.000 -56.000 2.9
829 21 -3.000 -55.000 2.9
830 21 -3.000 -54.000 3.0
831 22 -3.000 -53.000 2.9
832  9 -3.000 -52.000 2.8
833 19 -3.000 -51.000 2.8
834 22 -3.000 -50.000 2.9
835 22 -3.000 -49.000 3.0
836  5 -3.000 -48.000 2.8
837  9 -3.000 -47.000 2.9
838  9 -3.000 -46.000 3.1
839  9 -3.000 -45.000 3.3
840  9 -3.000 -44.000 3.4
841  8 -3.000 -43.000 3.5
842  8 -3.000 -42.000 3.6
843  8 -3.000 -41.000 3.7
844  8 -3.000 -40.000 3.8
845  8 -3.000 -39.000 3.8
846  8 -3.000 -38.000 3.9
847  8 -3.000 -37.000 4.0
848 11 -3.000 -36.000 4.0
849 11 -3.000 -35.000 4.1
850 24 -3.000 -34.000 4.2
851 24 -3.000 -33.000 4.2
852 24 -3.000 -32.000 4.3
853  8 -3.000 -31.000 4.4
854  8 -3.000 -30.000 4.4
855 17 -4.000 -90.000 4.6
856 17 -4.000 -89.000 4.6
857 17 -4.000 -88.000 4.5
858 17 -4.000 -87.000 4.5
859 17 -4.000 -86.000 4.5
860 17 -4.000 -85.000 4.4
861 17 -4.000 -84.000 4.3
862 17 -4.000 -83.000 4.3
863 17 -4.000 -82.000 4.2
864 14 -4.000 -81.000 4.2
865 14 -4.000 -80.000 4.1
866 14 -4.000 -79.000 4.0
867 14 -4.000 -78.000 4.0
868 14 -4.000 -77.000 3.9
869 14 -4.000 -76.000 3.8
870 14 -4.000 -75.000 3.7
871 14 -4.000 -74.000 3.6
872 14 -4.000 -73.000 3.5
873 14 -4.000 -72.000 3.3
874 14 -4.000 -71.000 3.2
875 15 -4.000 -70.000 3.0
876 14 -4.000 -69.000 3.0
877 14 -4.000 -68.000 2.9
878 14 -4.000 -67.000 2.9
879 14 -4.000 -66.000 2.9
880 16 -4.000 -65.000 3.1
881 14 -4.000 -64.000 3.1
882 14 -4.000 -63.000 3.2
883 20 -4.000 -62.000 3.3
884 20 -4.000 -61.000 3.1
885 15 -4.000 -60.000 3.2
886 19 -4.000 -59.000 3.0
887 19 -4.000 -58.000 2.8
888 13 -4.000 -57.000 2.7
889 21 -4.000 -56.000 2.7
890 21 -4.000 -55.000 2.6
891 21 -4.000 -54.000 2.7
892  9 -4.000 -53.000 2.8
893 20 -4.000 -52.000 2.9
894 19 -4.000 -51.000 2.9
895 22 -4.000 -50.000 3.1
896  5 -4.000 -49.000 3.1
897  5 -4.000 -48.000 2.9
898  9 -4.000 -47.000 2.8
899  9 -4.000 -46.000 3.0
900  9 -4.000 -45.000 3.2
901  8 -4.000 -44.000 3.3
902  8 -4.000 -43.000 3.4
903  8 -4.000 -42.000 3.5
904  8 -4.000 -41.000 3.6
905  8 -4.000 -40.000 3.7
906 24 -4.000 -39.000 3.8
907 24 -4.000 -38.000 3.9
908  8 -4.000 -37.000 4.0
909  8 -4.000 -36.000 4.0
910  8 -4.000 -35.000 4.1
911  8 -4.000 -34.000 4.2
912  8 -4.000 -33.000 4.2
913  8 -4.000 -32.000 4.3
914  6 -4.000 -31.000 4.3
915  6 -4.000 -30.000 4.4
916 17 -5.000 -90.000 4.6
917 17 -5.000 -89.000 4.6
918 17 -5.000 -88.000 4.5
919 17 -5.000 -87.000 4.5
920 17 -5.000 -86.000 4.4
921 17 -5.000 -85.000 4.4
922 17 -5.000 -84.000 4.3
923 17 -5.000 -83.000 4.3
924 17 -5.000 -82.000 4.2
925 17 -5.000 -81.000 4.1
926 17 -5.000 -80.000 4.1
927 17 -5.000 -79.000 4.0
928 17 -5.000 -78.000 3.9
929 17 -5.000 -77.000 3.9
930 17 -5.000 -76.000 3.8
931 17 -5.000 -75.000 3.7
932 17 -5.000 -74.000 3.6
933 17 -5.000 -73.000 3.5
934 17 -5.000 -72.000 3.4
935 15 -5.000 -71.000 3.2
936 15 -5.000 -70.000 3.0
937 23 -5.000 -69.000 3.0
938 14 -5.000 -68.000 3.1
939 14 -5.000 -67.000 3.1
940 14 -5.000 -66.000 3.1
941 13 -5.000 -65.000 3.2
942 14 -5.000 -64.000 3.3
943 14 -5.000 -63.000 3.4
944 20 -5.000 -62.000 3.3
945 20 -5.000 -61.000 3.1
946 21 -5.000 -60.000 3.1
947 21 -5.000 -59.000 2.9
948 21 -5.000 -58.000 2.7
949 19 -5.000 -57.000 2.7
950 19 -5.000 -56.000 2.5
951 19 -5.000 -55.000 2.4
952 19 -5.000 -54.000 2.5
953 21 -5.000 -53.000 2.6
954 21 -5.000 -52.000 2.9
955 19 -5.000 -51.000 3.0
956  8 -5.000 -50.000 3.0
957  8 -5.000 -49.000 2.9
958  8 -5.000 -48.000 2.9
959 24 -5.000 -47.000 2.8
960  8 -5.000 -46.000 2.9
961  9 -5.000 -45.000 3.1
962 24 -5.000 -44.000 3.2
963 24 -5.000 -43.000 3.4
964 24 -5.000 -42.000 3.5
965 24 -5.000 -41.000 3.6
966 11 -5.000 -40.000 3.7
967 11 -5.000 -39.000 3.7
968  8 -5.000 -38.000 3.8
969  8 -5.000 -37.000 3.9
970  8 -5.000 -36.000 4.0
971  8 -5.000 -35.000 4.1
972  8 -5.000 -34.000 4.1
973  8 -5.000 -33.000 4.2
974  6 -5.000 -32.000 4.3
975  6 -5.000 -31.000 4.3
976  6 -5.000 -30.000 4.3
977 17 -6.000 -90.000 4.6
978 17 -6.000 -89.000 4.6
979 17 -6.000 -88.000 4.5
980 17 -6.000 -87.000 4.5
981 17 -6.000 -86.000 4.4
982 17 -6.000 -85.000 4.4
983 17 -6.000 -84.000 4.3
984 17 -6.000 -83.000 4.3
985 17 -6.000 -82.000 4.2
986 17 -6.000 -81.000 4.1
987 17 -6.000 -80.000 4.0
988 17 -6.000 -79.000 4.0
989 17 -6.000 -78.000 3.9
990 17 -6.000 -77.000 3.8
991 17 -6.000 -76.000 3.7
992 17 -6.000 -75.000 3.6
993 17 -6.000 -74.000 3.5
994 17 -6.000 -73.000 3.4
995 17 -6.000 -72.000 3.3
996 17 -6.000 -71.000 3.1
997 17 -6.000 -70.000 3.0
998 23 -6.000 -69.000 2.9
999 17 -6.000 -68.000 2.9
1000 17 -6.000 -67.000 2.9
1001 17 -6.000 -66.000 3.0
1002 16 -6.000 -65.000 3.1
1003 17 -6.000 -64.000 3.2
1004 17 -6.000 -63.000 3.3
1005 20 -6.000 -62.000 3.3
1006 20 -6.000 -61.000 3.1
1007 21 -6.000 -60.000 3.0
1008 21 -6.000 -59.000 2.8
1009 13 -6.000 -58.000 2.8
1010 19 -6.000 -57.000 2.9
1011 19 -6.000 -56.000 2.8
1012 19 -6.000 -55.000 2.8
1013 19 -6.000 -54.000 2.8
1014 20 -6.000 -53.000 2.8
1015 20 -6.000 -52.000 3.0
1016 21 -6.000 -51.000 3.0
1017 24 -6.000 -50.000 3.1
1018 24 -6.000 -49.000 3.0
1019 24 -6.000 -48.000 3.0
1020  5 -6.000 -47.000 2.9
1021  9 -6.000 -46.000 2.8
1022  9 -6.000 -45.000 3.1
1023  9 -6.000 -44.000 3.3
1024 11 -6.000 -43.000 3.4
1025 11 -6.000 -42.000 3.5
1026 11 -6.000 -41.000 3.5
1027  8 -6.000 -40.000 3.6
1028  8 -6.000 -39.000 3.7
1029  8 -6.000 -38.000 3.8
1030  8 -6.000 -37.000 3.9
1031  8 -6.000 -36.000 4.0
1032  8 -6.000 -35.000 4.0
1033  6 -6.000 -34.000 4.1
1034  6 -6.000 -33.000 4.2
1035  6 -6.000 -32.000 4.2
1036  6 -6.000 -31.000 4.3
1037  6 -6.000 -30.000 4.3
1038 17 -7.000 -90.000 4.6
1039 17 -7.000 -89.000 4.5
1040 17 -7.000 -88.000 4.5
1041 17 -7.000 -87.000 4.5
1042 17 -7.000 -86.000 4.4
1043 17 -7.000 -85.000 4.3
1044 17 -7.000 -84.000 4.3
1045 17 -7.000 -83.000 4.2
1046 17 -7.000 -82.000 4.2
1047 17 -7.000 -81.000 4.1
1048 17 -7.000 -80.000 4.0
1049 17 -7.000 -79.000 3.9
1050 17 -7.000 -78.000 3.9
1051 17 -7.000 -77.000 3.8
1052 17 -7.000 -76.000 3.7
1053 17 -7.000 -75.000 3.5
1054 17 -7.000 -74.000 3.4
1055 17 -7.000 -73.000 3.3
1056 17 -7.000 -72.000 3.1
1057 17 -7.000 -71.000 3.0
1058 17 -7.000 -70.000 2.8
1059 23 -7.000 -69.000 2.8
1060 15 -7.000 -68.000 2.7
1061 16 -7.000 -67.000 2.9
1062 16 -7.000 -66.000 3.1
1063 16 -7.000 -65.000 3.2
1064 13 -7.000 -64.000 3.2
1065 17 -7.000 -63.000 3.2
1066 18 -7.000 -62.000 3.3
1067 21 -7.000 -61.000 3.2
1068 20 -7.000 -60.000 3.1
1069 13 -7.000 -59.000 2.9
1070 13 -7.000 -58.000 3.0
1071  7 -7.000 -57.000 3.0
1072  7 -7.000 -56.000 3.0
1073 19 -7.000 -55.000 3.0
1074  9 -7.000 -54.000 2.9
1075 20 -7.000 -53.000 2.9
1076  8 -7.000 -52.000 3.0
1077 21 -7.000 -51.000 3.0
1078 10 -7.000 -50.000 3.1
1079 25 -7.000 -49.000 3.1
1080 25 -7.000 -48.000 3.1
1081  5 -7.000 -47.000 3.1
1082  5 -7.000 -46.000 3.0
1083  9 -7.000 -45.000 3.1
1084 11 -7.000 -44.000 3.2
1085 11 -7.000 -43.000 3.2
1086 11 -7.000 -42.000 3.3
1087  8 -7.000 -41.000 3.4
1088  8 -7.000 -40.000 3.5
1089  8 -7.000 -39.000 3.7
1090  8 -7.000 -38.000 3.8
1091  8 -7.000 -37.000 3.9
1092  6 -7.000 -36.000 3.9
1093  6 -7.000 -35.000 4.0
1094  6 -7.000 -34.000 4.1
1095  6 -7.000 -33.000 4.1
1096  6 -7.000 -32.000 4.2
1097  6 -7.000 -31.000 4.2
1098  6 -7.000 -30.000 4.3
1099 17 -8.000 -90.000 4.6
1100 17 -8.000 -89.000 4.5
1101 17 -8.000 -88.000 4.5
1102 17 -8.000 -87.000 4.5
1103 17 -8.000 -86.000 4.4
1104 17 -8.000 -85.000 4.3
1105 17 -8.000 -84.000 4.3
1106 17 -8.000 -83.000 4.2
1107 17 -8.000 -82.000 4.2
1108 17 -8.000 -81.000 4.1
1109 17 -8.000 -80.000 4.0
1110 17 -8.000 -79.000 3.9
1111 17 -8.000 -78.000 3.8
1112 17 -8.000 -77.000 3.7
1113 17 -8.000 -76.000 3.6
1114 17 -8.000 -75.000 3.5
1115 17 -8.000 -74.000 3.4
1116 17 -8.000 -73.000 3.2
1117 17 -8.000 -72.000 3.0
1118 16 -8.000 -71.000 2.9
1119 16 -8.000 -70.000 2.8
1120 16 -8.000 -69.000 2.9
1121 16 -8.000 -68.000 2.9
1122 16 -8.000 -67.000 3.0
1123 16 -8.000 -66.000 3.2
1124 16 -8.000 -65.000 3.3
1125 18 -8.000 -64.000 3.3
1126 18 -8.000 -63.000 3.2
1127 13 -8.000 -62.000 3.2
1128 15 -8.000 -61.000 3.2
1129  7 -8.000 -60.000 3.1
1130 20 -8.000 -59.000 3.1
1131 20 -8.000 -58.000 2.9
1132 20 -8.000 -57.000 2.9
1133 20 -8.000 -56.000 2.8
1134  7 -8.000 -55.000 2.9
1135  7 -8.000 -54.000 3.0
1136 10 -8.000 -53.000 3.0
1137 10 -8.000 -52.000 2.9
1138 10 -8.000 -51.000 2.9
1139 10 -8.000 -50.000 2.9
1140 25 -8.000 -49.000 2.9
1141 25 -8.000 -48.000 2.9
1142 25 -8.000 -47.000 3.0
1143 11 -8.000 -46.000 3.0
1144  9 -8.000 -45.000 3.1
1145  5 -8.000 -44.000 3.1
1146  5 -8.000 -43.000 3.1
1147  8 -8.000 -42.000 3.2
1148  8 -8.000 -41.000 3.4
1149  8 -8.000 -40.000 3.5
1150  8 -8.000 -39.000 3.6
1151  6 -8.000 -38.000 3.7
1152  6 -8.000 -37.000 3.8
1153  6 -8.000 -36.000 3.9
1154  6 -8.000 -35.000 3.9
1155  6 -8.000 -34.000 4.0
1156  6 -8.000 -33.000 4.1
1157  6 -8.000 -32.000 4.1
1158  6 -8.000 -31.000 4.2
1159  6 -8.000 -30.000 4.3
1160 17 -9.000 -90.000 4.6
1161 17 -9.000 -89.000 4.5
1162 17 -9.000 -88.000 4.5
1163 17 -9.000 -87.000 4.4
1164 17 -9.000 -86.000 4.4
1165 17 -9.000 -85.000 4.3
1166 17 -9.000 -84.000 4.3
1167 17 -9.000 -83.000 4.2
1168 17 -9.000 -82.000 4.1
1169 17 -9.000 -81.000 4.1
1170 17 -9.000 -80.000 4.0
1171 17 -9.000 -79.000 3.9
1172 17 -9.000 -78.000 3.8
1173 17 -9.000 -77.000 3.7
1174 17 -9.000 -76.000 3.6
1175 17 -9.000 -75.000 3.5
1176 17 -9.000 -74.000 3.3
1177 16 -9.000 -73.000 3.2
1178 16 -9.000 -72.000 3.1
1179 16 -9.000 -71.000 3.1
1180 16 -9.000 -70.000 3.0
1181 16 -9.000 -69.000 3.1
1182 15 -9.000 -68.000 3.1
1183 16 -9.000 -67.000 3.2
1184 16 -9.000 -66.000 3.3
1185 18 -9.000 -65.000 3.3
1186 18 -9.000 -64.000 3.2
1187 17 -9.000 -63.000 3.0
1188 17 -9.000 -62.000 3.2
1189 21 -9.000 -61.000 3.3
1190 21 -9.000 -60.000 3.1
1191 21 -9.000 -59.000 2.9
1192 18 -9.000 -58.000 3.0
1193 20 -9.000 -57.000 3.1
1194 20 -9.000 -56.000 3.1
1195 10 -9.000 -55.000 3.0
1196 10 -9.000 -54.000 2.9
1197  9 -9.000 -53.000 2.9
1198 21 -9.000 -52.000 2.8
1199  8 -9.000 -51.000 2.7
1200 10 -9.000 -50.000 2.7
1201 25 -9.000 -49.000 2.6
1202  9 -9.000 -48.000 2.7
1203  9 -9.000 -47.000 2.9
1204 25 -9.000 -46.000 2.8
1205 25 -9.000 -45.000 3.0
1206 25 -9.000 -44.000 3.1
1207 25 -9.000 -43.000 3.3
1208  5 -9.000 -42.000 3.4
1209  5 -9.000 -41.000 3.4
1210  5 -9.000 -40.000 3.5
1211  5 -9.000 -39.000 3.6
1212  5 -9.000 -38.000 3.7
1213  5 -9.000 -37.000 3.7
1214  5 -9.000 -36.000 3.8
1215  5 -9.000 -35.000 3.9
1216  5 -9.000 -34.000 4.0
1217  5 -9.000 -33.000 4.0
1218  5 -9.000 -32.000 4.1
1219  5 -9.000 -31.000 4.2
1220  5 -9.000 -30.000 4.2
1221 17 -10.000 -90.000 4.6
1222 17 -10.000 -89.000 4.5
1223 17 -10.000 -88.000 4.5
1224 17 -10.000 -87.000 4.4
1225 17 -10.000 -86.000 4.4
1226 17 -10.000 -85.000 4.3
1227 17 -10.000 -84.000 4.3
1228 17 -10.000 -83.000 4.2
1229 17 -10.000 -82.000 4.1
1230 17 -10.000 -81.000 4.1
1231 17 -10.000 -80.000 4.0
1232 17 -10.000 -79.000 3.9
1233 17 -10.000 -78.000 3.8
1234 17 -10.000 -77.000 3.7
1235 16 -10.000 -76.000 3.6
1236 16 -10.000 -75.000 3.5
1237 16 -10.000 -74.000 3.5
1238 16 -10.000 -73.000 3.4
1239 16 -10.000 -72.000 3.3
1240 16 -10.000 -71.000 3.3
1241 16 -10.000 -70.000 3.2
1242 16 -10.000 -69.000 3.3
1243 15 -10.000 -68.000 3.3
1244 23 -10.000 -67.000 3.3
1245 18 -10.000 -66.000 3.4
1246 18 -10.000 -65.000 3.2
1247 15 -10.000 -64.000 3.2
1248 15 -10.000 -63.000 3.2
1249 17 -10.000 -62.000 3.2
1250 12 -10.000 -61.000 3.2
1251 21 -10.000 -60.000 3.2
1252 21 -10.000 -59.000 3.0
1253 21 -10.000 -58.000 2.9
1254 18 -10.000 -57.000 2.9
1255 18 -10.000 -56.000 3.1
1256 10 -10.000 -55.000 2.9
1257 10 -10.000 -54.000 2.7
1258  7 -10.000 -53.000 2.9
1259  9 -10.000 -52.000 3.0
1260  8 -10.000 -51.000 2.8
1261 25 -10.000 -50.000 2.5
1262 10 -10.000 -49.000 2.6
1263 10 -10.000 -48.000 2.8
1264 11 -10.000 -47.000 2.6
1265 25 -10.000 -46.000 2.6
1266 25 -10.000 -45.000 2.9
1267 25 -10.000 -44.000 3.0
1268  6 -10.000 -43.000 3.1
1269  8 -10.000 -42.000 3.2
1270  8 -10.000 -41.000 3.4
1271  8 -10.000 -40.000 3.5
1272  8 -10.000 -39.000 3.6
1273  5 -10.000 -38.000 3.7
1274  5 -10.000 -37.000 3.8
1275  5 -10.000 -36.000 3.9
1276  5 -10.000 -35.000 3.9
1277  5 -10.000 -34.000 4.0
1278  5 -10.000 -33.000 4.1
1279  5 -10.000 -32.000 4.1
1280  5 -10.000 -31.000 4.2
1281  5 -10.000 -30.000 4.3
1282 17 -11.000 -90.000 4.6
1283 17 -11.000 -89.000 4.5
1284 17 -11.000 -88.000 4.5
1285 17 -11.000 -87.000 4.4
1286 17 -11.000 -86.000 4.4
1287 17 -11.000 -85.000 4.3
1288 17 -11.000 -84.000 4.3
1289 17 -11.000 -83.000 4.2
1290 17 -11.000 -82.000 4.1
1291 17 -11.000 -81.000 4.1
1292 17 -11.000 -80.000 4.0
1293 16 -11.000 -79.000 3.9
1294 16 -11.000 -78.000 3.8
1295 16 -11.000 -77.000 3.8
1296 16 -11.000 -76.000 3.7
1297 16 -11.000 -75.000 3.6
1298 16 -11.000 -74.000 3.6
1299 16 -11.000 -73.000 3.5
1300 16 -11.000 -72.000 3.5
1301 16 -11.000 -71.000 3.4
1302 16 -11.000 -70.000 3.4
1303 16 -11.000 -69.000 3.4
1304 15 -11.000 -68.000 3.4
1305 23 -11.000 -67.000 3.4
1306 15 -11.000 -66.000 3.3
1307 15 -11.000 -65.000 3.3
1308 15 -11.000 -64.000 3.3
1309 12 -11.000 -63.000 3.3
1310 12 -11.000 -62.000 3.1
1311 12 -11.000 -61.000 3.1
1312 12 -11.000 -60.000 3.0
1313 12 -11.000 -59.000 3.0
1314 12 -11.000 -58.000 3.0
1315 21 -11.000 -57.000 2.9
1316 18 -11.000 -56.000 3.0
1317 21 -11.000 -55.000 2.9
1318 21 -11.000 -54.000 2.9
1319 21 -11.000 -53.000 3.0
1320  7 -11.000 -52.000 3.0
1321  8 -11.000 -51.000 2.9
1322  8 -11.000 -50.000 2.7
1323  8 -11.000 -49.000 2.4
1324 11 -11.000 -48.000 2.7
1325 11 -11.000 -47.000 2.4
1326  8 -11.000 -46.000 2.5
1327 25 -11.000 -45.000 2.7
1328  8 -11.000 -44.000 2.9
1329  8 -11.000 -43.000 3.1
1330  8 -11.000 -42.000 3.3
1331  8 -11.000 -41.000 3.4
1332  8 -11.000 -40.000 3.5
1333  8 -11.000 -39.000 3.7
1334  8 -11.000 -38.000 3.8
1335  8 -11.000 -37.000 3.9
1336  5 -11.000 -36.000 3.9
1337  5 -11.000 -35.000 4.0
1338  5 -11.000 -34.000 4.1
1339  5 -11.000 -33.000 4.1
1340  5 -11.000 -32.000 4.2
1341  5 -11.000 -31.000 4.2
1342  5 -11.000 -30.000 4.3
1343 17 -12.000 -90.000 4.6
1344 17 -12.000 -89.000 4.5
1345 17 -12.000 -88.000 4.5
1346 17 -12.000 -87.000 4.4
1347 17 -12.000 -86.000 4.4
1348 17 -12.000 -85.000 4.3
1349 17 -12.000 -84.000 4.3
1350 17 -12.000 -83.000 4.2
1351 16 -12.000 -82.000 4.2
1352 16 -12.000 -81.000 4.1
1353 16 -12.000 -80.000 4.0
1354 16 -12.000 -79.000 4.0
1355 16 -12.000 -78.000 3.9
1356 16 -12.000 -77.000 3.8
1357 16 -12.000 -76.000 3.8
1358 16 -12.000 -75.000 3.7
1359 16 -12.000 -74.000 3.7
1360 16 -12.000 -73.000 3.6
1361 16 -12.000 -72.000 3.6
1362 16 -12.000 -71.000 3.5
1363 16 -12.000 -70.000 3.5
1364 16 -12.000 -69.000 3.5
1365 15 -12.000 -68.000 3.5
1366 23 -12.000 -67.000 3.5
1367 15 -12.000 -66.000 3.5
1368 12 -12.000 -65.000 3.4
1369 12 -12.000 -64.000 3.3
1370 12 -12.000 -63.000 3.1
1371  7 -12.000 -62.000 3.1
1372  7 -12.000 -61.000 2.9
1373 12 -12.000 -60.000 2.8
1374 12 -12.000 -59.000 2.7
1375 12 -12.000 -58.000 2.8
1376 12 -12.000 -57.000 2.9
1377 18 -12.000 -56.000 2.9
1378  3 -12.000 -55.000 2.9
1379  3 -12.000 -54.000 2.9
1380  1 -12.000 -53.000 2.9
1381  1 -12.000 -52.000 2.8
1382  1 -12.000 -51.000 2.8
1383  8 -12.000 -50.000 2.9
1384  8 -12.000 -49.000 2.7
1385  8 -12.000 -48.000 2.6
1386  8 -12.000 -47.000 2.7
1387  6 -12.000 -46.000 2.7
1388 25 -12.000 -45.000 2.7
1389 25 -12.000 -44.000 2.9
1390 25 -12.000 -43.000 3.1
1391 25 -12.000 -42.000 3.3
1392 25 -12.000 -41.000 3.5
1393  8 -12.000 -40.000 3.6
1394  8 -12.000 -39.000 3.7
1395  8 -12.000 -38.000 3.8
1396  8 -12.000 -37.000 3.9
1397  8 -12.000 -36.000 4.0
1398  8 -12.000 -35.000 4.0
1399  5 -12.000 -34.000 4.1
1400  5 -12.000 -33.000 4.2
1401  5 -12.000 -32.000 4.2
1402  5 -12.000 -31.000 4.3
1403  5 -12.000 -30.000 4.3
1404 17 -13.000 -90.000 4.6
1405 17 -13.000 -89.000 4.5
1406 17 -13.000 -88.000 4.5
1407 17 -13.000 -87.000 4.5
1408 17 -13.000 -86.000 4.4
1409 16 -13.000 -85.000 4.3
1410 16 -13.000 -84.000 4.3
1411 16 -13.000 -83.000 4.2
1412 16 -13.000 -82.000 4.2
1413 16 -13.000 -81.000 4.1
1414 16 -13.000 -80.000 4.1
1415 16 -13.000 -79.000 4.0
1416 16 -13.000 -78.000 4.0
1417 16 -13.000 -77.000 3.9
1418 16 -13.000 -76.000 3.9
1419 16 -13.000 -75.000 3.8
1420 16 -13.000 -74.000 3.8
1421 16 -13.000 -73.000 3.7
1422 16 -13.000 -72.000 3.7
1423 16 -13.000 -71.000 3.7
1424 16 -13.000 -70.000 3.7
1425 18 -13.000 -69.000 3.6
1426 18 -13.000 -68.000 3.5
1427 23 -13.000 -67.000 3.5
1428 12 -13.000 -66.000 3.5
1429 12 -13.000 -65.000 3.3
1430 12 -13.000 -64.000 3.2
1431 17 -13.000 -63.000 3.2
1432  7 -13.000 -62.000 3.2
1433  7 -13.000 -61.000 3.0
1434  7 -13.000 -60.000 2.8
1435  7 -13.000 -59.000 2.5
1436 12 -13.000 -58.000 2.5
1437  3 -13.000 -57.000 2.6
1438 12 -13.000 -56.000 2.9
1439 10 -13.000 -55.000 2.8
1440  3 -13.000 -54.000 2.7
1441  7 -13.000 -53.000 2.9
1442 25 -13.000 -52.000 2.8
1443  1 -13.000 -51.000 2.5
1444  1 -13.000 -50.000 2.7
1445  1 -13.000 -49.000 2.8
1446 10 -13.000 -48.000 2.7
1447  6 -13.000 -47.000 2.7
1448  6 -13.000 -46.000 2.5
1449 25 -13.000 -45.000 2.7
1450 25 -13.000 -44.000 3.0
1451 25 -13.000 -43.000 3.2
1452 25 -13.000 -42.000 3.3
1453 25 -13.000 -41.000 3.5
1454 25 -13.000 -40.000 3.6
1455 25 -13.000 -39.000 3.7
1456 25 -13.000 -38.000 3.8
1457 25 -13.000 -37.000 3.9
1458 25 -13.000 -36.000 4.0
1459 25 -13.000 -35.000 4.1
1460  8 -13.000 -34.000 4.1
1461  8 -13.000 -33.000 4.2
1462  5 -13.000 -32.000 4.3
1463  5 -13.000 -31.000 4.3
1464  5 -13.000 -30.000 4.3
1465 17 -14.000 -90.000 4.6
1466 17 -14.000 -89.000 4.5
1467 16 -14.000 -88.000 4.5
1468 16 -14.000 -87.000 4.5
1469 16 -14.000 -86.000 4.4
1470 16 -14.000 -85.000 4.4
1471 16 -14.000 -84.000 4.3
1472 16 -14.000 -83.000 4.3
1473 16 -14.000 -82.000 4.2
1474 16 -14.000 -81.000 4.2
1475 16 -14.000 -80.000 4.1
1476 16 -14.000 -79.000 4.1
1477 16 -14.000 -78.000 4.0
1478 16 -14.000 -77.000 4.0
1479 16 -14.000 -76.000 3.9
1480 16 -14.000 -75.000 3.9
1481 16 -14.000 -74.000 3.9
1482 16 -14.000 -73.000 3.8
1483 16 -14.000 -72.000 3.8
1484 16 -14.000 -71.000 3.8
1485 18 -14.000 -70.000 3.8
1486 18 -14.000 -69.000 3.7
1487 23 -14.000 -68.000 3.5
1488 12 -14.000 -67.000 3.5
1489 12 -14.000 -66.000 3.4
1490 12 -14.000 -65.000 3.3
1491 17 -14.000 -64.000 3.2
1492 17 -14.000 -63.000 3.3
1493  7 -14.000 -62.000 3.2
1494  7 -14.000 -61.000 3.1
1495  7 -14.000 -60.000 2.9
1496  7 -14.000 -59.000 2.7
1497  7 -14.000 -58.000 2.5
1498 12 -14.000 -57.000 2.4
1499 12 -14.000 -56.000 2.7
1500  1 -14.000 -55.000 2.8
1501 10 -14.000 -54.000 2.7
1502  3 -14.000 -53.000 2.7
1503  3 -14.000 -52.000 2.9
1504 25 -14.000 -51.000 2.7
1505 25 -14.000 -50.000 2.4
1506  1 -14.000 -49.000 2.7
1507  6 -14.000 -48.000 2.8
1508  6 -14.000 -47.000 2.5
1509 25 -14.000 -46.000 2.6
1510 25 -14.000 -45.000 2.8
1511 25 -14.000 -44.000 3.0
1512 25 -14.000 -43.000 3.2
1513 25 -14.000 -42.000 3.4
1514 25 -14.000 -41.000 3.5
1515 25 -14.000 -40.000 3.6
1516 25 -14.000 -39.000 3.7
1517 25 -14.000 -38.000 3.8
1518 25 -14.000 -37.000 3.9
1519 25 -14.000 -36.000 4.0
1520 25 -14.000 -35.000 4.1
1521 25 -14.000 -34.000 4.1
1522 25 -14.000 -33.000 4.2
1523 25 -14.000 -32.000 4.3
1524 25 -14.000 -31.000 4.3
1525  5 -14.000 -30.000 4.4
1526 16 -15.000 -90.000 4.6
1527 16 -15.000 -89.000 4.6
1528 16 -15.000 -88.000 4.5
1529 16 -15.000 -87.000 4.5
1530 16 -15.000 -86.000 4.5
1531 16 -15.000 -85.000 4.4
1532 16 -15.000 -84.000 4.4
1533 16 -15.000 -83.000 4.3
1534 16 -15.000 -82.000 4.3
1535 16 -15.000 -81.000 4.2
1536 16 -15.000 -80.000 4.2
1537 16 -15.000 -79.000 4.1
1538 16 -15.000 -78.000 4.1
1539 16 -15.000 -77.000 4.0
1540 16 -15.000 -76.000 4.0
1541 16 -15.000 -75.000 4.0
1542 16 -15.000 -74.000 3.9
1543 16 -15.000 -73.000 3.9
1544 16 -15.000 -72.000 3.9
1545 18 -15.000 -71.000 3.9
1546 18 -15.000 -70.000 3.8
1547 18 -15.000 -69.000 3.7
1548 12 -15.000 -68.000 3.6
1549 12 -15.000 -67.000 3.5
1550 12 -15.000 -66.000 3.4
1551 12 -15.000 -65.000 3.2
1552 17 -15.000 -64.000 3.3
1553 17 -15.000 -63.000 3.4
1554  3 -15.000 -62.000 3.3
1555  3 -15.000 -61.000 3.1
1556  3 -15.000 -60.000 2.9
1557  3 -15.000 -59.000 2.7
1558 18 -15.000 -58.000 2.6
1559  7 -15.000 -57.000 2.7
1560  7 -15.000 -56.000 2.7
1561  7 -15.000 -55.000 2.8
1562 10 -15.000 -54.000 2.9
1563 10 -15.000 -53.000 2.7
1564  3 -15.000 -52.000 2.8
1565 25 -15.000 -51.000 2.9
1566 25 -15.000 -50.000 2.7
1567  2 -15.000 -49.000 2.6
1568  6 -15.000 -48.000 2.8
1569  2 -15.000 -47.000 2.7
1570 25 -15.000 -46.000 2.8
1571  2 -15.000 -45.000 3.0
1572  2 -15.000 -44.000 3.1
1573  2 -15.000 -43.000 3.3
1574  2 -15.000 -42.000 3.4
1575  2 -15.000 -41.000 3.5
1576  2 -15.000 -40.000 3.6
1577  2 -15.000 -39.000 3.7
1578  2 -15.000 -38.000 3.8
1579  2 -15.000 -37.000 3.9
1580  2 -15.000 -36.000 4.0
1581  2 -15.000 -35.000 4.1
1582  2 -15.000 -34.000 4.1
1583  2 -15.000 -33.000 4.2
1584  2 -15.000 -32.000 4.3
1585  2 -15.000 -31.000 4.3
1586  2 -15.000 -30.000 4.4
1587 16 -16.000 -90.000 4.6
1588 16 -16.000 -89.000 4.6
1589 16 -16.000 -88.000 4.5
1590 16 -16.000 -87.000 4.5
1591 16 -16.000 -86.000 4.5
1592 16 -16.000 -85.000 4.4
1593 16 -16.000 -84.000 4.4
1594 16 -16.000 -83.000 4.3
1595 16 -16.000 -82.000 4.3
1596 16 -16.000 -81.000 4.3
1597 16 -16.000 -80.000 4.2
1598 16 -16.000 -79.000 4.2
1599 16 -16.000 -78.000 4.2
1600 16 -16.000 -77.000 4.1
1601 16 -16.000 -76.000 4.1
1602 16 -16.000 -75.000 4.0
1603 16 -16.000 -74.000 4.0
1604 16 -16.000 -73.000 4.0
1605 16 -16.000 -72.000 4.0
1606 18 -16.000 -71.000 3.9
1607 18 -16.000 -70.000 3.8
1608 18 -16.000 -69.000 3.7
1609 12 -16.000 -68.000 3.6
1610 12 -16.000 -67.000 3.5
1611 12 -16.000 -66.000 3.4
1612 17 -16.000 -65.000 3.4
1613 17 -16.000 -64.000 3.4
1614  3 -16.000 -63.000 3.5
1615  3 -16.000 -62.000 3.3
1616  3 -16.000 -61.000 3.1
1617  3 -16.000 -60.000 2.9
1618 18 -16.000 -59.000 2.7
1619 18 -16.000 -58.000 2.8
1620  7 -16.000 -57.000 3.0
1621  1 -16.000 -56.000 2.9
1622 12 -16.000 -55.000 2.9
1623 10 -16.000 -54.000 3.1
1624 10 -16.000 -53.000 3.0
1625 10 -16.000 -52.000 2.9
1626 10 -16.000 -51.000 2.9
1627 10 -16.000 -50.000 2.9
1628 25 -16.000 -49.000 2.9
1629  1 -16.000 -48.000 2.8
1630 25 -16.000 -47.000 2.9
1631 11 -16.000 -46.000 2.8
1632  2 -16.000 -45.000 2.8
1633  2 -16.000 -44.000 3.0
1634  2 -16.000 -43.000 3.2
1635  2 -16.000 -42.000 3.3
1636  2 -16.000 -41.000 3.5
1637  2 -16.000 -40.000 3.6
1638  2 -16.000 -39.000 3.7
1639  2 -16.000 -38.000 3.8
1640  2 -16.000 -37.000 3.9
1641  2 -16.000 -36.000 4.0
1642  2 -16.000 -35.000 4.0
1643  2 -16.000 -34.000 4.1
1644  2 -16.000 -33.000 4.2
1645  2 -16.000 -32.000 4.2
1646  2 -16.000 -31.000 4.3
1647  2 -16.000 -30.000 4.4
1648 16 -17.000 -90.000 4.7
1649 16 -17.000 -89.000 4.6
1650 16 -17.000 -88.000 4.6
1651 16 -17.000 -87.000 4.5
1652 16 -17.000 -86.000 4.5
1653 16 -17.000 -85.000 4.5
1654 16 -17.000 -84.000 4.4
1655 16 -17.000 -83.000 4.4
1656 16 -17.000 -82.000 4.3
1657 16 -17.000 -81.000 4.3
1658 16 -17.000 -80.000 4.3
1659 16 -17.000 -79.000 4.2
1660 16 -17.000 -78.000 4.2
1661 16 -17.000 -77.000 4.2
1662 16 -17.000 -76.000 4.1
1663 16 -17.000 -75.000 4.1
1664 16 -17.000 -74.000 4.1
1665 16 -17.000 -73.000 4.1
1666 18 -17.000 -72.000 4.0
1667 18 -17.000 -71.000 3.9
1668 18 -17.000 -70.000 3.8
1669 12 -17.000 -69.000 3.8
1670 18 -17.000 -68.000 3.7
1671 18 -17.000 -67.000 3.6
1672 17 -17.000 -66.000 3.5
1673 17 -17.000 -65.000 3.5
1674 17 -17.000 -64.000 3.6
1675  3 -17.000 -63.000 3.5
1676  3 -17.000 -62.000 3.3
1677  3 -17.000 -61.000 3.1
1678  3 -17.000 -60.000 3.0
1679 18 -17.000 -59.000 3.0
1680 18 -17.000 -58.000 3.0
1681  1 -17.000 -57.000 3.1
1682  1 -17.000 -56.000 2.9
1683 12 -17.000 -55.000 3.0
1684 12 -17.000 -54.000 3.1
1685  2 -17.000 -53.000 3.0
1686  2 -17.000 -52.000 2.8
1687  3 -17.000 -51.000 3.0
1688 25 -17.000 -50.000 3.1
1689  6 -17.000 -49.000 3.1
1690  6 -17.000 -48.000 2.9
1691  1 -17.000 -47.000 3.1
1692 11 -17.000 -46.000 3.0
1693 11 -17.000 -45.000 3.0
1694 11 -17.000 -44.000 3.0
1695  2 -17.000 -43.000 3.1
1696  2 -17.000 -42.000 3.3
1697  2 -17.000 -41.000 3.4
1698  2 -17.000 -40.000 3.6
1699  2 -17.000 -39.000 3.7
1700  2 -17.000 -38.000 3.8
1701  2 -17.000 -37.000 3.9
1702  2 -17.000 -36.000 4.0
1703  2 -17.000 -35.000 4.0
1704  2 -17.000 -34.000 4.1
1705  2 -17.000 -33.000 4.2
1706  2 -17.000 -32.000 4.2
1707  2 -17.000 -31.000 4.3
1708  2 -17.000 -30.000 4.3
1709 16 -18.000 -90.000 4.7
1710 16 -18.000 -89.000 4.6
1711 16 -18.000 -88.000 4.6
1712 16 -18.000 -87.000 4.6
1713 16 -18.000 -86.000 4.5
1714 16 -18.000 -85.000 4.5
1715 16 -18.000 -84.000 4.5
1716 16 -18.000 -83.000 4.4
1717 16 -18.000 -82.000 4.4
1718 16 -18.000 -81.000 4.4
1719 16 -18.000 -80.000 4.3
1720 16 -18.000 -79.000 4.3
1721 16 -18.000 -78.000 4.3
1722 16 -18.000 -77.000 4.2
1723 16 -18.000 -76.000 4.2
1724 16 -18.000 -75.000 4.2
1725 16 -18.000 -74.000 4.2
1726 18 -18.000 -73.000 4.1
1727 12 -18.000 -72.000 4.0
1728 12 -18.000 -71.000 4.0
1729 12 -18.000 -70.000 3.9
1730 18 -18.000 -69.000 3.8
1731 18 -18.000 -68.000 3.7
1732 18 -18.000 -67.000 3.6
1733 17 -18.000 -66.000 3.6
1734 17 -18.000 -65.000 3.6
1735  3 -18.000 -64.000 3.6
1736  3 -18.000 -63.000 3.5
1737  3 -18.000 -62.000 3.4
1738  3 -18.000 -61.000 3.2
1739 18 -18.000 -60.000 3.2
1740 18 -18.000 -59.000 3.2
1741 18 -18.000 -58.000 3.2
1742  1 -18.000 -57.000 3.2
1743  1 -18.000 -56.000 3.0
1744 12 -18.000 -55.000 3.0
1745  2 -18.000 -54.000 3.2
1746  2 -18.000 -53.000 3.0
1747  3 -18.000 -52.000 2.9
1748  3 -18.000 -51.000 3.1
1749  3 -18.000 -50.000 3.3
1750  6 -18.000 -49.000 3.2
1751  6 -18.000 -48.000 3.0
1752  1 -18.000 -47.000 3.1
1753 11 -18.000 -46.000 3.2
1754 11 -18.000 -45.000 3.2
1755 11 -18.000 -44.000 3.2
1756 11 -18.000 -43.000 3.3
1757 11 -18.000 -42.000 3.3
1758  2 -18.000 -41.000 3.4
1759  2 -18.000 -40.000 3.5
1760  2 -18.000 -39.000 3.7
1761  2 -18.000 -38.000 3.8
1762  2 -18.000 -37.000 3.9
1763  2 -18.000 -36.000 4.0
1764  2 -18.000 -35.000 4.0
1765  2 -18.000 -34.000 4.1
1766  2 -18.000 -33.000 4.2
1767  2 -18.000 -32.000 4.2
1768  2 -18.000 -31.000 4.3
1769  2 -18.000 -30.000 4.3
1770 16 -19.000 -90.000 4.7
1771 16 -19.000 -89.000 4.7
1772 16 -19.000 -88.000 4.6
1773 16 -19.000 -87.000 4.6
1774 16 -19.000 -86.000 4.6
1775 16 -19.000 -85.000 4.5
1776 16 -19.000 -84.000 4.5
1777 16 -19.000 -83.000 4.5
1778 16 -19.000 -82.000 4.4
1779 16 -19.000 -81.000 4.4
1780 16 -19.000 -80.000 4.4
1781 16 -19.000 -79.000 4.3
1782 16 -19.000 -78.000 4.3
1783 16 -19.000 -77.000 4.3
1784 16 -19.000 -76.000 4.3
1785 16 -19.000 -75.000 4.2
1786 12 -19.000 -74.000 4.2
1787 12 -19.000 -73.000 4.1
1788 12 -19.000 -72.000 4.0
1789 12 -19.000 -71.000 4.0
1790 18 -19.000 -70.000 3.9
1791 18 -19.000 -69.000 3.9
1792 18 -19.000 -68.000 3.8
1793 18 -19.000 -67.000 3.7
1794 17 -19.000 -66.000 3.7
1795 17 -19.000 -65.000 3.7
1796  3 -19.000 -64.000 3.6
1797  3 -19.000 -63.000 3.5
1798  3 -19.000 -62.000 3.4
1799 18 -19.000 -61.000 3.3
1800 18 -19.000 -60.000 3.3
1801 18 -19.000 -59.000 3.3
1802 18 -19.000 -58.000 3.4
1803  1 -19.000 -57.000 3.3
1804  1 -19.000 -56.000 3.1
1805 12 -19.000 -55.000 3.2
1806  2 -19.000 -54.000 3.2
1807  2 -19.000 -53.000 3.0
1808  3 -19.000 -52.000 3.0
1809  3 -19.000 -51.000 3.2
1810  3 -19.000 -50.000 3.3
1811  6 -19.000 -49.000 3.3
1812  6 -19.000 -48.000 3.2
1813  1 -19.000 -47.000 3.2
1814  1 -19.000 -46.000 3.4
1815 11 -19.000 -45.000 3.4
1816 11 -19.000 -44.000 3.4
1817 11 -19.000 -43.000 3.4
1818 11 -19.000 -42.000 3.5
1819 11 -19.000 -41.000 3.5
1820 11 -19.000 -40.000 3.6
1821  2 -19.000 -39.000 3.7
1822  2 -19.000 -38.000 3.8
1823  2 -19.000 -37.000 3.9
1824  2 -19.000 -36.000 4.0
1825  2 -19.000 -35.000 4.0
1826  2 -19.000 -34.000 4.1
1827  2 -19.000 -33.000 4.2
1828  2 -19.000 -32.000 4.2
1829  2 -19.000 -31.000 4.3
1830  2 -19.000 -30.000 4.3
1831 16 -20.000 -90.000 4.7
1832 16 -20.000 -89.000 4.7
1833 16 -20.000 -88.000 4.7
1834 16 -20.000 -87.000 4.6
1835 16 -20.000 -86.000 4.6
1836 16 -20.000 -85.000 4.6
1837 16 -20.000 -84.000 4.5
1838 16 -20.000 -83.000 4.5
1839 16 -20.000 -82.000 4.5
1840 16 -20.000 -81.000 4.4
1841 16 -20.000 -80.000 4.4
1842 16 -20.000 -79.000 4.4
1843 16 -20.000 -78.000 4.4
1844 16 -20.000 -77.000 4.3
1845 12 -20.000 -76.000 4.3
1846 12 -20.000 -75.000 4.3
1847 12 -20.000 -74.000 4.2
1848 12 -20.000 -73.000 4.1
1849 12 -20.000 -72.000 4.1
1850 23 -20.000 -71.000 4.0
1851 18 -20.000 -70.000 4.0
1852 18 -20.000 -69.000 3.9
1853 18 -20.000 -68.000 3.8
1854 17 -20.000 -67.000 3.8
1855 17 -20.000 -66.000 3.8
1856  3 -20.000 -65.000 3.8
1857  3 -20.000 -64.000 3.7
1858  3 -20.000 -63.000 3.6
1859 18 -20.000 -62.000 3.5
1860 18 -20.000 -61.000 3.5
1861 18 -20.000 -60.000 3.5
1862 18 -20.000 -59.000 3.5
1863  1 -20.000 -58.000 3.5
1864  1 -20.000 -57.000 3.4
1865  1 -20.000 -56.000 3.3
1866 12 -20.000 -55.000 3.3
1867  2 -20.000 -54.000 3.3
1868  2 -20.000 -53.000 3.1
1869  3 -20.000 -52.000 3.2
1870  3 -20.000 -51.000 3.3
1871  3 -20.000 -50.000 3.4
1872  6 -20.000 -49.000 3.4
1873  6 -20.000 -48.000 3.3
1874  1 -20.000 -47.000 3.3
1875  1 -20.000 -46.000 3.4
1876 11 -20.000 -45.000 3.5
1877 11 -20.000 -44.000 3.5
1878 11 -20.000 -43.000 3.5
1879 11 -20.000 -42.000 3.6
1880 11 -20.000 -41.000 3.6
1881 11 -20.000 -40.000 3.7
1882 11 -20.000 -39.000 3.7
1883 11 -20.000 -38.000 3.8
1884  2 -20.000 -37.000 3.9
1885  2 -20.000 -36.000 4.0
1886  2 -20.000 -35.000 4.0
1887  2 -20.000 -34.000 4.1
1888  2 -20.000 -33.000 4.2
1889  2 -20.000 -32.000 4.2
1890  2 -20.000 -31.000 4.3
1891  2 -20.000 -30.000 4.3
1892 16 -21.000 -90.000 4.7
1893 16 -21.000 -89.000 4.7
1894 16 -21.000 -88.000 4.7
1895 16 -21.000 -87.000 4.7
1896 16 -21.000 -86.000 4.6
1897 16 -21.000 -85.000 4.6
1898 16 -21.000 -84.000 4.6
1899 16 -21.000 -83.000 4.5
1900 16 -21.000 -82.000 4.5
1901 16 -21.000 -81.000 4.5
1902 16 -21.000 -80.000 4.5
1903 16 -21.000 -79.000 4.4
1904 16 -21.000 -78.000 4.4
1905 12 -21.000 -77.000 4.4
1906 12 -21.000 -76.000 4.3
1907 12 -21.000 -75.000 4.3
1908 12 -21.000 -74.000 4.2
1909 12 -21.000 -73.000 4.2
1910 12 -21.000 -72.000 4.1
1911 18 -21.000 -71.000 4.1
1912 18 -21.000 -70.000 4.0
1913 18 -21.000 -69.000 4.0
1914 18 -21.000 -68.000 3.9
1915 17 -21.000 -67.000 3.9
1916  3 -21.000 -66.000 3.9
1917  3 -21.000 -65.000 3.8
1918  3 -21.000 -64.000 3.7
1919 18 -21.000 -63.000 3.7
1920 18 -21.000 -62.000 3.6
1921 18 -21.000 -61.000 3.6
1922 18 -21.000 -60.000 3.6
1923 18 -21.000 -59.000 3.6
1924  1 -21.000 -58.000 3.6
1925  1 -21.000 -57.000 3.5
1926  1 -21.000 -56.000 3.4
1927 12 -21.000 -55.000 3.4
1928  2 -21.000 -54.000 3.3
1929  3 -21.000 -53.000 3.2
1930  3 -21.000 -52.000 3.3
1931  3 -21.000 -51.000 3.4
1932  3 -21.000 -50.000 3.5
1933  6 -21.000 -49.000 3.5
1934  6 -21.000 -48.000 3.4
1935  1 -21.000 -47.000 3.4
1936  1 -21.000 -46.000 3.5
1937  1 -21.000 -45.000 3.6
1938 11 -21.000 -44.000 3.6
1939 11 -21.000 -43.000 3.7
1940 11 -21.000 -42.000 3.7
1941 11 -21.000 -41.000 3.7
1942 11 -21.000 -40.000 3.8
1943 11 -21.000 -39.000 3.8
1944 11 -21.000 -38.000 3.9
1945 11 -21.000 -37.000 3.9
1946 11 -21.000 -36.000 4.0
1947  2 -21.000 -35.000 4.0
1948  2 -21.000 -34.000 4.1
1949  2 -21.000 -33.000 4.2
1950  2 -21.000 -32.000 4.2
1951  2 -21.000 -31.000 4.3
1952  2 -21.000 -30.000 4.3
1953 16 -22.000 -90.000 4.8
1954 16 -22.000 -89.000 4.7
1955 16 -22.000 -88.000 4.7
1956 16 -22.000 -87.000 4.7
1957 16 -22.000 -86.000 4.7
1958 16 -22.000 -85.000 4.6
1959 16 -22.000 -84.000 4.6
1960 16 -22.000 -83.000 4.6
1961 16 -22.000 -82.000 4.5
1962 16 -22.000 -81.000 4.5
1963 16 -22.000 -80.000 4.5
1964 16 -22.000 -79.000 4.5
1965 12 -22.000 -78.000 4.4
1966 12 -22.000 -77.000 4.4
1967 12 -22.000 -76.000 4.3
1968 12 -22.000 -75.000 4.3
1969 12 -22.000 -74.000 4.2
1970 12 -22.000 -73.000 4.2
1971 23 -22.000 -72.000 4.2
1972 18 -22.000 -71.000 4.1
1973 18 -22.000 -70.000 4.1
1974 18 -22.000 -69.000 4.0
1975 17 -22.000 -68.000 4.0
1976 17 -22.000 -67.000 4.0
1977  3 -22.000 -66.000 3.9
1978  3 -22.000 -65.000 3.9
1979 18 -22.000 -64.000 3.8
1980 18 -22.000 -63.000 3.8
1981 18 -22.000 -62.000 3.7
1982 18 -22.000 -61.000 3.7
1983 18 -22.000 -60.000 3.7
1984  1 -22.000 -59.000 3.7
1985  1 -22.000 -58.000 3.6
1986  1 -22.000 -57.000 3.6
1987  1 -22.000 -56.000 3.5
1988  2 -22.000 -55.000 3.5
1989  2 -22.000 -54.000 3.4
1990  3 -22.000 -53.000 3.4
1991  3 -22.000 -52.000 3.5
1992  3 -22.000 -51.000 3.5
1993  3 -22.000 -50.000 3.6
1994  6 -22.000 -49.000 3.6
1995  6 -22.000 -48.000 3.5
1996  1 -22.000 -47.000 3.5
1997  1 -22.000 -46.000 3.6
1998  1 -22.000 -45.000 3.7
1999 11 -22.000 -44.000 3.8
2000 11 -22.000 -43.000 3.8
2001 11 -22.000 -42.000 3.8
2002 11 -22.000 -41.000 3.8
2003 11 -22.000 -40.000 3.9
2004 11 -22.000 -39.000 3.9
2005 11 -22.000 -38.000 4.0
2006 11 -22.000 -37.000 4.0
2007 11 -22.000 -36.000 4.0
2008 11 -22.000 -35.000 4.1
2009 11 -22.000 -34.000 4.2
2010 11 -22.000 -33.000 4.2
2011  2 -22.000 -32.000 4.3
2012  2 -22.000 -31.000 4.3
2013  2 -22.000 -30.000 4.4
2014 16 -23.000 -90.000 4.8
2015 16 -23.000 -89.000 4.8
2016 16 -23.000 -88.000 4.7
2017 16 -23.000 -87.000 4.7
2018 16 -23.000 -86.000 4.7
2019 16 -23.000 -85.000 4.7
2020 16 -23.000 -84.000 4.6
2021 16 -23.000 -83.000 4.6
2022 16 -23.000 -82.000 4.6
2023 16 -23.000 -81.000 4.6
2024 12 -23.000 -80.000 4.5
2025 12 -23.000 -79.000 4.5
2026 12 -23.000 -78.000 4.5
2027 12 -23.000 -77.000 4.4
2028 12 -23.000 -76.000 4.4
2029 12 -23.000 -75.000 4.3
2030 12 -23.000 -74.000 4.3
2031 23 -23.000 -73.000 4.2
2032 18 -23.000 -72.000 4.2
2033 18 -23.000 -71.000 4.2
2034 18 -23.000 -70.000 4.1
2035 18 -23.000 -69.000 4.1
2036 17 -23.000 -68.000 4.1
2037  3 -23.000 -67.000 4.0
2038  3 -23.000 -66.000 4.0
2039  3 -23.000 -65.000 3.9
2040 18 -23.000 -64.000 3.9
2041 18 -23.000 -63.000 3.9
2042 18 -23.000 -62.000 3.8
2043 18 -23.000 -61.000 3.8
2044 18 -23.000 -60.000 3.8
2045  1 -23.000 -59.000 3.8
2046  1 -23.000 -58.000 3.7
2047  1 -23.000 -57.000 3.7
2048  1 -23.000 -56.000 3.6
2049  2 -23.000 -55.000 3.6
2050  1 -23.000 -54.000 3.5
2051  3 -23.000 -53.000 3.5
2052  3 -23.000 -52.000 3.6
2053  3 -23.000 -51.000 3.6
2054  3 -23.000 -50.000 3.7
2055  6 -23.000 -49.000 3.7
2056  6 -23.000 -48.000 3.7
2057  1 -23.000 -47.000 3.6
2058  1 -23.000 -46.000 3.7
2059  1 -23.000 -45.000 3.8
2060  1 -23.000 -44.000 3.8
2061 11 -23.000 -43.000 3.9
2062 11 -23.000 -42.000 3.9
2063 11 -23.000 -41.000 3.9
2064 11 -23.000 -40.000 3.9
2065 11 -23.000 -39.000 4.0
2066 11 -23.000 -38.000 4.0
2067 11 -23.000 -37.000 4.1
2068 11 -23.000 -36.000 4.1
2069 11 -23.000 -35.000 4.2
2070 11 -23.000 -34.000 4.2
2071 11 -23.000 -33.000 4.2
2072 11 -23.000 -32.000 4.3
2073 11 -23.000 -31.000 4.3
2074  2 -23.000 -30.000 4.4
2075 16 -24.000 -90.000 4.8
2076 16 -24.000 -89.000 4.8
2077 16 -24.000 -88.000 4.8
2078 16 -24.000 -87.000 4.7
2079 16 -24.000 -86.000 4.7
2080 16 -24.000 -85.000 4.7
2081 16 -24.000 -84.000 4.7
2082 16 -24.000 -83.000 4.7
2083 16 -24.000 -82.000 4.6
2084 12 -24.000 -81.000 4.6
2085 12 -24.000 -80.000 4.6
2086 12 -24.000 -79.000 4.5
2087 12 -24.000 -78.000 4.5
2088 12 -24.000 -77.000 4.4
2089 12 -24.000 -76.000 4.4
2090 12 -24.000 -75.000 4.3
2091 23 -24.000 -74.000 4.3
2092 23 -24.000 -73.000 4.3
2093 18 -24.000 -72.000 4.3
2094 18 -24.000 -71.000 4.2
2095 18 -24.000 -70.000 4.2
2096 17 -24.000 -69.000 4.1
2097 17 -24.000 -68.000 4.1
2098  3 -24.000 -67.000 4.1
2099  3 -24.000 -66.000 4.0
2100 18 -24.000 -65.000 4.0
2101 18 -24.000 -64.000 4.0
2102 18 -24.000 -63.000 3.9
2103 18 -24.000 -62.000 3.9
2104 18 -24.000 -61.000 3.9
2105 18 -24.000 -60.000 3.9
2106  1 -24.000 -59.000 3.9
2107  1 -24.000 -58.000 3.8
2108  1 -24.000 -57.000 3.8
2109  1 -24.000 -56.000 3.7
2110  1 -24.000 -55.000 3.7
2111  1 -24.000 -54.000 3.6
2112  3 -24.000 -53.000 3.6
2113  3 -24.000 -52.000 3.7
2114  3 -24.000 -51.000 3.7
2115  3 -24.000 -50.000 3.8
2116  6 -24.000 -49.000 3.8
2117  6 -24.000 -48.000 3.8
2118  1 -24.000 -47.000 3.7
2119  1 -24.000 -46.000 3.8
2120  1 -24.000 -45.000 3.9
2121  1 -24.000 -44.000 3.9
2122  1 -24.000 -43.000 4.0
2123 11 -24.000 -42.000 4.0
2124 11 -24.000 -41.000 4.0
2125 11 -24.000 -40.000 4.0
2126 11 -24.000 -39.000 4.0
2127 11 -24.000 -38.000 4.1
2128 11 -24.000 -37.000 4.1
2129 11 -24.000 -36.000 4.2
2130 11 -24.000 -35.000 4.2
2131 11 -24.000 -34.000 4.2
2132 11 -24.000 -33.000 4.3
2133 11 -24.000 -32.000 4.3
2134 11 -24.000 -31.000 4.4
2135 11 -24.000 -30.000 4.4
2136 16 -25.000 -90.000 4.8
2137 16 -25.000 -89.000 4.8
2138 16 -25.000 -88.000 4.8
2139 16 -25.000 -87.000 4.8
2140 16 -25.000 -86.000 4.8
2141 16 -25.000 -85.000 4.7
2142 16 -25.000 -84.000 4.7
2143 16 -25.000 -83.000 4.7
2144 12 -25.000 -82.000 4.7
2145 12 -25.000 -81.000 4.6
2146 12 -25.000 -80.000 4.6
2147 12 -25.000 -79.000 4.5
2148 12 -25.000 -78.000 4.5
2149 12 -25.000 -77.000 4.5
2150 12 -25.000 -76.000 4.4
2151 12 -25.000 -75.000 4.4
2152 23 -25.000 -74.000 4.3
2153 18 -25.000 -73.000 4.3
2154 18 -25.000 -72.000 4.3
2155 18 -25.000 -71.000 4.3
2156 18 -25.000 -70.000 4.2
2157 17 -25.000 -69.000 4.2
2158  3 -25.000 -68.000 4.2
2159  3 -25.000 -67.000 4.1
2160 18 -25.000 -66.000 4.1
2161 18 -25.000 -65.000 4.1
2162 18 -25.000 -64.000 4.0
2163 18 -25.000 -63.000 4.0
2164 18 -25.000 -62.000 4.0
2165 18 -25.000 -61.000 4.0
2166  1 -25.000 -60.000 4.0
2167  1 -25.000 -59.000 3.9
2168  1 -25.000 -58.000 3.9
2169  1 -25.000 -57.000 3.9
2170  2 -25.000 -56.000 3.8
2171  1 -25.000 -55.000 3.8
2172  1 -25.000 -54.000 3.8
2173  3 -25.000 -53.000 3.7
2174  3 -25.000 -52.000 3.8
2175  3 -25.000 -51.000 3.8
2176  3 -25.000 -50.000 3.9
2177  6 -25.000 -49.000 3.9
2178  6 -25.000 -48.000 3.9
2179  1 -25.000 -47.000 3.8
2180  1 -25.000 -46.000 3.9
2181  1 -25.000 -45.000 3.9
2182  1 -25.000 -44.000 4.0
2183  1 -25.000 -43.000 4.0
2184 11 -25.000 -42.000 4.0
2185 11 -25.000 -41.000 4.1
2186 11 -25.000 -40.000 4.1
2187 11 -25.000 -39.000 4.1
2188 11 -25.000 -38.000 4.2
2189 11 -25.000 -37.000 4.2
2190 11 -25.000 -36.000 4.2
2191 11 -25.000 -35.000 4.3
2192 11 -25.000 -34.000 4.3
2193 11 -25.000 -33.000 4.3
2194 11 -25.000 -32.000 4.4
2195 11 -25.000 -31.000 4.4
2196 11 -25.000 -30.000 4.4
2197 16 -26.000 -90.000 4.9
2198 16 -26.000 -89.000 4.8
2199 16 -26.000 -88.000 4.8
2200 16 -26.000 -87.000 4.8
2201 16 -26.000 -86.000 4.8
2202 16 -26.000 -85.000 4.8
2203 12 -26.000 -84.000 4.7
2204 12 -26.000 -83.000 4.7
2205 12 -26.000 -82.000 4.7
2206 12 -26.000 -81.000 4.6
2207 12 -26.000 -80.000 4.6
2208 12 -26.000 -79.000 4.5
2209 12 -26.000 -78.000 4.5
2210 12 -26.000 -77.000 4.5
2211 12 -26.000 -76.000 4.4
2212 23 -26.000 -75.000 4.4
2213 23 -26.000 -74.000 4.4
2214 18 -26.000 -73.000 4.4
2215 18 -26.000 -72.000 4.3
2216 18 -26.000 -71.000 4.3
2217 18 -26.000 -70.000 4.3
2218  3 -26.000 -69.000 4.3
2219  3 -26.000 -68.000 4.2
2220 18 -26.000 -67.000 4.2
2221 18 -26.000 -66.000 4.2
2222 18 -26.000 -65.000 4.1
2223 18 -26.000 -64.000 4.1
2224 18 -26.000 -63.000 4.1
2225 18 -26.000 -62.000 4.1
2226 18 -26.000 -61.000 4.1
2227  1 -26.000 -60.000 4.0
2228  1 -26.000 -59.000 4.0
2229  1 -26.000 -58.000 4.0
2230  1 -26.000 -57.000 3.9
2231 12 -26.000 -56.000 3.9
2232  1 -26.000 -55.000 3.9
2233  1 -26.000 -54.000 3.9
2234  3 -26.000 -53.000 3.8
2235  3 -26.000 -52.000 3.9
2236  3 -26.000 -51.000 3.9
2237  3 -26.000 -50.000 3.9
2238  6 -26.000 -49.000 4.0
2239  6 -26.000 -48.000 3.9
2240  1 -26.000 -47.000 3.9
2241  1 -26.000 -46.000 4.0
2242  1 -26.000 -45.000 4.0
2243  1 -26.000 -44.000 4.0
2244  1 -26.000 -43.000 4.1
2245  1 -26.000 -42.000 4.1
2246 11 -26.000 -41.000 4.1
2247 11 -26.000 -40.000 4.2
2248 11 -26.000 -39.000 4.2
2249 11 -26.000 -38.000 4.2
2250 11 -26.000 -37.000 4.2
2251 11 -26.000 -36.000 4.3
2252 11 -26.000 -35.000 4.3
2253 11 -26.000 -34.000 4.3
2254 11 -26.000 -33.000 4.4
2255 11 -26.000 -32.000 4.4
2256 11 -26.000 -31.000 4.4
2257 11 -26.000 -30.000 4.5
2258 16 -27.000 -90.000 4.9
2259 16 -27.000 -89.000 4.9
2260 16 -27.000 -88.000 4.8
2261 16 -27.000 -87.000 4.8
2262 16 -27.000 -86.000 4.8
2263 12 -27.000 -85.000 4.8
2264 12 -27.000 -84.000 4.8
2265 12 -27.000 -83.000 4.7
2266 12 -27.000 -82.000 4.7
2267 12 -27.000 -81.000 4.7
2268 12 -27.000 -80.000 4.6
2269 12 -27.000 -79.000 4.6
2270 12 -27.000 -78.000 4.5
2271 12 -27.000 -77.000 4.5
2272 23 -27.000 -76.000 4.5
2273 23 -27.000 -75.000 4.5
2274 18 -27.000 -74.000 4.5
2275 18 -27.000 -73.000 4.4
2276 18 -27.000 -72.000 4.4
2277 18 -27.000 -71.000 4.4
2278 17 -27.000 -70.000 4.3
2279  3 -27.000 -69.000 4.3
2280 18 -27.000 -68.000 4.3
2281 18 -27.000 -67.000 4.3
2282 18 -27.000 -66.000 4.2
2283 18 -27.000 -65.000 4.2
2284 18 -27.000 -64.000 4.2
2285 18 -27.000 -63.000 4.2
2286 18 -27.000 -62.000 4.2
2287  1 -27.000 -61.000 4.2
2288  1 -27.000 -60.000 4.1
2289  1 -27.000 -59.000 4.1
2290  1 -27.000 -58.000 4.0
2291  2 -27.000 -57.000 4.0
2292 12 -27.000 -56.000 4.0
2293  1 -27.000 -55.000 4.0
2294  1 -27.000 -54.000 3.9
2295  3 -27.000 -53.000 3.9
2296  3 -27.000 -52.000 4.0
2297  3 -27.000 -51.000 4.0
2298  3 -27.000 -50.000 4.0
2299  6 -27.000 -49.000 4.0
2300  6 -27.000 -48.000 4.0
2301  6 -27.000 -47.000 4.0
2302  1 -27.000 -46.000 4.0
2303  1 -27.000 -45.000 4.1
2304  1 -27.000 -44.000 4.1
2305  1 -27.000 -43.000 4.1
2306  1 -27.000 -42.000 4.2
2307 11 -27.000 -41.000 4.2
2308 11 -27.000 -40.000 4.2
2309 11 -27.000 -39.000 4.2
2310 11 -27.000 -38.000 4.3
2311 11 -27.000 -37.000 4.3
2312 11 -27.000 -36.000 4.3
2313 11 -27.000 -35.000 4.3
2314 11 -27.000 -34.000 4.4
2315 11 -27.000 -33.000 4.4
2316 11 -27.000 -32.000 4.4
2317 11 -27.000 -31.000 4.5
2318 11 -27.000 -30.000 4.5
2319 16 -28.000 -90.000 4.9
2320 16 -28.000 -89.000 4.9
2321 16 -28.000 -88.000 4.9
2322 12 -28.000 -87.000 4.8
2323 12 -28.000 -86.000 4.8
2324 12 -28.000 -85.000 4.8
2325 12 -28.000 -84.000 4.8
2326 12 -28.000 -83.000 4.7
2327 12 -28.000 -82.000 4.7
2328 12 -28.000 -81.000 4.7
2329 12 -28.000 -80.000 4.6
2330 12 -28.000 -79.000 4.6
2331 12 -28.000 -78.000 4.6
2332 12 -28.000 -77.000 4.5
2333 23 -28.000 -76.000 4.5
2334 23 -28.000 -75.000 4.5
2335 18 -28.000 -74.000 4.5
2336 18 -28.000 -73.000 4.5
2337 18 -28.000 -72.000 4.4
2338 18 -28.000 -71.000 4.4
2339  3 -28.000 -70.000 4.4
2340 18 -28.000 -69.000 4.3
2341 18 -28.000 -68.000 4.3
2342 18 -28.000 -67.000 4.3
2343 18 -28.000 -66.000 4.3
2344 18 -28.000 -65.000 4.3
2345 18 -28.000 -64.000 4.3
2346 18 -28.000 -63.000 4.2
2347 18 -28.000 -62.000 4.2
2348  1 -28.000 -61.000 4.2
2349  1 -28.000 -60.000 4.2
2350  1 -28.000 -59.000 4.1
2351  2 -28.000 -58.000 4.1
2352  2 -28.000 -57.000 4.0
2353 12 -28.000 -56.000 4.0
2354  1 -28.000 -55.000 4.0
2355  1 -28.000 -54.000 4.0
2356  3 -28.000 -53.000 4.0
2357  3 -28.000 -52.000 4.0
2358  3 -28.000 -51.000 4.0
2359  3 -28.000 -50.000 4.1
2360  3 -28.000 -49.000 4.1
2361  6 -28.000 -48.000 4.1
2362  6 -28.000 -47.000 4.1
2363  1 -28.000 -46.000 4.1
2364  1 -28.000 -45.000 4.1
2365  1 -28.000 -44.000 4.2
2366  1 -28.000 -43.000 4.2
2367  1 -28.000 -42.000 4.2
2368  1 -28.000 -41.000 4.3
2369 11 -28.000 -40.000 4.3
2370 11 -28.000 -39.000 4.3
2371 11 -28.000 -38.000 4.3
2372 11 -28.000 -37.000 4.3
2373 11 -28.000 -36.000 4.4
2374 11 -28.000 -35.000 4.4
2375 11 -28.000 -34.000 4.4
2376 11 -28.000 -33.000 4.5
2377 11 -28.000 -32.000 4.5
2378 11 -28.000 -31.000 4.5
2379 11 -28.000 -30.000 4.5
2380 16 -29.000 -90.000 4.9
2381 16 -29.000 -89.000 4.9
2382 12 -29.000 -88.000 4.9
2383 12 -29.000 -87.000 4.9
2384 12 -29.000 -86.000 4.8
2385 12 -29.000 -85.000 4.8
2386 12 -29.000 -84.000 4.8
2387 12 -29.000 -83.000 4.8
2388 12 -29.000 -82.000 4.7
2389 12 -29.000 -81.000 4.7
2390 12 -29.000 -80.000 4.7
2391 12 -29.000 -79.000 4.6
2392 12 -29.000 -78.000 4.6
2393 23 -29.000 -77.000 4.6
2394 23 -29.000 -76.000 4.6
2395 18 -29.000 -75.000 4.6
2396 18 -29.000 -74.000 4.5
2397 18 -29.000 -73.000 4.5
2398 18 -29.000 -72.000 4.5
2399 17 -29.000 -71.000 4.5
2400 18 -29.000 -70.000 4.4
2401 18 -29.000 -69.000 4.4
2402 18 -29.000 -68.000 4.4
2403 18 -29.000 -67.000 4.4
2404 18 -29.000 -66.000 4.3
2405 18 -29.000 -65.000 4.3
2406 18 -29.000 -64.000 4.3
2407 18 -29.000 -63.000 4.3
2408  1 -29.000 -62.000 4.3
2409  1 -29.000 -61.000 4.3
2410  1 -29.000 -60.000 4.2
2411  2 -29.000 -59.000 4.2
2412  2 -29.000 -58.000 4.2
2413 12 -29.000 -57.000 4.1
2414  1 -29.000 -56.000 4.1
2415  1 -29.000 -55.000 4.1
2416  1 -29.000 -54.000 4.1
2417  1 -29.000 -53.000 4.1
2418  3 -29.000 -52.000 4.1
2419  3 -29.000 -51.000 4.1
2420  3 -29.000 -50.000 4.1
2421  3 -29.000 -49.000 4.2
2422  6 -29.000 -48.000 4.2
2423  6 -29.000 -47.000 4.2
2424  1 -29.000 -46.000 4.2
2425  1 -29.000 -45.000 4.2
2426  1 -29.000 -44.000 4.2
2427  1 -29.000 -43.000 4.2
2428  1 -29.000 -42.000 4.3
2429  1 -29.000 -41.000 4.3
2430  1 -29.000 -40.000 4.3
2431 11 -29.000 -39.000 4.4
2432 11 -29.000 -38.000 4.4
2433 11 -29.000 -37.000 4.4
2434 11 -29.000 -36.000 4.4
2435 11 -29.000 -35.000 4.4
2436 11 -29.000 -34.000 4.5
2437 11 -29.000 -33.000 4.5
2438 11 -29.000 -32.000 4.5
2439 11 -29.000 -31.000 4.5
2440 11 -29.000 -30.000 4.6
2441 12 -30.000 -90.000 5.0
2442 12 -30.000 -89.000 4.9
2443 12 -30.000 -88.000 4.9
2444 12 -30.000 -87.000 4.9
2445 12 -30.000 -86.000 4.8
2446 12 -30.000 -85.000 4.8
2447 12 -30.000 -84.000 4.8
2448 12 -30.000 -83.000 4.8
2449 12 -30.000 -82.000 4.7
2450 12 -30.000 -81.000 4.7
2451 12 -30.000 -80.000 4.7
2452 12 -30.000 -79.000 4.6
2453 23 -30.000 -78.000 4.6
2454 23 -30.000 -77.000 4.6
2455 23 -30.000 -76.000 4.6
2456 18 -30.000 -75.000 4.6
2457 18 -30.000 -74.000 4.6
2458 18 -30.000 -73.000 4.5
2459 18 -30.000 -72.000 4.5
2460 18 -30.000 -71.000 4.5
2461 18 -30.000 -70.000 4.5
2462 18 -30.000 -69.000 4.5
2463 18 -30.000 -68.000 4.4
2464 18 -30.000 -67.000 4.4
2465 18 -30.000 -66.000 4.4
2466 18 -30.000 -65.000 4.4
2467 18 -30.000 -64.000 4.4
2468 18 -30.000 -63.000 4.3
2469  1 -30.000 -62.000 4.3
2470  1 -30.000 -61.000 4.3
2471  2 -30.000 -60.000 4.3
2472  2 -30.000 -59.000 4.2
2473  2 -30.000 -58.000 4.2
2474 12 -30.000 -57.000 4.2
2475  1 -30.000 -56.000 4.2
2476  1 -30.000 -55.000 4.2
2477  1 -30.000 -54.000 4.2
2478  1 -30.000 -53.000 4.2
2479  3 -30.000 -52.000 4.2
2480  3 -30.000 -51.000 4.2
2481  3 -30.000 -50.000 4.2
2482  3 -30.000 -49.000 4.2
2483  6 -30.000 -48.000 4.2
2484  6 -30.000 -47.000 4.2
2485  1 -30.000 -46.000 4.2
2486  1 -30.000 -45.000 4.2
2487  1 -30.000 -44.000 4.3
2488  1 -30.000 -43.000 4.3
2489  1 -30.000 -42.000 4.3
2490  1 -30.000 -41.000 4.3
2491  1 -30.000 -40.000 4.4
2492 11 -30.000 -39.000 4.4
2493 11 -30.000 -38.000 4.4
2494 11 -30.000 -37.000 4.4
2495 11 -30.000 -36.000 4.5
2496 11 -30.000 -35.000 4.5
2497 11 -30.000 -34.000 4.5
2498 11 -30.000 -33.000 4.5
2499 11 -30.000 -32.000 4.5
2500 11 -30.000 -31.000 4.6
2501 11 -30.000 -30.000 4.6
