 1 24 10.000 -75.000 4.4
 2 24 10.000 -74.000 4.4
 3 24 10.000 -73.000 4.4
 4 29 10.000 -72.000 4.3
 5 29 10.000 -71.000 4.3
 6 29 10.000 -70.000 4.3
 7 29 10.000 -69.000 4.2
 8 29 10.000 -68.000 4.2
 9 29 10.000 -67.000 4.2
10 43 10.000 -66.000 4.2
11 43 10.000 -65.000 4.2
12 30 10.000 -64.000 4.2
13 30 10.000 -63.000 4.2
14 30 10.000 -62.000 4.1
15 30 10.000 -61.000 4.1
16 30 10.000 -60.000 4.1
17 30 10.000 -59.000 4.0
18 30 10.000 -58.000 4.0
19 30 10.000 -57.000 4.0
20 30 10.000 -56.000 4.0
21 30 10.000 -55.000 4.0
22 30 10.000 -54.000 4.0
23 30 10.000 -53.000 4.0
24 30 10.000 -52.000 4.0
25 30 10.000 -51.000 4.0
26 30 10.000 -50.000 4.0
27 30 10.000 -49.000 4.1
28 30 10.000 -48.000 4.1
29 37 10.000 -47.000 4.1
30 37 10.000 -46.000 4.1
31 37 10.000 -45.000 4.0
32 31 10.000 -44.000 4.1
33 54 10.000 -43.000 4.1
34 44 10.000 -42.000 4.1
35 44 10.000 -41.000 4.2
36 47 10.000 -40.000 4.2
37 47 10.000 -39.000 4.2
38 37 10.000 -38.000 4.2
39 37 10.000 -37.000 4.2
40 37 10.000 -36.000 4.2
41 58 10.000 -35.000 4.3
42 55 10.000 -34.000 4.3
43 55 10.000 -33.000 4.3
44 55 10.000 -32.000 4.3
45 55 10.000 -31.000 4.3
46 59 10.000 -30.000 4.3
47 24 9.000 -75.000 4.3
48 24 9.000 -74.000 4.3
49 24 9.000 -73.000 4.3
50 29 9.000 -72.000 4.3
51 29 9.000 -71.000 4.3
52 29 9.000 -70.000 4.2
53 29 9.000 -69.000 4.2
54 29 9.000 -68.000 4.2
55 29 9.000 -67.000 4.1
56 43 9.000 -66.000 4.1
57 43 9.000 -65.000 4.1
58 43 9.000 -64.000 4.2
59 30 9.000 -63.000 4.1
60 30 9.000 -62.000 4.1
61 30 9.000 -61.000 4.0
62 31 9.000 -60.000 4.0
63 30 9.000 -59.000 4.0
64 30 9.000 -58.000 3.9
65 30 9.000 -57.000 3.9
66 30 9.000 -56.000 3.9
67 30 9.000 -55.000 3.9
68 30 9.000 -54.000 3.9
69 30 9.000 -53.000 3.9
70 30 9.000 -52.000 3.9
71 23 9.000 -51.000 3.9
72 30 9.000 -50.000 4.0
73 30 9.000 -49.000 4.0
74 37 9.000 -48.000 4.0
75 37 9.000 -47.000 4.0
76 37 9.000 -46.000 4.0
77 37 9.000 -45.000 4.0
78 31 9.000 -44.000 4.0
79 54 9.000 -43.000 4.0
80 44 9.000 -42.000 4.0
81 44 9.000 -41.000 4.1
82 47 9.000 -40.000 4.1
83 47 9.000 -39.000 4.1
84 37 9.000 -38.000 4.1
85 37 9.000 -37.000 4.1
86 37 9.000 -36.000 4.2
87 58 9.000 -35.000 4.2
88 55 9.000 -34.000 4.2
89 55 9.000 -33.000 4.2
90 55 9.000 -32.000 4.2
91 55 9.000 -31.000 4.3
92 59 9.000 -30.000 4.3
93 24 8.000 -75.000 4.3
94 24 8.000 -74.000 4.3
95 24 8.000 -73.000 4.3
96 24 8.000 -72.000 4.3
97 29 8.000 -71.000 4.2
98 29 8.000 -70.000 4.2
99 29 8.000 -69.000 4.1
100 29 8.000 -68.000 4.1
101 29 8.000 -67.000 4.0
102 43 8.000 -66.000 4.0
103 43 8.000 -65.000 4.1
104 43 8.000 -64.000 4.1
105 30 8.000 -63.000 4.1
106 30 8.000 -62.000 4.0
107 30 8.000 -61.000 4.0
108 30 8.000 -60.000 3.9
109 30 8.000 -59.000 3.9
110 30 8.000 -58.000 3.9
111 30 8.000 -57.000 3.8
112 30 8.000 -56.000 3.8
113 30 8.000 -55.000 3.8
114 30 8.000 -54.000 3.8
115 30 8.000 -53.000 3.8
116 23 8.000 -52.000 3.8
117 44 8.000 -51.000 3.9
118 30 8.000 -50.000 3.9
119 30 8.000 -49.000 3.9
120 37 8.000 -48.000 3.9
121 37 8.000 -47.000 3.9
122 37 8.000 -46.000 3.9
123 37 8.000 -45.000 3.9
124 31 8.000 -44.000 4.0
125 54 8.000 -43.000 4.0
126 44 8.000 -42.000 4.0
127 58 8.000 -41.000 4.0
128 47 8.000 -40.000 4.0
129 47 8.000 -39.000 4.0
130 37 8.000 -38.000 4.0
131 37 8.000 -37.000 4.1
132 58 8.000 -36.000 4.1
133 55 8.000 -35.000 4.1
134 55 8.000 -34.000 4.1
135 55 8.000 -33.000 4.2
136 55 8.000 -32.000 4.2
137 59 8.000 -31.000 4.2
138 59 8.000 -30.000 4.2
139 23 7.000 -75.000 4.2
140 24 7.000 -74.000 4.2
141 24 7.000 -73.000 4.2
142 24 7.000 -72.000 4.2
143 29 7.000 -71.000 4.2
144 29 7.000 -70.000 4.1
145 29 7.000 -69.000 4.1
146 29 7.000 -68.000 4.0
147 29 7.000 -67.000 4.0
148 43 7.000 -66.000 4.0
149 43 7.000 -65.000 4.0
150 43 7.000 -64.000 4.0
151 30 7.000 -63.000 4.0
152 30 7.000 -62.000 4.0
153 30 7.000 -61.000 3.9
154 30 7.000 -60.000 3.9
155 31 7.000 -59.000 3.8
156 30 7.000 -58.000 3.8
157 30 7.000 -57.000 3.7
158 30 7.000 -56.000 3.7
159 30 7.000 -55.000 3.7
160 30 7.000 -54.000 3.7
161 30 7.000 -53.000 3.7
162 23 7.000 -52.000 3.8
163 44 7.000 -51.000 3.8
164 30 7.000 -50.000 3.8
165 30 7.000 -49.000 3.8
166 37 7.000 -48.000 3.9
167 37 7.000 -47.000 3.8
168 37 7.000 -46.000 3.8
169 31 7.000 -45.000 3.8
170 31 7.000 -44.000 3.9
171 54 7.000 -43.000 3.9
172 44 7.000 -42.000 3.9
173 58 7.000 -41.000 3.9
174 47 7.000 -40.000 3.9
175 47 7.000 -39.000 3.9
176 37 7.000 -38.000 4.0
177 37 7.000 -37.000 4.0
178 58 7.000 -36.000 4.0
179 55 7.000 -35.000 4.0
180 55 7.000 -34.000 4.1
181 55 7.000 -33.000 4.1
182 55 7.000 -32.000 4.1
183 59 7.000 -31.000 4.1
184 59 7.000 -30.000 4.2
185 23 6.000 -75.000 4.2
186 23 6.000 -74.000 4.1
187 24 6.000 -73.000 4.1
188 24 6.000 -72.000 4.1
189 29 6.000 -71.000 4.1
190 29 6.000 -70.000 4.1
191 29 6.000 -69.000 4.0
192 29 6.000 -68.000 4.0
193 29 6.000 -67.000 3.9
194 43 6.000 -66.000 3.9
195 43 6.000 -65.000 3.9
196 43 6.000 -64.000 4.0
197 30 6.000 -63.000 4.0
198 30 6.000 -62.000 3.9
199 30 6.000 -61.000 3.8
200 30 6.000 -60.000 3.8
201 29 6.000 -59.000 3.7
202 31 6.000 -58.000 3.7
203 30 6.000 -57.000 3.6
204 30 6.000 -56.000 3.6
205 30 6.000 -55.000 3.6
206 30 6.000 -54.000 3.6
207 23 6.000 -53.000 3.6
208 23 6.000 -52.000 3.7
209 44 6.000 -51.000 3.7
210 30 6.000 -50.000 3.7
211 30 6.000 -49.000 3.7
212 37 6.000 -48.000 3.8
213 37 6.000 -47.000 3.7
214 37 6.000 -46.000 3.7
215 31 6.000 -45.000 3.8
216 54 6.000 -44.000 3.8
217 44 6.000 -43.000 3.8
218 44 6.000 -42.000 3.8
219 58 6.000 -41.000 3.8
220 47 6.000 -40.000 3.8
221 37 6.000 -39.000 3.8
222 37 6.000 -38.000 3.9
223 58 6.000 -37.000 3.9
224 58 6.000 -36.000 4.0
225 55 6.000 -35.000 4.0
226 55 6.000 -34.000 4.0
227 55 6.000 -33.000 4.0
228 55 6.000 -32.000 4.0
229 59 6.000 -31.000 4.1
230 54 6.000 -30.000 4.1
231 23 5.000 -75.000 4.2
232 23 5.000 -74.000 4.1
233 24 5.000 -73.000 4.0
234 24 5.000 -72.000 4.0
235 24 5.000 -71.000 4.0
236 29 5.000 -70.000 4.0
237 29 5.000 -69.000 4.0
238 29 5.000 -68.000 3.9
239 29 5.000 -67.000 3.8
240 43 5.000 -66.000 3.8
241 43 5.000 -65.000 3.9
242 43 5.000 -64.000 3.9
243 30 5.000 -63.000 3.9
244 30 5.000 -62.000 3.8
245 30 5.000 -61.000 3.8
246 30 5.000 -60.000 3.7
247 29 5.000 -59.000 3.6
248 31 5.000 -58.000 3.6
249 30 5.000 -57.000 3.5
250 30 5.000 -56.000 3.5
251 30 5.000 -55.000 3.4
252 23 5.000 -54.000 3.4
253 23 5.000 -53.000 3.6
254 44 5.000 -52.000 3.6
255 44 5.000 -51.000 3.6
256 30 5.000 -50.000 3.6
257 30 5.000 -49.000 3.6
258 37 5.000 -48.000 3.7
259 37 5.000 -47.000 3.6
260 37 5.000 -46.000 3.6
261 31 5.000 -45.000 3.7
262 54 5.000 -44.000 3.7
263 44 5.000 -43.000 3.7
264 58 5.000 -42.000 3.7
265 58 5.000 -41.000 3.7
266 47 5.000 -40.000 3.7
267 37 5.000 -39.000 3.7
268 37 5.000 -38.000 3.8
269 58 5.000 -37.000 3.8
270 55 5.000 -36.000 3.9
271 55 5.000 -35.000 3.9
272 55 5.000 -34.000 3.9
273 55 5.000 -33.000 3.9
274 59 5.000 -32.000 4.0
275 54 5.000 -31.000 4.0
276 55 5.000 -30.000 4.0
277 23 4.000 -75.000 4.2
278 23 4.000 -74.000 4.1
279 23 4.000 -73.000 4.0
280 24 4.000 -72.000 4.0
281 24 4.000 -71.000 4.0
282 29 4.000 -70.000 4.0
283 29 4.000 -69.000 3.9
284 29 4.000 -68.000 3.8
285 29 4.000 -67.000 3.8
286 43 4.000 -66.000 3.7
287 43 4.000 -65.000 3.8
288 43 4.000 -64.000 3.8
289 30 4.000 -63.000 3.9
290 30 4.000 -62.000 3.8
291 30 4.000 -61.000 3.7
292 30 4.000 -60.000 3.6
293 30 4.000 -59.000 3.5
294 31 4.000 -58.000 3.5
295 31 4.000 -57.000 3.4
296 30 4.000 -56.000 3.3
297 30 4.000 -55.000 3.3
298 23 4.000 -54.000 3.4
299 23 4.000 -53.000 3.5
300 44 4.000 -52.000 3.5
301 44 4.000 -51.000 3.4
302 30 4.000 -50.000 3.5
303 30 4.000 -49.000 3.6
304 37 4.000 -48.000 3.6
305 37 4.000 -47.000 3.5
306 31 4.000 -46.000 3.5
307 31 4.000 -45.000 3.6
308 54 4.000 -44.000 3.6
309 44 4.000 -43.000 3.6
310 58 4.000 -42.000 3.6
311 58 4.000 -41.000 3.6
312 47 4.000 -40.000 3.6
313 37 4.000 -39.000 3.6
314 58 4.000 -38.000 3.7
315 58 4.000 -37.000 3.8
316 55 4.000 -36.000 3.8
317 55 4.000 -35.000 3.8
318 55 4.000 -34.000 3.8
319 55 4.000 -33.000 3.9
320 59 4.000 -32.000 3.9
321 55 4.000 -31.000 3.9
322 55 4.000 -30.000 4.0
323 23 3.000 -75.000 4.2
324 23 3.000 -74.000 4.1
325 23 3.000 -73.000 4.0
326 23 3.000 -72.000 3.9
327 24 3.000 -71.000 3.9
328 24 3.000 -70.000 3.9
329 29 3.000 -69.000 3.8
330 29 3.000 -68.000 3.8
331 29 3.000 -67.000 3.7
332 43 3.000 -66.000 3.6
333 43 3.000 -65.000 3.7
334 43 3.000 -64.000 3.7
335 30 3.000 -63.000 3.8
336 30 3.000 -62.000 3.7
337 30 3.000 -61.000 3.6
338 30 3.000 -60.000 3.5
339 30 3.000 -59.000 3.4
340 29 3.000 -58.000 3.4
341 31 3.000 -57.000 3.3
342 31 3.000 -56.000 3.1
343 23 3.000 -55.000 3.2
344 23 3.000 -54.000 3.4
345 44 3.000 -53.000 3.5
346 44 3.000 -52.000 3.4
347 44 3.000 -51.000 3.3
348 30 3.000 -50.000 3.4
349 30 3.000 -49.000 3.5
350 37 3.000 -48.000 3.5
351 37 3.000 -47.000 3.4
352 31 3.000 -46.000 3.4
353 31 3.000 -45.000 3.5
354 54 3.000 -44.000 3.5
355 44 3.000 -43.000 3.5
356 58 3.000 -42.000 3.5
357 58 3.000 -41.000 3.5
358 47 3.000 -40.000 3.5
359 58 3.000 -39.000 3.5
360 58 3.000 -38.000 3.6
361 58 3.000 -37.000 3.6
362 55 3.000 -36.000 3.7
363 55 3.000 -35.000 3.7
364 55 3.000 -34.000 3.7
365 55 3.000 -33.000 3.8
366 55 3.000 -32.000 3.8
367 55 3.000 -31.000 3.9
368 55 3.000 -30.000 3.9
369 23 2.000 -75.000 4.2
370 23 2.000 -74.000 4.1
371 23 2.000 -73.000 4.0
372 23 2.000 -72.000 3.9
373 23 2.000 -71.000 3.9
374 24 2.000 -70.000 3.8
375 29 2.000 -69.000 3.8
376 29 2.000 -68.000 3.7
377 29 2.000 -67.000 3.6
378 29 2.000 -66.000 3.5
379 43 2.000 -65.000 3.6
380 43 2.000 -64.000 3.6
381 43 2.000 -63.000 3.7
382 30 2.000 -62.000 3.6
383 30 2.000 -61.000 3.5
384 30 2.000 -60.000 3.4
385 30 2.000 -59.000 3.3
386 29 2.000 -58.000 3.3
387 31 2.000 -57.000 3.2
388 31 2.000 -56.000 3.0
389 23 2.000 -55.000 3.2
390 23 2.000 -54.000 3.4
391 44 2.000 -53.000 3.4
392 44 2.000 -52.000 3.3
393 44 2.000 -51.000 3.1
394 30 2.000 -50.000 3.3
395 30 2.000 -49.000 3.4
396 37 2.000 -48.000 3.3
397 37 2.000 -47.000 3.2
398 31 2.000 -46.000 3.4
399 54 2.000 -45.000 3.5
400 54 2.000 -44.000 3.4
401 58 2.000 -43.000 3.4
402 58 2.000 -42.000 3.4
403 58 2.000 -41.000 3.4
404 47 2.000 -40.000 3.4
405 58 2.000 -39.000 3.4
406 58 2.000 -38.000 3.5
407 55 2.000 -37.000 3.5
408 55 2.000 -36.000 3.5
409 55 2.000 -35.000 3.6
410 55 2.000 -34.000 3.6
411 55 2.000 -33.000 3.7
412 55 2.000 -32.000 3.7
413 55 2.000 -31.000 3.8
414 55 2.000 -30.000 3.9
415 25 1.000 -75.000 4.1
416 25 1.000 -74.000 4.1
417 23 1.000 -73.000 4.0
418 23 1.000 -72.000 3.9
419 23 1.000 -71.000 3.9
420 23 1.000 -70.000 3.8
421 29 1.000 -69.000 3.7
422 29 1.000 -68.000 3.6
423 29 1.000 -67.000 3.5
424 29 1.000 -66.000 3.4
425 43 1.000 -65.000 3.5
426 43 1.000 -64.000 3.6
427 43 1.000 -63.000 3.7
428 30 1.000 -62.000 3.6
429 30 1.000 -61.000 3.5
430 30 1.000 -60.000 3.4
431 30 1.000 -59.000 3.2
432 29 1.000 -58.000 3.1
433 31 1.000 -57.000 3.1
434 23 1.000 -56.000 3.0
435 27 1.000 -55.000 3.2
436 27 1.000 -54.000 3.2
437 44 1.000 -53.000 3.3
438 44 1.000 -52.000 3.1
439 44 1.000 -51.000 3.0
440 30 1.000 -50.000 3.1
441 30 1.000 -49.000 3.3
442 37 1.000 -48.000 3.2
443 31 1.000 -47.000 3.1
444 31 1.000 -46.000 3.3
445 58 1.000 -45.000 3.4
446 54 1.000 -44.000 3.3
447 58 1.000 -43.000 3.2
448 58 1.000 -42.000 3.2
449 58 1.000 -41.000 3.2
450 58 1.000 -40.000 3.2
451 58 1.000 -39.000 3.3
452 58 1.000 -38.000 3.4
453 55 1.000 -37.000 3.4
454 55 1.000 -36.000 3.4
455 55 1.000 -35.000 3.5
456 55 1.000 -34.000 3.5
457 55 1.000 -33.000 3.6
458 55 1.000 -32.000 3.6
459 55 1.000 -31.000 3.7
460 55 1.000 -30.000 3.8
461 25 0.000 -75.000 4.1
462 25 0.000 -74.000 4.0
463 25 0.000 -73.000 4.0
464 25 0.000 -72.000 3.9
465 23 0.000 -71.000 3.9
466 23 0.000 -70.000 3.8
467 23 0.000 -69.000 3.7
468 29 0.000 -68.000 3.6
469 29 0.000 -67.000 3.5
470 29 0.000 -66.000 3.3
471 43 0.000 -65.000 3.4
472 43 0.000 -64.000 3.5
473 43 0.000 -63.000 3.6
474 27 0.000 -62.000 3.5
475 27 0.000 -61.000 3.4
476 30 0.000 -60.000 3.3
477 30 0.000 -59.000 3.1
478 30 0.000 -58.000 2.9
479 27 0.000 -57.000 3.0
480 27 0.000 -56.000 3.0
481 27 0.000 -55.000 3.0
482 27 0.000 -54.000 3.0
483 27 0.000 -53.000 3.1
484 44 0.000 -52.000 3.0
485 30 0.000 -51.000 2.8
486 30 0.000 -50.000 3.0
487 30 0.000 -49.000 3.2
488 37 0.000 -48.000 3.1
489 31 0.000 -47.000 3.1
490 31 0.000 -46.000 3.3
491 58 0.000 -45.000 3.2
492 58 0.000 -44.000 3.1
493 58 0.000 -43.000 3.0
494 58 0.000 -42.000 3.0
495 58 0.000 -41.000 3.0
496 58 0.000 -40.000 3.0
497 58 0.000 -39.000 3.1
498 58 0.000 -38.000 3.2
499 55 0.000 -37.000 3.3
500 55 0.000 -36.000 3.3
501 55 0.000 -35.000 3.3
502 59 0.000 -34.000 3.4
503 55 0.000 -33.000 3.5
504 55 0.000 -32.000 3.5
505 47 0.000 -31.000 3.6
506 47 0.000 -30.000 3.7
507 25 -1.000 -75.000 4.0
508 25 -1.000 -74.000 4.0
509 25 -1.000 -73.000 3.9
510 25 -1.000 -72.000 3.9
511 25 -1.000 -71.000 3.8
512 29 -1.000 -70.000 3.8
513 29 -1.000 -69.000 3.6
514 24 -1.000 -68.000 3.6
515 23 -1.000 -67.000 3.5
516 23 -1.000 -66.000 3.4
517 43 -1.000 -65.000 3.3
518 43 -1.000 -64.000 3.4
519 43 -1.000 -63.000 3.5
520 27 -1.000 -62.000 3.5
521 27 -1.000 -61.000 3.3
522 27 -1.000 -60.000 3.2
523 27 -1.000 -59.000 3.0
524 27 -1.000 -58.000 2.9
525 29 -1.000 -57.000 3.0
526 31 -1.000 -56.000 2.9
527 27 -1.000 -55.000 2.7
528 27 -1.000 -54.000 2.8
529 27 -1.000 -53.000 3.0
530 44 -1.000 -52.000 2.9
531 30 -1.000 -51.000 2.7
532 30 -1.000 -50.000 3.0
533 37 -1.000 -49.000 3.1
534 37 -1.000 -48.000 3.0
535 31 -1.000 -47.000 3.1
536 58 -1.000 -46.000 3.2
537 58 -1.000 -45.000 3.1
538 44 -1.000 -44.000 3.0
539 54 -1.000 -43.000 2.8
540 58 -1.000 -42.000 2.7
541 37 -1.000 -41.000 2.8
542 58 -1.000 -40.000 2.8
543 58 -1.000 -39.000 2.9
544 56 -1.000 -38.000 3.1
545 55 -1.000 -37.000 3.1
546 55 -1.000 -36.000 3.1
547 59 -1.000 -35.000 3.2
548 55 -1.000 -34.000 3.2
549 55 -1.000 -33.000 3.3
550 47 -1.000 -32.000 3.5
551 47 -1.000 -31.000 3.6
552 47 -1.000 -30.000 3.7
553 25 -2.000 -75.000 4.0
554 25 -2.000 -74.000 3.9
555 25 -2.000 -73.000 3.8
556 25 -2.000 -72.000 3.8
557 25 -2.000 -71.000 3.7
558 25 -2.000 -70.000 3.7
559 25 -2.000 -69.000 3.6
560 24 -2.000 -68.000 3.5
561 23 -2.000 -67.000 3.5
562 23 -2.000 -66.000 3.5
563 23 -2.000 -65.000 3.3
564 43 -2.000 -64.000 3.3
565 43 -2.000 -63.000 3.5
566 27 -2.000 -62.000 3.4
567 27 -2.000 -61.000 3.3
568 27 -2.000 -60.000 3.1
569 23 -2.000 -59.000 3.0
570 30 -2.000 -58.000 2.8
571 29 -2.000 -57.000 2.9
572 31 -2.000 -56.000 3.0
573 31 -2.000 -55.000 2.7
574 27 -2.000 -54.000 2.6
575 27 -2.000 -53.000 2.8
576 44 -2.000 -52.000 2.9
577 30 -2.000 -51.000 2.7
578 35 -2.000 -50.000 2.9
579 35 -2.000 -49.000 2.9
580 31 -2.000 -48.000 3.0
581 35 -2.000 -47.000 3.1
582 58 -2.000 -46.000 3.1
583 58 -2.000 -45.000 3.0
584 44 -2.000 -44.000 2.9
585 54 -2.000 -43.000 2.7
586 58 -2.000 -42.000 2.4
587 37 -2.000 -41.000 2.7
588 47 -2.000 -40.000 2.5
589 58 -2.000 -39.000 2.7
590 55 -2.000 -38.000 2.9
591 55 -2.000 -37.000 2.8
592 54 -2.000 -36.000 2.9
593 59 -2.000 -35.000 3.0
594 55 -2.000 -34.000 3.1
595 47 -2.000 -33.000 3.2
596 47 -2.000 -32.000 3.4
597 47 -2.000 -31.000 3.5
598 60 -2.000 -30.000 3.6
599 25 -3.000 -75.000 3.9
600 25 -3.000 -74.000 3.8
601 25 -3.000 -73.000 3.8
602 25 -3.000 -72.000 3.7
603 25 -3.000 -71.000 3.6
604 25 -3.000 -70.000 3.5
605 25 -3.000 -69.000 3.5
606 25 -3.000 -68.000 3.5
607 25 -3.000 -67.000 3.4
608 25 -3.000 -66.000 3.4
609 25 -3.000 -65.000 3.4
610 23 -3.000 -64.000 3.4
611 43 -3.000 -63.000 3.5
612 27 -3.000 -62.000 3.4
613 27 -3.000 -61.000 3.2
614 23 -3.000 -60.000 3.2
615 30 -3.000 -59.000 3.1
616 30 -3.000 -58.000 2.9
617 29 -3.000 -57.000 2.8
618 32 -3.000 -56.000 2.9
619 31 -3.000 -55.000 2.9
620 31 -3.000 -54.000 2.7
621 27 -3.000 -53.000 2.6
622 35 -3.000 -52.000 2.8
623 35 -3.000 -51.000 2.7
624 31 -3.000 -50.000 2.7
625 31 -3.000 -49.000 2.9
626 37 -3.000 -48.000 2.9
627 35 -3.000 -47.000 2.9
628 58 -3.000 -46.000 3.1
629 58 -3.000 -45.000 2.8
630 54 -3.000 -44.000 2.9
631 54 -3.000 -43.000 2.6
632 37 -3.000 -42.000 2.3
633 56 -3.000 -41.000 2.6
634 47 -3.000 -40.000 2.2
635 56 -3.000 -39.000 2.5
636 55 -3.000 -38.000 2.6
637 54 -3.000 -37.000 2.6
638 59 -3.000 -36.000 2.8
639 47 -3.000 -35.000 2.8
640 47 -3.000 -34.000 3.0
641 47 -3.000 -33.000 3.2
642 47 -3.000 -32.000 3.4
643 60 -3.000 -31.000 3.4
644 60 -3.000 -30.000 3.5
645 25 -4.000 -75.000 3.9
646 25 -4.000 -74.000 3.8
647 25 -4.000 -73.000 3.7
648 25 -4.000 -72.000 3.6
649 25 -4.000 -71.000 3.5
650 25 -4.000 -70.000 3.4
651 25 -4.000 -69.000 3.4
652 25 -4.000 -68.000 3.3
653 29 -4.000 -67.000 3.4
654 25 -4.000 -66.000 3.3
655 25 -4.000 -65.000 3.3
656 25 -4.000 -64.000 3.3
657 23 -4.000 -63.000 3.4
658 23 -4.000 -62.000 3.4
659 32 -4.000 -61.000 3.4
660 32 -4.000 -60.000 3.2
661 32 -4.000 -59.000 3.0
662 32 -4.000 -58.000 2.9
663 30 -4.000 -57.000 2.7
664 32 -4.000 -56.000 2.6
665 32 -4.000 -55.000 2.6
666 32 -4.000 -54.000 2.7
667 31 -4.000 -53.000 2.8
668 31 -4.000 -52.000 2.8
669 31 -4.000 -51.000 2.8
670 31 -4.000 -50.000 2.9
671 31 -4.000 -49.000 3.1
672 37 -4.000 -48.000 2.9
673 35 -4.000 -47.000 2.8
674 35 -4.000 -46.000 3.0
675 58 -4.000 -45.000 2.8
676 54 -4.000 -44.000 2.9
677 54 -4.000 -43.000 2.6
678 37 -4.000 -42.000 2.4
679 56 -4.000 -41.000 2.2
680 56 -4.000 -40.000 2.0
681 56 -4.000 -39.000 2.0
682 54 -4.000 -38.000 2.3
683 59 -4.000 -37.000 2.6
684 59 -4.000 -36.000 2.4
685 47 -4.000 -35.000 2.7
686 47 -4.000 -34.000 3.0
687 60 -4.000 -33.000 3.1
688 60 -4.000 -32.000 3.2
689 55 -4.000 -31.000 3.3
690 55 -4.000 -30.000 3.5
691 25 -5.000 -75.000 3.8
692 25 -5.000 -74.000 3.7
693 25 -5.000 -73.000 3.6
694 25 -5.000 -72.000 3.5
695 25 -5.000 -71.000 3.4
696 25 -5.000 -70.000 3.3
697 25 -5.000 -69.000 3.2
698 24 -5.000 -68.000 3.2
699 24 -5.000 -67.000 3.3
700 29 -5.000 -66.000 3.2
701 43 -5.000 -65.000 3.1
702 43 -5.000 -64.000 3.3
703 43 -5.000 -63.000 3.4
704 25 -5.000 -62.000 3.4
705 32 -5.000 -61.000 3.3
706 32 -5.000 -60.000 3.1
707 32 -5.000 -59.000 2.9
708 32 -5.000 -58.000 2.7
709 29 -5.000 -57.000 2.9
710 30 -5.000 -56.000 2.8
711 30 -5.000 -55.000 2.7
712 30 -5.000 -54.000 2.6
713 35 -5.000 -53.000 2.7
714 30 -5.000 -52.000 2.9
715 30 -5.000 -51.000 3.0
716 40 -5.000 -50.000 3.0
717 40 -5.000 -49.000 2.9
718 40 -5.000 -48.000 2.9
719 37 -5.000 -47.000 2.8
720 35 -5.000 -46.000 2.9
721 44 -5.000 -45.000 2.9
722 54 -5.000 -44.000 3.0
723 54 -5.000 -43.000 2.7
724 54 -5.000 -42.000 2.5
725 54 -5.000 -41.000 2.2
726 54 -5.000 -40.000 2.0
727 54 -5.000 -39.000 2.2
728 56 -5.000 -38.000 2.0
729 59 -5.000 -37.000 2.3
730 47 -5.000 -36.000 2.4
731 52 -5.000 -35.000 2.6
732 52 -5.000 -34.000 2.8
733 60 -5.000 -33.000 2.9
734 46 -5.000 -32.000 3.1
735 46 -5.000 -31.000 3.3
736 46 -5.000 -30.000 3.4
737 25 -6.000 -75.000 3.8
738 25 -6.000 -74.000 3.6
739 25 -6.000 -73.000 3.5
740 25 -6.000 -72.000 3.4
741 25 -6.000 -71.000 3.3
742 25 -6.000 -70.000 3.2
743 25 -6.000 -69.000 3.0
744 24 -6.000 -68.000 3.1
745 24 -6.000 -67.000 3.3
746 29 -6.000 -66.000 3.3
747 43 -6.000 -65.000 3.1
748 43 -6.000 -64.000 3.3
749 43 -6.000 -63.000 3.5
750 27 -6.000 -62.000 3.4
751 32 -6.000 -61.000 3.2
752 32 -6.000 -60.000 3.0
753 32 -6.000 -59.000 2.8
754 29 -6.000 -58.000 2.9
755 29 -6.000 -57.000 3.0
756 30 -6.000 -56.000 3.0
757 30 -6.000 -55.000 2.9
758 30 -6.000 -54.000 2.9
759 27 -6.000 -53.000 2.6
760 27 -6.000 -52.000 2.9
761 32 -6.000 -51.000 3.0
762 44 -6.000 -50.000 2.9
763 44 -6.000 -49.000 2.8
764 44 -6.000 -48.000 2.8
765 44 -6.000 -47.000 2.8
766 35 -6.000 -46.000 2.8
767 58 -6.000 -45.000 2.9
768 56 -6.000 -44.000 3.0
769 56 -6.000 -43.000 2.7
770 54 -6.000 -42.000 2.7
771 53 -6.000 -41.000 2.5
772 58 -6.000 -40.000 2.3
773 55 -6.000 -39.000 2.1
774 56 -6.000 -38.000 2.0
775 59 -6.000 -37.000 2.1
776 52 -6.000 -36.000 2.0
777 52 -6.000 -35.000 2.4
778 46 -6.000 -34.000 2.6
779 46 -6.000 -33.000 2.8
780 46 -6.000 -32.000 3.0
781 46 -6.000 -31.000 3.2
782 46 -6.000 -30.000 3.4
783 25 -7.000 -75.000 3.7
784 25 -7.000 -74.000 3.6
785 25 -7.000 -73.000 3.5
786 25 -7.000 -72.000 3.4
787 25 -7.000 -71.000 3.2
788 25 -7.000 -70.000 3.0
789 25 -7.000 -69.000 2.9
790 24 -7.000 -68.000 3.0
791 24 -7.000 -67.000 3.2
792 29 -7.000 -66.000 3.4
793 29 -7.000 -65.000 3.3
794 43 -7.000 -64.000 3.4
795 42 -7.000 -63.000 3.4
796 42 -7.000 -62.000 3.3
797 27 -7.000 -61.000 3.3
798 27 -7.000 -60.000 3.1
799 29 -7.000 -59.000 2.9
800  5 -7.000 -58.000 3.0
801  5 -7.000 -57.000 2.9
802  5 -7.000 -56.000 2.9
803  5 -7.000 -55.000 2.9
804 35 -7.000 -54.000 2.9
805 27 -7.000 -53.000 2.8
806 27 -7.000 -52.000 3.0
807 32 -7.000 -51.000 3.0
808 44 -7.000 -50.000 3.1
809 44 -7.000 -49.000 3.0
810 44 -7.000 -48.000 3.0
811 44 -7.000 -47.000 3.1
812 37 -7.000 -46.000 3.0
813 58 -7.000 -45.000 3.0
814 37 -7.000 -44.000 2.9
815 53 -7.000 -43.000 2.9
816 53 -7.000 -42.000 2.7
817 58 -7.000 -41.000 2.5
818 61 -7.000 -40.000 2.5
819 52 -7.000 -39.000 2.2
820 55 -7.000 -38.000 1.9
821 46 -7.000 -37.000 2.0
822 46 -7.000 -36.000 1.7
823 60 -7.000 -35.000 2.0
824 46 -7.000 -34.000 2.4
825 46 -7.000 -33.000 2.7
826 46 -7.000 -32.000 2.9
827 46 -7.000 -31.000 3.1
828 46 -7.000 -30.000 3.3
829 25 -8.000 -75.000 3.7
830 25 -8.000 -74.000 3.6
831 25 -8.000 -73.000 3.4
832 25 -8.000 -72.000 3.3
833 25 -8.000 -71.000 3.1
834 25 -8.000 -70.000 2.9
835 43 -8.000 -69.000 2.9
836 24 -8.000 -68.000 3.0
837 24 -8.000 -67.000 3.2
838 24 -8.000 -66.000 3.4
839 29 -8.000 -65.000 3.4
840 42 -8.000 -64.000 3.3
841 42 -8.000 -63.000 3.2
842 42 -8.000 -62.000 3.2
843 25 -8.000 -61.000 3.2
844 29 -8.000 -60.000 3.1
845  5 -8.000 -59.000 3.0
846 33 -8.000 -58.000 2.8
847 33 -8.000 -57.000 2.8
848 27 -8.000 -56.000 2.8
849 27 -8.000 -55.000 2.8
850 27 -8.000 -54.000 2.9
851  5 -8.000 -53.000 2.9
852 41 -8.000 -52.000 2.9
853 41 -8.000 -51.000 2.9
854 41 -8.000 -50.000 2.9
855 34 -8.000 -49.000 2.9
856 34 -8.000 -48.000 2.9
857 34 -8.000 -47.000 3.0
858 39 -8.000 -46.000 3.0
859 58 -8.000 -45.000 3.1
860 39 -8.000 -44.000 3.0
861 56 -8.000 -43.000 2.9
862 56 -8.000 -42.000 2.7
863 57 -8.000 -41.000 2.6
864 56 -8.000 -40.000 2.4
865 52 -8.000 -39.000 2.3
866 52 -8.000 -38.000 1.7
867 61 -8.000 -37.000 1.9
868 52 -8.000 -36.000 1.6
869 59 -8.000 -35.000 2.0
870 59 -8.000 -34.000 2.2
871 46 -8.000 -33.000 2.6
872 46 -8.000 -32.000 2.9
873 46 -8.000 -31.000 3.1
874 46 -8.000 -30.000 3.3
875 25 -9.000 -75.000 3.7
876 25 -9.000 -74.000 3.5
877 25 -9.000 -73.000 3.4
878 25 -9.000 -72.000 3.3
879 43 -9.000 -71.000 3.1
880 43 -9.000 -70.000 3.0
881 43 -9.000 -69.000 3.1
882 43 -9.000 -68.000 3.1
883 24 -9.000 -67.000 3.3
884 24 -9.000 -66.000 3.4
885 43 -9.000 -65.000 3.4
886 29 -9.000 -64.000 3.4
887 29 -9.000 -63.000 3.3
888 33 -9.000 -62.000 3.3
889 25 -9.000 -61.000 3.1
890  5 -9.000 -60.000 3.0
891 32 -9.000 -59.000 2.9
892 32 -9.000 -58.000 2.7
893 33 -9.000 -57.000 2.5
894 33 -9.000 -56.000 2.5
895 33 -9.000 -55.000 2.6
896 33 -9.000 -54.000 2.8
897 41 -9.000 -53.000 2.7
898 32 -9.000 -52.000 2.9
899 40 -9.000 -51.000 2.7
900 41 -9.000 -50.000 2.7
901 34 -9.000 -49.000 2.6
902 35 -9.000 -48.000 2.7
903 35 -9.000 -47.000 2.9
904 34 -9.000 -46.000 2.8
905 34 -9.000 -45.000 3.0
906 57 -9.000 -44.000 2.9
907 53 -9.000 -43.000 3.0
908 61 -9.000 -42.000 2.9
909 61 -9.000 -41.000 2.6
910 53 -9.000 -40.000 2.2
911 57 -9.000 -39.000 2.3
912 45 -9.000 -38.000 2.1
913 46 -9.000 -37.000 1.7
914 60 -9.000 -36.000 1.4
915 45 -9.000 -35.000 1.9
916 45 -9.000 -34.000 2.4
917 45 -9.000 -33.000 2.7
918 59 -9.000 -32.000 2.9
919 46 -9.000 -31.000 3.1
920 46 -9.000 -30.000 3.3
921 25 -10.000 -75.000 3.6
922 25 -10.000 -74.000 3.5
923 25 -10.000 -73.000 3.4
924 43 -10.000 -72.000 3.3
925 43 -10.000 -71.000 3.3
926 43 -10.000 -70.000 3.2
927 43 -10.000 -69.000 3.3
928 43 -10.000 -68.000 3.3
929 43 -10.000 -67.000 3.4
930 43 -10.000 -66.000 3.4
931 43 -10.000 -65.000 3.5
932 36 -10.000 -64.000 3.5
933 33 -10.000 -63.000 3.4
934 33 -10.000 -62.000 3.2
935 25 -10.000 -61.000 3.1
936  5 -10.000 -60.000 2.9
937  5 -10.000 -59.000 2.7
938 42 -10.000 -58.000 2.8
939 32 -10.000 -57.000 2.7
940 32 -10.000 -56.000 2.6
941 32 -10.000 -55.000 2.6
942 32 -10.000 -54.000 2.7
943 32 -10.000 -53.000 2.8
944 34 -10.000 -52.000 2.9
945 40 -10.000 -51.000 2.8
946 34 -10.000 -50.000 2.5
947 41 -10.000 -49.000 2.6
948 41 -10.000 -48.000 2.8
949 39 -10.000 -47.000 2.6
950 34 -10.000 -46.000 2.6
951 34 -10.000 -45.000 2.9
952 57 -10.000 -44.000 2.8
953 49 -10.000 -43.000 3.0
954 49 -10.000 -42.000 2.8
955 49 -10.000 -41.000 2.6
956 51 -10.000 -40.000 2.4
957 51 -10.000 -39.000 1.9
958 45 -10.000 -38.000 2.0
959 61 -10.000 -37.000 1.8
960 46 -10.000 -36.000 2.1
961 46 -10.000 -35.000 2.2
962 46 -10.000 -34.000 2.5
963 46 -10.000 -33.000 2.7
964 46 -10.000 -32.000 3.0
965 46 -10.000 -31.000 3.2
966 46 -10.000 -30.000 3.3
967 25 -11.000 -75.000 3.7
968 43 -11.000 -74.000 3.6
969 43 -11.000 -73.000 3.5
970 43 -11.000 -72.000 3.5
971 43 -11.000 -71.000 3.4
972 43 -11.000 -70.000 3.4
973 43 -11.000 -69.000 3.4
974 43 -11.000 -68.000 3.4
975 42 -11.000 -67.000 3.4
976 24 -11.000 -66.000 3.5
977 36 -11.000 -65.000 3.5
978 36 -11.000 -64.000 3.4
979 36 -11.000 -63.000 3.3
980 33 -11.000 -62.000 3.1
981 36 -11.000 -61.000 3.1
982  5 -11.000 -60.000 2.9
983  5 -11.000 -59.000 2.6
984 42 -11.000 -58.000 2.6
985 42 -11.000 -57.000 2.8
986 32 -11.000 -56.000 2.9
987 41 -11.000 -55.000 2.8
988 41 -11.000 -54.000 2.5
989 33 -11.000 -53.000 2.8
990 34 -11.000 -52.000 2.8
991 40 -11.000 -51.000 2.9
992 40 -11.000 -50.000 2.7
993 40 -11.000 -49.000 2.4
994 39 -11.000 -48.000 2.7
995 39 -11.000 -47.000 2.4
996 40 -11.000 -46.000 2.5
997 34 -11.000 -45.000 2.7
998 28 -11.000 -44.000 2.9
999 49 -11.000 -43.000 2.9
1000 49 -11.000 -42.000 2.7
1001 51 -11.000 -41.000 2.6
1002 51 -11.000 -40.000 2.3
1003 49 -11.000 -39.000 2.0
1004 49 -11.000 -38.000 2.2
1005 61 -11.000 -37.000 2.3
1006 60 -11.000 -36.000 2.4
1007 51 -11.000 -35.000 2.5
1008 46 -11.000 -34.000 2.7
1009 46 -11.000 -33.000 2.9
1010 46 -11.000 -32.000 3.1
1011 46 -11.000 -31.000 3.2
1012 46 -11.000 -30.000 3.4
1013 43 -12.000 -75.000 3.7
1014 43 -12.000 -74.000 3.7
1015 43 -12.000 -73.000 3.6
1016 43 -12.000 -72.000 3.6
1017 43 -12.000 -71.000 3.5
1018 43 -12.000 -70.000 3.5
1019 43 -12.000 -69.000 3.5
1020 42 -12.000 -68.000 3.5
1021 24 -12.000 -67.000 3.5
1022 36 -12.000 -66.000 3.5
1023 36 -12.000 -65.000 3.4
1024 36 -12.000 -64.000 3.3
1025 36 -12.000 -63.000 3.1
1026 25 -12.000 -62.000 3.0
1027 33 -12.000 -61.000 2.9
1028 36 -12.000 -60.000 2.8
1029  5 -12.000 -59.000 2.7
1030  5 -12.000 -58.000 2.4
1031 42 -12.000 -57.000 2.7
1032 38 -12.000 -56.000 2.9
1033 41 -12.000 -55.000 2.8
1034 33 -12.000 -54.000 2.5
1035 33 -12.000 -53.000 2.8
1036 22 -12.000 -52.000 2.8
1037 22 -12.000 -51.000 2.8
1038 40 -12.000 -50.000 2.9
1039 40 -12.000 -49.000 2.7
1040 40 -12.000 -48.000 2.6
1041 40 -12.000 -47.000 2.7
1042 28 -12.000 -46.000 2.7
1043 34 -12.000 -45.000 2.7
1044 57 -12.000 -44.000 2.9
1045 28 -12.000 -43.000 2.7
1046 39 -12.000 -42.000 2.5
1047 50 -12.000 -41.000 2.7
1048 51 -12.000 -40.000 2.4
1049 57 -12.000 -39.000 2.0
1050 57 -12.000 -38.000 2.4
1051 45 -12.000 -37.000 2.4
1052 49 -12.000 -36.000 2.6
1053 60 -12.000 -35.000 2.7
1054 51 -12.000 -34.000 2.8
1055 51 -12.000 -33.000 3.1
1056 46 -12.000 -32.000 3.2
1057 46 -12.000 -31.000 3.3
1058 46 -12.000 -30.000 3.5
1059 43 -13.000 -75.000 3.8
1060 43 -13.000 -74.000 3.8
1061 43 -13.000 -73.000 3.7
1062 43 -13.000 -72.000 3.7
1063 43 -13.000 -71.000 3.7
1064 43 -13.000 -70.000 3.7
1065 42 -13.000 -69.000 3.6
1066 42 -13.000 -68.000 3.5
1067 24 -13.000 -67.000 3.5
1068 36 -13.000 -66.000 3.5
1069 36 -13.000 -65.000 3.3
1070 36 -13.000 -64.000 3.2
1071 25 -13.000 -63.000 3.0
1072 25 -13.000 -62.000 3.1
1073 33 -13.000 -61.000 3.0
1074 33 -13.000 -60.000 2.8
1075 33 -13.000 -59.000 2.5
1076 36 -13.000 -58.000 2.5
1077 42 -13.000 -57.000 2.6
1078 38 -13.000 -56.000 2.6
1079 38 -13.000 -55.000 2.6
1080 33 -13.000 -54.000 2.6
1081  5 -13.000 -53.000 2.7
1082 34 -13.000 -52.000 2.8
1083 22 -13.000 -51.000 2.5
1084 22 -13.000 -50.000 2.7
1085 22 -13.000 -49.000 2.8
1086 41 -13.000 -48.000 2.7
1087 28 -13.000 -47.000 2.7
1088 28 -13.000 -46.000 2.5
1089 34 -13.000 -45.000 2.7
1090 34 -13.000 -44.000 3.0
1091 57 -13.000 -43.000 2.8
1092 39 -13.000 -42.000 2.6
1093 50 -13.000 -41.000 2.4
1094 57 -13.000 -40.000 2.3
1095 51 -13.000 -39.000 2.3
1096 50 -13.000 -38.000 2.4
1097 50 -13.000 -37.000 2.6
1098 45 -13.000 -36.000 2.7
1099 49 -13.000 -35.000 2.9
1100 60 -13.000 -34.000 3.0
1101 51 -13.000 -33.000 3.1
1102 51 -13.000 -32.000 3.3
1103 46 -13.000 -31.000 3.4
1104 46 -13.000 -30.000 3.5
1105 43 -14.000 -75.000 3.9
1106 43 -14.000 -74.000 3.9
1107 43 -14.000 -73.000 3.8
1108 43 -14.000 -72.000 3.8
1109 43 -14.000 -71.000 3.8
1110 42 -14.000 -70.000 3.8
1111 42 -14.000 -69.000 3.6
1112 24 -14.000 -68.000 3.5
1113 36 -14.000 -67.000 3.5
1114 36 -14.000 -66.000 3.4
1115 36 -14.000 -65.000 3.3
1116 36 -14.000 -64.000 3.1
1117 25 -14.000 -63.000 3.1
1118 33 -14.000 -62.000 3.2
1119 33 -14.000 -61.000 3.1
1120 33 -14.000 -60.000 2.9
1121 33 -14.000 -59.000 2.7
1122 33 -14.000 -58.000 2.5
1123 36 -14.000 -57.000 2.4
1124  5 -14.000 -56.000 2.6
1125  5 -14.000 -55.000 2.7
1126 41 -14.000 -54.000 2.7
1127 38 -14.000 -53.000 2.7
1128 38 -14.000 -52.000 2.9
1129 34 -14.000 -51.000 2.7
1130 34 -14.000 -50.000 2.4
1131 22 -14.000 -49.000 2.7
1132 28 -14.000 -48.000 2.8
1133 28 -14.000 -47.000 2.5
1134 34 -14.000 -46.000 2.6
1135 34 -14.000 -45.000 2.8
1136 50 -14.000 -44.000 3.0
1137 50 -14.000 -43.000 2.8
1138 49 -14.000 -42.000 2.6
1139 65 -14.000 -41.000 2.5
1140 65 -14.000 -40.000 2.5
1141 65 -14.000 -39.000 2.5
1142 51 -14.000 -38.000 2.6
1143 51 -14.000 -37.000 2.6
1144 51 -14.000 -36.000 2.7
1145 50 -14.000 -35.000 3.0
1146 49 -14.000 -34.000 3.1
1147 60 -14.000 -33.000 3.2
1148 51 -14.000 -32.000 3.4
1149 51 -14.000 -31.000 3.5
1150 51 -14.000 -30.000 3.6
1151 43 -15.000 -75.000 4.0
1152 43 -15.000 -74.000 3.9
1153 43 -15.000 -73.000 3.9
1154 43 -15.000 -72.000 3.9
1155 42 -15.000 -71.000 3.9
1156 42 -15.000 -70.000 3.8
1157 42 -15.000 -69.000 3.7
1158 36 -15.000 -68.000 3.6
1159 36 -15.000 -67.000 3.5
1160 36 -15.000 -66.000 3.4
1161 36 -15.000 -65.000 3.2
1162 25 -15.000 -64.000 3.2
1163 25 -15.000 -63.000 3.3
1164 38 -15.000 -62.000 3.3
1165 38 -15.000 -61.000 3.1
1166 38 -15.000 -60.000 2.9
1167 38 -15.000 -59.000 2.7
1168 42 -15.000 -58.000 2.6
1169 15 -15.000 -57.000 2.7
1170 36 -15.000 -56.000 2.6
1171 22 -15.000 -55.000 2.6
1172 15 -15.000 -54.000 2.5
1173 15 -15.000 -53.000 2.6
1174 38 -15.000 -52.000 2.8
1175 34 -15.000 -51.000 2.9
1176 34 -15.000 -50.000 2.7
1177 26 -15.000 -49.000 2.6
1178 28 -15.000 -48.000 2.8
1179 26 -15.000 -47.000 2.7
1180 14 -15.000 -46.000 2.8
1181 14 -15.000 -45.000 2.8
1182 14 -15.000 -44.000 2.9
1183 50 -15.000 -43.000 2.7
1184 65 -15.000 -42.000 2.5
1185 69 -15.000 -41.000 2.6
1186 49 -15.000 -40.000 2.4
1187 49 -15.000 -39.000 2.4
1188 49 -15.000 -38.000 2.5
1189 49 -15.000 -37.000 2.7
1190 65 -15.000 -36.000 2.9
1191 51 -15.000 -35.000 3.1
1192 49 -15.000 -34.000 3.2
1193 45 -15.000 -33.000 3.3
1194 60 -15.000 -32.000 3.5
1195 51 -15.000 -31.000 3.5
1196 51 -15.000 -30.000 3.6
1197 43 -16.000 -75.000 4.0
1198 43 -16.000 -74.000 4.0
1199 43 -16.000 -73.000 4.0
1200 42 -16.000 -72.000 4.0
1201 42 -16.000 -71.000 3.9
1202 42 -16.000 -70.000 3.8
1203 42 -16.000 -69.000 3.7
1204 36 -16.000 -68.000 3.6
1205 36 -16.000 -67.000 3.5
1206 36 -16.000 -66.000 3.4
1207 25 -16.000 -65.000 3.3
1208 25 -16.000 -64.000 3.4
1209 25 -16.000 -63.000 3.4
1210 38 -16.000 -62.000 3.3
1211 38 -16.000 -61.000 3.1
1212 38 -16.000 -60.000 2.9
1213 42 -16.000 -59.000 2.7
1214 15 -16.000 -58.000 2.7
1215 15 -16.000 -57.000 2.5
1216 36 -16.000 -56.000 2.6
1217 22 -16.000 -55.000 2.6
1218 22 -16.000 -54.000 2.3
1219 38 -16.000 -53.000 2.5
1220 15 -16.000 -52.000 2.7
1221 26 -16.000 -51.000 2.7
1222 10 -16.000 -50.000 2.8
1223 14 -16.000 -49.000 2.8
1224 28 -16.000 -48.000 2.8
1225 28 -16.000 -47.000 2.5
1226 26 -16.000 -46.000 2.6
1227 39 -16.000 -45.000 2.8
1228 39 -16.000 -44.000 2.8
1229 18 -16.000 -43.000 2.7
1230 69 -16.000 -42.000 2.4
1231 69 -16.000 -41.000 2.2
1232 69 -16.000 -40.000 2.1
1233 69 -16.000 -39.000 2.3
1234 69 -16.000 -38.000 2.5
1235 69 -16.000 -37.000 2.8
1236 69 -16.000 -36.000 3.0
1237 69 -16.000 -35.000 3.1
1238 49 -16.000 -34.000 3.3
1239 51 -16.000 -33.000 3.4
1240 51 -16.000 -32.000 3.5
1241 51 -16.000 -31.000 3.6
1242 51 -16.000 -30.000 3.7
1243 43 -17.000 -75.000 4.1
1244 43 -17.000 -74.000 4.1
1245 42 -17.000 -73.000 4.1
1246 42 -17.000 -72.000 4.0
1247 42 -17.000 -71.000 3.9
1248 42 -17.000 -70.000 3.8
1249 36 -17.000 -69.000 3.8
1250 36 -17.000 -68.000 3.6
1251 42 -17.000 -67.000 3.5
1252 25 -17.000 -66.000 3.5
1253 25 -17.000 -65.000 3.5
1254 25 -17.000 -64.000 3.5
1255 38 -17.000 -63.000 3.5
1256 38 -17.000 -62.000 3.3
1257 38 -17.000 -61.000 3.1
1258 38 -17.000 -60.000 3.0
1259 15 -17.000 -59.000 2.9
1260 15 -17.000 -58.000 2.6
1261 36 -17.000 -57.000 2.4
1262 36 -17.000 -56.000 2.7
1263  4 -17.000 -55.000 2.5
1264  4 -17.000 -54.000 2.2
1265 15 -17.000 -53.000 2.1
1266 15 -17.000 -52.000 2.5
1267 10 -17.000 -51.000 2.5
1268 10 -17.000 -50.000 2.5
1269 22 -17.000 -49.000 2.6
1270 10 -17.000 -48.000 2.8
1271 28 -17.000 -47.000 2.7
1272 28 -17.000 -46.000 2.4
1273 26 -17.000 -45.000 2.7
1274 18 -17.000 -44.000 2.6
1275 69 -17.000 -43.000 2.5
1276 65 -17.000 -42.000 2.3
1277 18 -17.000 -41.000 2.0
1278 18 -17.000 -40.000 2.2
1279 50 -17.000 -39.000 2.2
1280 50 -17.000 -38.000 2.4
1281 50 -17.000 -37.000 2.6
1282 69 -17.000 -36.000 2.9
1283 69 -17.000 -35.000 3.1
1284 69 -17.000 -34.000 3.3
1285 69 -17.000 -33.000 3.4
1286 69 -17.000 -32.000 3.5
1287 69 -17.000 -31.000 3.7
1288 45 -17.000 -30.000 3.8
1289 43 -18.000 -75.000 4.2
1290 42 -18.000 -74.000 4.2
1291 42 -18.000 -73.000 4.1
1292 42 -18.000 -72.000 4.0
1293 42 -18.000 -71.000 3.9
1294 42 -18.000 -70.000 3.9
1295 42 -18.000 -69.000 3.8
1296 42 -18.000 -68.000 3.7
1297 42 -18.000 -67.000 3.6
1298 25 -18.000 -66.000 3.6
1299 25 -18.000 -65.000 3.6
1300 38 -18.000 -64.000 3.6
1301 38 -18.000 -63.000 3.5
1302 38 -18.000 -62.000 3.4
1303 38 -18.000 -61.000 3.2
1304  1 -18.000 -60.000 3.1
1305 15 -18.000 -59.000 2.9
1306 38 -18.000 -58.000 2.6
1307  1 -18.000 -57.000 2.5
1308  1 -18.000 -56.000 2.4
1309 38 -18.000 -55.000 2.3
1310 38 -18.000 -54.000 2.5
1311 22 -18.000 -53.000 2.4
1312 10 -18.000 -52.000 2.3
1313 22 -18.000 -51.000 2.4
1314  4 -18.000 -50.000 2.5
1315 14 -18.000 -49.000 2.4
1316 10 -18.000 -48.000 2.5
1317  2 -18.000 -47.000 2.7
1318  3 -18.000 -46.000 2.7
1319 28 -18.000 -45.000 2.6
1320 28 -18.000 -44.000 2.6
1321 71 -18.000 -43.000 2.5
1322 71 -18.000 -42.000 2.2
1323 71 -18.000 -41.000 1.9
1324 71 -18.000 -40.000 1.8
1325 71 -18.000 -39.000 2.1
1326 71 -18.000 -38.000 2.5
1327 71 -18.000 -37.000 2.7
1328 71 -18.000 -36.000 3.0
1329 50 -18.000 -35.000 3.1
1330 50 -18.000 -34.000 3.3
1331 50 -18.000 -33.000 3.4
1332 50 -18.000 -32.000 3.5
1333 69 -18.000 -31.000 3.7
1334 69 -18.000 -30.000 3.8
1335 42 -19.000 -75.000 4.2
1336 42 -19.000 -74.000 4.2
1337 42 -19.000 -73.000 4.1
1338 36 -19.000 -72.000 4.0
1339 36 -19.000 -71.000 4.0
1340 42 -19.000 -70.000 3.9
1341 42 -19.000 -69.000 3.8
1342 42 -19.000 -68.000 3.8
1343 25 -19.000 -67.000 3.7
1344 25 -19.000 -66.000 3.7
1345  1 -19.000 -65.000 3.7
1346  1 -19.000 -64.000 3.6
1347  1 -19.000 -63.000 3.5
1348 42 -19.000 -62.000 3.3
1349 38 -19.000 -61.000 3.3
1350 15 -19.000 -60.000 3.1
1351 15 -19.000 -59.000 2.9
1352 36 -19.000 -58.000 2.8
1353 38 -19.000 -57.000 2.7
1354  4 -19.000 -56.000 2.6
1355  4 -19.000 -55.000 2.2
1356  1 -19.000 -54.000 2.3
1357 10 -19.000 -53.000 2.5
1358 15 -19.000 -52.000 2.6
1359 26 -19.000 -51.000 2.5
1360  2 -19.000 -50.000 2.4
1361  2 -19.000 -49.000 2.3
1362  2 -19.000 -48.000 2.3
1363  2 -19.000 -47.000 2.4
1364 26 -19.000 -46.000 2.3
1365 26 -19.000 -45.000 2.7
1366 18 -19.000 -44.000 2.5
1367  3 -19.000 -43.000 2.5
1368 62 -19.000 -42.000 2.2
1369 69 -19.000 -41.000 1.9
1370 69 -19.000 -40.000 1.6
1371 18 -19.000 -39.000 2.2
1372 65 -19.000 -38.000 2.6
1373 65 -19.000 -37.000 2.8
1374 65 -19.000 -36.000 3.0
1375 65 -19.000 -35.000 3.1
1376 71 -19.000 -34.000 3.3
1377 71 -19.000 -33.000 3.4
1378 71 -19.000 -32.000 3.6
1379 71 -19.000 -31.000 3.7
1380 71 -19.000 -30.000 3.8
1381 36 -20.000 -75.000 4.3
1382 36 -20.000 -74.000 4.2
1383 36 -20.000 -73.000 4.1
1384 36 -20.000 -72.000 4.1
1385 24 -20.000 -71.000 4.0
1386 42 -20.000 -70.000 4.0
1387 42 -20.000 -69.000 3.9
1388 25 -20.000 -68.000 3.8
1389 25 -20.000 -67.000 3.8
1390  1 -20.000 -66.000 3.8
1391  1 -20.000 -65.000 3.7
1392 42 -20.000 -64.000 3.6
1393 42 -20.000 -63.000 3.5
1394 15 -20.000 -62.000 3.5
1395 15 -20.000 -61.000 3.3
1396 15 -20.000 -60.000 3.2
1397 15 -20.000 -59.000 3.0
1398 38 -20.000 -58.000 3.0
1399  4 -20.000 -57.000 2.9
1400  4 -20.000 -56.000 2.7
1401 15 -20.000 -55.000 2.4
1402 15 -20.000 -54.000 2.4
1403  1 -20.000 -53.000 2.4
1404 19 -20.000 -52.000 2.5
1405  2 -20.000 -51.000 2.4
1406 26 -20.000 -50.000 2.5
1407 26 -20.000 -49.000 2.3
1408 14 -20.000 -48.000 2.2
1409 26 -20.000 -47.000 2.3
1410  2 -20.000 -46.000 2.5
1411 21 -20.000 -45.000 2.5
1412 64 -20.000 -44.000 2.4
1413 64 -20.000 -43.000 2.3
1414 71 -20.000 -42.000 2.0
1415 18 -20.000 -41.000 1.8
1416 18 -20.000 -40.000 2.0
1417 69 -20.000 -39.000 2.4
1418 69 -20.000 -38.000 2.6
1419 69 -20.000 -37.000 2.8
1420 62 -20.000 -36.000 3.0
1421 62 -20.000 -35.000 3.2
1422 62 -20.000 -34.000 3.3
1423 62 -20.000 -33.000 3.5
1424 65 -20.000 -32.000 3.6
1425 65 -20.000 -31.000 3.7
1426 65 -20.000 -30.000 3.8
1427 36 -21.000 -75.000 4.3
1428 36 -21.000 -74.000 4.2
1429 36 -21.000 -73.000 4.2
1430 36 -21.000 -72.000 4.1
1431 42 -21.000 -71.000 4.1
1432 42 -21.000 -70.000 4.0
1433 42 -21.000 -69.000 4.0
1434 25 -21.000 -68.000 3.9
1435  1 -21.000 -67.000 3.9
1436 42 -21.000 -66.000 3.8
1437 42 -21.000 -65.000 3.7
1438 42 -21.000 -64.000 3.7
1439 15 -21.000 -63.000 3.6
1440 15 -21.000 -62.000 3.5
1441 15 -21.000 -61.000 3.4
1442 15 -21.000 -60.000 3.3
1443 36 -21.000 -59.000 3.2
1444 19 -21.000 -58.000 3.2
1445 19 -21.000 -57.000 3.0
1446 19 -21.000 -56.000 2.8
1447  4 -21.000 -55.000 2.6
1448  4 -21.000 -54.000 2.4
1449  1 -21.000 -53.000 2.4
1450  4 -21.000 -52.000 2.4
1451 19 -21.000 -51.000 2.4
1452  8 -21.000 -50.000 2.4
1453 17 -21.000 -49.000 2.2
1454 20 -21.000 -48.000 2.3
1455 20 -21.000 -47.000 2.2
1456 20 -21.000 -46.000 2.3
1457 68 -21.000 -45.000 2.2
1458 64 -21.000 -44.000 2.1
1459 63 -21.000 -43.000 1.9
1460 62 -21.000 -42.000 1.7
1461 64 -21.000 -41.000 2.0
1462 63 -21.000 -40.000 2.1
1463 63 -21.000 -39.000 2.5
1464 63 -21.000 -38.000 2.8
1465 69 -21.000 -37.000 3.0
1466 69 -21.000 -36.000 3.1
1467 69 -21.000 -35.000 3.3
1468 69 -21.000 -34.000 3.4
1469 69 -21.000 -33.000 3.5
1470 69 -21.000 -32.000 3.6
1471 69 -21.000 -31.000 3.7
1472 69 -21.000 -30.000 3.8
1473 36 -22.000 -75.000 4.3
1474 36 -22.000 -74.000 4.2
1475 36 -22.000 -73.000 4.2
1476 24 -22.000 -72.000 4.2
1477 42 -22.000 -71.000 4.1
1478 42 -22.000 -70.000 4.1
1479 25 -22.000 -69.000 4.0
1480 42 -22.000 -68.000 4.0
1481 42 -22.000 -67.000 3.9
1482 42 -22.000 -66.000 3.9
1483 42 -22.000 -65.000 3.8
1484 15 -22.000 -64.000 3.8
1485 15 -22.000 -63.000 3.7
1486 15 -22.000 -62.000 3.6
1487 15 -22.000 -61.000 3.5
1488 36 -22.000 -60.000 3.4
1489 19 -22.000 -59.000 3.3
1490 15 -22.000 -58.000 3.2
1491 15 -22.000 -57.000 3.1
1492  4 -22.000 -56.000 3.0
1493  4 -22.000 -55.000 2.8
1494 16 -22.000 -54.000 2.7
1495  1 -22.000 -53.000 2.6
1496 16 -22.000 -52.000 2.5
1497 10 -22.000 -51.000 2.4
1498 10 -22.000 -50.000 2.3
1499  8 -22.000 -49.000 1.9
1500 20 -22.000 -48.000 1.8
1501  2 -22.000 -47.000 2.0
1502 17 -22.000 -46.000 1.9
1503 72 -22.000 -45.000 1.8
1504  3 -22.000 -44.000 1.7
1505 68 -22.000 -43.000 1.7
1506 21 -22.000 -42.000 1.8
1507 62 -22.000 -41.000 1.8
1508 64 -22.000 -40.000 2.3
1509 71 -22.000 -39.000 2.6
1510 71 -22.000 -38.000 2.8
1511 63 -22.000 -37.000 3.0
1512 63 -22.000 -36.000 3.2
1513 63 -22.000 -35.000 3.3
1514 69 -22.000 -34.000 3.5
1515 69 -22.000 -33.000 3.6
1516 69 -22.000 -32.000 3.7
1517 69 -22.000 -31.000 3.8
1518 69 -22.000 -30.000 3.8
1519 36 -23.000 -75.000 4.3
1520 36 -23.000 -74.000 4.3
1521 24 -23.000 -73.000 4.2
1522 42 -23.000 -72.000 4.2
1523 42 -23.000 -71.000 4.2
1524 25 -23.000 -70.000 4.1
1525 42 -23.000 -69.000 4.1
1526 42 -23.000 -68.000 4.0
1527 42 -23.000 -67.000 4.0
1528 42 -23.000 -66.000 3.9
1529 15 -23.000 -65.000 3.9
1530 15 -23.000 -64.000 3.8
1531 15 -23.000 -63.000 3.7
1532 15 -23.000 -62.000 3.6
1533 36 -23.000 -61.000 3.5
1534 15 -23.000 -60.000 3.5
1535 16 -23.000 -59.000 3.4
1536 16 -23.000 -58.000 3.2
1537 16 -23.000 -57.000 3.1
1538 16 -23.000 -56.000 2.9
1539 16 -23.000 -55.000 2.7
1540  1 -23.000 -54.000 2.6
1541  8 -23.000 -53.000 2.6
1542  8 -23.000 -52.000 2.3
1543 16 -23.000 -51.000 2.2
1544  2 -23.000 -50.000 2.4
1545 20 -23.000 -49.000 2.1
1546 70 -23.000 -48.000 1.9
1547 12 -23.000 -47.000 1.8
1548 20 -23.000 -46.000 1.4
1549 68 -23.000 -45.000 1.5
1550 72 -23.000 -44.000 1.6
1551 64 -23.000 -43.000 1.6
1552 21 -23.000 -42.000 1.9
1553 21 -23.000 -41.000 2.4
1554 62 -23.000 -40.000 2.4
1555 64 -23.000 -39.000 2.7
1556 64 -23.000 -38.000 2.9
1557 71 -23.000 -37.000 3.1
1558 71 -23.000 -36.000 3.2
1559 63 -23.000 -35.000 3.3
1560 63 -23.000 -34.000 3.5
1561 63 -23.000 -33.000 3.6
1562 63 -23.000 -32.000 3.7
1563 63 -23.000 -31.000 3.8
1564 69 -23.000 -30.000 3.9
1565 36 -24.000 -75.000 4.3
1566 36 -24.000 -74.000 4.3
1567 24 -24.000 -73.000 4.3
1568  1 -24.000 -72.000 4.2
1569 25 -24.000 -71.000 4.2
1570 42 -24.000 -70.000 4.2
1571 42 -24.000 -69.000 4.1
1572 42 -24.000 -68.000 4.1
1573 42 -24.000 -67.000 4.0
1574 15 -24.000 -66.000 4.0
1575 19 -24.000 -65.000 3.9
1576 19 -24.000 -64.000 3.9
1577 19 -24.000 -63.000 3.8
1578 36 -24.000 -62.000 3.7
1579 16 -24.000 -61.000 3.6
1580 16 -24.000 -60.000 3.5
1581 16 -24.000 -59.000 3.4
1582 16 -24.000 -58.000 3.2
1583 16 -24.000 -57.000 3.0
1584 16 -24.000 -56.000 2.8
1585  1 -24.000 -55.000 2.8
1586  9 -24.000 -54.000 2.8
1587  8 -24.000 -53.000 2.7
1588  8 -24.000 -52.000 2.3
1589 19 -24.000 -51.000 2.1
1590 66 -24.000 -50.000 2.1
1591 48 -24.000 -49.000 1.8
1592 20 -24.000 -48.000 1.8
1593 66 -24.000 -47.000 1.8
1594 70 -24.000 -46.000 1.7
1595 68 -24.000 -45.000 1.9
1596 12 -24.000 -44.000 2.0
1597 64 -24.000 -43.000 2.2
1598 21 -24.000 -42.000 2.3
1599 21 -24.000 -41.000 2.5
1600 62 -24.000 -40.000 2.7
1601 62 -24.000 -39.000 2.8
1602 64 -24.000 -38.000 3.0
1603 64 -24.000 -37.000 3.2
1604 64 -24.000 -36.000 3.3
1605 71 -24.000 -35.000 3.4
1606 71 -24.000 -34.000 3.5
1607 71 -24.000 -33.000 3.6
1608 63 -24.000 -32.000 3.7
1609 63 -24.000 -31.000 3.8
1610 63 -24.000 -30.000 3.9
1611 36 -25.000 -75.000 4.4
1612 24 -25.000 -74.000 4.3
1613  1 -25.000 -73.000 4.3
1614 25 -25.000 -72.000 4.3
1615 42 -25.000 -71.000 4.3
1616 42 -25.000 -70.000 4.2
1617 42 -25.000 -69.000 4.2
1618  7 -25.000 -68.000 4.1
1619  7 -25.000 -67.000 4.1
1620  7 -25.000 -66.000 4.0
1621 19 -25.000 -65.000 3.9
1622 19 -25.000 -64.000 3.9
1623 16 -25.000 -63.000 3.8
1624 16 -25.000 -62.000 3.7
1625 16 -25.000 -61.000 3.6
1626 16 -25.000 -60.000 3.5
1627 16 -25.000 -59.000 3.3
1628 16 -25.000 -58.000 3.2
1629  1 -25.000 -57.000 3.0
1630  9 -25.000 -56.000 2.9
1631  9 -25.000 -55.000 2.7
1632  9 -25.000 -54.000 2.5
1633  9 -25.000 -53.000 2.4
1634 19 -25.000 -52.000 2.3
1635  8 -25.000 -51.000 2.3
1636 66 -25.000 -50.000 2.0
1637 70 -25.000 -49.000 2.0
1638 70 -25.000 -48.000 1.5
1639 48 -25.000 -47.000 2.1
1640 72 -25.000 -46.000 2.1
1641 70 -25.000 -45.000 2.3
1642 12 -25.000 -44.000 2.3
1643 21 -25.000 -43.000 2.5
1644 21 -25.000 -42.000 2.6
1645 68 -25.000 -41.000 2.7
1646 21 -25.000 -40.000 2.9
1647 62 -25.000 -39.000 3.0
1648 62 -25.000 -38.000 3.1
1649 64 -25.000 -37.000 3.2
1650 64 -25.000 -36.000 3.4
1651 64 -25.000 -35.000 3.5
1652 71 -25.000 -34.000 3.6
1653 71 -25.000 -33.000 3.7
1654 71 -25.000 -32.000 3.8
1655 71 -25.000 -31.000 3.8
1656 71 -25.000 -30.000 3.9
1657 24 -26.000 -75.000 4.4
1658 25 -26.000 -74.000 4.4
1659 25 -26.000 -73.000 4.3
1660  7 -26.000 -72.000 4.3
1661  7 -26.000 -71.000 4.3
1662  7 -26.000 -70.000 4.2
1663  7 -26.000 -69.000 4.2
1664  7 -26.000 -68.000 4.1
1665 36 -26.000 -67.000 4.0
1666 13 -26.000 -66.000 4.0
1667 13 -26.000 -65.000 3.9
1668  9 -26.000 -64.000 3.9
1669  9 -26.000 -63.000 3.8
1670  9 -26.000 -62.000 3.7
1671  9 -26.000 -61.000 3.6
1672 16 -26.000 -60.000 3.5
1673 16 -26.000 -59.000 3.4
1674 19 -26.000 -58.000 3.3
1675 19 -26.000 -57.000 3.1
1676 19 -26.000 -56.000 3.0
1677 19 -26.000 -55.000 2.9
1678 19 -26.000 -54.000 2.7
1679 19 -26.000 -53.000 2.7
1680 48 -26.000 -52.000 2.5
1681 48 -26.000 -51.000 2.1
1682 66 -26.000 -50.000 2.2
1683 66 -26.000 -49.000 1.9
1684 67 -26.000 -48.000 2.0
1685 48 -26.000 -47.000 2.2
1686 12 -26.000 -46.000 2.5
1687 12 -26.000 -45.000 2.5
1688 68 -26.000 -44.000 2.6
1689 12 -26.000 -43.000 2.8
1690 64 -26.000 -42.000 2.9
1691 63 -26.000 -41.000 2.9
1692 68 -26.000 -40.000 3.1
1693 68 -26.000 -39.000 3.2
1694 62 -26.000 -38.000 3.3
1695 62 -26.000 -37.000 3.4
1696 64 -26.000 -36.000 3.4
1697 64 -26.000 -35.000 3.5
1698 64 -26.000 -34.000 3.6
1699 64 -26.000 -33.000 3.7
1700 71 -26.000 -32.000 3.8
1701 71 -26.000 -31.000 3.9
1702 71 -26.000 -30.000 4.0
1703 11 -27.000 -75.000 4.4
1704 11 -27.000 -74.000 4.4
1705 11 -27.000 -73.000 4.3
1706  7 -27.000 -72.000 4.3
1707 11 -27.000 -71.000 4.3
1708 13 -27.000 -70.000 4.2
1709 13 -27.000 -69.000 4.2
1710 13 -27.000 -68.000 4.1
1711 13 -27.000 -67.000 4.0
1712 13 -27.000 -66.000 4.0
1713 13 -27.000 -65.000 3.9
1714 13 -27.000 -64.000 3.8
1715 13 -27.000 -63.000 3.7
1716  1 -27.000 -62.000 3.7
1717 13 -27.000 -61.000 3.6
1718 13 -27.000 -60.000 3.5
1719 16 -27.000 -59.000 3.4
1720 16 -27.000 -58.000 3.3
1721 16 -27.000 -57.000 3.1
1722 16 -27.000 -56.000 2.9
1723  7 -27.000 -55.000 2.8
1724  7 -27.000 -54.000 2.8
1725  6 -27.000 -53.000 2.6
1726  6 -27.000 -52.000 2.4
1727 73 -27.000 -51.000 2.3
1728 48 -27.000 -50.000 2.1
1729 48 -27.000 -49.000 2.0
1730 48 -27.000 -48.000 2.1
1731 73 -27.000 -47.000 2.4
1732 70 -27.000 -46.000 2.6
1733 67 -27.000 -45.000 2.8
1734 70 -27.000 -44.000 2.9
1735 12 -27.000 -43.000 3.0
1736 21 -27.000 -42.000 3.1
1737 63 -27.000 -41.000 3.1
1738 68 -27.000 -40.000 3.2
1739 68 -27.000 -39.000 3.3
1740 68 -27.000 -38.000 3.4
1741 62 -27.000 -37.000 3.5
1742 62 -27.000 -36.000 3.5
1743 64 -27.000 -35.000 3.6
1744 64 -27.000 -34.000 3.7
1745 64 -27.000 -33.000 3.8
1746 64 -27.000 -32.000 3.9
1747 64 -27.000 -31.000 3.9
1748 71 -27.000 -30.000 4.0
1749  7 -28.000 -75.000 4.4
1750  7 -28.000 -74.000 4.4
1751  7 -28.000 -73.000 4.3
1752 13 -28.000 -72.000 4.3
1753 13 -28.000 -71.000 4.2
1754 13 -28.000 -70.000 4.2
1755 13 -28.000 -69.000 4.1
1756 11 -28.000 -68.000 4.1
1757 11 -28.000 -67.000 4.0
1758 11 -28.000 -66.000 3.9
1759 11 -28.000 -65.000 3.9
1760 11 -28.000 -64.000 3.8
1761 11 -28.000 -63.000 3.8
1762  9 -28.000 -62.000 3.7
1763  9 -28.000 -61.000 3.6
1764  9 -28.000 -60.000 3.4
1765  9 -28.000 -59.000 3.3
1766 13 -28.000 -58.000 3.2
1767 13 -28.000 -57.000 3.0
1768 13 -28.000 -56.000 3.0
1769  6 -28.000 -55.000 2.9
1770  6 -28.000 -54.000 2.6
1771  7 -28.000 -53.000 2.4
1772 73 -28.000 -52.000 2.5
1773 73 -28.000 -51.000 2.0
1774  6 -28.000 -50.000 1.9
1775  6 -28.000 -49.000 2.2
1776 48 -28.000 -48.000 2.5
1777 48 -28.000 -47.000 2.7
1778 66 -28.000 -46.000 2.8
1779 66 -28.000 -45.000 2.9
1780 70 -28.000 -44.000 3.0
1781 12 -28.000 -43.000 3.1
1782 12 -28.000 -42.000 3.2
1783 64 -28.000 -41.000 3.3
1784 63 -28.000 -40.000 3.4
1785 68 -28.000 -39.000 3.4
1786 68 -28.000 -38.000 3.5
1787 68 -28.000 -37.000 3.6
1788 62 -28.000 -36.000 3.6
1789 62 -28.000 -35.000 3.7
1790 64 -28.000 -34.000 3.8
1791 64 -28.000 -33.000 3.8
1792 64 -28.000 -32.000 3.9
1793 64 -28.000 -31.000 4.0
1794 64 -28.000 -30.000 4.0
1795  7 -29.000 -75.000 4.4
1796  7 -29.000 -74.000 4.4
1797  7 -29.000 -73.000 4.3
1798  7 -29.000 -72.000 4.3
1799  7 -29.000 -71.000 4.2
1800  7 -29.000 -70.000 4.2
1801  7 -29.000 -69.000 4.1
1802  7 -29.000 -68.000 4.0
1803 13 -29.000 -67.000 4.0
1804 13 -29.000 -66.000 3.9
1805 11 -29.000 -65.000 3.8
1806 11 -29.000 -64.000 3.8
1807 11 -29.000 -63.000 3.7
1808 11 -29.000 -62.000 3.6
1809 11 -29.000 -61.000 3.5
1810 11 -29.000 -60.000 3.4
1811  9 -29.000 -59.000 3.3
1812  9 -29.000 -58.000 3.2
1813  9 -29.000 -57.000 3.0
1814  9 -29.000 -56.000 2.8
1815  9 -29.000 -55.000 2.6
1816  6 -29.000 -54.000 2.5
1817  9 -29.000 -53.000 2.1
1818  7 -29.000 -52.000 2.2
1819  9 -29.000 -51.000 2.2
1820 67 -29.000 -50.000 2.1
1821  6 -29.000 -49.000 2.0
1822  6 -29.000 -48.000 2.4
1823  6 -29.000 -47.000 2.7
1824  6 -29.000 -46.000 2.9
1825 66 -29.000 -45.000 3.1
1826 70 -29.000 -44.000 3.2
1827 72 -29.000 -43.000 3.3
1828 67 -29.000 -42.000 3.4
1829 12 -29.000 -41.000 3.4
1830 72 -29.000 -40.000 3.5
1831 68 -29.000 -39.000 3.5
1832 68 -29.000 -38.000 3.6
1833 68 -29.000 -37.000 3.7
1834 62 -29.000 -36.000 3.7
1835 62 -29.000 -35.000 3.8
1836 62 -29.000 -34.000 3.8
1837 62 -29.000 -33.000 3.9
1838 64 -29.000 -32.000 4.0
1839 64 -29.000 -31.000 4.0
1840 64 -29.000 -30.000 4.1
1841  7 -30.000 -75.000 4.4
1842  7 -30.000 -74.000 4.4
1843  7 -30.000 -73.000 4.3
1844  7 -30.000 -72.000 4.3
1845  7 -30.000 -71.000 4.2
1846  7 -30.000 -70.000 4.2
1847  7 -30.000 -69.000 4.1
1848  7 -30.000 -68.000 4.0
1849  7 -30.000 -67.000 4.0
1850  7 -30.000 -66.000 3.9
1851  7 -30.000 -65.000 3.8
1852  7 -30.000 -64.000 3.7
1853 11 -30.000 -63.000 3.6
1854 11 -30.000 -62.000 3.5
1855 11 -30.000 -61.000 3.4
1856 11 -30.000 -60.000 3.3
1857 11 -30.000 -59.000 3.2
1858 11 -30.000 -58.000 3.1
1859 11 -30.000 -57.000 3.0
1860  9 -30.000 -56.000 3.0
1861  6 -30.000 -55.000 2.8
1862  6 -30.000 -54.000 2.5
1863  6 -30.000 -53.000 2.2
1864 13 -30.000 -52.000 2.3
1865  7 -30.000 -51.000 2.3
1866 67 -30.000 -50.000 2.5
1867 67 -30.000 -49.000 2.5
1868 67 -30.000 -48.000 2.5
1869  6 -30.000 -47.000 2.7
1870  6 -30.000 -46.000 3.0
1871  6 -30.000 -45.000 3.1
1872  6 -30.000 -44.000 3.3
1873  6 -30.000 -43.000 3.4
1874 72 -30.000 -42.000 3.5
1875 68 -30.000 -41.000 3.5
1876 72 -30.000 -40.000 3.6
1877 63 -30.000 -39.000 3.6
1878 68 -30.000 -38.000 3.7
1879 68 -30.000 -37.000 3.7
1880 68 -30.000 -36.000 3.8
1881 62 -30.000 -35.000 3.9
1882 62 -30.000 -34.000 3.9
1883 62 -30.000 -33.000 4.0
1884 62 -30.000 -32.000 4.0
1885 64 -30.000 -31.000 4.0
1886 64 -30.000 -30.000 4.1
1887  7 -31.000 -75.000 4.4
1888  7 -31.000 -74.000 4.4
1889  7 -31.000 -73.000 4.3
1890  7 -31.000 -72.000 4.3
1891  7 -31.000 -71.000 4.2
1892  7 -31.000 -70.000 4.2
1893  7 -31.000 -69.000 4.1
1894  7 -31.000 -68.000 4.0
1895  7 -31.000 -67.000 4.0
1896  7 -31.000 -66.000 3.9
1897  7 -31.000 -65.000 3.8
1898  7 -31.000 -64.000 3.7
1899  7 -31.000 -63.000 3.6
1900  7 -31.000 -62.000 3.5
1901  7 -31.000 -61.000 3.4
1902  7 -31.000 -60.000 3.2
1903 11 -31.000 -59.000 3.1
1904 11 -31.000 -58.000 3.0
1905 11 -31.000 -57.000 2.9
1906 11 -31.000 -56.000 2.8
1907 11 -31.000 -55.000 2.7
1908  6 -31.000 -54.000 2.7
1909  6 -31.000 -53.000 2.4
1910  6 -31.000 -52.000 2.2
1911 13 -31.000 -51.000 2.4
1912  7 -31.000 -50.000 2.6
1913 67 -31.000 -49.000 2.8
1914 67 -31.000 -48.000 2.8
1915 67 -31.000 -47.000 2.9
1916  6 -31.000 -46.000 3.0
1917  6 -31.000 -45.000 3.2
1918  6 -31.000 -44.000 3.3
1919  6 -31.000 -43.000 3.4
1920  6 -31.000 -42.000 3.5
1921 72 -31.000 -41.000 3.6
1922 68 -31.000 -40.000 3.7
1923 64 -31.000 -39.000 3.7
1924 63 -31.000 -38.000 3.8
1925 68 -31.000 -37.000 3.8
1926 68 -31.000 -36.000 3.9
1927 68 -31.000 -35.000 3.9
1928 62 -31.000 -34.000 4.0
1929 62 -31.000 -33.000 4.0
1930 62 -31.000 -32.000 4.1
1931 62 -31.000 -31.000 4.1
1932 64 -31.000 -30.000 4.2
1933  7 -32.000 -75.000 4.4
1934  7 -32.000 -74.000 4.4
1935  7 -32.000 -73.000 4.3
1936  7 -32.000 -72.000 4.3
1937  7 -32.000 -71.000 4.2
1938  7 -32.000 -70.000 4.2
1939  7 -32.000 -69.000 4.1
1940  7 -32.000 -68.000 4.0
1941  7 -32.000 -67.000 4.0
1942  7 -32.000 -66.000 3.9
1943  7 -32.000 -65.000 3.8
1944  7 -32.000 -64.000 3.7
1945  7 -32.000 -63.000 3.6
1946  7 -32.000 -62.000 3.5
1947  7 -32.000 -61.000 3.4
1948  7 -32.000 -60.000 3.3
1949  7 -32.000 -59.000 3.1
1950  7 -32.000 -58.000 2.9
1951  7 -32.000 -57.000 2.7
1952  7 -32.000 -56.000 2.5
1953 11 -32.000 -55.000 2.4
1954 11 -32.000 -54.000 2.4
1955 11 -32.000 -53.000 2.5
1956  6 -32.000 -52.000 2.5
1957  6 -32.000 -51.000 2.5
1958  7 -32.000 -50.000 2.7
1959 13 -32.000 -49.000 2.9
1960 67 -32.000 -48.000 3.0
1961 67 -32.000 -47.000 3.1
1962 67 -32.000 -46.000 3.2
1963 67 -32.000 -45.000 3.3
1964  6 -32.000 -44.000 3.4
1965  6 -32.000 -43.000 3.5
1966  6 -32.000 -42.000 3.6
1967  6 -32.000 -41.000 3.7
1968  6 -32.000 -40.000 3.8
1969 68 -32.000 -39.000 3.8
1970 67 -32.000 -38.000 3.9
1971 68 -32.000 -37.000 3.9
1972 68 -32.000 -36.000 3.9
1973 68 -32.000 -35.000 4.0
1974 68 -32.000 -34.000 4.0
1975 62 -32.000 -33.000 4.1
1976 62 -32.000 -32.000 4.1
1977 62 -32.000 -31.000 4.2
1978 62 -32.000 -30.000 4.2
1979  7 -33.000 -75.000 4.4
1980  7 -33.000 -74.000 4.4
1981  7 -33.000 -73.000 4.3
1982  7 -33.000 -72.000 4.3
1983  7 -33.000 -71.000 4.2
1984  7 -33.000 -70.000 4.2
1985  7 -33.000 -69.000 4.1
1986  7 -33.000 -68.000 4.0
1987  7 -33.000 -67.000 4.0
1988  7 -33.000 -66.000 3.9
1989  7 -33.000 -65.000 3.8
1990  7 -33.000 -64.000 3.7
1991  7 -33.000 -63.000 3.6
1992  7 -33.000 -62.000 3.5
1993  7 -33.000 -61.000 3.4
1994  7 -33.000 -60.000 3.3
1995  7 -33.000 -59.000 3.2
1996  7 -33.000 -58.000 3.0
1997  7 -33.000 -57.000 2.9
1998  7 -33.000 -56.000 2.7
1999  7 -33.000 -55.000 2.5
2000  7 -33.000 -54.000 2.4
2001  7 -33.000 -53.000 2.4
2002  7 -33.000 -52.000 2.5
2003 11 -33.000 -51.000 2.7
2004  7 -33.000 -50.000 2.9
2005 73 -33.000 -49.000 3.0
2006 13 -33.000 -48.000 3.1
2007 13 -33.000 -47.000 3.3
2008 67 -33.000 -46.000 3.3
2009 67 -33.000 -45.000 3.4
2010 67 -33.000 -44.000 3.5
2011  6 -33.000 -43.000 3.5
2012  6 -33.000 -42.000 3.6
2013  6 -33.000 -41.000 3.7
2014  6 -33.000 -40.000 3.8
2015  6 -33.000 -39.000 3.9
2016 68 -33.000 -38.000 3.9
2017 68 -33.000 -37.000 4.0
2018 64 -33.000 -36.000 4.0
2019 68 -33.000 -35.000 4.0
2020 68 -33.000 -34.000 4.1
2021 68 -33.000 -33.000 4.1
2022 62 -33.000 -32.000 4.2
2023 62 -33.000 -31.000 4.2
2024 62 -33.000 -30.000 4.2
2025  7 -34.000 -75.000 4.4
2026  7 -34.000 -74.000 4.4
2027  7 -34.000 -73.000 4.3
2028  7 -34.000 -72.000 4.3
2029  7 -34.000 -71.000 4.2
2030  7 -34.000 -70.000 4.2
2031  7 -34.000 -69.000 4.1
2032  7 -34.000 -68.000 4.0
2033  7 -34.000 -67.000 4.0
2034  7 -34.000 -66.000 3.9
2035  7 -34.000 -65.000 3.8
2036  7 -34.000 -64.000 3.8
2037  7 -34.000 -63.000 3.7
2038  7 -34.000 -62.000 3.6
2039  7 -34.000 -61.000 3.5
2040  7 -34.000 -60.000 3.4
2041  7 -34.000 -59.000 3.3
2042  7 -34.000 -58.000 3.1
2043  7 -34.000 -57.000 3.0
2044  7 -34.000 -56.000 2.9
2045  7 -34.000 -55.000 2.8
2046  7 -34.000 -54.000 2.8
2047  7 -34.000 -53.000 2.8
2048  7 -34.000 -52.000 2.8
2049  7 -34.000 -51.000 2.9
2050  7 -34.000 -50.000 3.0
2051  6 -34.000 -49.000 3.1
2052 73 -34.000 -48.000 3.2
2053 13 -34.000 -47.000 3.3
2054 13 -34.000 -46.000 3.4
2055 67 -34.000 -45.000 3.5
2056 67 -34.000 -44.000 3.6
2057 67 -34.000 -43.000 3.6
2058 67 -34.000 -42.000 3.7
2059  6 -34.000 -41.000 3.8
2060  6 -34.000 -40.000 3.8
2061  6 -34.000 -39.000 3.9
2062  6 -34.000 -38.000 4.0
2063  6 -34.000 -37.000 4.0
2064 68 -34.000 -36.000 4.1
2065 64 -34.000 -35.000 4.1
2066 73 -34.000 -34.000 4.1
2067 68 -34.000 -33.000 4.2
2068 68 -34.000 -32.000 4.2
2069 68 -34.000 -31.000 4.3
2070 62 -34.000 -30.000 4.3
2071  7 -35.000 -75.000 4.4
2072  7 -35.000 -74.000 4.4
2073  7 -35.000 -73.000 4.3
2074  7 -35.000 -72.000 4.3
2075  7 -35.000 -71.000 4.2
2076  7 -35.000 -70.000 4.2
2077  7 -35.000 -69.000 4.1
2078  7 -35.000 -68.000 4.1
2079  7 -35.000 -67.000 4.0
2080  7 -35.000 -66.000 3.9
2081  7 -35.000 -65.000 3.9
2082  7 -35.000 -64.000 3.8
2083  7 -35.000 -63.000 3.7
2084  7 -35.000 -62.000 3.6
2085  7 -35.000 -61.000 3.5
2086  7 -35.000 -60.000 3.5
2087  7 -35.000 -59.000 3.4
2088  7 -35.000 -58.000 3.3
2089  7 -35.000 -57.000 3.2
2090  7 -35.000 -56.000 3.1
2091  7 -35.000 -55.000 3.0
2092  7 -35.000 -54.000 3.0
2093  7 -35.000 -53.000 3.0
2094  7 -35.000 -52.000 3.0
2095  7 -35.000 -51.000 3.1
2096  7 -35.000 -50.000 3.2
2097  7 -35.000 -49.000 3.3
2098  6 -35.000 -48.000 3.3
2099  6 -35.000 -47.000 3.4
2100 13 -35.000 -46.000 3.5
2101 13 -35.000 -45.000 3.6
2102 13 -35.000 -44.000 3.7
2103 67 -35.000 -43.000 3.7
2104 67 -35.000 -42.000 3.8
2105 67 -35.000 -41.000 3.8
2106 67 -35.000 -40.000 3.9
2107  6 -35.000 -39.000 3.9
2108  6 -35.000 -38.000 4.0
2109  6 -35.000 -37.000 4.1
2110  6 -35.000 -36.000 4.1
2111 63 -35.000 -35.000 4.2
2112 64 -35.000 -34.000 4.2
2113 64 -35.000 -33.000 4.2
2114 73 -35.000 -32.000 4.3
2115 68 -35.000 -31.000 4.3
2116 68 -35.000 -30.000 4.3
