1 6 7.000 -75.000 4.3
2 6 7.000 -74.000 4.3
3 5 7.000 -73.000 4.3
4 5 7.000 -72.000 4.3
5 5 7.000 -71.000 4.3
6 5 7.000 -70.000 4.2
7 5 7.000 -69.000 4.2
8 5 7.000 -68.000 4.2
9 5 7.000 -67.000 4.2
10 5 7.000 -66.000 4.2
11 5 7.000 -65.000 4.2
12 5 7.000 -64.000 4.2
13 4 7.000 -63.000 4.2
14 4 7.000 -62.000 4.3
15 4 7.000 -61.000 4.3
16 4 7.000 -60.000 4.3
17 4 7.000 -59.000 4.4
18 4 7.000 -58.000 4.4
19 4 7.000 -57.000 4.5
20 4 7.000 -56.000 4.5
21 2 7.000 -55.000 4.5
22 2 7.000 -54.000 4.5
23 2 7.000 -53.000 4.4
24 2 7.000 -52.000 4.4
25 5 7.000 -51.000 4.4
26 5 7.000 -50.000 4.4
27 3 7.000 -49.000 4.5
28 3 7.000 -48.000 4.5
29 5 7.000 -47.000 4.5
30 5 7.000 -46.000 4.5
31 5 7.000 -45.000 4.6
32 5 7.000 -44.000 4.6
33 5 7.000 -43.000 4.6
34 5 7.000 -42.000 4.7
35 5 7.000 -41.000 4.7
36 5 7.000 -40.000 4.7
37 5 7.000 -39.000 4.7
38 5 7.000 -38.000 4.8
39 5 7.000 -37.000 4.8
40 5 7.000 -36.000 4.8
41 5 7.000 -35.000 4.8
42 5 7.000 -34.000 4.9
43 5 7.000 -33.000 4.9
44 5 7.000 -32.000 4.9
45 6 6.000 -75.000 4.3
46 6 6.000 -74.000 4.3
47 5 6.000 -73.000 4.3
48 5 6.000 -72.000 4.2
49 5 6.000 -71.000 4.2
50 5 6.000 -70.000 4.2
51 5 6.000 -69.000 4.2
52 5 6.000 -68.000 4.1
53 5 6.000 -67.000 4.1
54 5 6.000 -66.000 4.1
55 5 6.000 -65.000 4.1
56 4 6.000 -64.000 4.1
57 4 6.000 -63.000 4.2
58 4 6.000 -62.000 4.2
59 4 6.000 -61.000 4.3
60 4 6.000 -60.000 4.3
61 4 6.000 -59.000 4.4
62 4 6.000 -58.000 4.4
63 4 6.000 -57.000 4.5
64 7 6.000 -56.000 4.5
65 2 6.000 -55.000 4.5
66 2 6.000 -54.000 4.5
67 2 6.000 -53.000 4.4
68 2 6.000 -52.000 4.4
69 3 6.000 -51.000 4.4
70 3 6.000 -50.000 4.4
71 3 6.000 -49.000 4.5
72 7 6.000 -48.000 4.5
73 5 6.000 -47.000 4.5
74 5 6.000 -46.000 4.5
75 5 6.000 -45.000 4.5
76 5 6.000 -44.000 4.6
77 5 6.000 -43.000 4.6
78 5 6.000 -42.000 4.6
79 5 6.000 -41.000 4.7
80 5 6.000 -40.000 4.7
81 5 6.000 -39.000 4.7
82 5 6.000 -38.000 4.8
83 5 6.000 -37.000 4.8
84 5 6.000 -36.000 4.8
85 5 6.000 -35.000 4.8
86 5 6.000 -34.000 4.9
87 5 6.000 -33.000 4.9
88 5 6.000 -32.000 4.9
89 6 5.000 -75.000 4.2
90 6 5.000 -74.000 4.2
91 5 5.000 -73.000 4.2
92 5 5.000 -72.000 4.2
93 5 5.000 -71.000 4.2
94 5 5.000 -70.000 4.1
95 5 5.000 -69.000 4.1
96 5 5.000 -68.000 4.1
97 5 5.000 -67.000 4.0
98 5 5.000 -66.000 4.0
99 4 5.000 -65.000 4.0
100 4 5.000 -64.000 4.1
101 4 5.000 -63.000 4.2
102 4 5.000 -62.000 4.2
103 4 5.000 -61.000 4.3
104 4 5.000 -60.000 4.3
105 4 5.000 -59.000 4.4
106 4 5.000 -58.000 4.4
107 4 5.000 -57.000 4.5
108 7 5.000 -56.000 4.5
109 7 5.000 -55.000 4.5
110 2 5.000 -54.000 4.4
111 2 5.000 -53.000 4.4
112 2 5.000 -52.000 4.3
113 3 5.000 -51.000 4.4
114 7 5.000 -50.000 4.4
115 7 5.000 -49.000 4.4
116 7 5.000 -48.000 4.4
117 5 5.000 -47.000 4.4
118 5 5.000 -46.000 4.5
119 5 5.000 -45.000 4.5
120 5 5.000 -44.000 4.5
121 5 5.000 -43.000 4.6
122 5 5.000 -42.000 4.6
123 5 5.000 -41.000 4.6
124 5 5.000 -40.000 4.7
125 5 5.000 -39.000 4.7
126 5 5.000 -38.000 4.7
127 5 5.000 -37.000 4.8
128 5 5.000 -36.000 4.8
129 5 5.000 -35.000 4.8
130 5 5.000 -34.000 4.8
131 5 5.000 -33.000 4.9
132 5 5.000 -32.000 4.9
133 6 4.000 -75.000 4.2
134 6 4.000 -74.000 4.2
135 5 4.000 -73.000 4.2
136 5 4.000 -72.000 4.1
137 5 4.000 -71.000 4.1
138 5 4.000 -70.000 4.1
139 5 4.000 -69.000 4.0
140 5 4.000 -68.000 4.0
141 5 4.000 -67.000 4.0
142 5 4.000 -66.000 4.0
143 4 4.000 -65.000 4.0
144 4 4.000 -64.000 4.1
145 4 4.000 -63.000 4.1
146 4 4.000 -62.000 4.2
147 4 4.000 -61.000 4.3
148 4 4.000 -60.000 4.3
149 4 4.000 -59.000 4.4
150 4 4.000 -58.000 4.4
151 7 4.000 -57.000 4.5
152 7 4.000 -56.000 4.4
153 7 4.000 -55.000 4.4
154 7 4.000 -54.000 4.4
155 2 4.000 -53.000 4.4
156 3 4.000 -52.000 4.3
157 7 4.000 -51.000 4.4
158 7 4.000 -50.000 4.4
159 7 4.000 -49.000 4.4
160 5 4.000 -48.000 4.4
161 5 4.000 -47.000 4.4
162 5 4.000 -46.000 4.4
163 5 4.000 -45.000 4.5
164 5 4.000 -44.000 4.5
165 5 4.000 -43.000 4.5
166 5 4.000 -42.000 4.6
167 5 4.000 -41.000 4.6
168 5 4.000 -40.000 4.7
169 5 4.000 -39.000 4.7
170 5 4.000 -38.000 4.7
171 5 4.000 -37.000 4.8
172 5 4.000 -36.000 4.8
173 5 4.000 -35.000 4.8
174 5 4.000 -34.000 4.8
175 5 4.000 -33.000 4.9
176 5 4.000 -32.000 4.9
177 1 3.000 -75.000 4.1
178 6 3.000 -74.000 4.1
179 5 3.000 -73.000 4.1
180 5 3.000 -72.000 4.1
181 5 3.000 -71.000 4.0
182 5 3.000 -70.000 4.0
183 5 3.000 -69.000 4.0
184 5 3.000 -68.000 3.9
185 5 3.000 -67.000 3.9
186 4 3.000 -66.000 3.9
187 4 3.000 -65.000 4.0
188 4 3.000 -64.000 4.1
189 4 3.000 -63.000 4.1
190 4 3.000 -62.000 4.2
191 4 3.000 -61.000 4.3
192 4 3.000 -60.000 4.3
193 4 3.000 -59.000 4.3
194 4 3.000 -58.000 4.4
195 7 3.000 -57.000 4.4
196 7 3.000 -56.000 4.4
197 7 3.000 -55.000 4.4
198 7 3.000 -54.000 4.3
199 2 3.000 -53.000 4.3
200 7 3.000 -52.000 4.3
201 7 3.000 -51.000 4.3
202 7 3.000 -50.000 4.3
203 7 3.000 -49.000 4.3
204 5 3.000 -48.000 4.3
205 5 3.000 -47.000 4.4
206 5 3.000 -46.000 4.4
207 5 3.000 -45.000 4.5
208 5 3.000 -44.000 4.5
209 5 3.000 -43.000 4.5
210 5 3.000 -42.000 4.6
211 5 3.000 -41.000 4.6
212 5 3.000 -40.000 4.6
213 5 3.000 -39.000 4.7
214 5 3.000 -38.000 4.7
215 5 3.000 -37.000 4.7
216 5 3.000 -36.000 4.8
217 5 3.000 -35.000 4.8
218 5 3.000 -34.000 4.8
219 5 3.000 -33.000 4.8
220 5 3.000 -32.000 4.9
221 1 2.000 -75.000 4.1
222 1 2.000 -74.000 4.0
223 6 2.000 -73.000 4.0
224 5 2.000 -72.000 4.0
225 5 2.000 -71.000 4.0
226 5 2.000 -70.000 3.9
227 5 2.000 -69.000 3.9
228 5 2.000 -68.000 3.9
229 5 2.000 -67.000 3.8
230 4 2.000 -66.000 3.9
231 4 2.000 -65.000 4.0
232 4 2.000 -64.000 4.1
233 4 2.000 -63.000 4.1
234 4 2.000 -62.000 4.2
235 4 2.000 -61.000 4.2
236 4 2.000 -60.000 4.3
237 4 2.000 -59.000 4.3
238 7 2.000 -58.000 4.4
239 7 2.000 -57.000 4.4
240 7 2.000 -56.000 4.3
241 7 2.000 -55.000 4.3
242 7 2.000 -54.000 4.3
243 2 2.000 -53.000 4.3
244 7 2.000 -52.000 4.3
245 7 2.000 -51.000 4.3
246 7 2.000 -50.000 4.3
247 5 2.000 -49.000 4.3
248 5 2.000 -48.000 4.3
249 5 2.000 -47.000 4.3
250 5 2.000 -46.000 4.4
251 5 2.000 -45.000 4.4
252 5 2.000 -44.000 4.5
253 5 2.000 -43.000 4.5
254 5 2.000 -42.000 4.5
255 5 2.000 -41.000 4.6
256 5 2.000 -40.000 4.6
257 5 2.000 -39.000 4.7
258 5 2.000 -38.000 4.7
259 5 2.000 -37.000 4.7
260 5 2.000 -36.000 4.8
261 5 2.000 -35.000 4.8
262 5 2.000 -34.000 4.8
263 5 2.000 -33.000 4.8
264 5 2.000 -32.000 4.9
265 1 1.000 -75.000 4.1
266 1 1.000 -74.000 4.0
267 6 1.000 -73.000 4.0
268 5 1.000 -72.000 4.0
269 5 1.000 -71.000 3.9
270 5 1.000 -70.000 3.9
271 5 1.000 -69.000 3.8
272 5 1.000 -68.000 3.8
273 4 1.000 -67.000 3.8
274 4 1.000 -66.000 3.9
275 4 1.000 -65.000 4.0
276 4 1.000 -64.000 4.0
277 4 1.000 -63.000 4.1
278 4 1.000 -62.000 4.2
279 4 1.000 -61.000 4.2
280 4 1.000 -60.000 4.3
281 4 1.000 -59.000 4.3
282 7 1.000 -58.000 4.3
283 7 1.000 -57.000 4.3
284 7 1.000 -56.000 4.3
285 7 1.000 -55.000 4.3
286 3 1.000 -54.000 4.3
287 2 1.000 -53.000 4.3
288 2 1.000 -52.000 4.2
289 7 1.000 -51.000 4.2
290 7 1.000 -50.000 4.2
291 5 1.000 -49.000 4.2
292 5 1.000 -48.000 4.3
293 5 1.000 -47.000 4.3
294 5 1.000 -46.000 4.4
295 5 1.000 -45.000 4.4
296 5 1.000 -44.000 4.5
297 5 1.000 -43.000 4.5
298 5 1.000 -42.000 4.5
299 5 1.000 -41.000 4.6
300 5 1.000 -40.000 4.6
301 5 1.000 -39.000 4.6
302 5 1.000 -38.000 4.7
303 5 1.000 -37.000 4.7
304 5 1.000 -36.000 4.7
305 5 1.000 -35.000 4.8
306 5 1.000 -34.000 4.8
307 5 1.000 -33.000 4.8
308 5 1.000 -32.000 4.9
309 5 0.000 -75.000 4.1
310 5 0.000 -74.000 4.0
311 1 0.000 -73.000 4.0
312 5 0.000 -72.000 3.9
313 5 0.000 -71.000 3.9
314 5 0.000 -70.000 3.8
315 5 0.000 -69.000 3.7
316 4 0.000 -68.000 3.7
317 4 0.000 -67.000 3.8
318 4 0.000 -66.000 3.9
319 4 0.000 -65.000 4.0
320 4 0.000 -64.000 4.0
321 4 0.000 -63.000 4.1
322 4 0.000 -62.000 4.2
323 4 0.000 -61.000 4.2
324 8 0.000 -60.000 4.3
325 8 0.000 -59.000 4.3
326 7 0.000 -58.000 4.3
327 7 0.000 -57.000 4.3
328 7 0.000 -56.000 4.2
329 3 0.000 -55.000 4.3
330 3 0.000 -54.000 4.3
331 2 0.000 -53.000 4.3
332 2 0.000 -52.000 4.2
333 2 0.000 -51.000 4.2
334 5 0.000 -50.000 4.1
335 5 0.000 -49.000 4.2
336 5 0.000 -48.000 4.2
337 5 0.000 -47.000 4.3
338 5 0.000 -46.000 4.3
339 5 0.000 -45.000 4.4
340 5 0.000 -44.000 4.4
341 5 0.000 -43.000 4.5
342 5 0.000 -42.000 4.5
343 5 0.000 -41.000 4.5
344 5 0.000 -40.000 4.6
345 5 0.000 -39.000 4.6
346 5 0.000 -38.000 4.7
347 5 0.000 -37.000 4.7
348 5 0.000 -36.000 4.7
349 5 0.000 -35.000 4.8
350 5 0.000 -34.000 4.8
351 5 0.000 -33.000 4.8
352 5 0.000 -32.000 4.8
353 5 -1.000 -75.000 4.0
354 5 -1.000 -74.000 4.0
355 5 -1.000 -73.000 3.9
356 6 -1.000 -72.000 3.9
357 5 -1.000 -71.000 3.8
358 5 -1.000 -70.000 3.7
359 3 -1.000 -69.000 3.7
360 4 -1.000 -68.000 3.7
361 4 -1.000 -67.000 3.8
362 4 -1.000 -66.000 3.9
363 4 -1.000 -65.000 4.0
364 4 -1.000 -64.000 4.0
365 4 -1.000 -63.000 4.1
366 8 -1.000 -62.000 4.2
367 8 -1.000 -61.000 4.2
368 8 -1.000 -60.000 4.2
369 8 -1.000 -59.000 4.3
370 7 -1.000 -58.000 4.3
371 7 -1.000 -57.000 4.2
372 3 -1.000 -56.000 4.3
373 3 -1.000 -55.000 4.3
374 2 -1.000 -54.000 4.3
375 2 -1.000 -53.000 4.3
376 2 -1.000 -52.000 4.2
377 2 -1.000 -51.000 4.1
378 5 -1.000 -50.000 4.1
379 5 -1.000 -49.000 4.2
380 5 -1.000 -48.000 4.2
381 5 -1.000 -47.000 4.3
382 5 -1.000 -46.000 4.3
383 5 -1.000 -45.000 4.4
384 5 -1.000 -44.000 4.4
385 5 -1.000 -43.000 4.5
386 5 -1.000 -42.000 4.5
387 5 -1.000 -41.000 4.5
388 5 -1.000 -40.000 4.6
389 5 -1.000 -39.000 4.6
390 5 -1.000 -38.000 4.7
391 5 -1.000 -37.000 4.7
392 5 -1.000 -36.000 4.7
393 5 -1.000 -35.000 4.8
394 5 -1.000 -34.000 4.8
395 5 -1.000 -33.000 4.8
396 5 -1.000 -32.000 4.8
397 5 -2.000 -75.000 4.0
398 5 -2.000 -74.000 3.9
399 5 -2.000 -73.000 3.9
400 5 -2.000 -72.000 3.8
401 1 -2.000 -71.000 3.8
402 3 -2.000 -70.000 3.8
403 3 -2.000 -69.000 3.8
404 3 -2.000 -68.000 3.8
405 4 -2.000 -67.000 3.8
406 4 -2.000 -66.000 3.9
407 4 -2.000 -65.000 4.0
408 4 -2.000 -64.000 4.1
409 8 -2.000 -63.000 4.1
410 8 -2.000 -62.000 4.1
411 8 -2.000 -61.000 4.1
412 8 -2.000 -60.000 4.2
413 8 -2.000 -59.000 4.2
414 7 -2.000 -58.000 4.2
415 3 -2.000 -57.000 4.2
416 3 -2.000 -56.000 4.3
417 3 -2.000 -55.000 4.3
418 2 -2.000 -54.000 4.3
419 2 -2.000 -53.000 4.2
420 2 -2.000 -52.000 4.2
421 2 -2.000 -51.000 4.1
422 5 -2.000 -50.000 4.1
423 5 -2.000 -49.000 4.1
424 5 -2.000 -48.000 4.2
425 5 -2.000 -47.000 4.2
426 5 -2.000 -46.000 4.3
427 5 -2.000 -45.000 4.3
428 5 -2.000 -44.000 4.4
429 5 -2.000 -43.000 4.4
430 5 -2.000 -42.000 4.5
431 5 -2.000 -41.000 4.5
432 5 -2.000 -40.000 4.6
433 5 -2.000 -39.000 4.6
434 5 -2.000 -38.000 4.6
435 5 -2.000 -37.000 4.7
436 5 -2.000 -36.000 4.7
437 5 -2.000 -35.000 4.7
438 5 -2.000 -34.000 4.8
439 5 -2.000 -33.000 4.8
440 5 -2.000 -32.000 4.8
441 5 -3.000 -75.000 4.0
442 3 -3.000 -74.000 3.9
443 3 -3.000 -73.000 3.9
444 3 -3.000 -72.000 3.9
445 1 -3.000 -71.000 3.8
446 6 -3.000 -70.000 3.8
447 6 -3.000 -69.000 3.9
448 3 -3.000 -68.000 3.9
449 3 -3.000 -67.000 3.9
450 4 -3.000 -66.000 3.9
451 8 -3.000 -65.000 4.0
452 8 -3.000 -64.000 4.0
453 8 -3.000 -63.000 4.0
454 3 -3.000 -62.000 4.1
455 3 -3.000 -61.000 4.1
456 3 -3.000 -60.000 4.2
457 3 -3.000 -59.000 4.2
458 8 -3.000 -58.000 4.2
459 8 -3.000 -57.000 4.2
460 8 -3.000 -56.000 4.3
461 8 -3.000 -55.000 4.3
462 2 -3.000 -54.000 4.3
463 2 -3.000 -53.000 4.2
464 2 -3.000 -52.000 4.2
465 2 -3.000 -51.000 4.1
466 5 -3.000 -50.000 4.0
467 5 -3.000 -49.000 4.1
468 5 -3.000 -48.000 4.2
469 5 -3.000 -47.000 4.2
470 5 -3.000 -46.000 4.3
471 5 -3.000 -45.000 4.3
472 5 -3.000 -44.000 4.4
473 5 -3.000 -43.000 4.4
474 5 -3.000 -42.000 4.5
475 5 -3.000 -41.000 4.5
476 5 -3.000 -40.000 4.5
477 5 -3.000 -39.000 4.6
478 5 -3.000 -38.000 4.6
479 5 -3.000 -37.000 4.7
480 5 -3.000 -36.000 4.7
481 5 -3.000 -35.000 4.7
482 5 -3.000 -34.000 4.8
483 5 -3.000 -33.000 4.8
484 5 -3.000 -32.000 4.8
485 3 -4.000 -75.000 4.0
486 3 -4.000 -74.000 4.0
487 3 -4.000 -73.000 4.0
488 1 -4.000 -72.000 3.9
489 1 -4.000 -71.000 3.8
490 1 -4.000 -70.000 3.7
491 6 -4.000 -69.000 3.8
492 6 -4.000 -68.000 3.9
493 8 -4.000 -67.000 3.9
494 4 -4.000 -66.000 4.0
495 3 -4.000 -65.000 4.0
496 3 -4.000 -64.000 4.0
497 3 -4.000 -63.000 4.1
498 3 -4.000 -62.000 4.1
499 3 -4.000 -61.000 4.2
500 7 -4.000 -60.000 4.2
501 7 -4.000 -59.000 4.1
502 8 -4.000 -58.000 4.1
503 8 -4.000 -57.000 4.2
504 8 -4.000 -56.000 4.2
505 8 -4.000 -55.000 4.3
506 2 -4.000 -54.000 4.3
507 2 -4.000 -53.000 4.2
508 2 -4.000 -52.000 4.2
509 2 -4.000 -51.000 4.1
510 2 -4.000 -50.000 4.0
511 5 -4.000 -49.000 4.1
512 5 -4.000 -48.000 4.1
513 5 -4.000 -47.000 4.2
514 5 -4.000 -46.000 4.3
515 5 -4.000 -45.000 4.3
516 5 -4.000 -44.000 4.4
517 5 -4.000 -43.000 4.4
518 5 -4.000 -42.000 4.5
519 5 -4.000 -41.000 4.5
520 5 -4.000 -40.000 4.5
521 5 -4.000 -39.000 4.6
522 5 -4.000 -38.000 4.6
523 5 -4.000 -37.000 4.7
524 5 -4.000 -36.000 4.7
525 5 -4.000 -35.000 4.7
526 5 -4.000 -34.000 4.8
527 5 -4.000 -33.000 4.8
528 5 -4.000 -32.000 4.8
529 8 -5.000 -75.000 4.0
530 8 -5.000 -74.000 3.9
531 8 -5.000 -73.000 3.9
532 8 -5.000 -72.000 3.9
533 8 -5.000 -71.000 3.8
534 1 -5.000 -70.000 3.8
535 4 -5.000 -69.000 3.8
536 8 -5.000 -68.000 3.8
537 6 -5.000 -67.000 3.9
538 6 -5.000 -66.000 3.9
539 6 -5.000 -65.000 4.0
540 6 -5.000 -64.000 4.0
541 6 -5.000 -63.000 4.1
542 6 -5.000 -62.000 4.2
543 7 -5.000 -61.000 4.2
544 7 -5.000 -60.000 4.1
545 7 -5.000 -59.000 4.1
546 8 -5.000 -58.000 4.1
547 8 -5.000 -57.000 4.1
548 8 -5.000 -56.000 4.2
549 8 -5.000 -55.000 4.2
550 8 -5.000 -54.000 4.3
551 2 -5.000 -53.000 4.2
552 2 -5.000 -52.000 4.2
553 2 -5.000 -51.000 4.1
554 2 -5.000 -50.000 4.0
555 5 -5.000 -49.000 4.1
556 5 -5.000 -48.000 4.1
557 5 -5.000 -47.000 4.2
558 5 -5.000 -46.000 4.2
559 5 -5.000 -45.000 4.3
560 5 -5.000 -44.000 4.3
561 5 -5.000 -43.000 4.4
562 5 -5.000 -42.000 4.4
563 5 -5.000 -41.000 4.5
564 5 -5.000 -40.000 4.5
565 5 -5.000 -39.000 4.6
566 5 -5.000 -38.000 4.6
567 5 -5.000 -37.000 4.7
568 5 -5.000 -36.000 4.7
569 5 -5.000 -35.000 4.7
570 5 -5.000 -34.000 4.8
571 5 -5.000 -33.000 4.8
572 5 -5.000 -32.000 4.8
573 8 -6.000 -75.000 3.9
574 8 -6.000 -74.000 3.8
575 8 -6.000 -73.000 3.8
576 8 -6.000 -72.000 3.8
577 8 -6.000 -71.000 3.7
578 4 -6.000 -70.000 3.7
579 1 -6.000 -69.000 3.7
580 6 -6.000 -68.000 3.7
581 6 -6.000 -67.000 3.8
582 6 -6.000 -66.000 3.9
583 6 -6.000 -65.000 4.0
584 6 -6.000 -64.000 4.0
585 6 -6.000 -63.000 4.1
586 6 -6.000 -62.000 4.1
587 7 -6.000 -61.000 4.2
588 7 -6.000 -60.000 4.1
589 7 -6.000 -59.000 4.0
590 8 -6.000 -58.000 4.0
591 8 -6.000 -57.000 4.1
592 8 -6.000 -56.000 4.1
593 8 -6.000 -55.000 4.2
594 8 -6.000 -54.000 4.2
595 2 -6.000 -53.000 4.2
596 2 -6.000 -52.000 4.2
597 2 -6.000 -51.000 4.1
598 2 -6.000 -50.000 4.0
599 5 -6.000 -49.000 4.0
600 5 -6.000 -48.000 4.1
601 5 -6.000 -47.000 4.2
602 5 -6.000 -46.000 4.2
603 5 -6.000 -45.000 4.3
604 5 -6.000 -44.000 4.3
605 5 -6.000 -43.000 4.4
606 5 -6.000 -42.000 4.4
607 5 -6.000 -41.000 4.5
608 5 -6.000 -40.000 4.5
609 5 -6.000 -39.000 4.6
610 5 -6.000 -38.000 4.6
611 5 -6.000 -37.000 4.6
612 5 -6.000 -36.000 4.7
613 5 -6.000 -35.000 4.7
614 5 -6.000 -34.000 4.8
615 5 -6.000 -33.000 4.8
616 5 -6.000 -32.000 4.8
617 5 -7.000 -75.000 3.9
618 8 -7.000 -74.000 3.8
619 8 -7.000 -73.000 3.7
620 8 -7.000 -72.000 3.7
621 4 -7.000 -71.000 3.7
622 4 -7.000 -70.000 3.8
623 1 -7.000 -69.000 3.8
624 1 -7.000 -68.000 3.7
625 6 -7.000 -67.000 3.8
626 6 -7.000 -66.000 3.9
627 6 -7.000 -65.000 3.9
628 6 -7.000 -64.000 4.0
629 6 -7.000 -63.000 4.0
630 6 -7.000 -62.000 4.1
631 7 -7.000 -61.000 4.1
632 7 -7.000 -60.000 4.1
633 7 -7.000 -59.000 4.0
634 8 -7.000 -58.000 4.0
635 8 -7.000 -57.000 4.0
636 8 -7.000 -56.000 4.1
637 8 -7.000 -55.000 4.1
638 8 -7.000 -54.000 4.2
639 2 -7.000 -53.000 4.2
640 2 -7.000 -52.000 4.2
641 2 -7.000 -51.000 4.1
642 2 -7.000 -50.000 4.0
643 5 -7.000 -49.000 4.0
644 5 -7.000 -48.000 4.1
645 5 -7.000 -47.000 4.2
646 5 -7.000 -46.000 4.2
647 5 -7.000 -45.000 4.3
648 5 -7.000 -44.000 4.3
649 5 -7.000 -43.000 4.4
650 5 -7.000 -42.000 4.4
651 5 -7.000 -41.000 4.5
652 5 -7.000 -40.000 4.5
653 5 -7.000 -39.000 4.6
654 5 -7.000 -38.000 4.6
655 5 -7.000 -37.000 4.6
656 5 -7.000 -36.000 4.7
657 5 -7.000 -35.000 4.7
658 5 -7.000 -34.000 4.7
659 5 -7.000 -33.000 4.8
660 10 -7.000 -32.000 4.8
661 5 -8.000 -75.000 3.8
662 5 -8.000 -74.000 3.8
663 4 -8.000 -73.000 3.7
664 4 -8.000 -72.000 3.7
665 4 -8.000 -71.000 3.8
666 4 -8.000 -70.000 3.8
667 1 -8.000 -69.000 3.8
668 1 -8.000 -68.000 3.8
669 6 -8.000 -67.000 3.7
670 6 -8.000 -66.000 3.8
671 6 -8.000 -65.000 3.9
672 6 -8.000 -64.000 4.0
673 6 -8.000 -63.000 4.0
674 6 -8.000 -62.000 4.1
675 7 -8.000 -61.000 4.1
676 7 -8.000 -60.000 4.0
677 7 -8.000 -59.000 4.0
678 8 -8.000 -58.000 3.9
679 8 -8.000 -57.000 4.0
680 8 -8.000 -56.000 4.0
681 8 -8.000 -55.000 4.1
682 8 -8.000 -54.000 4.2
683 8 -8.000 -53.000 4.2
684 2 -8.000 -52.000 4.2
685 2 -8.000 -51.000 4.1
686 2 -8.000 -50.000 4.0
687 5 -8.000 -49.000 4.0
688 5 -8.000 -48.000 4.1
689 5 -8.000 -47.000 4.2
690 5 -8.000 -46.000 4.2
691 5 -8.000 -45.000 4.3
692 5 -8.000 -44.000 4.3
693 5 -8.000 -43.000 4.4
694 5 -8.000 -42.000 4.4
695 5 -8.000 -41.000 4.5
696 5 -8.000 -40.000 4.5
697 5 -8.000 -39.000 4.5
698 5 -8.000 -38.000 4.6
699 5 -8.000 -37.000 4.6
700 5 -8.000 -36.000 4.7
701 5 -8.000 -35.000 4.7
702 10 -8.000 -34.000 4.7
703 10 -8.000 -33.000 4.8
704 10 -8.000 -32.000 4.8
705 5 -9.000 -75.000 3.8
706 5 -9.000 -74.000 3.8
707 4 -9.000 -73.000 3.8
708 4 -9.000 -72.000 3.8
709 4 -9.000 -71.000 3.9
710 4 -9.000 -70.000 3.9
711 1 -9.000 -69.000 3.9
712 1 -9.000 -68.000 3.8
713 1 -9.000 -67.000 3.8
714 6 -9.000 -66.000 3.8
715 6 -9.000 -65.000 3.9
716 6 -9.000 -64.000 3.9
717 6 -9.000 -63.000 4.0
718 6 -9.000 -62.000 4.1
719 7 -9.000 -61.000 4.0
720 7 -9.000 -60.000 4.0
721 7 -9.000 -59.000 3.9
722 8 -9.000 -58.000 3.9
723 8 -9.000 -57.000 4.0
724 8 -9.000 -56.000 4.0
725 8 -9.000 -55.000 4.1
726 8 -9.000 -54.000 4.1
727 8 -9.000 -53.000 4.2
728 2 -9.000 -52.000 4.2
729 2 -9.000 -51.000 4.1
730 2 -9.000 -50.000 4.0
731 5 -9.000 -49.000 4.0
732 5 -9.000 -48.000 4.1
733 5 -9.000 -47.000 4.2
734 5 -9.000 -46.000 4.2
735 5 -9.000 -45.000 4.3
736 5 -9.000 -44.000 4.3
737 5 -9.000 -43.000 4.4
738 5 -9.000 -42.000 4.4
739 5 -9.000 -41.000 4.5
740 5 -9.000 -40.000 4.5
741 5 -9.000 -39.000 4.5
742 5 -9.000 -38.000 4.6
743 5 -9.000 -37.000 4.6
744 10 -9.000 -36.000 4.7
745 10 -9.000 -35.000 4.7
746 10 -9.000 -34.000 4.7
747 10 -9.000 -33.000 4.7
748 10 -9.000 -32.000 4.8
749 5 -10.000 -75.000 3.8
750 4 -10.000 -74.000 3.8
751 4 -10.000 -73.000 3.8
752 4 -10.000 -72.000 3.9
753 4 -10.000 -71.000 3.9
754 9 -10.000 -70.000 3.9
755 9 -10.000 -69.000 3.9
756 1 -10.000 -68.000 3.9
757 1 -10.000 -67.000 3.8
758 1 -10.000 -66.000 3.8
759 6 -10.000 -65.000 3.8
760 6 -10.000 -64.000 3.9
761 6 -10.000 -63.000 4.0
762 9 -10.000 -62.000 4.0
763 7 -10.000 -61.000 4.0
764 7 -10.000 -60.000 3.9
765 7 -10.000 -59.000 3.9
766 8 -10.000 -58.000 3.8
767 8 -10.000 -57.000 3.9
768 8 -10.000 -56.000 4.0
769 8 -10.000 -55.000 4.0
770 8 -10.000 -54.000 4.1
771 8 -10.000 -53.000 4.2
772 2 -10.000 -52.000 4.2
773 2 -10.000 -51.000 4.1
774 2 -10.000 -50.000 4.1
775 1 -10.000 -49.000 4.0
776 1 -10.000 -48.000 4.1
777 5 -10.000 -47.000 4.2
778 5 -10.000 -46.000 4.2
779 5 -10.000 -45.000 4.3
780 5 -10.000 -44.000 4.3
781 5 -10.000 -43.000 4.4
782 5 -10.000 -42.000 4.4
783 5 -10.000 -41.000 4.5
784 5 -10.000 -40.000 4.5
785 10 -10.000 -39.000 4.5
786 10 -10.000 -38.000 4.6
787 10 -10.000 -37.000 4.6
788 10 -10.000 -36.000 4.6
789 10 -10.000 -35.000 4.7
790 10 -10.000 -34.000 4.7
791 1 -10.000 -33.000 4.7
792 1 -10.000 -32.000 4.8
793 5 -11.000 -75.000 3.9
794 4 -11.000 -74.000 3.9
795 9 -11.000 -73.000 3.9
796 9 -11.000 -72.000 3.9
797 9 -11.000 -71.000 3.8
798 9 -11.000 -70.000 3.8
799 9 -11.000 -69.000 3.8
800 9 -11.000 -68.000 3.8
801 9 -11.000 -67.000 3.8
802 1 -11.000 -66.000 3.9
803 6 -11.000 -65.000 3.8
804 9 -11.000 -64.000 3.9
805 9 -11.000 -63.000 3.9
806 9 -11.000 -62.000 4.0
807 7 -11.000 -61.000 4.0
808 7 -11.000 -60.000 3.9
809 7 -11.000 -59.000 3.8
810 8 -11.000 -58.000 3.8
811 8 -11.000 -57.000 3.9
812 8 -11.000 -56.000 3.9
813 8 -11.000 -55.000 4.0
814 8 -11.000 -54.000 4.1
815 8 -11.000 -53.000 4.1
816 10 -11.000 -52.000 4.2
817 2 -11.000 -51.000 4.1
818 2 -11.000 -50.000 4.1
819 1 -11.000 -49.000 4.1
820 1 -11.000 -48.000 4.1
821 1 -11.000 -47.000 4.2
822 1 -11.000 -46.000 4.2
823 1 -11.000 -45.000 4.3
824 5 -11.000 -44.000 4.3
825 5 -11.000 -43.000 4.4
826 5 -11.000 -42.000 4.4
827 10 -11.000 -41.000 4.5
828 10 -11.000 -40.000 4.5
829 1 -11.000 -39.000 4.5
830 1 -11.000 -38.000 4.6
831 1 -11.000 -37.000 4.6
832 1 -11.000 -36.000 4.6
833 1 -11.000 -35.000 4.7
834 1 -11.000 -34.000 4.7
835 1 -11.000 -33.000 4.7
836 1 -11.000 -32.000 4.8
837 9 -12.000 -75.000 3.9
838 9 -12.000 -74.000 3.8
839 9 -12.000 -73.000 3.8
840 9 -12.000 -72.000 3.8
841 9 -12.000 -71.000 3.8
842 9 -12.000 -70.000 3.7
843 9 -12.000 -69.000 3.7
844 9 -12.000 -68.000 3.7
845 9 -12.000 -67.000 3.8
846 9 -12.000 -66.000 3.8
847 6 -12.000 -65.000 3.8
848 1 -12.000 -64.000 3.9
849 9 -12.000 -63.000 3.9
850 9 -12.000 -62.000 3.9
851 9 -12.000 -61.000 3.9
852 7 -12.000 -60.000 3.9
853 1 -12.000 -59.000 3.8
854 1 -12.000 -58.000 3.8
855 1 -12.000 -57.000 3.8
856 8 -12.000 -56.000 3.9
857 8 -12.000 -55.000 4.0
858 8 -12.000 -54.000 4.0
859 10 -12.000 -53.000 4.1
860 10 -12.000 -52.000 4.1
861 10 -12.000 -51.000 4.1
862 2 -12.000 -50.000 4.1
863 1 -12.000 -49.000 4.1
864 1 -12.000 -48.000 4.2
865 1 -12.000 -47.000 4.2
866 1 -12.000 -46.000 4.3
867 10 -12.000 -45.000 4.3
868 5 -12.000 -44.000 4.3
869 5 -12.000 -43.000 4.4
870 5 -12.000 -42.000 4.4
871 1 -12.000 -41.000 4.5
872 1 -12.000 -40.000 4.5
873 1 -12.000 -39.000 4.5
874 1 -12.000 -38.000 4.6
875 1 -12.000 -37.000 4.6
876 1 -12.000 -36.000 4.7
877 1 -12.000 -35.000 4.7
878 1 -12.000 -34.000 4.7
879 1 -12.000 -33.000 4.7
880 1 -12.000 -32.000 4.8
881 5 -13.000 -75.000 3.9
882 5 -13.000 -74.000 3.8
883 5 -13.000 -73.000 3.7
884 9 -13.000 -72.000 3.7
885 9 -13.000 -71.000 3.7
886 9 -13.000 -70.000 3.6
887 9 -13.000 -69.000 3.6
888 9 -13.000 -68.000 3.6
889 9 -13.000 -67.000 3.7
890 6 -13.000 -66.000 3.7
891 6 -13.000 -65.000 3.8
892 6 -13.000 -64.000 3.9
893 1 -13.000 -63.000 3.9
894 1 -13.000 -62.000 3.9
895 1 -13.000 -61.000 3.9
896 1 -13.000 -60.000 3.9
897 1 -13.000 -59.000 3.9
898 1 -13.000 -58.000 3.9
899 1 -13.000 -57.000 3.9
900 1 -13.000 -56.000 3.9
901 1 -13.000 -55.000 4.0
902 10 -13.000 -54.000 4.0
903 1 -13.000 -53.000 4.0
904 1 -13.000 -52.000 4.1
905 1 -13.000 -51.000 4.1
906 2 -13.000 -50.000 4.1
907 10 -13.000 -49.000 4.1
908 10 -13.000 -48.000 4.2
909 10 -13.000 -47.000 4.2
910 5 -13.000 -46.000 4.2
911 5 -13.000 -45.000 4.3
912 5 -13.000 -44.000 4.3
913 5 -13.000 -43.000 4.4
914 5 -13.000 -42.000 4.4
915 5 -13.000 -41.000 4.5
916 5 -13.000 -40.000 4.5
917 5 -13.000 -39.000 4.6
918 1 -13.000 -38.000 4.6
919 1 -13.000 -37.000 4.6
920 1 -13.000 -36.000 4.7
921 1 -13.000 -35.000 4.7
922 1 -13.000 -34.000 4.7
923 1 -13.000 -33.000 4.8
924 1 -13.000 -32.000 4.8
925 5 -14.000 -75.000 3.9
926 5 -14.000 -74.000 3.8
927 5 -14.000 -73.000 3.8
928 5 -14.000 -72.000 3.7
929 5 -14.000 -71.000 3.6
930 9 -14.000 -70.000 3.5
931 9 -14.000 -69.000 3.5
932 6 -14.000 -68.000 3.6
933 6 -14.000 -67.000 3.7
934 6 -14.000 -66.000 3.8
935 6 -14.000 -65.000 3.8
936 6 -14.000 -64.000 3.9
937 10 -14.000 -63.000 4.0
938 10 -14.000 -62.000 4.0
939 7 -14.000 -61.000 3.9
940 9 -14.000 -60.000 3.9
941 10 -14.000 -59.000 3.9
942 10 -14.000 -58.000 3.9
943 10 -14.000 -57.000 3.9
944 10 -14.000 -56.000 3.9
945 8 -14.000 -55.000 3.9
946 8 -14.000 -54.000 4.0
947 8 -14.000 -53.000 4.1
948 1 -14.000 -52.000 4.1
949 1 -14.000 -51.000 4.2
950 2 -14.000 -50.000 4.2
951 2 -14.000 -49.000 4.1
952 5 -14.000 -48.000 4.1
953 5 -14.000 -47.000 4.2
954 5 -14.000 -46.000 4.2
955 5 -14.000 -45.000 4.3
956 5 -14.000 -44.000 4.3
957 5 -14.000 -43.000 4.4
958 5 -14.000 -42.000 4.4
959 5 -14.000 -41.000 4.5
960 5 -14.000 -40.000 4.5
961 5 -14.000 -39.000 4.6
962 5 -14.000 -38.000 4.6
963 5 -14.000 -37.000 4.6
964 5 -14.000 -36.000 4.7
965 1 -14.000 -35.000 4.7
966 1 -14.000 -34.000 4.7
967 1 -14.000 -33.000 4.8
968 1 -14.000 -32.000 4.8
969 5 -15.000 -75.000 4.0
970 5 -15.000 -74.000 3.9
971 5 -15.000 -73.000 3.8
972 5 -15.000 -72.000 3.7
973 5 -15.000 -71.000 3.6
974 5 -15.000 -70.000 3.6
975 5 -15.000 -69.000 3.5
976 6 -15.000 -68.000 3.6
977 6 -15.000 -67.000 3.7
978 6 -15.000 -66.000 3.8
979 6 -15.000 -65.000 3.9
980 6 -15.000 -64.000 3.9
981 10 -15.000 -63.000 3.9
982 10 -15.000 -62.000 3.9
983 10 -15.000 -61.000 3.9
984 7 -15.000 -60.000 3.8
985 10 -15.000 -59.000 3.8
986 10 -15.000 -58.000 3.8
987 10 -15.000 -57.000 3.8
988 8 -15.000 -56.000 3.8
989 8 -15.000 -55.000 3.9
990 8 -15.000 -54.000 4.0
991 8 -15.000 -53.000 4.1
992 8 -15.000 -52.000 4.1
993 8 -15.000 -51.000 4.2
994 2 -15.000 -50.000 4.2
995 2 -15.000 -49.000 4.1
996 5 -15.000 -48.000 4.2
997 5 -15.000 -47.000 4.2
998 5 -15.000 -46.000 4.3
999 5 -15.000 -45.000 4.3
1000 5 -15.000 -44.000 4.4
1001 5 -15.000 -43.000 4.4
1002 5 -15.000 -42.000 4.5
1003 5 -15.000 -41.000 4.5
1004 5 -15.000 -40.000 4.5
1005 5 -15.000 -39.000 4.6
1006 5 -15.000 -38.000 4.6
1007 5 -15.000 -37.000 4.7
1008 5 -15.000 -36.000 4.7
1009 5 -15.000 -35.000 4.7
1010 5 -15.000 -34.000 4.8
1011 5 -15.000 -33.000 4.8
1012 5 -15.000 -32.000 4.8
1013 5 -16.000 -75.000 4.0
1014 5 -16.000 -74.000 3.9
1015 5 -16.000 -73.000 3.9
1016 5 -16.000 -72.000 3.8
1017 5 -16.000 -71.000 3.7
1018 5 -16.000 -70.000 3.6
1019 5 -16.000 -69.000 3.6
1020 6 -16.000 -68.000 3.6
1021 6 -16.000 -67.000 3.7
1022 6 -16.000 -66.000 3.8
1023 6 -16.000 -65.000 3.9
1024 10 -16.000 -64.000 3.9
1025 10 -16.000 -63.000 3.8
1026 10 -16.000 -62.000 3.8
1027 10 -16.000 -61.000 3.8
1028 9 -16.000 -60.000 3.8
1029 7 -16.000 -59.000 3.7
1030 10 -16.000 -58.000 3.7
1031 8 -16.000 -57.000 3.8
1032 8 -16.000 -56.000 3.8
1033 8 -16.000 -55.000 3.9
1034 8 -16.000 -54.000 4.0
1035 8 -16.000 -53.000 4.0
1036 8 -16.000 -52.000 4.1
1037 8 -16.000 -51.000 4.2
1038 2 -16.000 -50.000 4.2
1039 2 -16.000 -49.000 4.2
1040 5 -16.000 -48.000 4.2
1041 5 -16.000 -47.000 4.2
1042 5 -16.000 -46.000 4.3
1043 5 -16.000 -45.000 4.3
1044 5 -16.000 -44.000 4.4
1045 5 -16.000 -43.000 4.4
1046 5 -16.000 -42.000 4.5
1047 5 -16.000 -41.000 4.5
1048 5 -16.000 -40.000 4.5
1049 5 -16.000 -39.000 4.6
1050 5 -16.000 -38.000 4.6
1051 5 -16.000 -37.000 4.7
1052 5 -16.000 -36.000 4.7
1053 5 -16.000 -35.000 4.7
1054 5 -16.000 -34.000 4.8
1055 5 -16.000 -33.000 4.8
1056 5 -16.000 -32.000 4.8
1057 11 -17.000 -75.000 3.9
1058 11 -17.000 -74.000 3.9
1059 11 -17.000 -73.000 3.9
1060 5 -17.000 -72.000 3.8
1061 5 -17.000 -71.000 3.8
1062 5 -17.000 -70.000 3.7
1063 5 -17.000 -69.000 3.7
1064 6 -17.000 -68.000 3.7
1065 6 -17.000 -67.000 3.8
1066 6 -17.000 -66.000 3.8
1067 10 -17.000 -65.000 3.8
1068 10 -17.000 -64.000 3.8
1069 10 -17.000 -63.000 3.8
1070 10 -17.000 -62.000 3.7
1071 10 -17.000 -61.000 3.7
1072 9 -17.000 -60.000 3.7
1073 7 -17.000 -59.000 3.7
1074 8 -17.000 -58.000 3.6
1075 8 -17.000 -57.000 3.8
1076 8 -17.000 -56.000 3.8
1077 8 -17.000 -55.000 3.9
1078 8 -17.000 -54.000 4.0
1079 8 -17.000 -53.000 4.0
1080 8 -17.000 -52.000 4.1
1081 8 -17.000 -51.000 4.2
1082 8 -17.000 -50.000 4.2
1083 2 -17.000 -49.000 4.2
1084 5 -17.000 -48.000 4.2
1085 5 -17.000 -47.000 4.3
1086 5 -17.000 -46.000 4.3
1087 5 -17.000 -45.000 4.3
1088 5 -17.000 -44.000 4.4
1089 5 -17.000 -43.000 4.4
1090 5 -17.000 -42.000 4.5
1091 5 -17.000 -41.000 4.5
1092 5 -17.000 -40.000 4.5
1093 5 -17.000 -39.000 4.6
1094 5 -17.000 -38.000 4.6
1095 5 -17.000 -37.000 4.7
1096 5 -17.000 -36.000 4.7
1097 5 -17.000 -35.000 4.7
1098 5 -17.000 -34.000 4.8
1099 5 -17.000 -33.000 4.8
1100 5 -17.000 -32.000 4.8
1101 11 -18.000 -75.000 3.8
1102 11 -18.000 -74.000 3.8
1103 11 -18.000 -73.000 3.8
1104 11 -18.000 -72.000 3.8
1105 11 -18.000 -71.000 3.8
1106 11 -18.000 -70.000 3.8
1107 5 -18.000 -69.000 3.7
1108 6 -18.000 -68.000 3.7
1109 6 -18.000 -67.000 3.8
1110 10 -18.000 -66.000 3.8
1111 10 -18.000 -65.000 3.8
1112 10 -18.000 -64.000 3.7
1113 10 -18.000 -63.000 3.7
1114 10 -18.000 -62.000 3.6
1115 5 -18.000 -61.000 3.6
1116 5 -18.000 -60.000 3.6
1117 9 -18.000 -59.000 3.7
1118 5 -18.000 -58.000 3.7
1119 5 -18.000 -57.000 3.8
1120 8 -18.000 -56.000 3.8
1121 8 -18.000 -55.000 3.9
1122 8 -18.000 -54.000 4.0
1123 8 -18.000 -53.000 4.1
1124 8 -18.000 -52.000 4.1
1125 8 -18.000 -51.000 4.2
1126 8 -18.000 -50.000 4.2
1127 2 -18.000 -49.000 4.3
1128 5 -18.000 -48.000 4.2
1129 5 -18.000 -47.000 4.3
1130 5 -18.000 -46.000 4.3
1131 5 -18.000 -45.000 4.4
1132 5 -18.000 -44.000 4.4
1133 5 -18.000 -43.000 4.5
1134 5 -18.000 -42.000 4.5
1135 5 -18.000 -41.000 4.5
1136 5 -18.000 -40.000 4.6
1137 5 -18.000 -39.000 4.6
1138 5 -18.000 -38.000 4.6
1139 5 -18.000 -37.000 4.7
1140 5 -18.000 -36.000 4.7
1141 5 -18.000 -35.000 4.7
1142 5 -18.000 -34.000 4.8
1143 5 -18.000 -33.000 4.8
1144 5 -18.000 -32.000 4.8
1145 11 -19.000 -75.000 3.8
1146 11 -19.000 -74.000 3.7
1147 11 -19.000 -73.000 3.7
1148 11 -19.000 -72.000 3.7
1149 11 -19.000 -71.000 3.7
1150 11 -19.000 -70.000 3.7
1151 6 -19.000 -69.000 3.7
1152 6 -19.000 -68.000 3.8
1153 5 -19.000 -67.000 3.8
1154 10 -19.000 -66.000 3.8
1155 5 -19.000 -65.000 3.7
1156 5 -19.000 -64.000 3.7
1157 5 -19.000 -63.000 3.7
1158 5 -19.000 -62.000 3.7
1159 5 -19.000 -61.000 3.7
1160 5 -19.000 -60.000 3.7
1161 5 -19.000 -59.000 3.8
1162 9 -19.000 -58.000 3.8
1163 9 -19.000 -57.000 3.8
1164 5 -19.000 -56.000 3.9
1165 5 -19.000 -55.000 3.9
1166 8 -19.000 -54.000 4.0
1167 8 -19.000 -53.000 4.1
1168 8 -19.000 -52.000 4.1
1169 8 -19.000 -51.000 4.2
1170 8 -19.000 -50.000 4.2
1171 2 -19.000 -49.000 4.3
1172 5 -19.000 -48.000 4.3
1173 5 -19.000 -47.000 4.3
1174 5 -19.000 -46.000 4.3
1175 5 -19.000 -45.000 4.4
1176 5 -19.000 -44.000 4.4
1177 5 -19.000 -43.000 4.5
1178 5 -19.000 -42.000 4.5
1179 5 -19.000 -41.000 4.5
1180 5 -19.000 -40.000 4.6
1181 5 -19.000 -39.000 4.6
1182 5 -19.000 -38.000 4.7
1183 5 -19.000 -37.000 4.7
1184 5 -19.000 -36.000 4.7
1185 5 -19.000 -35.000 4.8
1186 5 -19.000 -34.000 4.8
1187 5 -19.000 -33.000 4.8
1188 5 -19.000 -32.000 4.8
1189 11 -20.000 -75.000 3.7
1190 11 -20.000 -74.000 3.6
1191 11 -20.000 -73.000 3.6
1192 6 -20.000 -72.000 3.6
1193 6 -20.000 -71.000 3.7
1194 6 -20.000 -70.000 3.7
1195 6 -20.000 -69.000 3.8
1196 10 -20.000 -68.000 3.8
1197 10 -20.000 -67.000 3.8
1198 10 -20.000 -66.000 3.7
1199 11 -20.000 -65.000 3.7
1200 11 -20.000 -64.000 3.8
1201 5 -20.000 -63.000 3.8
1202 5 -20.000 -62.000 3.8
1203 5 -20.000 -61.000 3.8
1204 5 -20.000 -60.000 3.8
1205 7 -20.000 -59.000 3.8
1206 9 -20.000 -58.000 3.7
1207 9 -20.000 -57.000 3.8
1208 9 -20.000 -56.000 3.9
1209 9 -20.000 -55.000 4.0
1210 9 -20.000 -54.000 4.0
1211 8 -20.000 -53.000 4.1
1212 8 -20.000 -52.000 4.1
1213 8 -20.000 -51.000 4.2
1214 8 -20.000 -50.000 4.3
1215 8 -20.000 -49.000 4.3
1216 2 -20.000 -48.000 4.3
1217 5 -20.000 -47.000 4.3
1218 5 -20.000 -46.000 4.4
1219 5 -20.000 -45.000 4.4
1220 5 -20.000 -44.000 4.5
1221 5 -20.000 -43.000 4.5
1222 5 -20.000 -42.000 4.5
1223 5 -20.000 -41.000 4.6
1224 5 -20.000 -40.000 4.6
1225 5 -20.000 -39.000 4.6
1226 5 -20.000 -38.000 4.7
1227 5 -20.000 -37.000 4.7
1228 5 -20.000 -36.000 4.7
1229 5 -20.000 -35.000 4.8
1230 12 -20.000 -34.000 4.8
1231 12 -20.000 -33.000 4.8
1232 12 -20.000 -32.000 4.8
1233 6 -21.000 -75.000 3.6
1234 6 -21.000 -74.000 3.6
1235 6 -21.000 -73.000 3.6
1236 6 -21.000 -72.000 3.7
1237 6 -21.000 -71.000 3.7
1238 6 -21.000 -70.000 3.8
1239 6 -21.000 -69.000 3.8
1240 10 -21.000 -68.000 3.8
1241 10 -21.000 -67.000 3.7
1242 10 -21.000 -66.000 3.6
1243 11 -21.000 -65.000 3.6
1244 11 -21.000 -64.000 3.7
1245 11 -21.000 -63.000 3.7
1246 11 -21.000 -62.000 3.8
1247 11 -21.000 -61.000 3.9
1248 5 -21.000 -60.000 3.9
1249 7 -21.000 -59.000 3.8
1250 7 -21.000 -58.000 3.8
1251 8 -21.000 -57.000 3.8
1252 8 -21.000 -56.000 3.9
1253 8 -21.000 -55.000 4.0
1254 8 -21.000 -54.000 4.0
1255 8 -21.000 -53.000 4.1
1256 8 -21.000 -52.000 4.2
1257 5 -21.000 -51.000 4.2
1258 9 -21.000 -50.000 4.3
1259 9 -21.000 -49.000 4.3
1260 2 -21.000 -48.000 4.3
1261 5 -21.000 -47.000 4.4
1262 5 -21.000 -46.000 4.4
1263 5 -21.000 -45.000 4.4
1264 5 -21.000 -44.000 4.5
1265 5 -21.000 -43.000 4.5
1266 5 -21.000 -42.000 4.5
1267 5 -21.000 -41.000 4.6
1268 5 -21.000 -40.000 4.6
1269 12 -21.000 -39.000 4.6
1270 12 -21.000 -38.000 4.7
1271 12 -21.000 -37.000 4.7
1272 12 -21.000 -36.000 4.7
1273 12 -21.000 -35.000 4.7
1274 12 -21.000 -34.000 4.8
1275 12 -21.000 -33.000 4.8
1276 12 -21.000 -32.000 4.8
1277 6 -22.000 -75.000 3.7
1278 6 -22.000 -74.000 3.7
1279 6 -22.000 -73.000 3.7
1280 6 -22.000 -72.000 3.8
1281 6 -22.000 -71.000 3.8
1282 6 -22.000 -70.000 3.9
1283 10 -22.000 -69.000 3.8
1284 10 -22.000 -68.000 3.7
1285 10 -22.000 -67.000 3.7
1286 10 -22.000 -66.000 3.6
1287 11 -22.000 -65.000 3.5
1288 11 -22.000 -64.000 3.6
1289 11 -22.000 -63.000 3.7
1290 11 -22.000 -62.000 3.7
1291 11 -22.000 -61.000 3.8
1292 11 -22.000 -60.000 3.9
1293 7 -22.000 -59.000 3.9
1294 7 -22.000 -58.000 3.8
1295 8 -22.000 -57.000 3.9
1296 8 -22.000 -56.000 3.9
1297 8 -22.000 -55.000 4.0
1298 8 -22.000 -54.000 4.0
1299 8 -22.000 -53.000 4.1
1300 8 -22.000 -52.000 4.2
1301 8 -22.000 -51.000 4.2
1302 8 -22.000 -50.000 4.3
1303 5 -22.000 -49.000 4.3
1304 5 -22.000 -48.000 4.3
1305 9 -22.000 -47.000 4.4
1306 5 -22.000 -46.000 4.4
1307 12 -22.000 -45.000 4.5
1308 12 -22.000 -44.000 4.5
1309 12 -22.000 -43.000 4.5
1310 12 -22.000 -42.000 4.5
1311 12 -22.000 -41.000 4.6
1312 12 -22.000 -40.000 4.6
1313 12 -22.000 -39.000 4.6
1314 12 -22.000 -38.000 4.6
1315 12 -22.000 -37.000 4.7
1316 12 -22.000 -36.000 4.7
1317 12 -22.000 -35.000 4.7
1318 12 -22.000 -34.000 4.7
1319 12 -22.000 -33.000 4.8
1320 12 -22.000 -32.000 4.8
1321 6 -23.000 -75.000 3.8
1322 6 -23.000 -74.000 3.8
1323 6 -23.000 -73.000 3.8
1324 6 -23.000 -72.000 3.9
1325 6 -23.000 -71.000 3.9
1326 10 -23.000 -70.000 3.9
1327 10 -23.000 -69.000 3.8
1328 10 -23.000 -68.000 3.7
1329 10 -23.000 -67.000 3.6
1330 10 -23.000 -66.000 3.5
1331 11 -23.000 -65.000 3.4
1332 11 -23.000 -64.000 3.5
1333 11 -23.000 -63.000 3.6
1334 11 -23.000 -62.000 3.7
1335 11 -23.000 -61.000 3.7
1336 11 -23.000 -60.000 3.8
1337 11 -23.000 -59.000 3.9
1338 7 -23.000 -58.000 3.9
1339 8 -23.000 -57.000 3.9
1340 8 -23.000 -56.000 4.0
1341 8 -23.000 -55.000 4.0
1342 8 -23.000 -54.000 4.1
1343 8 -23.000 -53.000 4.1
1344 8 -23.000 -52.000 4.2
1345 8 -23.000 -51.000 4.2
1346 12 -23.000 -50.000 4.3
1347 12 -23.000 -49.000 4.3
1348 9 -23.000 -48.000 4.3
1349 9 -23.000 -47.000 4.4
1350 12 -23.000 -46.000 4.4
1351 12 -23.000 -45.000 4.4
1352 12 -23.000 -44.000 4.5
1353 12 -23.000 -43.000 4.5
1354 12 -23.000 -42.000 4.5
1355 12 -23.000 -41.000 4.5
1356 12 -23.000 -40.000 4.6
1357 12 -23.000 -39.000 4.6
1358 12 -23.000 -38.000 4.6
1359 12 -23.000 -37.000 4.6
1360 12 -23.000 -36.000 4.7
1361 12 -23.000 -35.000 4.7
1362 12 -23.000 -34.000 4.7
1363 12 -23.000 -33.000 4.7
1364 12 -23.000 -32.000 4.8
1365 6 -24.000 -75.000 3.9
1366 6 -24.000 -74.000 3.9
1367 6 -24.000 -73.000 3.9
1368 6 -24.000 -72.000 3.9
1369 10 -24.000 -71.000 3.9
1370 10 -24.000 -70.000 3.8
1371 10 -24.000 -69.000 3.8
1372 10 -24.000 -68.000 3.7
1373 10 -24.000 -67.000 3.6
1374 10 -24.000 -66.000 3.5
1375 8 -24.000 -65.000 3.5
1376 8 -24.000 -64.000 3.5
1377 8 -24.000 -63.000 3.6
1378 8 -24.000 -62.000 3.6
1379 8 -24.000 -61.000 3.7
1380 8 -24.000 -60.000 3.8
1381 11 -24.000 -59.000 3.8
1382 11 -24.000 -58.000 3.9
1383 8 -24.000 -57.000 3.9
1384 8 -24.000 -56.000 4.0
1385 8 -24.000 -55.000 4.0
1386 8 -24.000 -54.000 4.1
1387 12 -24.000 -53.000 4.2
1388 12 -24.000 -52.000 4.2
1389 12 -24.000 -51.000 4.2
1390 9 -24.000 -50.000 4.2
1391 9 -24.000 -49.000 4.3
1392 9 -24.000 -48.000 4.3
1393 9 -24.000 -47.000 4.4
1394 2 -24.000 -46.000 4.4
1395 2 -24.000 -45.000 4.4
1396 12 -24.000 -44.000 4.4
1397 12 -24.000 -43.000 4.4
1398 12 -24.000 -42.000 4.5
1399 12 -24.000 -41.000 4.5
1400 12 -24.000 -40.000 4.5
1401 12 -24.000 -39.000 4.6
1402 12 -24.000 -38.000 4.6
1403 12 -24.000 -37.000 4.6
1404 12 -24.000 -36.000 4.6
1405 12 -24.000 -35.000 4.7
1406 12 -24.000 -34.000 4.7
1407 12 -24.000 -33.000 4.7
1408 12 -24.000 -32.000 4.8
1409 6 -25.000 -75.000 4.0
1410 6 -25.000 -74.000 4.0
1411 6 -25.000 -73.000 4.0
1412 10 -25.000 -72.000 4.0
1413 10 -25.000 -71.000 3.9
1414 10 -25.000 -70.000 3.8
1415 10 -25.000 -69.000 3.7
1416 10 -25.000 -68.000 3.6
1417 10 -25.000 -67.000 3.5
1418 8 -25.000 -66.000 3.6
1419 8 -25.000 -65.000 3.6
1420 8 -25.000 -64.000 3.6
1421 8 -25.000 -63.000 3.7
1422 8 -25.000 -62.000 3.7
1423 8 -25.000 -61.000 3.8
1424 8 -25.000 -60.000 3.8
1425 8 -25.000 -59.000 3.9
1426 8 -25.000 -58.000 3.9
1427 11 -25.000 -57.000 3.9
1428 11 -25.000 -56.000 4.0
1429 12 -25.000 -55.000 4.0
1430 12 -25.000 -54.000 4.1
1431 12 -25.000 -53.000 4.1
1432 9 -25.000 -52.000 4.1
1433 9 -25.000 -51.000 4.2
1434 9 -25.000 -50.000 4.2
1435 9 -25.000 -49.000 4.3
1436 9 -25.000 -48.000 4.3
1437 9 -25.000 -47.000 4.4
1438 9 -25.000 -46.000 4.4
1439 2 -25.000 -45.000 4.4
1440 2 -25.000 -44.000 4.4
1441 12 -25.000 -43.000 4.4
1442 12 -25.000 -42.000 4.4
1443 12 -25.000 -41.000 4.5
1444 12 -25.000 -40.000 4.5
1445 12 -25.000 -39.000 4.5
1446 12 -25.000 -38.000 4.6
1447 12 -25.000 -37.000 4.6
1448 12 -25.000 -36.000 4.6
1449 12 -25.000 -35.000 4.7
1450 12 -25.000 -34.000 4.7
1451 12 -25.000 -33.000 4.7
1452 12 -25.000 -32.000 4.7
1453 6 -26.000 -75.000 4.0
1454 6 -26.000 -74.000 4.0
1455 10 -26.000 -73.000 4.0
1456 10 -26.000 -72.000 4.0
1457 10 -26.000 -71.000 3.9
1458 10 -26.000 -70.000 3.8
1459 10 -26.000 -69.000 3.7
1460 8 -26.000 -68.000 3.6
1461 8 -26.000 -67.000 3.7
1462 8 -26.000 -66.000 3.7
1463 8 -26.000 -65.000 3.7
1464 8 -26.000 -64.000 3.7
1465 8 -26.000 -63.000 3.8
1466 8 -26.000 -62.000 3.8
1467 8 -26.000 -61.000 3.8
1468 12 -26.000 -60.000 3.9
1469 12 -26.000 -59.000 3.9
1470 12 -26.000 -58.000 3.9
1471 12 -26.000 -57.000 3.9
1472 12 -26.000 -56.000 4.0
1473 12 -26.000 -55.000 4.0
1474 9 -26.000 -54.000 4.0
1475 9 -26.000 -53.000 4.1
1476 9 -26.000 -52.000 4.1
1477 9 -26.000 -51.000 4.2
1478 9 -26.000 -50.000 4.2
1479 9 -26.000 -49.000 4.3
1480 9 -26.000 -48.000 4.3
1481 9 -26.000 -47.000 4.4
1482 9 -26.000 -46.000 4.4
1483 2 -26.000 -45.000 4.5
1484 2 -26.000 -44.000 4.5
1485 2 -26.000 -43.000 4.4
1486 2 -26.000 -42.000 4.4
1487 12 -26.000 -41.000 4.4
1488 12 -26.000 -40.000 4.5
1489 12 -26.000 -39.000 4.5
1490 12 -26.000 -38.000 4.5
1491 12 -26.000 -37.000 4.6
1492 12 -26.000 -36.000 4.6
1493 12 -26.000 -35.000 4.6
1494 12 -26.000 -34.000 4.7
1495 12 -26.000 -33.000 4.7
1496 12 -26.000 -32.000 4.7
1497 6 -27.000 -75.000 4.1
1498 10 -27.000 -74.000 4.1
1499 10 -27.000 -73.000 4.0
1500 10 -27.000 -72.000 4.0
1501 10 -27.000 -71.000 3.9
1502 10 -27.000 -70.000 3.8
1503 8 -27.000 -69.000 3.8
1504 8 -27.000 -68.000 3.8
1505 8 -27.000 -67.000 3.8
1506 8 -27.000 -66.000 3.8
1507 8 -27.000 -65.000 3.8
1508 12 -27.000 -64.000 3.8
1509 12 -27.000 -63.000 3.8
1510 12 -27.000 -62.000 3.8
1511 12 -27.000 -61.000 3.8
1512 12 -27.000 -60.000 3.8
1513 12 -27.000 -59.000 3.8
1514 12 -27.000 -58.000 3.8
1515 11 -27.000 -57.000 3.9
1516 11 -27.000 -56.000 4.0
1517 9 -27.000 -55.000 4.0
1518 9 -27.000 -54.000 4.0
1519 9 -27.000 -53.000 4.1
1520 9 -27.000 -52.000 4.2
1521 9 -27.000 -51.000 4.2
1522 9 -27.000 -50.000 4.3
1523 9 -27.000 -49.000 4.3
1524 9 -27.000 -48.000 4.3
1525 9 -27.000 -47.000 4.4
1526 9 -27.000 -46.000 4.4
1527 9 -27.000 -45.000 4.5
1528 2 -27.000 -44.000 4.5
1529 2 -27.000 -43.000 4.5
1530 2 -27.000 -42.000 4.5
1531 2 -27.000 -41.000 4.5
1532 2 -27.000 -40.000 4.5
1533 12 -27.000 -39.000 4.5
1534 12 -27.000 -38.000 4.5
1535 12 -27.000 -37.000 4.5
1536 12 -27.000 -36.000 4.6
1537 12 -27.000 -35.000 4.6
1538 12 -27.000 -34.000 4.6
1539 12 -27.000 -33.000 4.7
1540 12 -27.000 -32.000 4.7
1541 12 -28.000 -75.000 4.1
1542 12 -28.000 -74.000 4.0
1543 12 -28.000 -73.000 4.0
1544 12 -28.000 -72.000 4.0
1545 10 -28.000 -71.000 3.9
1546 8 -28.000 -70.000 3.9
1547 12 -28.000 -69.000 3.8
1548 12 -28.000 -68.000 3.8
1549 12 -28.000 -67.000 3.8
1550 12 -28.000 -66.000 3.7
1551 12 -28.000 -65.000 3.7
1552 12 -28.000 -64.000 3.7
1553 12 -28.000 -63.000 3.7
1554 12 -28.000 -62.000 3.7
1555 12 -28.000 -61.000 3.7
1556 12 -28.000 -60.000 3.7
1557 9 -28.000 -59.000 3.7
1558 9 -28.000 -58.000 3.8
1559 11 -28.000 -57.000 3.9
1560 11 -28.000 -56.000 3.9
1561 11 -28.000 -55.000 4.0
1562 9 -28.000 -54.000 4.0
1563 9 -28.000 -53.000 4.1
1564 9 -28.000 -52.000 4.2
1565 9 -28.000 -51.000 4.2
1566 9 -28.000 -50.000 4.3
1567 9 -28.000 -49.000 4.3
1568 9 -28.000 -48.000 4.3
1569 9 -28.000 -47.000 4.4
1570 9 -28.000 -46.000 4.4
1571 9 -28.000 -45.000 4.5
1572 9 -28.000 -44.000 4.5
1573 2 -28.000 -43.000 4.5
1574 2 -28.000 -42.000 4.5
1575 2 -28.000 -41.000 4.5
1576 2 -28.000 -40.000 4.5
1577 2 -28.000 -39.000 4.5
1578 12 -28.000 -38.000 4.5
1579 12 -28.000 -37.000 4.5
1580 12 -28.000 -36.000 4.5
1581 12 -28.000 -35.000 4.6
1582 12 -28.000 -34.000 4.6
1583 12 -28.000 -33.000 4.6
1584 12 -28.000 -32.000 4.7
1585 8 -29.000 -75.000 4.0
1586 8 -29.000 -74.000 4.0
1587 8 -29.000 -73.000 4.0
1588 8 -29.000 -72.000 4.0
1589 10 -29.000 -71.000 3.9
1590 10 -29.000 -70.000 3.8
1591 12 -29.000 -69.000 3.8
1592 12 -29.000 -68.000 3.7
1593 12 -29.000 -67.000 3.7
1594 12 -29.000 -66.000 3.6
1595 12 -29.000 -65.000 3.6
1596 12 -29.000 -64.000 3.6
1597 12 -29.000 -63.000 3.6
1598 12 -29.000 -62.000 3.6
1599 9 -29.000 -61.000 3.6
1600 9 -29.000 -60.000 3.7
1601 9 -29.000 -59.000 3.8
1602 9 -29.000 -58.000 3.8
1603 9 -29.000 -57.000 3.9
1604 9 -29.000 -56.000 4.0
1605 9 -29.000 -55.000 4.0
1606 11 -29.000 -54.000 4.1
1607 11 -29.000 -53.000 4.1
1608 11 -29.000 -52.000 4.2
1609 11 -29.000 -51.000 4.2
1610 11 -29.000 -50.000 4.3
1611 11 -29.000 -49.000 4.3
1612 11 -29.000 -48.000 4.4
1613 11 -29.000 -47.000 4.4
1614 9 -29.000 -46.000 4.5
1615 9 -29.000 -45.000 4.5
1616 9 -29.000 -44.000 4.5
1617 2 -29.000 -43.000 4.6
1618 2 -29.000 -42.000 4.5
1619 2 -29.000 -41.000 4.5
1620 2 -29.000 -40.000 4.5
1621 2 -29.000 -39.000 4.5
1622 2 -29.000 -38.000 4.5
1623 2 -29.000 -37.000 4.5
1624 12 -29.000 -36.000 4.5
1625 12 -29.000 -35.000 4.6
1626 12 -29.000 -34.000 4.6
1627 12 -29.000 -33.000 4.6
1628 12 -29.000 -32.000 4.7
1629 8 -30.000 -75.000 4.1
1630 8 -30.000 -74.000 4.1
1631 10 -30.000 -73.000 4.0
1632 10 -30.000 -72.000 4.0
1633 10 -30.000 -71.000 3.9
1634 10 -30.000 -70.000 3.8
1635 10 -30.000 -69.000 3.8
1636 10 -30.000 -68.000 3.7
1637 10 -30.000 -67.000 3.6
1638 12 -30.000 -66.000 3.5
1639 12 -30.000 -65.000 3.5
1640 9 -30.000 -64.000 3.5
1641 9 -30.000 -63.000 3.6
1642 9 -30.000 -62.000 3.6
1643 9 -30.000 -61.000 3.7
1644 9 -30.000 -60.000 3.8
1645 9 -30.000 -59.000 3.8
1646 9 -30.000 -58.000 3.9
1647 9 -30.000 -57.000 3.9
1648 9 -30.000 -56.000 4.0
1649 9 -30.000 -55.000 4.0
1650 9 -30.000 -54.000 4.1
1651 11 -30.000 -53.000 4.1
1652 11 -30.000 -52.000 4.2
1653 11 -30.000 -51.000 4.2
1654 11 -30.000 -50.000 4.3
1655 11 -30.000 -49.000 4.3
1656 11 -30.000 -48.000 4.4
1657 11 -30.000 -47.000 4.4
1658 11 -30.000 -46.000 4.4
1659 11 -30.000 -45.000 4.5
1660 11 -30.000 -44.000 4.5
1661 11 -30.000 -43.000 4.6
1662 2 -30.000 -42.000 4.6
1663 2 -30.000 -41.000 4.6
1664 2 -30.000 -40.000 4.6
1665 2 -30.000 -39.000 4.6
1666 2 -30.000 -38.000 4.6
1667 2 -30.000 -37.000 4.6
1668 2 -30.000 -36.000 4.6
1669 2 -30.000 -35.000 4.6
1670 12 -30.000 -34.000 4.6
1671 12 -30.000 -33.000 4.6
1672 12 -30.000 -32.000 4.6
1673 8 -31.000 -75.000 4.2
1674 10 -31.000 -74.000 4.1
1675 10 -31.000 -73.000 4.0
1676 10 -31.000 -72.000 4.0
1677 10 -31.000 -71.000 3.9
1678 10 -31.000 -70.000 3.9
1679 10 -31.000 -69.000 3.8
1680 10 -31.000 -68.000 3.7
1681 10 -31.000 -67.000 3.6
1682 10 -31.000 -66.000 3.6
1683 9 -31.000 -65.000 3.6
1684 9 -31.000 -64.000 3.6
1685 9 -31.000 -63.000 3.7
1686 9 -31.000 -62.000 3.7
1687 9 -31.000 -61.000 3.8
1688 9 -31.000 -60.000 3.8
1689 9 -31.000 -59.000 3.9
1690 9 -31.000 -58.000 3.9
1691 9 -31.000 -57.000 4.0
1692 9 -31.000 -56.000 4.0
1693 9 -31.000 -55.000 4.1
1694 9 -31.000 -54.000 4.1
1695 7 -31.000 -53.000 4.2
1696 11 -31.000 -52.000 4.2
1697 11 -31.000 -51.000 4.2
1698 11 -31.000 -50.000 4.3
1699 11 -31.000 -49.000 4.3
1700 11 -31.000 -48.000 4.4
1701 11 -31.000 -47.000 4.4
1702 11 -31.000 -46.000 4.4
1703 11 -31.000 -45.000 4.5
1704 11 -31.000 -44.000 4.5
1705 11 -31.000 -43.000 4.6
1706 11 -31.000 -42.000 4.6
1707 2 -31.000 -41.000 4.6
1708 2 -31.000 -40.000 4.6
1709 2 -31.000 -39.000 4.6
1710 2 -31.000 -38.000 4.6
1711 2 -31.000 -37.000 4.6
1712 2 -31.000 -36.000 4.6
1713 2 -31.000 -35.000 4.6
1714 2 -31.000 -34.000 4.6
1715 2 -31.000 -33.000 4.6
1716 12 -31.000 -32.000 4.6
1717 10 -32.000 -75.000 4.2
1718 10 -32.000 -74.000 4.1
1719 10 -32.000 -73.000 4.1
1720 10 -32.000 -72.000 4.0
1721 10 -32.000 -71.000 4.0
1722 10 -32.000 -70.000 3.9
1723 10 -32.000 -69.000 3.8
1724 10 -32.000 -68.000 3.8
1725 10 -32.000 -67.000 3.7
1726 9 -32.000 -66.000 3.6
1727 9 -32.000 -65.000 3.7
1728 9 -32.000 -64.000 3.7
1729 9 -32.000 -63.000 3.8
1730 9 -32.000 -62.000 3.8
1731 9 -32.000 -61.000 3.8
1732 9 -32.000 -60.000 3.9
1733 9 -32.000 -59.000 3.9
1734 9 -32.000 -58.000 4.0
1735 9 -32.000 -57.000 4.0
1736 9 -32.000 -56.000 4.1
1737 9 -32.000 -55.000 4.1
1738 9 -32.000 -54.000 4.2
1739 9 -32.000 -53.000 4.2
1740 7 -32.000 -52.000 4.2
1741 11 -32.000 -51.000 4.2
1742 11 -32.000 -50.000 4.3
1743 11 -32.000 -49.000 4.3
1744 11 -32.000 -48.000 4.4
1745 11 -32.000 -47.000 4.4
1746 11 -32.000 -46.000 4.4
1747 11 -32.000 -45.000 4.5
1748 11 -32.000 -44.000 4.5
1749 11 -32.000 -43.000 4.5
1750 11 -32.000 -42.000 4.6
1751 11 -32.000 -41.000 4.6
1752 2 -32.000 -40.000 4.7
1753 2 -32.000 -39.000 4.7
1754 2 -32.000 -38.000 4.6
1755 2 -32.000 -37.000 4.6
1756 2 -32.000 -36.000 4.6
1757 2 -32.000 -35.000 4.6
1758 2 -32.000 -34.000 4.6
1759 2 -32.000 -33.000 4.7
1760 2 -32.000 -32.000 4.7
1761 10 -33.000 -75.000 4.2
1762 10 -33.000 -74.000 4.1
1763 10 -33.000 -73.000 4.1
1764 10 -33.000 -72.000 4.0
1765 10 -33.000 -71.000 4.0
1766 10 -33.000 -70.000 3.9
1767 10 -33.000 -69.000 3.9
1768 10 -33.000 -68.000 3.8
1769 10 -33.000 -67.000 3.8
1770 9 -33.000 -66.000 3.8
1771 9 -33.000 -65.000 3.8
1772 9 -33.000 -64.000 3.8
1773 9 -33.000 -63.000 3.8
1774 9 -33.000 -62.000 3.9
1775 9 -33.000 -61.000 3.9
1776 9 -33.000 -60.000 3.9
1777 9 -33.000 -59.000 4.0
1778 9 -33.000 -58.000 4.0
1779 9 -33.000 -57.000 4.1
1780 9 -33.000 -56.000 4.1
1781 9 -33.000 -55.000 4.2
1782 9 -33.000 -54.000 4.2
1783 9 -33.000 -53.000 4.2
1784 7 -33.000 -52.000 4.3
1785 7 -33.000 -51.000 4.2
1786 11 -33.000 -50.000 4.3
1787 11 -33.000 -49.000 4.3
1788 11 -33.000 -48.000 4.4
1789 11 -33.000 -47.000 4.4
1790 11 -33.000 -46.000 4.4
1791 11 -33.000 -45.000 4.5
1792 11 -33.000 -44.000 4.5
1793 11 -33.000 -43.000 4.5
1794 11 -33.000 -42.000 4.6
1795 11 -33.000 -41.000 4.6
1796 11 -33.000 -40.000 4.7
1797 2 -33.000 -39.000 4.7
1798 2 -33.000 -38.000 4.7
1799 2 -33.000 -37.000 4.7
1800 2 -33.000 -36.000 4.7
1801 2 -33.000 -35.000 4.7
1802 2 -33.000 -34.000 4.7
1803 2 -33.000 -33.000 4.7
1804 2 -33.000 -32.000 4.7
1805 10 -34.000 -75.000 4.2
1806 10 -34.000 -74.000 4.2
1807 10 -34.000 -73.000 4.1
1808 10 -34.000 -72.000 4.1
1809 10 -34.000 -71.000 4.0
1810 10 -34.000 -70.000 4.0
1811 10 -34.000 -69.000 3.9
1812 10 -34.000 -68.000 3.9
1813 9 -34.000 -67.000 3.8
1814 9 -34.000 -66.000 3.8
1815 9 -34.000 -65.000 3.9
1816 9 -34.000 -64.000 3.9
1817 9 -34.000 -63.000 3.9
1818 9 -34.000 -62.000 3.9
1819 9 -34.000 -61.000 4.0
1820 9 -34.000 -60.000 4.0
1821 9 -34.000 -59.000 4.0
1822 9 -34.000 -58.000 4.1
1823 9 -34.000 -57.000 4.1
1824 9 -34.000 -56.000 4.2
1825 9 -34.000 -55.000 4.2
1826 9 -34.000 -54.000 4.2
1827 9 -34.000 -53.000 4.3
1828 9 -34.000 -52.000 4.3
1829 7 -34.000 -51.000 4.3
1830 7 -34.000 -50.000 4.3
1831 11 -34.000 -49.000 4.3
1832 11 -34.000 -48.000 4.4
1833 11 -34.000 -47.000 4.4
1834 11 -34.000 -46.000 4.5
1835 11 -34.000 -45.000 4.5
1836 11 -34.000 -44.000 4.5
1837 11 -34.000 -43.000 4.6
1838 11 -34.000 -42.000 4.6
1839 11 -34.000 -41.000 4.6
1840 11 -34.000 -40.000 4.7
1841 11 -34.000 -39.000 4.7
1842 11 -34.000 -38.000 4.7
1843 2 -34.000 -37.000 4.7
1844 2 -34.000 -36.000 4.7
1845 2 -34.000 -35.000 4.7
1846 2 -34.000 -34.000 4.7
1847 2 -34.000 -33.000 4.7
1848 2 -34.000 -32.000 4.7
1849 10 -35.000 -75.000 4.2
1850 10 -35.000 -74.000 4.2
1851 10 -35.000 -73.000 4.2
1852 10 -35.000 -72.000 4.1
1853 10 -35.000 -71.000 4.1
1854 10 -35.000 -70.000 4.0
1855 10 -35.000 -69.000 4.0
1856 10 -35.000 -68.000 3.9
1857 9 -35.000 -67.000 3.9
1858 9 -35.000 -66.000 3.9
1859 9 -35.000 -65.000 3.9
1860 9 -35.000 -64.000 4.0
1861 9 -35.000 -63.000 4.0
1862 9 -35.000 -62.000 4.0
1863 9 -35.000 -61.000 4.0
1864 9 -35.000 -60.000 4.1
1865 9 -35.000 -59.000 4.1
1866 9 -35.000 -58.000 4.1
1867 9 -35.000 -57.000 4.2
1868 9 -35.000 -56.000 4.2
1869 9 -35.000 -55.000 4.2
1870 9 -35.000 -54.000 4.3
1871 9 -35.000 -53.000 4.3
1872 9 -35.000 -52.000 4.3
1873 7 -35.000 -51.000 4.3
1874 7 -35.000 -50.000 4.3
1875 7 -35.000 -49.000 4.3
1876 11 -35.000 -48.000 4.4
1877 11 -35.000 -47.000 4.4
1878 11 -35.000 -46.000 4.5
1879 11 -35.000 -45.000 4.5
1880 11 -35.000 -44.000 4.5
1881 11 -35.000 -43.000 4.6
1882 11 -35.000 -42.000 4.6
1883 11 -35.000 -41.000 4.6
1884 11 -35.000 -40.000 4.7
1885 11 -35.000 -39.000 4.7
1886 11 -35.000 -38.000 4.7
1887 11 -35.000 -37.000 4.8
1888 2 -35.000 -36.000 4.8
1889 2 -35.000 -35.000 4.8
1890 2 -35.000 -34.000 4.8
1891 2 -35.000 -33.000 4.8
1892 2 -35.000 -32.000 4.8
1893 10 -36.000 -75.000 4.3
1894 10 -36.000 -74.000 4.2
1895 10 -36.000 -73.000 4.2
1896 10 -36.000 -72.000 4.1
1897 10 -36.000 -71.000 4.1
1898 10 -36.000 -70.000 4.0
1899 10 -36.000 -69.000 4.0
1900 9 -36.000 -68.000 4.0
1901 9 -36.000 -67.000 4.0
1902 9 -36.000 -66.000 4.0
1903 9 -36.000 -65.000 4.0
1904 9 -36.000 -64.000 4.0
1905 9 -36.000 -63.000 4.0
1906 9 -36.000 -62.000 4.1
1907 9 -36.000 -61.000 4.1
1908 9 -36.000 -60.000 4.1
1909 9 -36.000 -59.000 4.1
1910 9 -36.000 -58.000 4.2
1911 9 -36.000 -57.000 4.2
1912 9 -36.000 -56.000 4.2
1913 9 -36.000 -55.000 4.3
1914 9 -36.000 -54.000 4.3
1915 9 -36.000 -53.000 4.3
1916 9 -36.000 -52.000 4.4
1917 9 -36.000 -51.000 4.4
1918 7 -36.000 -50.000 4.4
1919 7 -36.000 -49.000 4.4
1920 7 -36.000 -48.000 4.4
1921 11 -36.000 -47.000 4.4
1922 11 -36.000 -46.000 4.5
1923 11 -36.000 -45.000 4.5
1924 11 -36.000 -44.000 4.5
1925 11 -36.000 -43.000 4.6
1926 11 -36.000 -42.000 4.6
1927 11 -36.000 -41.000 4.6
1928 11 -36.000 -40.000 4.7
1929 11 -36.000 -39.000 4.7
1930 11 -36.000 -38.000 4.7
1931 11 -36.000 -37.000 4.8
1932 11 -36.000 -36.000 4.8
1933 2 -36.000 -35.000 4.8
1934 2 -36.000 -34.000 4.8
1935 2 -36.000 -33.000 4.8
1936 2 -36.000 -32.000 4.8
1937 10 -37.000 -75.000 4.3
1938 10 -37.000 -74.000 4.3
1939 10 -37.000 -73.000 4.2
1940 10 -37.000 -72.000 4.2
1941 10 -37.000 -71.000 4.1
1942 10 -37.000 -70.000 4.1
1943 10 -37.000 -69.000 4.0
1944 9 -37.000 -68.000 4.0
1945 9 -37.000 -67.000 4.0
1946 9 -37.000 -66.000 4.1
1947 9 -37.000 -65.000 4.1
1948 9 -37.000 -64.000 4.1
1949 9 -37.000 -63.000 4.1
1950 9 -37.000 -62.000 4.1
1951 9 -37.000 -61.000 4.1
1952 9 -37.000 -60.000 4.2
1953 9 -37.000 -59.000 4.2
1954 9 -37.000 -58.000 4.2
1955 9 -37.000 -57.000 4.3
1956 9 -37.000 -56.000 4.3
1957 9 -37.000 -55.000 4.3
1958 9 -37.000 -54.000 4.3
1959 9 -37.000 -53.000 4.4
1960 9 -37.000 -52.000 4.4
1961 9 -37.000 -51.000 4.4
1962 7 -37.000 -50.000 4.4
1963 7 -37.000 -49.000 4.4
1964 7 -37.000 -48.000 4.4
1965 7 -37.000 -47.000 4.4
1966 11 -37.000 -46.000 4.5
1967 11 -37.000 -45.000 4.5
1968 11 -37.000 -44.000 4.5
1969 11 -37.000 -43.000 4.6
1970 11 -37.000 -42.000 4.6
1971 11 -37.000 -41.000 4.6
1972 11 -37.000 -40.000 4.7
1973 11 -37.000 -39.000 4.7
1974 11 -37.000 -38.000 4.7
1975 11 -37.000 -37.000 4.8
1976 11 -37.000 -36.000 4.8
1977 11 -37.000 -35.000 4.8
1978 2 -37.000 -34.000 4.8
1979 2 -37.000 -33.000 4.8
1980 2 -37.000 -32.000 4.8
