1 28 7.000 -75.000 4.1
2 27 7.000 -74.000 4.0
3 27 7.000 -73.000 4.0
4 27 7.000 -72.000 3.9
5 27 7.000 -71.000 3.8
6 46 7.000 -70.000 3.8
7 84 7.000 -69.000 3.8
8 46 7.000 -68.000 3.8
9 46 7.000 -67.000 3.8
10 33 7.000 -66.000 3.8
11 33 7.000 -65.000 3.8
12 33 7.000 -64.000 3.8
13 33 7.000 -63.000 3.7
14 33 7.000 -62.000 3.7
15 33 7.000 -61.000 3.7
16 34 7.000 -60.000 3.7
17 36 7.000 -59.000 3.7
18 34 7.000 -58.000 3.6
19 34 7.000 -57.000 3.6
20 34 7.000 -56.000 3.6
21 81 7.000 -55.000 3.6
22 81 7.000 -54.000 3.7
23 81 7.000 -53.000 3.7
24 47 7.000 -52.000 3.7
25 27 7.000 -51.000 3.7
26 27 7.000 -50.000 3.8
27 41 7.000 -49.000 3.8
28 34 7.000 -48.000 3.8
29 34 7.000 -47.000 3.8
30 57 7.000 -46.000 3.9
31 57 7.000 -45.000 3.8
32 57 7.000 -44.000 3.8
33 61 7.000 -43.000 3.8
34 61 7.000 -42.000 3.8
35 51 7.000 -41.000 3.8
36 61 7.000 -40.000 3.8
37 61 7.000 -39.000 3.8
38 61 7.000 -38.000 3.9
39 61 7.000 -37.000 3.9
40 41 7.000 -36.000 3.9
41 58 7.000 -35.000 3.9
42 58 7.000 -34.000 4.0
43 58 7.000 -33.000 4.0
44 58 7.000 -32.000 4.0
45 28 6.000 -75.000 4.0
46 28 6.000 -74.000 4.0
47 27 6.000 -73.000 3.9
48 27 6.000 -72.000 3.9
49 27 6.000 -71.000 3.8
50 84 6.000 -70.000 3.7
51 84 6.000 -69.000 3.8
52 81 6.000 -68.000 3.7
53 46 6.000 -67.000 3.7
54 33 6.000 -66.000 3.7
55 33 6.000 -65.000 3.7
56 33 6.000 -64.000 3.6
57 33 6.000 -63.000 3.6
58 33 6.000 -62.000 3.6
59 83 6.000 -61.000 3.7
60 34 6.000 -60.000 3.6
61 33 6.000 -59.000 3.6
62 36 6.000 -58.000 3.5
63 34 6.000 -57.000 3.5
64 34 6.000 -56.000 3.5
65 81 6.000 -55.000 3.5
66 81 6.000 -54.000 3.6
67 81 6.000 -53.000 3.6
68 47 6.000 -52.000 3.6
69 27 6.000 -51.000 3.7
70 41 6.000 -50.000 3.7
71 41 6.000 -49.000 3.7
72 34 6.000 -48.000 3.7
73 34 6.000 -47.000 3.8
74 57 6.000 -46.000 3.8
75 57 6.000 -45.000 3.7
76 36 6.000 -44.000 3.7
77 61 6.000 -43.000 3.7
78 61 6.000 -42.000 3.7
79 51 6.000 -41.000 3.7
80 61 6.000 -40.000 3.7
81 61 6.000 -39.000 3.8
82 61 6.000 -38.000 3.8
83 41 6.000 -37.000 3.8
84 58 6.000 -36.000 3.9
85 58 6.000 -35.000 3.9
86 58 6.000 -34.000 3.9
87 58 6.000 -33.000 3.9
88 58 6.000 -32.000 3.9
89 28 5.000 -75.000 3.9
90 28 5.000 -74.000 3.9
91 27 5.000 -73.000 3.9
92 27 5.000 -72.000 3.8
93 27 5.000 -71.000 3.8
94 27 5.000 -70.000 3.7
95 84 5.000 -69.000 3.7
96 81 5.000 -68.000 3.7
97 46 5.000 -67.000 3.6
98 33 5.000 -66.000 3.6
99 33 5.000 -65.000 3.6
100 33 5.000 -64.000 3.5
101 83 5.000 -63.000 3.5
102 83 5.000 -62.000 3.6
103 34 5.000 -61.000 3.6
104 34 5.000 -60.000 3.6
105 33 5.000 -59.000 3.5
106 36 5.000 -58.000 3.5
107 34 5.000 -57.000 3.4
108 34 5.000 -56.000 3.3
109 81 5.000 -55.000 3.4
110 81 5.000 -54.000 3.5
111 47 5.000 -53.000 3.6
112 27 5.000 -52.000 3.6
113 27 5.000 -51.000 3.7
114 41 5.000 -50.000 3.7
115 41 5.000 -49.000 3.6
116 34 5.000 -48.000 3.6
117 34 5.000 -47.000 3.7
118 57 5.000 -46.000 3.7
119 57 5.000 -45.000 3.6
120 36 5.000 -44.000 3.6
121 61 5.000 -43.000 3.6
122 47 5.000 -42.000 3.6
123 51 5.000 -41.000 3.6
124 61 5.000 -40.000 3.6
125 61 5.000 -39.000 3.6
126 61 5.000 -38.000 3.7
127 41 5.000 -37.000 3.7
128 82 5.000 -36.000 3.8
129 58 5.000 -35.000 3.8
130 58 5.000 -34.000 3.8
131 58 5.000 -33.000 3.8
132 62 5.000 -32.000 3.9
133 28 4.000 -75.000 3.9
134 28 4.000 -74.000 3.9
135 28 4.000 -73.000 3.8
136 27 4.000 -72.000 3.8
137 27 4.000 -71.000 3.7
138 27 4.000 -70.000 3.6
139 84 4.000 -69.000 3.7
140 81 4.000 -68.000 3.6
141 46 4.000 -67.000 3.5
142 33 4.000 -66.000 3.6
143 33 4.000 -65.000 3.5
144 83 4.000 -64.000 3.5
145 83 4.000 -63.000 3.6
146 34 4.000 -62.000 3.6
147 34 4.000 -61.000 3.6
148 34 4.000 -60.000 3.5
149 34 4.000 -59.000 3.4
150 36 4.000 -58.000 3.4
151 36 4.000 -57.000 3.3
152 81 4.000 -56.000 3.2
153 81 4.000 -55.000 3.3
154 81 4.000 -54.000 3.4
155 47 4.000 -53.000 3.5
156 27 4.000 -52.000 3.5
157 31 4.000 -51.000 3.6
158 41 4.000 -50.000 3.6
159 41 4.000 -49.000 3.5
160 34 4.000 -48.000 3.5
161 34 4.000 -47.000 3.6
162 57 4.000 -46.000 3.6
163 57 4.000 -45.000 3.6
164 61 4.000 -44.000 3.5
165 61 4.000 -43.000 3.5
166 47 4.000 -42.000 3.5
167 51 4.000 -41.000 3.5
168 61 4.000 -40.000 3.5
169 61 4.000 -39.000 3.5
170 41 4.000 -38.000 3.6
171 58 4.000 -37.000 3.7
172 82 4.000 -36.000 3.7
173 58 4.000 -35.000 3.7
174 58 4.000 -34.000 3.7
175 58 4.000 -33.000 3.7
176 62 4.000 -32.000 3.8
177 28 3.000 -75.000 3.8
178 28 3.000 -74.000 3.8
179 28 3.000 -73.000 3.8
180 28 3.000 -72.000 3.8
181 27 3.000 -71.000 3.7
182 27 3.000 -70.000 3.6
183 81 3.000 -69.000 3.7
184 81 3.000 -68.000 3.6
185 81 3.000 -67.000 3.5
186 33 3.000 -66.000 3.5
187 83 3.000 -65.000 3.5
188 83 3.000 -64.000 3.6
189 83 3.000 -63.000 3.6
190 34 3.000 -62.000 3.6
191 34 3.000 -61.000 3.5
192 34 3.000 -60.000 3.4
193 34 3.000 -59.000 3.3
194 33 3.000 -58.000 3.3
195 36 3.000 -57.000 3.2
196 81 3.000 -56.000 3.1
197 81 3.000 -55.000 3.2
198 81 3.000 -54.000 3.3
199 27 3.000 -53.000 3.4
200 31 3.000 -52.000 3.5
201 31 3.000 -51.000 3.5
202 41 3.000 -50.000 3.5
203 41 3.000 -49.000 3.4
204 34 3.000 -48.000 3.5
205 34 3.000 -47.000 3.5
206 57 3.000 -46.000 3.5
207 57 3.000 -45.000 3.5
208 61 3.000 -44.000 3.4
209 61 3.000 -43.000 3.4
210 51 3.000 -42.000 3.5
211 51 3.000 -41.000 3.4
212 61 3.000 -40.000 3.4
213 41 3.000 -39.000 3.4
214 41 3.000 -38.000 3.5
215 58 3.000 -37.000 3.5
216 82 3.000 -36.000 3.6
217 58 3.000 -35.000 3.6
218 58 3.000 -34.000 3.6
219 58 3.000 -33.000 3.6
220 58 3.000 -32.000 3.7
221 28 2.000 -75.000 3.7
222 28 2.000 -74.000 3.7
223 28 2.000 -73.000 3.6
224 28 2.000 -72.000 3.7
225 28 2.000 -71.000 3.7
226 27 2.000 -70.000 3.6
227 81 2.000 -69.000 3.6
228 81 2.000 -68.000 3.5
229 83 2.000 -67.000 3.4
230 33 2.000 -66.000 3.4
231 46 2.000 -65.000 3.4
232 46 2.000 -64.000 3.5
233 46 2.000 -63.000 3.6
234 34 2.000 -62.000 3.5
235 34 2.000 -61.000 3.4
236 34 2.000 -60.000 3.3
237 34 2.000 -59.000 3.2
238 33 2.000 -58.000 3.1
239 36 2.000 -57.000 3.1
240 81 2.000 -56.000 3.0
241 81 2.000 -55.000 3.1
242 81 2.000 -54.000 3.3
243 31 2.000 -53.000 3.3
244 31 2.000 -52.000 3.4
245 31 2.000 -51.000 3.5
246 41 2.000 -50.000 3.4
247 41 2.000 -49.000 3.3
248 34 2.000 -48.000 3.4
249 34 2.000 -47.000 3.5
250 61 2.000 -46.000 3.4
251 61 2.000 -45.000 3.4
252 61 2.000 -44.000 3.3
253 47 2.000 -43.000 3.3
254 51 2.000 -42.000 3.4
255 51 2.000 -41.000 3.3
256 61 2.000 -40.000 3.3
257 41 2.000 -39.000 3.3
258 59 2.000 -38.000 3.4
259 61 2.000 -37.000 3.4
260 58 2.000 -36.000 3.4
261 58 2.000 -35.000 3.5
262 58 2.000 -34.000 3.5
263 58 2.000 -33.000 3.5
264 58 2.000 -32.000 3.6
265 28 1.000 -75.000 3.6
266 28 1.000 -74.000 3.6
267 28 1.000 -73.000 3.5
268 28 1.000 -72.000 3.5
269 28 1.000 -71.000 3.6
270 28 1.000 -70.000 3.6
271 81 1.000 -69.000 3.6
272 83 1.000 -68.000 3.5
273 33 1.000 -67.000 3.4
274 33 1.000 -66.000 3.3
275 46 1.000 -65.000 3.3
276 46 1.000 -64.000 3.4
277 46 1.000 -63.000 3.5
278 34 1.000 -62.000 3.5
279 34 1.000 -61.000 3.4
280 34 1.000 -60.000 3.2
281 34 1.000 -59.000 3.1
282 33 1.000 -58.000 3.0
283 36 1.000 -57.000 3.0
284 27 1.000 -56.000 2.9
285 31 1.000 -55.000 3.1
286 81 1.000 -54.000 3.2
287 31 1.000 -53.000 3.2
288 31 1.000 -52.000 3.3
289 31 1.000 -51.000 3.4
290 41 1.000 -50.000 3.3
291 41 1.000 -49.000 3.2
292 34 1.000 -48.000 3.3
293 39 1.000 -47.000 3.4
294 61 1.000 -46.000 3.3
295 57 1.000 -45.000 3.3
296 61 1.000 -44.000 3.2
297 47 1.000 -43.000 3.2
298 51 1.000 -42.000 3.2
299 51 1.000 -41.000 3.1
300 41 1.000 -40.000 3.1
301 41 1.000 -39.000 3.2
302 59 1.000 -38.000 3.3
303 82 1.000 -37.000 3.3
304 58 1.000 -36.000 3.3
305 58 1.000 -35.000 3.3
306 58 1.000 -34.000 3.4
307 58 1.000 -33.000 3.4
308 58 1.000 -32.000 3.5
309 83 0.000 -75.000 3.7
310 83 0.000 -74.000 3.6
311 83 0.000 -73.000 3.6
312 83 0.000 -72.000 3.6
313 83 0.000 -71.000 3.6
314 83 0.000 -70.000 3.6
315 33 0.000 -69.000 3.6
316 81 0.000 -68.000 3.5
317 81 0.000 -67.000 3.3
318 33 0.000 -66.000 3.2
319 46 0.000 -65.000 3.2
320 46 0.000 -64.000 3.4
321 46 0.000 -63.000 3.5
322 31 0.000 -62.000 3.4
323 31 0.000 -61.000 3.3
324 34 0.000 -60.000 3.2
325 34 0.000 -59.000 3.0
326 34 0.000 -58.000 2.8
327 31 0.000 -57.000 2.9
328 31 0.000 -56.000 2.9
329 81 0.000 -55.000 3.0
330 81 0.000 -54.000 3.2
331 47 0.000 -53.000 3.1
332 31 0.000 -52.000 3.1
333 39 0.000 -51.000 3.2
334 39 0.000 -50.000 3.2
335 41 0.000 -49.000 3.1
336 39 0.000 -48.000 3.2
337 39 0.000 -47.000 3.3
338 61 0.000 -46.000 3.2
339 57 0.000 -45.000 3.2
340 57 0.000 -44.000 3.0
341 47 0.000 -43.000 3.1
342 51 0.000 -42.000 3.1
343 51 0.000 -41.000 3.0
344 41 0.000 -40.000 3.0
345 59 0.000 -39.000 3.1
346 59 0.000 -38.000 3.1
347 82 0.000 -37.000 3.2
348 58 0.000 -36.000 3.1
349 58 0.000 -35.000 3.2
350 62 0.000 -34.000 3.3
351 58 0.000 -33.000 3.3
352 58 0.000 -32.000 3.4
353 83 -1.000 -75.000 3.8
354 83 -1.000 -74.000 3.7
355 83 -1.000 -73.000 3.7
356 83 -1.000 -72.000 3.7
357 83 -1.000 -71.000 3.7
358 33 -1.000 -70.000 3.6
359 81 -1.000 -69.000 3.6
360 28 -1.000 -68.000 3.5
361 27 -1.000 -67.000 3.4
362 27 -1.000 -66.000 3.2
363 46 -1.000 -65.000 3.1
364 46 -1.000 -64.000 3.3
365 46 -1.000 -63.000 3.4
366 31 -1.000 -62.000 3.3
367 31 -1.000 -61.000 3.2
368 31 -1.000 -60.000 3.1
369 31 -1.000 -59.000 2.9
370 31 -1.000 -58.000 2.8
371 33 -1.000 -57.000 2.8
372 36 -1.000 -56.000 2.8
373 81 -1.000 -55.000 3.0
374 81 -1.000 -54.000 3.2
375 47 -1.000 -53.000 3.0
376 31 -1.000 -52.000 3.0
377 39 -1.000 -51.000 3.0
378 39 -1.000 -50.000 3.0
379 39 -1.000 -49.000 3.0
380 39 -1.000 -48.000 3.1
381 39 -1.000 -47.000 3.1
382 36 -1.000 -46.000 3.2
383 57 -1.000 -45.000 3.1
384 57 -1.000 -44.000 2.9
385 47 -1.000 -43.000 3.0
386 51 -1.000 -42.000 3.0
387 51 -1.000 -41.000 2.8
388 41 -1.000 -40.000 2.9
389 59 -1.000 -39.000 2.9
390 58 -1.000 -38.000 3.0
391 82 -1.000 -37.000 3.0
392 58 -1.000 -36.000 3.0
393 62 -1.000 -35.000 3.1
394 58 -1.000 -34.000 3.1
395 58 -1.000 -33.000 3.2
396 51 -1.000 -32.000 3.3
397 86 -2.000 -75.000 3.7
398 86 -2.000 -74.000 3.7
399 29 -2.000 -73.000 3.7
400 29 -2.000 -72.000 3.6
401 29 -2.000 -71.000 3.6
402 84 -2.000 -70.000 3.5
403 33 -2.000 -69.000 3.5
404 29 -2.000 -68.000 3.5
405 27 -2.000 -67.000 3.4
406 27 -2.000 -66.000 3.3
407 27 -2.000 -65.000 3.2
408 46 -2.000 -64.000 3.2
409 85 -2.000 -63.000 3.3
410 31 -2.000 -62.000 3.3
411 31 -2.000 -61.000 3.1
412 31 -2.000 -60.000 3.0
413 27 -2.000 -59.000 2.9
414 34 -2.000 -58.000 2.7
415 33 -2.000 -57.000 2.7
416 36 -2.000 -56.000 2.8
417 37 -2.000 -55.000 3.0
418 37 -2.000 -54.000 3.0
419 47 -2.000 -53.000 3.0
420 31 -2.000 -52.000 2.9
421 39 -2.000 -51.000 2.9
422 34 -2.000 -50.000 2.8
423 41 -2.000 -49.000 3.0
424 39 -2.000 -48.000 2.9
425 36 -2.000 -47.000 3.0
426 39 -2.000 -46.000 3.1
427 57 -2.000 -45.000 3.0
428 57 -2.000 -44.000 2.8
429 59 -2.000 -43.000 3.0
430 59 -2.000 -42.000 2.8
431 51 -2.000 -41.000 2.6
432 59 -2.000 -40.000 2.6
433 59 -2.000 -39.000 2.7
434 59 -2.000 -38.000 2.7
435 82 -2.000 -37.000 2.8
436 57 -2.000 -36.000 2.8
437 62 -2.000 -35.000 2.9
438 58 -2.000 -34.000 3.0
439 51 -2.000 -33.000 3.1
440 51 -2.000 -32.000 3.3
441 86 -3.000 -75.000 3.6
442 86 -3.000 -74.000 3.6
443 29 -3.000 -73.000 3.6
444 29 -3.000 -72.000 3.6
445 29 -3.000 -71.000 3.5
446 85 -3.000 -70.000 3.6
447 85 -3.000 -69.000 3.5
448 33 -3.000 -68.000 3.4
449 85 -3.000 -67.000 3.3
450 85 -3.000 -66.000 3.3
451 85 -3.000 -65.000 3.2
452 46 -3.000 -64.000 3.2
453 85 -3.000 -63.000 3.2
454 85 -3.000 -62.000 3.2
455 31 -3.000 -61.000 3.1
456 27 -3.000 -60.000 3.1
457 34 -3.000 -59.000 3.0
458 34 -3.000 -58.000 2.7
459 81 -3.000 -57.000 2.7
460 81 -3.000 -56.000 2.9
461 37 -3.000 -55.000 2.8
462 37 -3.000 -54.000 2.8
463 39 -3.000 -53.000 2.9
464 47 -3.000 -52.000 2.8
465 34 -3.000 -51.000 2.6
466 34 -3.000 -50.000 2.9
467 41 -3.000 -49.000 3.0
468 36 -3.000 -48.000 3.0
469 36 -3.000 -47.000 3.1
470 39 -3.000 -46.000 3.0
471 57 -3.000 -45.000 3.0
472 47 -3.000 -44.000 2.8
473 59 -3.000 -43.000 2.8
474 59 -3.000 -42.000 2.6
475 51 -3.000 -41.000 2.5
476 59 -3.000 -40.000 2.3
477 61 -3.000 -39.000 2.4
478 59 -3.000 -38.000 2.5
479 57 -3.000 -37.000 2.5
480 62 -3.000 -36.000 2.6
481 51 -3.000 -35.000 2.6
482 51 -3.000 -34.000 2.9
483 51 -3.000 -33.000 3.1
484 51 -3.000 -32.000 3.2
485 86 -4.000 -75.000 3.5
486 86 -4.000 -74.000 3.5
487 86 -4.000 -73.000 3.6
488 29 -4.000 -72.000 3.5
489 84 -4.000 -71.000 3.5
490 85 -4.000 -70.000 3.5
491 85 -4.000 -69.000 3.4
492 85 -4.000 -68.000 3.3
493 33 -4.000 -67.000 3.2
494 29 -4.000 -66.000 3.1
495 29 -4.000 -65.000 3.2
496 46 -4.000 -64.000 3.1
497 29 -4.000 -63.000 3.3
498 31 -4.000 -62.000 3.2
499 85 -4.000 -61.000 3.1
500 37 -4.000 -60.000 3.1
501 37 -4.000 -59.000 2.9
502 37 -4.000 -58.000 2.8
503 33 -4.000 -57.000 2.7
504 33 -4.000 -56.000 2.9
505 36 -4.000 -55.000 2.9
506 36 -4.000 -54.000 2.8
507 37 -4.000 -53.000 2.7
508 31 -4.000 -52.000 2.7
509 34 -4.000 -51.000 2.7
510 34 -4.000 -50.000 2.9
511 41 -4.000 -49.000 3.0
512 44 -4.000 -48.000 3.0
513 44 -4.000 -47.000 3.0
514 61 -4.000 -46.000 2.9
515 57 -4.000 -45.000 3.0
516 47 -4.000 -44.000 2.9
517 59 -4.000 -43.000 2.7
518 59 -4.000 -42.000 2.4
519 51 -4.000 -41.000 2.4
520 51 -4.000 -40.000 1.9
521 61 -4.000 -39.000 2.3
522 59 -4.000 -38.000 2.2
523 62 -4.000 -37.000 2.5
524 62 -4.000 -36.000 2.3
525 51 -4.000 -35.000 2.6
526 51 -4.000 -34.000 2.8
527 63 -4.000 -33.000 3.0
528 63 -4.000 -32.000 3.1
529 86 -5.000 -75.000 3.4
530 86 -5.000 -74.000 3.4
531 86 -5.000 -73.000 3.5
532 84 -5.000 -72.000 3.5
533 85 -5.000 -71.000 3.5
534 85 -5.000 -70.000 3.4
535 85 -5.000 -69.000 3.3
536 85 -5.000 -68.000 3.2
537 28 -5.000 -67.000 3.2
538 33 -5.000 -66.000 3.1
539 29 -5.000 -65.000 3.0
540 81 -5.000 -64.000 3.1
541 29 -5.000 -63.000 3.1
542 31 -5.000 -62.000 3.2
543 31 -5.000 -61.000 3.0
544 37 -5.000 -60.000 3.0
545 81 -5.000 -59.000 2.9
546 81 -5.000 -58.000 2.9
547 34 -5.000 -57.000 2.8
548 33 -5.000 -56.000 3.0
549 39 -5.000 -55.000 3.0
550 39 -5.000 -54.000 2.8
551 34 -5.000 -53.000 2.6
552 37 -5.000 -52.000 2.7
553 36 -5.000 -51.000 2.9
554 36 -5.000 -50.000 3.0
555 41 -5.000 -49.000 3.0
556 41 -5.000 -48.000 2.9
557 44 -5.000 -47.000 2.7
558 44 -5.000 -46.000 2.8
559 44 -5.000 -45.000 2.9
560 59 -5.000 -44.000 2.9
561 59 -5.000 -43.000 2.6
562 41 -5.000 -42.000 2.5
563 51 -5.000 -41.000 2.4
564 51 -5.000 -40.000 2.0
565 58 -5.000 -39.000 2.1
566 82 -5.000 -38.000 2.2
567 62 -5.000 -37.000 2.2
568 51 -5.000 -36.000 2.3
569 55 -5.000 -35.000 2.5
570 55 -5.000 -34.000 2.7
571 63 -5.000 -33.000 2.8
572 50 -5.000 -32.000 3.0
573 84 -6.000 -75.000 3.3
574 84 -6.000 -74.000 3.4
575 29 -6.000 -73.000 3.4
576 86 -6.000 -72.000 3.4
577 85 -6.000 -71.000 3.5
578 85 -6.000 -70.000 3.4
579 85 -6.000 -69.000 3.3
580 85 -6.000 -68.000 3.1
581 28 -6.000 -67.000 3.2
582 33 -6.000 -66.000 3.2
583 46 -6.000 -65.000 3.0
584 46 -6.000 -64.000 3.2
585 81 -6.000 -63.000 3.2
586 29 -6.000 -62.000 3.1
587 31 -6.000 -61.000 3.1
588 37 -6.000 -60.000 2.9
589 85 -6.000 -59.000 3.0
590 6 -6.000 -58.000 3.0
591 34 -6.000 -57.000 3.0
592 6 -6.000 -56.000 3.0
593 6 -6.000 -55.000 3.0
594 39 -6.000 -54.000 2.8
595 34 -6.000 -53.000 2.9
596 34 -6.000 -52.000 2.9
597 47 -6.000 -51.000 2.9
598 37 -6.000 -50.000 3.1
599 41 -6.000 -49.000 3.1
600 41 -6.000 -48.000 3.0
601 41 -6.000 -47.000 2.8
602 47 -6.000 -46.000 2.8
603 47 -6.000 -45.000 2.9
604 44 -6.000 -44.000 2.9
605 57 -6.000 -43.000 2.8
606 56 -6.000 -42.000 2.6
607 57 -6.000 -41.000 2.4
608 51 -6.000 -40.000 2.3
609 51 -6.000 -39.000 2.0
610 55 -6.000 -38.000 1.9
611 62 -6.000 -37.000 1.9
612 55 -6.000 -36.000 1.9
613 55 -6.000 -35.000 2.2
614 50 -6.000 -34.000 2.5
615 50 -6.000 -33.000 2.7
616 50 -6.000 -32.000 2.9
617 84 -7.000 -75.000 3.5
618 29 -7.000 -74.000 3.5
619 29 -7.000 -73.000 3.4
620 86 -7.000 -72.000 3.3
621 86 -7.000 -71.000 3.4
622 85 -7.000 -70.000 3.3
623 85 -7.000 -69.000 3.2
624 85 -7.000 -68.000 3.0
625 28 -7.000 -67.000 3.1
626 33 -7.000 -66.000 3.3
627 33 -7.000 -65.000 3.1
628 46 -7.000 -64.000 3.3
629 48 -7.000 -63.000 3.3
630 48 -7.000 -62.000 3.2
631 31 -7.000 -61.000 3.1
632 31 -7.000 -60.000 3.0
633 85 -7.000 -59.000 2.9
634 33 -7.000 -58.000 2.9
635 38 -7.000 -57.000 2.9
636 38 -7.000 -56.000 2.9
637 38 -7.000 -55.000 3.0
638 6 -7.000 -54.000 2.8
639 6 -7.000 -53.000 2.9
640 44 -7.000 -52.000 2.9
641 45 -7.000 -51.000 3.0
642 45 -7.000 -50.000 3.0
643 17 -7.000 -49.000 3.0
644 17 -7.000 -48.000 3.0
645 41 -7.000 -47.000 3.0
646 47 -7.000 -46.000 3.0
647 39 -7.000 -45.000 3.0
648 59 -7.000 -44.000 2.9
649 41 -7.000 -43.000 2.8
650 57 -7.000 -42.000 2.8
651 64 -7.000 -41.000 2.7
652 61 -7.000 -40.000 2.5
653 58 -7.000 -39.000 2.2
654 64 -7.000 -38.000 2.1
655 82 -7.000 -37.000 1.9
656 50 -7.000 -36.000 1.6
657 63 -7.000 -35.000 1.9
658 50 -7.000 -34.000 2.2
659 50 -7.000 -33.000 2.5
660 50 -7.000 -32.000 2.8
661 29 -8.000 -75.000 3.6
662 29 -8.000 -74.000 3.5
663 29 -8.000 -73.000 3.3
664 86 -8.000 -72.000 3.2
665 86 -8.000 -71.000 3.3
666 85 -8.000 -70.000 3.3
667 85 -8.000 -69.000 3.1
668 85 -8.000 -68.000 3.0
669 28 -8.000 -67.000 3.1
670 28 -8.000 -66.000 3.3
671 33 -8.000 -65.000 3.3
672 48 -8.000 -64.000 3.2
673 48 -8.000 -63.000 3.1
674 48 -8.000 -62.000 3.0
675 29 -8.000 -61.000 3.1
676 33 -8.000 -60.000 3.0
677 6 -8.000 -59.000 2.8
678 31 -8.000 -58.000 2.8
679 31 -8.000 -57.000 2.7
680 38 -8.000 -56.000 2.7
681 38 -8.000 -55.000 2.8
682 38 -8.000 -54.000 2.9
683 45 -8.000 -53.000 2.8
684 44 -8.000 -52.000 2.9
685 37 -8.000 -51.000 2.9
686 17 -8.000 -50.000 2.9
687 45 -8.000 -49.000 2.9
688 45 -8.000 -48.000 3.0
689 43 -8.000 -47.000 3.0
690 17 -8.000 -46.000 2.9
691 39 -8.000 -45.000 3.0
692 60 -8.000 -44.000 2.9
693 56 -8.000 -43.000 2.8
694 61 -8.000 -42.000 2.7
695 64 -8.000 -41.000 2.5
696 60 -8.000 -40.000 2.4
697 59 -8.000 -39.000 2.3
698 50 -8.000 -38.000 2.1
699 49 -8.000 -37.000 2.0
700 49 -8.000 -36.000 1.9
701 55 -8.000 -35.000 2.1
702 49 -8.000 -34.000 2.4
703 82 -8.000 -33.000 2.7
704 82 -8.000 -32.000 2.9
705 29 -9.000 -75.000 3.5
706 29 -9.000 -74.000 3.4
707 29 -9.000 -73.000 3.3
708 29 -9.000 -72.000 3.1
709 86 -9.000 -71.000 3.3
710 85 -9.000 -70.000 3.3
711 85 -9.000 -69.000 3.1
712 46 -9.000 -68.000 3.0
713 28 -9.000 -67.000 3.1
714 28 -9.000 -66.000 3.3
715 46 -9.000 -65.000 3.3
716 33 -9.000 -64.000 3.3
717 33 -9.000 -63.000 3.2
718 38 -9.000 -62.000 3.1
719 29 -9.000 -61.000 3.0
720 6 -9.000 -60.000 2.9
721 48 -9.000 -59.000 2.8
722 48 -9.000 -58.000 2.9
723 31 -9.000 -57.000 3.0
724 31 -9.000 -56.000 2.9
725 31 -9.000 -55.000 2.9
726 45 -9.000 -54.000 2.8
727 39 -9.000 -53.000 2.8
728 6 -9.000 -52.000 2.8
729 17 -9.000 -51.000 2.8
730 17 -9.000 -50.000 2.6
731 45 -9.000 -49.000 2.7
732 45 -9.000 -48.000 2.9
733 43 -9.000 -47.000 2.8
734 39 -9.000 -46.000 2.9
735 60 -9.000 -45.000 3.0
736 17 -9.000 -44.000 3.0
737 44 -9.000 -43.000 2.9
738 59 -9.000 -42.000 2.8
739 59 -9.000 -41.000 2.7
740 54 -9.000 -40.000 2.5
741 54 -9.000 -39.000 2.2
742 55 -9.000 -38.000 2.0
743 55 -9.000 -37.000 1.9
744 55 -9.000 -36.000 2.0
745 55 -9.000 -35.000 2.3
746 62 -9.000 -34.000 2.4
747 62 -9.000 -33.000 2.6
748 49 -9.000 -32.000 2.8
749 29 -10.000 -75.000 3.5
750 29 -10.000 -74.000 3.4
751 29 -10.000 -73.000 3.3
752 46 -10.000 -72.000 3.2
753 86 -10.000 -71.000 3.2
754 88 -10.000 -70.000 3.3
755 46 -10.000 -69.000 3.1
756 46 -10.000 -68.000 3.2
757 88 -10.000 -67.000 3.2
758 88 -10.000 -66.000 3.3
759 88 -10.000 -65.000 3.3
760 40 -10.000 -64.000 3.4
761 38 -10.000 -63.000 3.2
762 38 -10.000 -62.000 3.1
763 29 -10.000 -61.000 3.0
764 6 -10.000 -60.000 2.8
765 85 -10.000 -59.000 2.8
766 37 -10.000 -58.000 2.8
767 48 -10.000 -57.000 2.8
768 45 -10.000 -56.000 3.0
769 45 -10.000 -55.000 2.8
770 45 -10.000 -54.000 2.6
771 38 -10.000 -53.000 2.8
772 39 -10.000 -52.000 2.9
773 39 -10.000 -51.000 2.8
774 39 -10.000 -50.000 2.7
775 39 -10.000 -49.000 2.7
776 43 -10.000 -48.000 2.7
777 45 -10.000 -47.000 2.9
778 32 -10.000 -46.000 3.0
779 60 -10.000 -45.000 3.0
780 17 -10.000 -44.000 2.9
781 44 -10.000 -43.000 2.9
782 64 -10.000 -42.000 2.8
783 54 -10.000 -41.000 2.6
784 52 -10.000 -40.000 2.4
785 52 -10.000 -39.000 2.3
786 60 -10.000 -38.000 2.2
787 50 -10.000 -37.000 2.1
788 54 -10.000 -36.000 2.1
789 54 -10.000 -35.000 2.5
790 62 -10.000 -34.000 2.7
791 62 -10.000 -33.000 2.8
792 62 -10.000 -32.000 3.0
793 88 -11.000 -75.000 3.5
794 88 -11.000 -74.000 3.4
795 88 -11.000 -73.000 3.3
796 88 -11.000 -72.000 3.3
797 88 -11.000 -71.000 3.2
798 86 -11.000 -70.000 3.3
799 85 -11.000 -69.000 3.2
800 28 -11.000 -68.000 3.1
801 28 -11.000 -67.000 3.3
802 48 -11.000 -66.000 3.2
803 88 -11.000 -65.000 3.2
804 40 -11.000 -64.000 3.3
805 40 -11.000 -63.000 3.1
806 38 -11.000 -62.000 3.0
807 40 -11.000 -61.000 3.0
808 6 -11.000 -60.000 2.8
809 40 -11.000 -59.000 2.9
810 40 -11.000 -58.000 2.9
811 37 -11.000 -57.000 2.8
812 48 -11.000 -56.000 2.9
813 37 -11.000 -55.000 2.8
814 37 -11.000 -54.000 2.8
815 37 -11.000 -53.000 2.9
816 38 -11.000 -52.000 2.9
817 6 -11.000 -51.000 2.9
818 39 -11.000 -50.000 3.0
819 43 -11.000 -49.000 2.8
820 45 -11.000 -48.000 2.6
821 45 -11.000 -47.000 2.8
822 32 -11.000 -46.000 2.9
823 32 -11.000 -45.000 2.8
824 44 -11.000 -44.000 2.8
825 32 -11.000 -43.000 2.8
826 69 -11.000 -42.000 2.7
827 54 -11.000 -41.000 2.5
828 64 -11.000 -40.000 2.4
829 64 -11.000 -39.000 2.1
830 49 -11.000 -38.000 2.1
831 52 -11.000 -37.000 2.4
832 64 -11.000 -36.000 2.4
833 50 -11.000 -35.000 2.5
834 54 -11.000 -34.000 2.7
835 54 -11.000 -33.000 2.9
836 62 -11.000 -32.000 3.1
837 29 -12.000 -75.000 3.6
838 29 -12.000 -74.000 3.5
839 29 -12.000 -73.000 3.3
840 29 -12.000 -72.000 3.2
841 86 -12.000 -71.000 3.1
842 86 -12.000 -70.000 3.3
843 85 -12.000 -69.000 3.3
844 28 -12.000 -68.000 3.2
845 48 -12.000 -67.000 3.3
846 48 -12.000 -66.000 3.1
847 88 -12.000 -65.000 3.0
848 40 -12.000 -64.000 3.1
849 40 -12.000 -63.000 3.0
850 29 -12.000 -62.000 2.9
851 38 -12.000 -61.000 2.8
852 6 -12.000 -60.000 2.8
853 40 -12.000 -59.000 2.6
854 40 -12.000 -58.000 2.7
855 40 -12.000 -57.000 2.8
856 48 -12.000 -56.000 2.8
857 42 -12.000 -55.000 2.8
858 42 -12.000 -54.000 2.8
859 26 -12.000 -53.000 2.7
860 6 -12.000 -52.000 2.7
861 44 -12.000 -51.000 2.9
862 26 -12.000 -50.000 2.8
863 87 -12.000 -49.000 2.7
864 45 -12.000 -48.000 2.5
865 87 -12.000 -47.000 2.7
866 44 -12.000 -46.000 2.6
867 44 -12.000 -45.000 2.8
868 17 -12.000 -44.000 2.8
869 69 -12.000 -43.000 2.7
870 69 -12.000 -42.000 2.5
871 53 -12.000 -41.000 2.6
872 54 -12.000 -40.000 2.3
873 69 -12.000 -39.000 2.0
874 60 -12.000 -38.000 2.3
875 69 -12.000 -37.000 2.5
876 63 -12.000 -36.000 2.6
877 50 -12.000 -35.000 2.7
878 50 -12.000 -34.000 2.8
879 50 -12.000 -33.000 3.0
880 54 -12.000 -32.000 3.1
881 29 -13.000 -75.000 3.6
882 29 -13.000 -74.000 3.5
883 29 -13.000 -73.000 3.4
884 29 -13.000 -72.000 3.3
885 86 -13.000 -71.000 3.1
886 86 -13.000 -70.000 3.3
887 85 -13.000 -69.000 3.3
888 28 -13.000 -68.000 3.3
889 48 -13.000 -67.000 3.3
890 48 -13.000 -66.000 3.1
891 48 -13.000 -65.000 2.9
892 88 -13.000 -64.000 3.0
893 29 -13.000 -63.000 2.9
894 29 -13.000 -62.000 3.0
895 85 -13.000 -61.000 2.9
896 6 -13.000 -60.000 2.9
897 6 -13.000 -59.000 2.7
898 6 -13.000 -58.000 2.5
899 42 -13.000 -57.000 2.5
900 40 -13.000 -56.000 2.7
901 45 -13.000 -55.000 2.7
902 42 -13.000 -54.000 2.6
903 38 -13.000 -53.000 2.7
904 6 -13.000 -52.000 2.8
905 87 -13.000 -51.000 2.7
906 87 -13.000 -50.000 2.6
907 26 -13.000 -49.000 2.7
908 45 -13.000 -48.000 2.6
909 32 -13.000 -47.000 2.6
910 87 -13.000 -46.000 2.6
911 35 -13.000 -45.000 2.7
912 17 -13.000 -44.000 2.8
913 60 -13.000 -43.000 2.6
914 43 -13.000 -42.000 2.4
915 53 -13.000 -41.000 2.3
916 60 -13.000 -40.000 2.1
917 54 -13.000 -39.000 2.2
918 53 -13.000 -38.000 2.3
919 53 -13.000 -37.000 2.5
920 69 -13.000 -36.000 2.6
921 63 -13.000 -35.000 2.8
922 52 -13.000 -34.000 3.0
923 50 -13.000 -33.000 3.1
924 50 -13.000 -32.000 3.2
925 29 -14.000 -75.000 3.6
926 29 -14.000 -74.000 3.5
927 29 -14.000 -73.000 3.4
928 29 -14.000 -72.000 3.3
929 28 -14.000 -71.000 3.3
930 86 -14.000 -70.000 3.3
931 85 -14.000 -69.000 3.4
932 48 -14.000 -68.000 3.4
933 48 -14.000 -67.000 3.3
934 85 -14.000 -66.000 3.1
935 85 -14.000 -65.000 3.1
936 40 -14.000 -64.000 3.0
937 29 -14.000 -63.000 3.0
938 38 -14.000 -62.000 3.1
939 42 -14.000 -61.000 3.1
940 42 -14.000 -60.000 2.9
941 42 -14.000 -59.000 2.7
942 42 -14.000 -58.000 2.5
943 48 -14.000 -57.000 2.6
944 40 -14.000 -56.000 2.6
945 26 -14.000 -55.000 2.6
946 38 -14.000 -54.000 2.6
947 20 -14.000 -53.000 2.8
948 17 -14.000 -52.000 2.8
949 87 -14.000 -51.000 2.6
950 87 -14.000 -50.000 2.3
951 26 -14.000 -49.000 2.5
952 32 -14.000 -48.000 2.7
953 32 -14.000 -47.000 2.4
954 17 -14.000 -46.000 2.5
955 87 -14.000 -45.000 2.6
956 87 -14.000 -44.000 2.8
957 69 -14.000 -43.000 2.6
958 67 -14.000 -42.000 2.4
959 52 -14.000 -41.000 2.2
960 52 -14.000 -40.000 1.9
961 67 -14.000 -39.000 1.8
962 67 -14.000 -38.000 2.1
963 67 -14.000 -37.000 2.4
964 69 -14.000 -36.000 2.6
965 69 -14.000 -35.000 2.9
966 53 -14.000 -34.000 3.0
967 52 -14.000 -33.000 3.2
968 50 -14.000 -32.000 3.3
969 89 -15.000 -75.000 3.6
970 89 -15.000 -74.000 3.6
971 29 -15.000 -73.000 3.5
972 29 -15.000 -72.000 3.4
973 28 -15.000 -71.000 3.4
974 89 -15.000 -70.000 3.4
975 28 -15.000 -69.000 3.5
976 85 -15.000 -68.000 3.4
977 85 -15.000 -67.000 3.3
978 40 -15.000 -66.000 3.3
979 40 -15.000 -65.000 3.1
980 29 -15.000 -64.000 3.1
981 85 -15.000 -63.000 3.2
982 42 -15.000 -62.000 3.2
983 38 -15.000 -61.000 3.1
984 38 -15.000 -60.000 2.9
985 38 -15.000 -59.000 2.8
986 38 -15.000 -58.000 2.7
987 38 -15.000 -57.000 2.6
988 38 -15.000 -56.000 2.6
989 38 -15.000 -55.000 2.7
990 5 -15.000 -54.000 2.8
991 45 -15.000 -53.000 2.6
992 20 -15.000 -52.000 2.7
993 17 -15.000 -51.000 2.7
994 17 -15.000 -50.000 2.6
995 30 -15.000 -49.000 2.5
996 32 -15.000 -48.000 2.6
997 30 -15.000 -47.000 2.5
998 43 -15.000 -46.000 2.4
999 87 -15.000 -45.000 2.5
1000 9 -15.000 -44.000 2.6
1001 9 -15.000 -43.000 2.6
1002 35 -15.000 -42.000 2.3
1003 70 -15.000 -41.000 2.0
1004 70 -15.000 -40.000 1.9
1005 70 -15.000 -39.000 2.0
1006 70 -15.000 -38.000 2.2
1007 70 -15.000 -37.000 2.5
1008 52 -15.000 -36.000 2.7
1009 52 -15.000 -35.000 2.9
1010 69 -15.000 -34.000 3.1
1011 67 -15.000 -33.000 3.2
1012 53 -15.000 -32.000 3.4
1013 89 -16.000 -75.000 3.5
1014 28 -16.000 -74.000 3.5
1015 28 -16.000 -73.000 3.5
1016 28 -16.000 -72.000 3.5
1017 29 -16.000 -71.000 3.4
1018 86 -16.000 -70.000 3.4
1019 86 -16.000 -69.000 3.5
1020 48 -16.000 -68.000 3.5
1021 48 -16.000 -67.000 3.4
1022 40 -16.000 -66.000 3.3
1023 29 -16.000 -65.000 3.2
1024 29 -16.000 -64.000 3.3
1025 29 -16.000 -63.000 3.3
1026 42 -16.000 -62.000 3.2
1027 38 -16.000 -61.000 3.2
1028 20 -16.000 -60.000 3.0
1029 20 -16.000 -59.000 2.8
1030 48 -16.000 -58.000 2.7
1031 48 -16.000 -57.000 2.9
1032 26 -16.000 -56.000 2.8
1033 5 -16.000 -55.000 2.6
1034 5 -16.000 -54.000 2.5
1035 5 -16.000 -53.000 2.4
1036 42 -16.000 -52.000 2.6
1037 30 -16.000 -51.000 2.6
1038 14 -16.000 -50.000 2.7
1039 19 -16.000 -49.000 2.6
1040 32 -16.000 -48.000 2.7
1041 32 -16.000 -47.000 2.4
1042 19 -16.000 -46.000 2.3
1043 19 -16.000 -45.000 2.4
1044 19 -16.000 -44.000 2.6
1045 70 -16.000 -43.000 2.5
1046 67 -16.000 -42.000 2.3
1047 74 -16.000 -41.000 2.1
1048 74 -16.000 -40.000 2.0
1049 74 -16.000 -39.000 2.1
1050 69 -16.000 -38.000 2.4
1051 69 -16.000 -37.000 2.6
1052 69 -16.000 -36.000 2.8
1053 69 -16.000 -35.000 3.0
1054 69 -16.000 -34.000 3.1
1055 69 -16.000 -33.000 3.3
1056 54 -16.000 -32.000 3.4
1057 28 -17.000 -75.000 3.6
1058 28 -17.000 -74.000 3.6
1059 28 -17.000 -73.000 3.6
1060 29 -17.000 -72.000 3.6
1061 29 -17.000 -71.000 3.5
1062 86 -17.000 -70.000 3.5
1063 86 -17.000 -69.000 3.6
1064 48 -17.000 -68.000 3.5
1065 40 -17.000 -67.000 3.4
1066 48 -17.000 -66.000 3.3
1067 89 -17.000 -65.000 3.3
1068 89 -17.000 -64.000 3.4
1069 42 -17.000 -63.000 3.3
1070 42 -17.000 -62.000 3.2
1071 20 -17.000 -61.000 3.1
1072 20 -17.000 -60.000 3.0
1073 48 -17.000 -59.000 2.8
1074 1 -17.000 -58.000 2.8
1075 1 -17.000 -57.000 2.7
1076 1 -17.000 -56.000 2.6
1077 26 -17.000 -55.000 2.6
1078 26 -17.000 -54.000 2.3
1079 42 -17.000 -53.000 2.4
1080 14 -17.000 -52.000 2.5
1081 30 -17.000 -51.000 2.4
1082 14 -17.000 -50.000 2.4
1083 26 -17.000 -49.000 2.5
1084 14 -17.000 -48.000 2.6
1085 35 -17.000 -47.000 2.5
1086 87 -17.000 -46.000 2.2
1087 19 -17.000 -45.000 2.1
1088 19 -17.000 -44.000 2.4
1089 23 -17.000 -43.000 2.3
1090 9 -17.000 -42.000 2.1
1091 4 -17.000 -41.000 2.0
1092 4 -17.000 -40.000 2.1
1093 53 -17.000 -39.000 2.1
1094 53 -17.000 -38.000 2.3
1095 53 -17.000 -37.000 2.5
1096 74 -17.000 -36.000 2.8
1097 74 -17.000 -35.000 3.0
1098 74 -17.000 -34.000 3.1
1099 74 -17.000 -33.000 3.3
1100 74 -17.000 -32.000 3.4
1101 28 -18.000 -75.000 3.7
1102 28 -18.000 -74.000 3.7
1103 28 -18.000 -73.000 3.7
1104 29 -18.000 -72.000 3.7
1105 29 -18.000 -71.000 3.6
1106 29 -18.000 -70.000 3.6
1107 86 -18.000 -69.000 3.6
1108 40 -18.000 -68.000 3.6
1109 29 -18.000 -67.000 3.5
1110 48 -18.000 -66.000 3.4
1111 48 -18.000 -65.000 3.3
1112 89 -18.000 -64.000 3.3
1113 89 -18.000 -63.000 3.4
1114 42 -18.000 -62.000 3.2
1115 1 -18.000 -61.000 3.1
1116 20 -18.000 -60.000 3.0
1117 1 -18.000 -59.000 2.8
1118 1 -18.000 -58.000 2.6
1119 40 -18.000 -57.000 2.6
1120 5 -18.000 -56.000 2.5
1121 1 -18.000 -55.000 2.3
1122 1 -18.000 -54.000 2.5
1123 14 -18.000 -53.000 2.5
1124 20 -18.000 -52.000 2.4
1125 30 -18.000 -51.000 2.4
1126 26 -18.000 -50.000 2.4
1127 87 -18.000 -49.000 2.3
1128 14 -18.000 -48.000 2.4
1129 9 -18.000 -47.000 2.5
1130 35 -18.000 -46.000 2.2
1131 3 -18.000 -45.000 2.5
1132 23 -18.000 -44.000 2.4
1133 4 -18.000 -43.000 2.2
1134 74 -18.000 -42.000 2.0
1135 76 -18.000 -41.000 1.7
1136 76 -18.000 -40.000 1.7
1137 4 -18.000 -39.000 2.0
1138 4 -18.000 -38.000 2.4
1139 67 -18.000 -37.000 2.6
1140 76 -18.000 -36.000 2.9
1141 53 -18.000 -35.000 3.0
1142 53 -18.000 -34.000 3.2
1143 53 -18.000 -33.000 3.3
1144 53 -18.000 -32.000 3.4
1145 91 -19.000 -75.000 3.8
1146 91 -19.000 -74.000 3.7
1147 91 -19.000 -73.000 3.7
1148 91 -19.000 -72.000 3.7
1149 91 -19.000 -71.000 3.7
1150 29 -19.000 -70.000 3.7
1151 40 -19.000 -69.000 3.7
1152 29 -19.000 -68.000 3.6
1153 48 -19.000 -67.000 3.6
1154 48 -19.000 -66.000 3.5
1155 48 -19.000 -65.000 3.4
1156 48 -19.000 -64.000 3.3
1157 48 -19.000 -63.000 3.3
1158 88 -19.000 -62.000 3.2
1159 20 -19.000 -61.000 3.2
1160 42 -19.000 -60.000 3.0
1161 42 -19.000 -59.000 2.9
1162 42 -19.000 -58.000 2.7
1163 5 -19.000 -57.000 2.8
1164 42 -19.000 -56.000 2.5
1165 42 -19.000 -55.000 2.5
1166 42 -19.000 -54.000 2.6
1167 1 -19.000 -53.000 2.5
1168 20 -19.000 -52.000 2.5
1169 30 -19.000 -51.000 2.4
1170 5 -19.000 -50.000 2.4
1171 19 -19.000 -49.000 2.3
1172 14 -19.000 -48.000 2.2
1173 3 -19.000 -47.000 2.4
1174 30 -19.000 -46.000 2.2
1175 35 -19.000 -45.000 2.3
1176 19 -19.000 -44.000 2.2
1177 35 -19.000 -43.000 2.3
1178 9 -19.000 -42.000 1.9
1179 74 -19.000 -41.000 1.7
1180 74 -19.000 -40.000 1.5
1181 23 -19.000 -39.000 2.1
1182 70 -19.000 -38.000 2.5
1183 4 -19.000 -37.000 2.7
1184 4 -19.000 -36.000 2.9
1185 4 -19.000 -35.000 3.1
1186 67 -19.000 -34.000 3.2
1187 67 -19.000 -33.000 3.4
1188 67 -19.000 -32.000 3.5
1189 91 -20.000 -75.000 3.7
1190 91 -20.000 -74.000 3.6
1191 91 -20.000 -73.000 3.6
1192 86 -20.000 -72.000 3.6
1193 86 -20.000 -71.000 3.7
1194 86 -20.000 -70.000 3.7
1195 40 -20.000 -69.000 3.7
1196 40 -20.000 -68.000 3.6
1197 48 -20.000 -67.000 3.6
1198 48 -20.000 -66.000 3.6
1199 48 -20.000 -65.000 3.5
1200 1 -20.000 -64.000 3.4
1201 1 -20.000 -63.000 3.3
1202 89 -20.000 -62.000 3.3
1203 42 -20.000 -61.000 3.3
1204 42 -20.000 -60.000 3.1
1205 42 -20.000 -59.000 3.0
1206 40 -20.000 -58.000 2.9
1207 42 -20.000 -57.000 2.8
1208 42 -20.000 -56.000 2.8
1209 24 -20.000 -55.000 2.6
1210 16 -20.000 -54.000 2.5
1211 1 -20.000 -53.000 2.3
1212 24 -20.000 -52.000 2.4
1213 2 -20.000 -51.000 2.3
1214 30 -20.000 -50.000 2.4
1215 16 -20.000 -49.000 2.4
1216 14 -20.000 -48.000 2.2
1217 3 -20.000 -47.000 2.2
1218 9 -20.000 -46.000 2.4
1219 80 -20.000 -45.000 2.4
1220 68 -20.000 -44.000 2.3
1221 68 -20.000 -43.000 2.1
1222 76 -20.000 -42.000 1.9
1223 23 -20.000 -41.000 1.6
1224 23 -20.000 -40.000 1.9
1225 74 -20.000 -39.000 2.3
1226 74 -20.000 -38.000 2.5
1227 4 -20.000 -37.000 2.7
1228 4 -20.000 -36.000 2.9
1229 4 -20.000 -35.000 3.1
1230 70 -20.000 -34.000 3.3
1231 70 -20.000 -33.000 3.4
1232 65 -20.000 -32.000 3.5
1233 86 -21.000 -75.000 3.6
1234 86 -21.000 -74.000 3.6
1235 86 -21.000 -73.000 3.6
1236 86 -21.000 -72.000 3.7
1237 86 -21.000 -71.000 3.7
1238 86 -21.000 -70.000 3.8
1239 40 -21.000 -69.000 3.8
1240 40 -21.000 -68.000 3.7
1241 40 -21.000 -67.000 3.6
1242 91 -21.000 -66.000 3.6
1243 1 -21.000 -65.000 3.5
1244 1 -21.000 -64.000 3.4
1245 1 -21.000 -63.000 3.3
1246 90 -21.000 -62.000 3.3
1247 20 -21.000 -61.000 3.3
1248 20 -21.000 -60.000 3.1
1249 40 -21.000 -59.000 3.1
1250 5 -21.000 -58.000 3.0
1251 5 -21.000 -57.000 2.9
1252 5 -21.000 -56.000 2.7
1253 20 -21.000 -55.000 2.6
1254 16 -21.000 -54.000 2.3
1255 1 -21.000 -53.000 2.3
1256 5 -21.000 -52.000 2.2
1257 24 -21.000 -51.000 2.2
1258 11 -21.000 -50.000 2.3
1259 16 -21.000 -49.000 2.2
1260 14 -21.000 -48.000 2.3
1261 3 -21.000 -47.000 2.1
1262 2 -21.000 -46.000 2.2
1263 73 -21.000 -45.000 2.1
1264 73 -21.000 -44.000 2.0
1265 3 -21.000 -43.000 1.9
1266 80 -21.000 -42.000 2.0
1267 76 -21.000 -41.000 2.0
1268 4 -21.000 -40.000 2.2
1269 4 -21.000 -39.000 2.4
1270 66 -21.000 -38.000 2.6
1271 74 -21.000 -37.000 2.8
1272 4 -21.000 -36.000 3.0
1273 4 -21.000 -35.000 3.1
1274 4 -21.000 -34.000 3.3
1275 4 -21.000 -33.000 3.4
1276 4 -21.000 -32.000 3.5
1277 86 -22.000 -75.000 3.7
1278 86 -22.000 -74.000 3.7
1279 86 -22.000 -73.000 3.7
1280 86 -22.000 -72.000 3.8
1281 86 -22.000 -71.000 3.8
1282 86 -22.000 -70.000 3.9
1283 40 -22.000 -69.000 3.8
1284 40 -22.000 -68.000 3.7
1285 90 -22.000 -67.000 3.7
1286 90 -22.000 -66.000 3.6
1287 40 -22.000 -65.000 3.5
1288 1 -22.000 -64.000 3.4
1289 88 -22.000 -63.000 3.4
1290 40 -22.000 -62.000 3.3
1291 20 -22.000 -61.000 3.4
1292 40 -22.000 -60.000 3.3
1293 24 -22.000 -59.000 3.2
1294 20 -22.000 -58.000 3.0
1295 20 -22.000 -57.000 3.0
1296 16 -22.000 -56.000 2.9
1297 5 -22.000 -55.000 2.7
1298 21 -22.000 -54.000 2.6
1299 1 -22.000 -53.000 2.5
1300 21 -22.000 -52.000 2.4
1301 14 -22.000 -51.000 2.2
1302 14 -22.000 -50.000 2.2
1303 25 -22.000 -49.000 2.1
1304 11 -22.000 -48.000 2.1
1305 15 -22.000 -47.000 2.0
1306 3 -22.000 -46.000 1.8
1307 77 -22.000 -45.000 1.7
1308 3 -22.000 -44.000 1.6
1309 66 -22.000 -43.000 1.6
1310 65 -22.000 -42.000 2.0
1311 80 -22.000 -41.000 2.2
1312 76 -22.000 -40.000 2.4
1313 68 -22.000 -39.000 2.5
1314 68 -22.000 -38.000 2.8
1315 4 -22.000 -37.000 3.0
1316 4 -22.000 -36.000 3.1
1317 4 -22.000 -35.000 3.2
1318 66 -22.000 -34.000 3.3
1319 4 -22.000 -33.000 3.5
1320 4 -22.000 -32.000 3.6
1321 86 -23.000 -75.000 3.8
1322 86 -23.000 -74.000 3.8
1323 86 -23.000 -73.000 3.8
1324 86 -23.000 -72.000 3.9
1325 86 -23.000 -71.000 3.9
1326 90 -23.000 -70.000 3.9
1327 90 -23.000 -69.000 3.8
1328 90 -23.000 -68.000 3.7
1329 90 -23.000 -67.000 3.6
1330 90 -23.000 -66.000 3.5
1331 91 -23.000 -65.000 3.4
1332 1 -23.000 -64.000 3.5
1333 88 -23.000 -63.000 3.5
1334 40 -23.000 -62.000 3.5
1335 24 -23.000 -61.000 3.4
1336 20 -23.000 -60.000 3.4
1337 21 -23.000 -59.000 3.3
1338 21 -23.000 -58.000 3.1
1339 21 -23.000 -57.000 3.0
1340 21 -23.000 -56.000 2.8
1341 16 -23.000 -55.000 2.7
1342 1 -23.000 -54.000 2.5
1343 11 -23.000 -53.000 2.5
1344 11 -23.000 -52.000 2.2
1345 21 -23.000 -51.000 2.0
1346 2 -23.000 -50.000 2.2
1347 2 -23.000 -49.000 2.1
1348 11 -23.000 -48.000 1.8
1349 75 -23.000 -47.000 1.6
1350 10 -23.000 -46.000 1.7
1351 73 -23.000 -45.000 1.3
1352 77 -23.000 -44.000 1.5
1353 10 -23.000 -43.000 1.7
1354 73 -23.000 -42.000 2.0
1355 65 -23.000 -41.000 2.3
1356 80 -23.000 -40.000 2.6
1357 76 -23.000 -39.000 2.7
1358 76 -23.000 -38.000 2.8
1359 68 -23.000 -37.000 3.0
1360 68 -23.000 -36.000 3.2
1361 4 -23.000 -35.000 3.3
1362 4 -23.000 -34.000 3.4
1363 4 -23.000 -33.000 3.5
1364 74 -23.000 -32.000 3.6
1365 86 -24.000 -75.000 3.9
1366 86 -24.000 -74.000 3.9
1367 86 -24.000 -73.000 3.9
1368 86 -24.000 -72.000 3.9
1369 90 -24.000 -71.000 3.9
1370 90 -24.000 -70.000 3.8
1371 90 -24.000 -69.000 3.8
1372 90 -24.000 -68.000 3.7
1373 90 -24.000 -67.000 3.6
1374 90 -24.000 -66.000 3.5
1375 88 -24.000 -65.000 3.5
1376 1 -24.000 -64.000 3.5
1377 13 -24.000 -63.000 3.5
1378 13 -24.000 -62.000 3.4
1379 89 -24.000 -61.000 3.4
1380 24 -24.000 -60.000 3.3
1381 13 -24.000 -59.000 3.2
1382 21 -24.000 -58.000 3.1
1383 21 -24.000 -57.000 2.9
1384 21 -24.000 -56.000 2.7
1385 1 -24.000 -55.000 2.7
1386 12 -24.000 -54.000 2.7
1387 11 -24.000 -53.000 2.5
1388 16 -24.000 -52.000 2.3
1389 79 -24.000 -51.000 2.2
1390 21 -24.000 -50.000 2.1
1391 75 -24.000 -49.000 1.9
1392 11 -24.000 -48.000 1.8
1393 15 -24.000 -47.000 1.7
1394 25 -24.000 -46.000 1.7
1395 73 -24.000 -45.000 1.8
1396 15 -24.000 -44.000 1.9
1397 68 -24.000 -43.000 2.1
1398 66 -24.000 -42.000 2.2
1399 73 -24.000 -41.000 2.5
1400 80 -24.000 -40.000 2.7
1401 80 -24.000 -39.000 2.9
1402 76 -24.000 -38.000 3.0
1403 76 -24.000 -37.000 3.1
1404 76 -24.000 -36.000 3.2
1405 68 -24.000 -35.000 3.3
1406 68 -24.000 -34.000 3.5
1407 68 -24.000 -33.000 3.6
1408 4 -24.000 -32.000 3.6
1409 86 -25.000 -75.000 4.0
1410 86 -25.000 -74.000 4.0
1411 86 -25.000 -73.000 4.0
1412 90 -25.000 -72.000 4.0
1413 90 -25.000 -71.000 3.9
1414 90 -25.000 -70.000 3.8
1415 90 -25.000 -69.000 3.7
1416 90 -25.000 -68.000 3.6
1417 90 -25.000 -67.000 3.5
1418 88 -25.000 -66.000 3.6
1419 13 -25.000 -65.000 3.5
1420 13 -25.000 -64.000 3.5
1421 91 -25.000 -63.000 3.5
1422 1 -25.000 -62.000 3.4
1423 89 -25.000 -61.000 3.4
1424 24 -25.000 -60.000 3.3
1425 24 -25.000 -59.000 3.2
1426 24 -25.000 -58.000 3.1
1427 13 -25.000 -57.000 2.9
1428 12 -25.000 -56.000 2.8
1429 12 -25.000 -55.000 2.6
1430 90 -25.000 -54.000 2.6
1431 11 -25.000 -53.000 2.6
1432 79 -25.000 -52.000 2.4
1433 12 -25.000 -51.000 2.3
1434 21 -25.000 -50.000 2.0
1435 11 -25.000 -49.000 1.9
1436 11 -25.000 -48.000 2.2
1437 25 -25.000 -47.000 2.1
1438 71 -25.000 -46.000 2.0
1439 75 -25.000 -45.000 2.2
1440 15 -25.000 -44.000 2.2
1441 80 -25.000 -43.000 2.4
1442 80 -25.000 -42.000 2.5
1443 80 -25.000 -41.000 2.6
1444 73 -25.000 -40.000 2.8
1445 80 -25.000 -39.000 3.0
1446 80 -25.000 -38.000 3.1
1447 76 -25.000 -37.000 3.3
1448 76 -25.000 -36.000 3.3
1449 76 -25.000 -35.000 3.4
1450 68 -25.000 -34.000 3.5
1451 68 -25.000 -33.000 3.6
1452 68 -25.000 -32.000 3.7
1453 86 -26.000 -75.000 4.0
1454 86 -26.000 -74.000 4.0
1455 90 -26.000 -73.000 4.0
1456 90 -26.000 -72.000 4.0
1457 90 -26.000 -71.000 3.9
1458 90 -26.000 -70.000 3.8
1459 90 -26.000 -69.000 3.7
1460 88 -26.000 -68.000 3.6
1461 88 -26.000 -67.000 3.7
1462 13 -26.000 -66.000 3.6
1463 13 -26.000 -65.000 3.5
1464 13 -26.000 -64.000 3.4
1465 91 -26.000 -63.000 3.4
1466 1 -26.000 -62.000 3.5
1467 89 -26.000 -61.000 3.5
1468 12 -26.000 -60.000 3.3
1469 1 -26.000 -59.000 3.2
1470 21 -26.000 -58.000 3.1
1471 21 -26.000 -57.000 2.9
1472 21 -26.000 -56.000 2.7
1473 24 -26.000 -55.000 2.7
1474 24 -26.000 -54.000 2.6
1475 79 -26.000 -53.000 2.7
1476 72 -26.000 -52.000 2.5
1477 72 -26.000 -51.000 2.2
1478 21 -26.000 -50.000 2.2
1479 75 -26.000 -49.000 2.2
1480 75 -26.000 -48.000 2.0
1481 72 -26.000 -47.000 2.2
1482 77 -26.000 -46.000 2.4
1483 10 -26.000 -45.000 2.5
1484 73 -26.000 -44.000 2.5
1485 15 -26.000 -43.000 2.6
1486 68 -26.000 -42.000 2.8
1487 10 -26.000 -41.000 2.8
1488 80 -26.000 -40.000 3.0
1489 80 -26.000 -39.000 3.1
1490 80 -26.000 -38.000 3.2
1491 80 -26.000 -37.000 3.3
1492 80 -26.000 -36.000 3.4
1493 76 -26.000 -35.000 3.5
1494 76 -26.000 -34.000 3.6
1495 76 -26.000 -33.000 3.6
1496 68 -26.000 -32.000 3.7
1497 86 -27.000 -75.000 4.1
1498 90 -27.000 -74.000 4.1
1499 90 -27.000 -73.000 4.0
1500 90 -27.000 -72.000 4.0
1501 90 -27.000 -71.000 3.9
1502 90 -27.000 -70.000 3.8
1503 88 -27.000 -69.000 3.8
1504 13 -27.000 -68.000 3.7
1505 13 -27.000 -67.000 3.6
1506 13 -27.000 -66.000 3.5
1507 13 -27.000 -65.000 3.4
1508 13 -27.000 -64.000 3.3
1509 91 -27.000 -63.000 3.3
1510 91 -27.000 -62.000 3.5
1511 12 -27.000 -61.000 3.4
1512 12 -27.000 -60.000 3.3
1513 12 -27.000 -59.000 3.2
1514 8 -27.000 -58.000 3.0
1515 8 -27.000 -57.000 2.9
1516 8 -27.000 -56.000 2.8
1517 21 -27.000 -55.000 2.6
1518 8 -27.000 -54.000 2.6
1519 8 -27.000 -53.000 2.6
1520 72 -27.000 -52.000 2.4
1521 7 -27.000 -51.000 2.2
1522 12 -27.000 -50.000 2.0
1523 71 -27.000 -49.000 2.2
1524 71 -27.000 -48.000 2.2
1525 79 -27.000 -47.000 2.3
1526 78 -27.000 -46.000 2.5
1527 77 -27.000 -45.000 2.7
1528 75 -27.000 -44.000 2.8
1529 15 -27.000 -43.000 2.9
1530 80 -27.000 -42.000 3.0
1531 66 -27.000 -41.000 3.0
1532 10 -27.000 -40.000 3.1
1533 80 -27.000 -39.000 3.2
1534 80 -27.000 -38.000 3.3
1535 80 -27.000 -37.000 3.4
1536 80 -27.000 -36.000 3.5
1537 80 -27.000 -35.000 3.6
1538 76 -27.000 -34.000 3.6
1539 76 -27.000 -33.000 3.7
1540 76 -27.000 -32.000 3.8
1541 92 -28.000 -75.000 4.1
1542 92 -28.000 -74.000 4.0
1543 92 -28.000 -73.000 4.0
1544 92 -28.000 -72.000 4.0
1545 90 -28.000 -71.000 3.9
1546 13 -28.000 -70.000 3.9
1547 13 -28.000 -69.000 3.8
1548 13 -28.000 -68.000 3.7
1549 13 -28.000 -67.000 3.6
1550 13 -28.000 -66.000 3.5
1551 13 -28.000 -65.000 3.4
1552 89 -28.000 -64.000 3.3
1553 89 -28.000 -63.000 3.4
1554 8 -28.000 -62.000 3.4
1555 18 -28.000 -61.000 3.4
1556 18 -28.000 -60.000 3.3
1557 18 -28.000 -59.000 3.2
1558 12 -28.000 -58.000 3.0
1559 12 -28.000 -57.000 2.9
1560 12 -28.000 -56.000 2.6
1561 8 -28.000 -55.000 2.4
1562 7 -28.000 -54.000 2.5
1563 21 -28.000 -53.000 2.6
1564 72 -28.000 -52.000 2.4
1565 72 -28.000 -51.000 2.0
1566 12 -28.000 -50.000 2.1
1567 79 -28.000 -49.000 2.4
1568 7 -28.000 -48.000 2.4
1569 71 -28.000 -47.000 2.6
1570 79 -28.000 -46.000 2.7
1571 75 -28.000 -45.000 2.8
1572 77 -28.000 -44.000 3.0
1573 15 -28.000 -43.000 3.0
1574 15 -28.000 -42.000 3.1
1575 68 -28.000 -41.000 3.2
1576 10 -28.000 -40.000 3.2
1577 10 -28.000 -39.000 3.3
1578 80 -28.000 -38.000 3.4
1579 65 -28.000 -37.000 3.5
1580 73 -28.000 -36.000 3.6
1581 80 -28.000 -35.000 3.6
1582 80 -28.000 -34.000 3.7
1583 76 -28.000 -33.000 3.8
1584 76 -28.000 -32.000 3.8
1585 88 -29.000 -75.000 4.0
1586 88 -29.000 -74.000 4.0
1587 88 -29.000 -73.000 4.0
1588 88 -29.000 -72.000 4.0
1589 90 -29.000 -71.000 3.9
1590 90 -29.000 -70.000 3.8
1591 92 -29.000 -69.000 3.8
1592 13 -29.000 -68.000 3.7
1593 13 -29.000 -67.000 3.6
1594 13 -29.000 -66.000 3.5
1595 13 -29.000 -65.000 3.4
1596 89 -29.000 -64.000 3.4
1597 89 -29.000 -63.000 3.5
1598 91 -29.000 -62.000 3.4
1599 18 -29.000 -61.000 3.3
1600 18 -29.000 -60.000 3.2
1601 18 -29.000 -59.000 3.1
1602 18 -29.000 -58.000 2.9
1603 18 -29.000 -57.000 2.8
1604 18 -29.000 -56.000 2.6
1605 12 -29.000 -55.000 2.5
1606 7 -29.000 -54.000 2.4
1607 18 -29.000 -53.000 2.4
1608 78 -29.000 -52.000 2.3
1609 72 -29.000 -51.000 2.2
1610 12 -29.000 -50.000 2.3
1611 12 -29.000 -49.000 2.6
1612 79 -29.000 -48.000 2.7
1613 79 -29.000 -47.000 2.8
1614 79 -29.000 -46.000 2.9
1615 79 -29.000 -45.000 3.0
1616 71 -29.000 -44.000 3.1
1617 75 -29.000 -43.000 3.2
1618 72 -29.000 -42.000 3.2
1619 15 -29.000 -41.000 3.3
1620 77 -29.000 -40.000 3.4
1621 10 -29.000 -39.000 3.4
1622 10 -29.000 -38.000 3.5
1623 80 -29.000 -37.000 3.6
1624 73 -29.000 -36.000 3.6
1625 73 -29.000 -35.000 3.7
1626 80 -29.000 -34.000 3.8
1627 80 -29.000 -33.000 3.8
1628 80 -29.000 -32.000 3.9
1629 88 -30.000 -75.000 4.1
1630 88 -30.000 -74.000 4.1
1631 13 -30.000 -73.000 4.0
1632 13 -30.000 -72.000 4.0
1633 13 -30.000 -71.000 3.9
1634 13 -30.000 -70.000 3.8
1635 13 -30.000 -69.000 3.8
1636 13 -30.000 -68.000 3.7
1637 92 -30.000 -67.000 3.6
1638 90 -30.000 -66.000 3.5
1639 89 -30.000 -65.000 3.5
1640 92 -30.000 -64.000 3.5
1641 92 -30.000 -63.000 3.5
1642 18 -30.000 -62.000 3.4
1643 18 -30.000 -61.000 3.3
1644 18 -30.000 -60.000 3.1
1645 18 -30.000 -59.000 3.0
1646 18 -30.000 -58.000 2.8
1647 90 -30.000 -57.000 2.7
1648 90 -30.000 -56.000 2.7
1649 7 -30.000 -55.000 2.7
1650 7 -30.000 -54.000 2.4
1651 12 -30.000 -53.000 2.4
1652 12 -30.000 -52.000 2.4
1653 18 -30.000 -51.000 2.4
1654 8 -30.000 -50.000 2.5
1655 8 -30.000 -49.000 2.7
1656 12 -30.000 -48.000 2.9
1657 79 -30.000 -47.000 3.0
1658 79 -30.000 -46.000 3.1
1659 79 -30.000 -45.000 3.1
1660 71 -30.000 -44.000 3.2
1661 75 -30.000 -43.000 3.3
1662 10 -30.000 -42.000 3.4
1663 10 -30.000 -41.000 3.4
1664 77 -30.000 -40.000 3.5
1665 66 -30.000 -39.000 3.5
1666 10 -30.000 -38.000 3.6
1667 10 -30.000 -37.000 3.6
1668 80 -30.000 -36.000 3.7
1669 73 -30.000 -35.000 3.8
1670 73 -30.000 -34.000 3.8
1671 73 -30.000 -33.000 3.9
1672 80 -30.000 -32.000 3.9
1673 13 -31.000 -75.000 4.1
1674 13 -31.000 -74.000 4.1
1675 13 -31.000 -73.000 4.0
1676 13 -31.000 -72.000 4.0
1677 13 -31.000 -71.000 3.9
1678 13 -31.000 -70.000 3.8
1679 13 -31.000 -69.000 3.8
1680 13 -31.000 -68.000 3.7
1681 13 -31.000 -67.000 3.6
1682 89 -31.000 -66.000 3.5
1683 90 -31.000 -65.000 3.5
1684 90 -31.000 -64.000 3.4
1685 92 -31.000 -63.000 3.3
1686 18 -31.000 -62.000 3.4
1687 8 -31.000 -61.000 3.3
1688 8 -31.000 -60.000 3.1
1689 90 -31.000 -59.000 3.0
1690 90 -31.000 -58.000 2.9
1691 90 -31.000 -57.000 2.9
1692 7 -31.000 -56.000 2.9
1693 7 -31.000 -55.000 2.8
1694 7 -31.000 -54.000 2.5
1695 13 -31.000 -53.000 2.6
1696 78 -31.000 -52.000 2.6
1697 78 -31.000 -51.000 2.5
1698 18 -31.000 -50.000 2.5
1699 8 -31.000 -49.000 2.7
1700 8 -31.000 -48.000 2.9
1701 8 -31.000 -47.000 3.1
1702 79 -31.000 -46.000 3.2
1703 79 -31.000 -45.000 3.3
1704 71 -31.000 -44.000 3.4
1705 71 -31.000 -43.000 3.4
1706 77 -31.000 -42.000 3.5
1707 10 -31.000 -41.000 3.5
1708 10 -31.000 -40.000 3.6
1709 68 -31.000 -39.000 3.6
1710 10 -31.000 -38.000 3.7
1711 10 -31.000 -37.000 3.7
1712 10 -31.000 -36.000 3.8
1713 80 -31.000 -35.000 3.8
1714 73 -31.000 -34.000 3.9
1715 73 -31.000 -33.000 3.9
1716 73 -31.000 -32.000 4.0
1717 13 -32.000 -75.000 4.2
1718 13 -32.000 -74.000 4.1
1719 13 -32.000 -73.000 4.0
1720 13 -32.000 -72.000 4.0
1721 13 -32.000 -71.000 3.9
1722 13 -32.000 -70.000 3.8
1723 13 -32.000 -69.000 3.8
1724 13 -32.000 -68.000 3.7
1725 89 -32.000 -67.000 3.6
1726 90 -32.000 -66.000 3.6
1727 90 -32.000 -65.000 3.5
1728 90 -32.000 -64.000 3.5
1729 90 -32.000 -63.000 3.4
1730 18 -32.000 -62.000 3.3
1731 90 -32.000 -61.000 3.3
1732 90 -32.000 -60.000 3.2
1733 90 -32.000 -59.000 3.1
1734 90 -32.000 -58.000 3.1
1735 90 -32.000 -57.000 3.1
1736 7 -32.000 -56.000 3.0
1737 7 -32.000 -55.000 2.9
1738 7 -32.000 -54.000 2.7
1739 13 -32.000 -53.000 2.7
1740 78 -32.000 -52.000 2.8
1741 78 -32.000 -51.000 2.7
1742 78 -32.000 -50.000 2.6
1743 8 -32.000 -49.000 2.8
1744 18 -32.000 -48.000 2.9
1745 18 -32.000 -47.000 3.1
1746 18 -32.000 -46.000 3.2
1747 18 -32.000 -45.000 3.4
1748 79 -32.000 -44.000 3.5
1749 71 -32.000 -43.000 3.5
1750 71 -32.000 -42.000 3.6
1751 77 -32.000 -41.000 3.6
1752 73 -32.000 -40.000 3.7
1753 10 -32.000 -39.000 3.7
1754 10 -32.000 -38.000 3.7
1755 78 -32.000 -37.000 3.8
1756 10 -32.000 -36.000 3.8
1757 10 -32.000 -35.000 3.9
1758 80 -32.000 -34.000 3.9
1759 73 -32.000 -33.000 4.0
1760 73 -32.000 -32.000 4.0
1761 13 -33.000 -75.000 4.2
1762 13 -33.000 -74.000 4.1
1763 13 -33.000 -73.000 4.0
1764 13 -33.000 -72.000 4.0
1765 13 -33.000 -71.000 3.9
1766 13 -33.000 -70.000 3.9
1767 13 -33.000 -69.000 3.8
1768 89 -33.000 -68.000 3.7
1769 89 -33.000 -67.000 3.7
1770 90 -33.000 -66.000 3.7
1771 90 -33.000 -65.000 3.6
1772 90 -33.000 -64.000 3.6
1773 18 -33.000 -63.000 3.5
1774 8 -33.000 -62.000 3.4
1775 8 -33.000 -61.000 3.3
1776 8 -33.000 -60.000 3.2
1777 92 -33.000 -59.000 3.1
1778 92 -33.000 -58.000 3.2
1779 7 -33.000 -57.000 3.2
1780 7 -33.000 -56.000 3.1
1781 7 -33.000 -55.000 3.0
1782 7 -33.000 -54.000 2.9
1783 13 -33.000 -53.000 2.9
1784 78 -33.000 -52.000 3.0
1785 78 -33.000 -51.000 2.9
1786 78 -33.000 -50.000 2.9
1787 8 -33.000 -49.000 2.9
1788 8 -33.000 -48.000 3.0
1789 72 -33.000 -47.000 3.1
1790 18 -33.000 -46.000 3.3
1791 18 -33.000 -45.000 3.4
1792 18 -33.000 -44.000 3.5
1793 18 -33.000 -43.000 3.6
1794 71 -33.000 -42.000 3.7
1795 71 -33.000 -41.000 3.7
1796 77 -33.000 -40.000 3.8
1797 73 -33.000 -39.000 3.8
1798 10 -33.000 -38.000 3.8
1799 68 -33.000 -37.000 3.9
1800 73 -33.000 -36.000 3.9
1801 78 -33.000 -35.000 3.9
1802 10 -33.000 -34.000 4.0
1803 80 -33.000 -33.000 4.0
1804 73 -33.000 -32.000 4.1
1805 13 -34.000 -75.000 4.2
1806 13 -34.000 -74.000 4.1
1807 13 -34.000 -73.000 4.0
1808 13 -34.000 -72.000 4.0
1809 13 -34.000 -71.000 3.9
1810 13 -34.000 -70.000 3.9
1811 89 -34.000 -69.000 3.8
1812 89 -34.000 -68.000 3.8
1813 90 -34.000 -67.000 3.8
1814 18 -34.000 -66.000 3.7
1815 18 -34.000 -65.000 3.7
1816 18 -34.000 -64.000 3.6
1817 91 -34.000 -63.000 3.5
1818 8 -34.000 -62.000 3.5
1819 8 -34.000 -61.000 3.4
1820 8 -34.000 -60.000 3.3
1821 8 -34.000 -59.000 3.2
1822 8 -34.000 -58.000 3.0
1823 92 -34.000 -57.000 3.1
1824 92 -34.000 -56.000 3.2
1825 7 -34.000 -55.000 3.1
1826 7 -34.000 -54.000 3.1
1827 13 -34.000 -53.000 3.0
1828 13 -34.000 -52.000 3.1
1829 78 -34.000 -51.000 3.1
1830 78 -34.000 -50.000 3.1
1831 78 -34.000 -49.000 3.1
1832 8 -34.000 -48.000 3.1
1833 8 -34.000 -47.000 3.3
1834 72 -34.000 -46.000 3.3
1835 18 -34.000 -45.000 3.4
1836 18 -34.000 -44.000 3.5
1837 18 -34.000 -43.000 3.6
1838 18 -34.000 -42.000 3.7
1839 18 -34.000 -41.000 3.8
1840 71 -34.000 -40.000 3.8
1841 73 -34.000 -39.000 3.9
1842 73 -34.000 -38.000 3.9
1843 73 -34.000 -37.000 3.9
1844 66 -34.000 -36.000 4.0
1845 73 -34.000 -35.000 4.0
1846 73 -34.000 -34.000 4.0
1847 78 -34.000 -33.000 4.1
1848 80 -34.000 -32.000 4.1
1849 13 -35.000 -75.000 4.2
1850 13 -35.000 -74.000 4.1
1851 13 -35.000 -73.000 4.1
1852 13 -35.000 -72.000 4.0
1853 13 -35.000 -71.000 4.0
1854 13 -35.000 -70.000 3.9
1855 89 -35.000 -69.000 3.9
1856 89 -35.000 -68.000 3.9
1857 18 -35.000 -67.000 3.8
1858 18 -35.000 -66.000 3.8
1859 18 -35.000 -65.000 3.7
1860 18 -35.000 -64.000 3.6
1861 91 -35.000 -63.000 3.6
1862 8 -35.000 -62.000 3.5
1863 8 -35.000 -61.000 3.4
1864 8 -35.000 -60.000 3.4
1865 8 -35.000 -59.000 3.3
1866 8 -35.000 -58.000 3.2
1867 8 -35.000 -57.000 3.1
1868 92 -35.000 -56.000 3.1
1869 92 -35.000 -55.000 3.2
1870 7 -35.000 -54.000 3.2
1871 13 -35.000 -53.000 3.2
1872 13 -35.000 -52.000 3.3
1873 78 -35.000 -51.000 3.3
1874 78 -35.000 -50.000 3.3
1875 78 -35.000 -49.000 3.3
1876 78 -35.000 -48.000 3.3
1877 8 -35.000 -47.000 3.3
1878 8 -35.000 -46.000 3.4
1879 72 -35.000 -45.000 3.5
1880 72 -35.000 -44.000 3.5
1881 18 -35.000 -43.000 3.6
1882 18 -35.000 -42.000 3.7
1883 18 -35.000 -41.000 3.8
1884 18 -35.000 -40.000 3.9
1885 18 -35.000 -39.000 3.9
1886 73 -35.000 -38.000 4.0
1887 73 -35.000 -37.000 4.0
1888 73 -35.000 -36.000 4.0
1889 73 -35.000 -35.000 4.0
1890 72 -35.000 -34.000 4.1
1891 73 -35.000 -33.000 4.1
1892 73 -35.000 -32.000 4.2
1893 13 -36.000 -75.000 4.2
1894 13 -36.000 -74.000 4.1
1895 13 -36.000 -73.000 4.1
1896 13 -36.000 -72.000 4.0
1897 13 -36.000 -71.000 4.0
1898 89 -36.000 -70.000 4.0
1899 89 -36.000 -69.000 4.0
1900 18 -36.000 -68.000 3.9
1901 18 -36.000 -67.000 3.9
1902 18 -36.000 -66.000 3.8
1903 18 -36.000 -65.000 3.7
1904 18 -36.000 -64.000 3.6
1905 91 -36.000 -63.000 3.6
1906 8 -36.000 -62.000 3.6
1907 8 -36.000 -61.000 3.5
1908 8 -36.000 -60.000 3.4
1909 8 -36.000 -59.000 3.4
1910 8 -36.000 -58.000 3.3
1911 13 -36.000 -57.000 3.2
1912 13 -36.000 -56.000 3.2
1913 13 -36.000 -55.000 3.3
1914 13 -36.000 -54.000 3.3
1915 13 -36.000 -53.000 3.3
1916 13 -36.000 -52.000 3.4
1917 78 -36.000 -51.000 3.4
1918 78 -36.000 -50.000 3.4
1919 78 -36.000 -49.000 3.4
1920 78 -36.000 -48.000 3.4
1921 8 -36.000 -47.000 3.4
1922 8 -36.000 -46.000 3.5
1923 8 -36.000 -45.000 3.6
1924 72 -36.000 -44.000 3.6
1925 72 -36.000 -43.000 3.7
1926 18 -36.000 -42.000 3.7
1927 18 -36.000 -41.000 3.8
1928 18 -36.000 -40.000 3.9
1929 18 -36.000 -39.000 3.9
1930 18 -36.000 -38.000 4.0
1931 18 -36.000 -37.000 4.0
1932 73 -36.000 -36.000 4.1
1933 73 -36.000 -35.000 4.1
1934 66 -36.000 -34.000 4.1
1935 68 -36.000 -33.000 4.2
1936 73 -36.000 -32.000 4.2
1937 13 -37.000 -75.000 4.2
1938 13 -37.000 -74.000 4.2
1939 13 -37.000 -73.000 4.1
1940 13 -37.000 -72.000 4.1
1941 89 -37.000 -71.000 4.0
1942 89 -37.000 -70.000 4.0
1943 18 -37.000 -69.000 4.0
1944 18 -37.000 -68.000 3.9
1945 18 -37.000 -67.000 3.9
1946 18 -37.000 -66.000 3.8
1947 18 -37.000 -65.000 3.8
1948 18 -37.000 -64.000 3.7
1949 91 -37.000 -63.000 3.7
1950 8 -37.000 -62.000 3.6
1951 8 -37.000 -61.000 3.6
1952 8 -37.000 -60.000 3.5
1953 8 -37.000 -59.000 3.5
1954 8 -37.000 -58.000 3.4
1955 13 -37.000 -57.000 3.4
1956 13 -37.000 -56.000 3.4
1957 13 -37.000 -55.000 3.4
1958 13 -37.000 -54.000 3.4
1959 7 -37.000 -53.000 3.4
1960 92 -37.000 -52.000 3.5
1961 78 -37.000 -51.000 3.5
1962 78 -37.000 -50.000 3.5
1963 78 -37.000 -49.000 3.5
1964 78 -37.000 -48.000 3.5
1965 78 -37.000 -47.000 3.5
1966 8 -37.000 -46.000 3.6
1967 8 -37.000 -45.000 3.6
1968 8 -37.000 -44.000 3.7
1969 72 -37.000 -43.000 3.8
1970 72 -37.000 -42.000 3.8
1971 72 -37.000 -41.000 3.8
1972 18 -37.000 -40.000 3.9
1973 18 -37.000 -39.000 4.0
1974 18 -37.000 -38.000 4.0
1975 18 -37.000 -37.000 4.1
1976 18 -37.000 -36.000 4.1
1977 73 -37.000 -35.000 4.2
1978 73 -37.000 -34.000 4.2
1979 66 -37.000 -33.000 4.2
1980 68 -37.000 -32.000 4.2
